LOG OF Almanac_mturk SURVEY RESULTS

########
#GRADES#
########

RAW GRADES:
[4. 5. 4. 5. 2. 4. 2. 2. 4. 3. 4. 5. 2. 4. 4. 4. 4. 5. 4. 5. 4. 3. 5. 4.
 2. 5. 3. 4. 3. 4. 4. 3. 4. 4. 4. 5. 4. 4. 4. 3. 4. 4. 4. 5. 5. 2. 3. 5.
 4. 4. 5. 5.]
[2. 5. 2. 1. 4. 3. 3. 2. 4. 4. 2. 4. 3. 5. 3. 4. 4. 5. 3. 4. 5. 3. 4. 5.
 4. 5. 2. 4. 4. 3. 3. 3. 4. 4. 4. 5. 4. 4. 3. 4. 4. 4. 2. 5. 5. 1. 4. 4.
 4. 4. 5. 5.]
[2. 4. 4. 1. 4. 3. 3. 3. 4. 5. 3. 5. 2. 5. 3. 3. 4. 4. 3. 5. 5. 4. 3. 4.
 5. 4. 2. 5. 4. 5. 4. 4. 4. 3. 5. 4. 4. 4. 3. 4. 4. 4. 4. 5. 4. 4. 3. 4.
 4. 4. 5. 4.]
MEAN:
[3.885 3.673 3.827]
STANDARD ERROR:
[0.127 0.146 0.124]

STANDARDIZED GRADES:
[ 1.414  0.707  0.707  1.414 -1.414  1.414 -1.414 -0.707  0.    -1.225
  1.225  0.707 -0.707 -1.414  1.414  0.707  0.     0.707  1.414  0.707
 -1.414 -0.707  1.225 -0.707 -1.336  0.707  1.414 -0.707 -1.414  0.
  0.707 -0.707  0.     0.707 -0.707  0.707  0.     0.     1.414 -1.414
  0.     0.     0.707  0.     0.707 -0.267 -0.707  1.414  0.     0.
  0.     0.707]
[-0.707  0.707 -1.414 -0.707  0.707 -0.707  0.707 -0.707  0.     0.
 -1.225 -1.414  1.414  0.707 -0.707  0.707  0.     0.707 -0.707 -1.414
  0.707 -0.707  0.     1.414  0.267  0.707 -0.707 -0.707  0.707 -1.225
 -1.414 -0.707  0.     0.707 -0.707  0.707  0.     0.    -0.707  0.707
  0.     0.    -1.414  0.     0.707 -1.069  1.414 -0.707  0.     0.
  0.     0.707]
[-0.707 -1.414  0.707 -0.707  0.707 -0.707  0.707  1.414  0.     1.225
  0.     0.707 -0.707  0.707 -0.707 -1.414  0.    -1.414 -0.707  0.707
  0.707  1.414 -1.225 -0.707  1.069 -1.414 -0.707  1.414  0.707  1.225
  0.707  1.414  0.    -1.414  1.414 -1.414  0.     0.    -0.707  0.707
  0.     0.     0.707  0.    -1.414  1.336 -0.707 -0.707  0.     0.
  0.    -1.414]
MEAN:
[ 0.115 -0.103 -0.012]
STANDARD ERROR:
[0.128 0.111 0.128]

#############
#VIDEO ORDER#
#############

RAW ORDERS:
[1. 3. 2.]
[2. 3. 1.]
[3. 4. 2.]
[4. 1. 2.]
[2. 3. 4.]
[1. 4. 2.]
[3. 4. 2.]
[4. 2. 3.]
[3. 4. 1.]
[2. 4. 1.]
[1. 3. 2.]
[3. 4. 1.]
[2. 3. 4.]
[4. 1. 2.]
[4. 3. 2.]
[1. 3. 2.]
[1. 3. 4.]
[2. 4. 3.]
[4. 1. 3.]
[2. 3. 4.]
[1. 2. 4.]
[4. 2. 1.]
[2. 1. 3.]
[1. 2. 3.]
[4. 2. 1.]
[2. 3. 1.]
[2. 1. 3.]
[1. 4. 2.]
[3. 2. 1.]
[3. 1. 2.]
[2. 3. 1.]
[4. 3. 2.]
[1. 4. 2.]
[1. 4. 3.]
[1. 2. 4.]
[3. 4. 2.]
[4. 1. 2.]
[2. 4. 1.]
[2. 3. 1.]
[1. 3. 4.]
[2. 4. 1.]
[2. 4. 1.]
[3. 4. 1.]
[3. 2. 4.]
[1. 4. 2.]
[1. 3. 4.]
[4. 1. 3.]
[1. 4. 2.]
[4. 3. 1.]
[1. 2. 4.]
[2. 4. 3.]
[2. 3. 1.]

#################
#VIDEO VIEW TIME#
#################

RAW TIMES:
[36886. 44808. 14999. 23735. 30399. 33310. 19568. 15997. 15498. 36014.
 26661. 18661.  3567. 24873. 22091. 22841. 49210. 40288. 17010. 19171.
 34347. 26640. 21860. 29870. 25229. 22829. 34547. 27753. 14118. 20561.
 20566. 27158. 77893. 23717. 76231. 17857. 17261. 23394. 20700. 25705.
 22434. 22008. 11516. 23743. 23691. 39686. 22614. 70230. 20566. 32449.
 24840. 45712.]
[26392. 22306. 18299. 26229. 38813. 26821. 20629. 19365. 12339. 33428.
 25128. 19315. 31004. 23229. 18772. 16486. 18839. 67666. 17431. 21754.
 22243. 28046. 34190. 25837. 23661. 20838. 22969. 25471. 12247. 18058.
 22000. 25418. 14276. 19903. 23332. 18679. 23097. 27245. 24119. 29553.
 24733. 21879. 12751. 14697. 26276. 18527. 22708. 22895. 26794. 29721.
 38736. 43483.]
[35118. 36990. 28131. 33444. 34197. 22516. 23930. 18597. 18930. 34099.
 24446. 17049.  4236. 52444. 20616. 15631. 23526. 39490. 24539. 20552.
 18757. 22823. 50059. 22900. 24632. 20476. 17271. 13442. 26700. 21050.
 23010. 23635. 12053. 18379. 73747. 12554. 22084. 44100. 20910. 29236.
 10068. 22195. 33022. 43620. 24000. 20340. 24372. 29910. 27627. 19079.
 22379. 40843.]
MEAN:
[28140.615 24396.673 26226.038]

#################
#GRADE VIEW TIME#
#################

RAW TIMES:
[33.377 42.037 13.633 23.101 27.055 29.416 18.361 15.688 14.033 31.975
 24.843 17.135  2.53  23.243 19.583 22.502 48.488 33.298 14.498 18.87
 31.345 24.94  18.621 27.45  21.473 21.191 31.518 25.122 12.755 18.718
 20.248 24.381 62.233 20.755 35.34  15.616 15.468 21.649 15.669 22.721
 20.737 19.94  10.314 21.493 21.709 36.135 21.113 68.91  18.786 29.804
 22.939 33.569]
[22.936 20.53  16.933 25.612 36.343 23.675 19.443 18.967 10.496 30.376
 22.132 17.819 29.837 21.58  14.528 16.008 18.129 39.429 15.755 21.456
 20.416 25.49  31.948 24.266 21.433 19.195 21.739 21.287 11.426 16.099
 21.656 22.519 12.608 17.404 21.821 16.645 21.385 25.287 19.134 20.361
 23.028 19.869 11.473 10.923 23.016 16.967 21.646 20.932 24.384 26.655
 37.062 37.956]
[31.628 34.967 26.736 32.826 27.65  20.025 22.6   18.298 17.364 28.95
 20.077 15.433  3.15  49.127 18.003 15.354 22.797 37.76  16.276 20.171
 15.839 19.982 47.802 21.774 22.09  18.877 15.848  8.948 25.932 19.157
 22.7   22.075 10.328 16.026 59.078  9.522 20.084 42.299 18.816 22.664
  8.347 20.16  30.08  24.211 22.167 18.718 19.82  21.377 25.852 16.563
 20.488 32.973]
MEAN:
[24.737 21.693 23.073]

###############
#DEVICE COUNTS#
###############

Desktop: 0
Laptop: 0
Tablet: 0
Smart phone: 0
Other device: 0

##################
#AGE GROUP COUNTS#
##################

18 - 24: 0
25 - 31: 0
32 - 38: 0
39 - 45: 0
46 - 52: 0
53 - 59: 0
60 and above: 0

################
#NETWORK COUNTS#
################

WiFi: 0
Cable network: 0
Cellular network: 0
Other: 0

###########
#REASONING#
###########

14505,11000,12699,7558: undefined
6675,5686,3917,4694: undefined
2768,2543,11759,4807: undefined
10149,17034,12397,10035: undefined
10861,15329,5545,5064: undefined
9561,5784,17421,7800: undefined
4416,3203,5518,5522: undefined
1744,5331,2975,3593: undefined
4178,3583,4364,2926: undefined
5260,8130,5843,7649: undefined
10104,6255,7608,6315: undefined
3905,3270,4405,7792: undefined
5042,9964,4343,3384: undefined
4386,3980,29198,3786: undefined
7611,5611,5129,12774: undefined
6342,3700,5472,4807: undefined
14655,4405,7191,7773: undefined
3868,3648,3546,3544: undefined
13227,5702,4650,8477: undefined
4788,4417,4645,3497: undefined
13371,6550,10424,7248: undefined
5928,5041,6444,6409: undefined
6951,9574,4765,5367: undefined
4108,4221,6222,3560: undefined
6439,6379,5260,8799: undefined
5575,3922,3706,4869: undefined
4388,7745,4191,3452: undefined
6154,8546,6080,4810: undefined
6483,4261,10222,5056: undefined
4051,3807,10777,3775: undefined
2841,8344,5973,5535: undefined
8579,6440,7250,8923: undefined
3322,6991,7826,10817: undefined
8112,8591,3942,4321: undefined
3424,3186,6691,3242: undefined
5227,6733,10657,6458: undefined
4349,4948,4759,9341: undefined
4492,3382,4080,3873: undefined
10230,7269,3630,3960: undefined
4331,6791,4224,5043: undefined
5326,4726,7955,3692: undefined
7655,15498,5196,8233: undefined
2627,3739,18340,4550: undefined
4155,4889,6267,4399: undefined
8731,4514,5172,5598: undefined
23282,6049,7055,3898: undefined
6726,26706,3485,9943: undefined
5551,3295,6432,5857: undefined
5718,5013,3401,5570: undefined
9660,8861,6014,5110: undefined
13358,9978,7071,5247: undefined
9372,19788,5766,9258: undefined
