LOG OF bunny_1_0_200k_90 SURVEY RESULTS

########
#GRADES#
########

RAW GRADES:
[5 5 5 5 5 5 5 5 5 5 5 5 5 5 5 5 5 5 5 5 5 5 5 5 5 5 5 5 5 5]
[1 1 1 1 1 1 1 1 1 1 1 1 1 1 1 1 1 1 1 1 1 1 1 1 1 1 1 1 1 1]
[3 3 2 3 1 2 1 3 3 2 4 1 4 2 1 1 1 1 3 2 4 5 2 1 3 2 3 3 2 3]
[3 3 2 3 1 2 1 2 3 2 3 1 3 2 1 1 1 1 3 1 4 4 2 1 3 2 3 2 2 3]
[1 2 2 3 1 1 1 2 2 2 2 1 3 2 1 1 1 1 4 2 4 4 2 1 3 2 3 2 2 3]
[3 3 2 3 1 1 1 2 2 2 1 1 4 2 1 1 1 1 3 1 4 4 2 1 2 2 3 2 2 2]
[3 3 2 3 1 2 1 1 2 2 1 1 4 2 1 1 1 1 3 2 4 4 2 1 3 2 3 2 2 3]
MEAN:
[5.    1.    2.367 2.167 2.033 2.    2.1  ]
STANDARD ERROR:
[0.    0.    0.197 0.171 0.173 0.176 0.179]

STANDARDIZED GRADES:
[1.789 1.905 2.339 1.871 2.449 2.291 2.449 2.124 2.062 2.339 1.716 2.449
 1.334 2.339 2.449 2.449 2.449 2.449 1.651 2.291 1.108 0.918 2.339 2.449
 1.905 2.339 1.871 2.183 2.339 1.905]
[-1.342 -1.651 -1.108 -1.871 -0.408 -0.764 -0.408 -1.006 -1.334 -1.108
 -0.953 -0.408 -2.062 -1.108 -0.408 -0.408 -0.408 -0.408 -1.905 -0.764
 -2.339 -2.294 -1.108 -0.408 -1.651 -1.108 -1.871 -1.213 -1.108 -1.651]
[ 0.224  0.127 -0.246  0.    -0.408  0.    -0.408  0.559  0.364 -0.246
  1.049 -0.408  0.485 -0.246 -0.408 -0.408 -0.408 -0.408 -0.127  0.
  0.246  0.918 -0.246 -0.408  0.127 -0.246  0.     0.485 -0.246  0.127]
[ 0.224  0.127 -0.246  0.    -0.408  0.    -0.408 -0.224  0.364 -0.246
  0.381 -0.408 -0.364 -0.246 -0.408 -0.408 -0.408 -0.408 -0.127 -0.764
  0.246  0.115 -0.246 -0.408  0.127 -0.246  0.    -0.364 -0.246  0.127]
[-1.342 -0.762 -0.246  0.    -0.408 -0.764 -0.408 -0.224 -0.485 -0.246
 -0.286 -0.408 -0.364 -0.246 -0.408 -0.408 -0.408 -0.408  0.762  0.
  0.246  0.115 -0.246 -0.408  0.127 -0.246  0.    -0.364 -0.246  0.127]
[ 0.224  0.127 -0.246  0.    -0.408 -0.764 -0.408 -0.224 -0.485 -0.246
 -0.953 -0.408  0.485 -0.246 -0.408 -0.408 -0.408 -0.408 -0.127 -0.764
  0.246  0.115 -0.246 -0.408 -0.762 -0.246  0.    -0.364 -0.246 -0.762]
[ 0.224  0.127 -0.246  0.    -0.408  0.    -0.408 -1.006 -0.485 -0.246
 -0.953 -0.408  0.485 -0.246 -0.408 -0.408 -0.408 -0.408 -0.127  0.
  0.246  0.115 -0.246 -0.408  0.127 -0.246  0.    -0.364 -0.246  0.127]
MEAN:
[ 2.085 -1.153 -0.005 -0.162 -0.265 -0.292 -0.208]
STANDARD ERROR:
[0.075 0.109 0.072 0.05  0.066 0.06  0.059]

#############
#VIDEO ORDER#
#############

RAW ORDERS:
[1 2 7 6 5 3 4]
[1 2 6 4 3 7 5]
[1 2 4 6 7 3 5]
[1 2 7 4 3 6 5]
[1 2 4 6 3 5 7]
[1 2 3 5 4 7 6]
[1 2 7 4 3 6 5]
[1 2 5 6 7 4 3]
[1 2 4 7 6 3 5]
[1 2 4 6 3 5 7]
[1 2 7 6 5 3 4]
[1 2 5 6 4 7 3]
[1 2 4 7 5 3 6]
[1 2 4 5 6 7 3]
[1 2 7 5 6 3 4]
[1 2 5 3 4 6 7]
[1 2 3 4 6 5 7]
[1 2 5 6 7 4 3]
[1 2 4 5 7 3 6]
[1 2 3 6 4 5 7]
[1 2 6 7 3 5 4]
[1 2 6 4 3 5 7]
[1 2 5 3 6 7 4]
[1 2 3 6 7 5 4]
[1 2 6 7 4 5 3]
[1 2 6 5 3 7 4]
[1 2 3 4 5 6 7]
[1 2 4 6 7 3 5]
[1 2 5 6 4 3 7]
[1 2 4 6 7 5 3]

#################
#VIDEO VIEW TIME#
#################

RAW TIMES:
[ 27193  91610  50716  48717  54971 230367  37277  34576  88370  42412
 102849  69065  32733  80798  50399  41894  68919  45531  21451  52919
 181178  73544  38865  31640  68573  29564  52933  44106  44859  62955]
[ 24467  35528  35301  34734  35547 264300  34366  26064  30899  28551
  37449  52996   6288  31236  32884  30782  30517  32379  13501  33584
  28123  29558  31866  25882  32346  13706  47554  32945  32158  46833]
[ 28341  31100  38505  32643  35480 200396  59998  22758  76573  26489
  60673  34289  12347  27694  34156  32889  30734  28282  32646  36339
  33226  29943  29848  24163  32838  26736  30296  29269  43586  39535]
[ 22584  30090  32376  32086  38603  62437  78714  24542  30933  28888
  32234  28393  12033  43333  26085  31978  25299  27948  34121  26793
  28762  25710  29079 316509  32252  31549  31549  32402  27884  44536]
[23219 30558 31725 36914 73856 61201 39793 29074 32753 29130 40020 26247
 17360 28604 30268 30523 28673 28492 32580 40315 27096 25352 41447 26618
 32105 33000 30683 31579 30090 38365]
[26771 29136 41244 39152 31660 44803 36021 23820 25974 37404 31583 29766
 31955 28080 32947 35740 25079 26809 31029 28787 30053 31090 27480 24923
 35758 29598 29533 27648 26929 42172]
[ 21786  28385  47655  38064  40684  86022  49245  26015  26454  27172
  67698  26223  63081  26341  49127  33377  25240  30019  32778  32176
 113826  24684  27466  25335  32959  29814  34676  31159  31045  52915]
MEAN:
[63366.133 39078.133 40059.067 42323.4   33588.    31431.467 39380.7  ]

#################
#GRADE VIEW TIME#
#################

RAW TIMES:
[ 4447 19835  8863  6115  8223  8118  5484  2771  4514  5444  9859 12420
  4445  9821  5400  6785  7271  6970  7035  3986  8568  5714  4230  5351
 19884  6918  5872  7779  5885  9476]
[  3665  31552  15885   6065   9934   7913   4975 237171   3916   6344
   6377   6694   3710   8556   5812   7437   7407   6433   8802  10961
   8980   5214   4306   5183  15570   7826   8147   9090   5180   5789]
[ 3979 15688 10071  6988 10772  8886  5626  2965  8290  5820  6095  7500
  3916  6610  4655  7338  9457  5791  8142  6434  5075  5464  4191 10526
  9480  6679 12427  6491  4788  6173]
[ 3978 15126  7934  9005  8374  9045  5979  3185  6293  8749  5506  6371
 20510 17428  3972  8215  8607  6289 14247  3631  4975  6156  4594  4592
 11318  7507  7883  8852  5018 30124]
[ 4816 10022  7227  7019 11831  7206  5510  6232  6516  7319  6466  7678
  2879  6755  3685 16721  6416 10455  8024  7111  4745  4788 10274  4795
  9892 11918  9316  6988  8035  7640]
[ 8384 29395  8113  5993  9037  9589  7280  2882  6223  6356  6338  6180
 11115 36631 18374  9369 10867  5431  7305  7844 56842  9089  6334  5683
 25772 22862  7837  7262  5703 25330]
[ 5720 10200  6604 10806 15778 11927 13682  2704  4609  5519 11268  5124
 72414  6860  6958 11161  6687  6652  8869  3953  6375  5097  5004  4637
 11858  9687  7777 10889  5066  6329]
MEAN:
[ 7582.767 15829.8    7210.567  8782.1    7609.3   12847.333 10007.133]

###############
#DEVICE COUNTS#
###############

Desktop: 16
Laptop: 14
Tablet: 0
Smart phone: 0
Other device: 0

##################
#AGE GROUP COUNTS#
##################

18 - 24: 1
25 - 31: 5
32 - 38: 14
39 - 45: 5
46 - 52: 3
53 - 59: 2
60 and above: 0

################
#NETWORK COUNTS#
################

WiFi: 15
Cable network: 11
Cellular network: 3
Other: 1

###########
#REASONING#
###########

A2H8GNSEVUJXYL: when you don't know exactly what those animals are anyway it doesn't matter if they get fuzzy once in a while
A1UM7U8DA3RMA9: Watching videos with low resolution and pause issue will be annoying and disturbing.  Will be missing some great expressions when we are watching these type of animation videos. Experiment guidelines are clear.
AJZBAP861F6X1: Very interesting Survey. Video got Blur for a minute it affects the video watching experience.
A1L8RL58MYU4NC: The Quality damages blur and slag annoyed me a lot no one will like this kind of annoying clips. The Guidelines for this experiment is very clear. Attention check and grading doesn't confused me
A3N5RTXKN4I723: resolution decrease
A2BO8M77CS3SGZ: Poor quality frames in animatation movies doesn't matter to me. The guidelines for the study are easy. The study is interesting.
ASPRULQHB8B1F: The resolution was decreasing a lot, so the image wasn't sharp as it should be, especially for an animated 3D movie
A31Z5TPD8QKE26: Again, when the character was highlighted against a bright background, the blurry damage was the most obvious and I rated them worse.  The blurriness was also extreme with there.
A26UIS59SY4NM6: Blurry during the main action is bad.
A1IU5OP7BBZHZ7: I cannot concentrate on the video as it got blurred 
A38NFX88VZDMJ3: If the low quality did not interrupt the scene too much
A122E99M2DQY1G: resolution decrease
A3PGUPNMOU5BPW: These blurs were mostly the same. In the beginning it wasn't too annoying because the bow part didn't seem super relevant. 
A30YUELTPFSF0T: Resolution is poor on the video at the different moments, it was disturbing while watching the video.
A3169N2SCN3ENK: The quality makes me lose focus on what I am watching and it takes away from my concentration.  The experiment guideline is clear.  I am not confused about the grading.
A6DX45U3O1CR: resolution decrease
A3B67I3A0YR2D: video pause for more than 1 second
AH22ILXQFI4R2: resolution decrease
A272A0JGRTBFCR: Thanks for your ​OUTSTANDING HITS and i would thank you for giving me the chance to participate and you are helping make me better.
A3OLRWACCCCUTU: How long the resolution was bad and when it occurred impacted my grading.
A1NH9LK567B862: The quality affects when it starts blurred. The guideline is so clear and there is no confusion while grading the video
A1IHI23KH87K5W: I think with animations, because they are generated, not "real" like sporting events, blurring seems much less annoying. But maybe that's because I'm a big sports fan ....
A2YHSU2IJZ9J14: More grading examples will be helpful.
A2QD9PJUKW7PKK: video resolution was bad in every video for 2-3 sec  and there is no paused in any video.
A3P2WQO8VESWF2: The video clips shown contained quality damage due to decrease in resolution. At the time when most interesting incidents occur in the clip, like when the swing is going to hit Bunny and his friends and when the arrow is shot, if quality damage occurs it is very annoying. Otherwise it is tolerable. The experiment guidelines and attention checks were clear and easy to understand.
ARTQWWNFA7IOD: In test videos observed extra resolution decrease compared with excellent grade reference.
A1S34BUFNQ33SQ: All the video's little portion got blued, Which is not effecting the video actions and didn't notice any pauses, Overall all the videos are fair to watch 
A11SX02CICZN85: It just affect my eagerness to watch the clip. The guidelines for this HIT is very clear as always. I haven't confused in grading
ASWZO1WY1UHEP: Attention check was clear and also instruction was clear. I can clearly find the damage or quality of the video. Video quality was very poor. All videos, resolution was decreased. Overall I like this cartoon video.
AVPD36WUJKJFS: Video getting pause for a second or resolution getting low will be irritating thing, And use to happen due to low speed internet, I use to get angry with the internet service provider and thinking of migrate to other networks or other high speed plan. The experiment guideline is clear and not confused.
