LOG OF bunny_2_2_300k_180 SURVEY RESULTS

########
#GRADES#
########

RAW GRADES:
[5 5 5 5 5 5 5 5 5 5 5 5 5 5 5 5 5 5 5 5 5 5 5 5 5 5 5 5 5 5 5 5]
[1 1 1 1 1 1 1 1 1 1 1 1 1 1 1 1 1 1 1 1 1 1 1 1 1 1 1 1 1 1 1 1]
[1 3 1 3 1 1 1 2 2 1 3 1 1 1 1 1 1 1 1 1 1 3 4 2 2 2 2 1 1 2 4 2]
[1 3 1 3 1 1 2 2 2 1 2 2 2 1 1 1 1 1 2 1 1 3 3 1 2 2 2 1 1 2 2 3]
[1 3 1 3 1 1 1 2 2 1 3 2 2 1 1 1 1 1 2 1 1 3 3 1 2 2 2 1 1 2 2 3]
[1 2 1 3 1 1 1 1 2 1 2 2 1 1 1 1 1 1 1 1 1 2 3 1 2 3 2 1 1 3 1 3]
[1 2 1 3 1 1 1 1 2 1 2 1 2 1 1 1 1 1 2 1 1 2 2 1 2 1 2 1 1 2 2 2]
MEAN:
[5.    1.    1.688 1.688 1.688 1.531 1.438]
STANDARD ERROR:
[0.    0.    0.162 0.128 0.136 0.132 0.098]

STANDARDIZED GRADES:
[2.449 1.969 2.449 1.871 2.449 2.449 2.372 2.291 2.339 2.449 2.062 2.291
 2.291 2.449 2.449 2.449 2.449 2.449 2.291 2.449 2.449 1.969 1.673 2.372
 2.339 2.124 2.339 2.449 2.449 2.183 1.837 1.969]
[-0.408 -1.477 -0.408 -1.871 -0.408 -0.408 -0.516 -0.764 -1.108 -0.408
 -1.334 -0.764 -0.764 -0.408 -0.408 -0.408 -0.408 -0.408 -0.764 -0.408
 -0.408 -1.477 -1.673 -0.516 -1.108 -1.006 -1.108 -0.408 -0.408 -1.213
 -1.021 -1.477]
[-0.408  0.246 -0.408  0.    -0.408 -0.408 -0.516  0.    -0.246 -0.408
  0.364 -0.764 -0.764 -0.408 -0.408 -0.408 -0.408 -0.408 -0.764 -0.408
 -0.408  0.246  0.837  0.206 -0.246 -0.224 -0.246 -0.408 -0.408 -0.364
  1.123 -0.615]
[-0.408  0.246 -0.408  0.    -0.408 -0.408  0.206  0.    -0.246 -0.408
 -0.485  0.     0.    -0.408 -0.408 -0.408 -0.408 -0.408  0.    -0.408
 -0.408  0.246  0.    -0.516 -0.246 -0.224 -0.246 -0.408 -0.408 -0.364
 -0.306  0.246]
[-0.408  0.246 -0.408  0.    -0.408 -0.408 -0.516  0.    -0.246 -0.408
  0.364  0.     0.    -0.408 -0.408 -0.408 -0.408 -0.408  0.    -0.408
 -0.408  0.246  0.    -0.516 -0.246 -0.224 -0.246 -0.408 -0.408 -0.364
 -0.306  0.246]
[-0.408 -0.615 -0.408  0.    -0.408 -0.408 -0.516 -0.764 -0.246 -0.408
 -0.485  0.    -0.764 -0.408 -0.408 -0.408 -0.408 -0.408 -0.764 -0.408
 -0.408 -0.615  0.    -0.516 -0.246  0.559 -0.246 -0.408 -0.408  0.485
 -1.021  0.246]
[-0.408 -0.615 -0.408  0.    -0.408 -0.408 -0.516 -0.764 -0.246 -0.408
 -0.485 -0.764  0.    -0.408 -0.408 -0.408 -0.408 -0.408  0.    -0.408
 -0.408 -0.615 -0.837 -0.516 -0.246 -1.006 -0.246 -0.408 -0.408 -0.364
 -0.306 -0.615]
MEAN:
[ 2.277 -0.802 -0.233 -0.231 -0.227 -0.351 -0.433]
STANDARD ERROR:
[0.039 0.079 0.074 0.042 0.044 0.058 0.039]

#############
#VIDEO ORDER#
#############

RAW ORDERS:
[1 2 6 3 5 4 7]
[1 2 4 7 3 5 6]
[1 2 7 5 4 6 3]
[1 2 6 5 7 3 4]
[1 2 3 4 6 7 5]
[1 2 3 5 6 4 7]
[1 2 5 3 4 7 6]
[1 2 4 3 7 6 5]
[1 2 5 3 7 4 6]
[1 2 6 3 7 5 4]
[1 2 7 4 6 5 3]
[1 2 7 4 3 6 5]
[1 2 7 6 3 4 5]
[1 2 4 3 5 6 7]
[1 2 5 7 4 6 3]
[1 2 4 3 7 6 5]
[1 2 3 7 4 5 6]
[1 2 5 6 3 7 4]
[1 2 5 3 7 6 4]
[1 2 6 4 5 7 3]
[1 2 3 5 4 6 7]
[1 2 7 3 4 5 6]
[1 2 5 6 3 4 7]
[1 2 6 7 4 3 5]
[1 2 7 3 6 5 4]
[1 2 4 7 5 6 3]
[1 2 5 3 7 4 6]
[1 2 5 6 4 7 3]
[1 2 4 7 6 3 5]
[1 2 4 7 3 6 5]
[1 2 7 5 6 4 3]
[1 2 3 5 4 7 6]

#################
#VIDEO VIEW TIME#
#################

RAW TIMES:
[ 40545  45710  58159  17653  63372  54973 157651 301518  50820  70306
  14033  85446  81185  46723  45744  51822  42384  37091  43615  66442
  40518  69461  56048  41060  39276  72081  90447  49015  75504  80715
  47988  47227]
[ 28536  38396  47697   8475  39474  38500 140370  28282  32012  68554
   5844  56331  34247  35615  35021  35510  31633  19425  28630 194570
  32273  35044  35139  29043  29659  41010  83825  37437  48043  40185
  38277  41020]
[ 29273  41228  51079  30074  33994  60567  78309  33480  34965  47122
  27034  51362  34447  40943  34506  33800  31166  16512  28238  40081
 103363  32025  30244  29995  32808  49681  44134  34950  35232  35734
  36818  48982]
[ 28771  34358  39106  30108  31999  42735 109789  27541  32254  37642
  27304  48057  60630  50693  31343  32910  20093  23787  29028  46745
  39771  49854  36475  29106  29463  45949  63638  36304  40756  36003
  45195  42939]
[29041 34390 41430 29541 40017 59995 91539 36867 59012 55035 27210 78379
 51522 47259 38779 32698 29608 38917 27429 38630 44493 51666 31847 29477
 39835 45545 33136 35844 36560 36294 43533 46524]
[29269 35455 42627 29404 36509 46138 75247 32049 36714 64400 27008 56883
 45317 43111 33142 32917 25984 38872 28863 77224 33612 35121 31036 33609
 30207 42913 37202 33905 34862 73697 42283 35522]
[28980 34840 47676 29783 34861 39446 70103 30800 34172 40065 27486 49681
 49294 60938 31492 34468 30191 37030 30350 46335 36628 32720 31638 30558
 37718 46996 38877 33996 40313 36728 37637 34082]
MEAN:
[65141.625 44939.906 40379.562 40010.812 42564.125 40659.438 38308.812]

#################
#GRADE VIEW TIME#
#################

RAW TIMES:
[ 7374  6751  7460  4326  7338 13305  7326  5010  6684  9845  2849  6451
  7702  4269  5326  7629  8637  8796  6353 14425  5935  6158  5670  4107
  4763 17730  5845  6886  7928 11325  7930  6983]
[  3970   7166   7279  10888   6639  14293   7048 268676   6285   5567
   3784  17885  10312   4353   5290   7060  10319   7580   7491  20799
  11619   6220   4540   3534   4212  15610  16429  13936   9244  72483
   6551   8379]
[ 4238  7832  7760  5866  9975 28129  5699  7139  6822  5456  4650  5793
 11188  6322  7517  7281  9141  6313 10715  8542  6902 32806  9504  4462
  5216 20019 16445  7882  6243  8809 10496 19814]
[ 5802  7867  9269  5230  6712  6157 15925  8122  5207  5239  3948 13090
  6231 12325  6170  7990  6613  8609  8101  9113  6125  6028  4933  3728
  4601 17184 22264  5679  7296  7417 14203  6853]
[ 5927  6019  6708  6789  9187  7574  8503  6340  8928  6082  6405  6429
  8731  4824  6206  5950  5117  8144 18563  9352  5631  6043  9244  3494
  4128 13618 17677  8180  5476  5546  6479 20497]
[ 7594  6581  6030  6909  6290  9227  6199  5660  5120  8194  3954  6768
  6732 10857  6430  6711  5666  7379  4096 11689  6417  6078  6748 11047
  6863 16220 22536  6000  4714  5429 10723  7135]
[ 3891  6729  9473  6597  6568  8748  5851  4598  5460  5688  4008  7480
 23045  6279  4425  7804  7037  7433  6271  9158  5400  8547  7734  3439
  6204 19346  8679  7887  4880 10514  7966  6634]
MEAN:
[ 7472.375 18920.031  9843.     8250.969  8055.969  7749.875  7617.906]

###############
#DEVICE COUNTS#
###############

Desktop: 16
Laptop: 16
Tablet: 0
Smart phone: 0
Other device: 0

##################
#AGE GROUP COUNTS#
##################

18 - 24: 1
25 - 31: 5
32 - 38: 16
39 - 45: 6
46 - 52: 2
53 - 59: 2
60 and above: 0

################
#NETWORK COUNTS#
################

WiFi: 17
Cable network: 12
Cellular network: 2
Other: 1

###########
#REASONING#
###########

A2H8GNSEVUJXYL: need to see the spikes at the end clearly
A1UM7U8DA3RMA9: Watching videos with low resolution and pause issue will be annoying and disturbing.  Will be missing some great expressions when we are watching these type of animation videos. Experiment guidelines are clear.
AJZBAP861F6X1: Quality damage irritates while watching video interestingly.
A8FUMDQFBKMXR: pausing during the action is annoying
A1L8RL58MYU4NC: The Quality damages blur and slag annoyed me a lot no one will like this kind of annoying clips. The Guidelines for this experiment is very clear. Attention check and grading doesn't confused me
A3N5RTXKN4I723: resolution decrease and video pause for more than 1 second
A2BO8M77CS3SGZ: Poor quality frames in animatation movies doesn't matter to me. The guidelines for the study are easy. The study is interesting.
A31Z5TPD8QKE26: The stalls followed by the blurry damage was always bad except when it was a slow part of the clip anyway.
A1IU5OP7BBZHZ7: It annoys me when it get struck.
A122E99M2DQY1G: resolution decrease and video pause
A3PGUPNMOU5BPW: I think all of these are watchable. I may have ranked them too high but they are not the worst in my opinion. 
A1NOINYD1FZ55T: During the videos found blurry and paused some seconds.Not confusing.I grade easy to all videos.
A30YUELTPFSF0T: Video Quality was damaged by the pause, It was also reduce the Resolution Quality. But video was so funny and entertaining.
A3169N2SCN3ENK: The quality makes me lose focus on what I am watching and it takes away from my concentration.  The experiment guideline is clear.  I am not confused about the grading.
A6DX45U3O1CR: found both resolution decrease and video pause for more than one second
AH22ILXQFI4R2: resolution decrease and video pause for more than 1 second.
A1NJ6Q940T7HEB: Found both resolution decrease and video pause
A272A0JGRTBFCR:  http://ec2-35-166-31-164.us-west-2.compute.amazonaws.com:3004
A3OLRWACCCCUTU: If it stops the point in the action when it stops impacts my grading.  And how much and how long the resolution is lower also impacts the diferences in my grading.
A3UM3RQRAL4DP5: both video pausing and video resolution decrease
A1NH9LK567B862: The video quality damaged at each and every video. It just blurred and paused for a second. The experiment guide is so clear which helps in grading the videos without any confusions.
A18LFH7XW61JO9: Experiment guideline is clear and I was not confused about the grading or the attention check. Quality damage at different moments affected my viewing experience differently.
A1IHI23KH87K5W: Blur plus pause is always bad, but mitigated in this video because the extra pause sometimes makes the video funnier
A2YHSU2IJZ9J14: May want to consider using 2 or 3 different videos for each task. After viewing the same video a few times, the person grading it already know what to expect and the effect of any video damage may not be accurate reflection of the level of annoyance.
A2QD9PJUKW7PKK: video quality was poor in every test video for 3 seconds maybe  and there was 2 second paused in every test video.
A3P2WQO8VESWF2: In the case of this movie clip, when quality damage occurs at very interesting parts of the movie, it is definitely annoying. Also the extent and length of the quality damage also determines the rate of annoyance. In this clip when Bunnie falls to the sharp spears and pause occurs, it creates much disturbance in viewing experience. The experiment guidelines are crystal clear and so is the grading or attention check.
A1S34BUFNQ33SQ: I have noticed blurs and pauses in all the videos. Only two videos blurs effected the actions of videos.
A11SX02CICZN85: It just affect my eagerness to watch the clip. The guidelines for this HIT is very clear as always. I haven't confused in grading
A3QS7M912JGKFD: video paused and resolution got decreased, guideline is very clear
ASWZO1WY1UHEP: Attention check was clear and instruction was understantable. I can clearly find the damage or quality of the video. Video quality was poor bad. All videos, resolution was decreased and paused more than 1 second. Overall I like this cartoon video.
AVQGY7FCU80XP: When the visual quality decrease it reduces the enjoyment of the content and makes it hard to see details.
AVPD36WUJKJFS: Video getting pause for a second or resolution getting low will be irritating thing, And use to happen due to low speed internet, I use to get angry with the internet service provider and thinking of migrate to other networks or other high speed plan. The experiment guideline is clear and not confused.
