LOG OF bunny_2_0_300k_180 SURVEY RESULTS

########
#GRADES#
########

RAW GRADES:
[5 5 5 5 5 5 5 5 5 5 5 5 5 5 5 5 5 5 5 5 5 5 5 5 5 5 5 5 5 5 5 5 5 5]
[1 1 1 1 1 1 1 1 1 1 1 1 1 1 1 1 1 1 1 1 1 1 1 1 1 1 1 1 1 1 1 1 1 1]
[3 4 4 4 4 1 3 1 4 2 1 4 3 2 1 1 1 1 4 3 1 2 4 4 2 3 3 2 3 2 2 3 3 3]
[3 3 3 4 4 1 2 1 4 2 1 5 3 2 1 1 1 1 4 4 1 2 4 3 2 2 3 2 3 3 2 3 3 3]
[3 3 2 4 4 1 2 1 4 2 1 4 3 2 1 1 1 1 4 4 1 4 4 4 2 2 4 2 3 3 2 3 3 4]
[3 3 4 4 4 1 2 1 4 3 1 4 2 2 1 1 1 1 4 3 1 4 4 3 2 2 4 2 3 3 2 3 3 3]
[3 4 3 4 4 1 2 1 3 2 1 4 4 2 1 1 1 1 4 3 1 2 4 4 3 3 3 2 3 3 2 3 3 3]
MEAN:
[5.    1.    2.588 2.529 2.618 2.588 2.588]
STANDARD ERROR:
[0.    0.    0.191 0.192 0.2   0.191 0.187]

STANDARDIZED GRADES:
[1.871 1.477 1.491 1.108 1.108 2.449 2.183 2.449 1.213 2.183 2.449 0.918
 1.673 2.339 2.449 2.449 2.449 2.449 1.108 1.477 2.449 1.581 1.108 1.334
 2.183 2.062 1.477 2.339 1.871 1.905 2.339 1.871 1.871 1.651]
[-1.871 -1.969 -1.721 -2.339 -2.339 -0.408 -1.213 -0.408 -2.183 -1.213
 -0.408 -2.294 -1.673 -1.108 -0.408 -0.408 -0.408 -0.408 -2.339 -1.969
 -0.408 -1.37  -2.339 -2.062 -1.213 -1.334 -1.969 -1.108 -1.871 -1.651
 -1.108 -1.871 -1.871 -1.905]
[ 0.     0.615  0.688  0.246  0.246 -0.408  0.485 -0.408  0.364 -0.364
 -0.408  0.115  0.    -0.246 -0.408 -0.408 -0.408 -0.408  0.246 -0.246
 -0.408 -0.632  0.246  0.485 -0.364  0.364 -0.246 -0.246  0.    -0.762
 -0.246  0.     0.    -0.127]
[ 0.    -0.246 -0.115  0.246  0.246 -0.408 -0.364 -0.408  0.364 -0.364
 -0.408  0.918  0.    -0.246 -0.408 -0.408 -0.408 -0.408  0.246  0.615
 -0.408 -0.632  0.246 -0.364 -0.364 -0.485 -0.246 -0.246  0.     0.127
 -0.246  0.     0.    -0.127]
[ 0.    -0.246 -0.918  0.246  0.246 -0.408 -0.364 -0.408  0.364 -0.364
 -0.408  0.115  0.    -0.246 -0.408 -0.408 -0.408 -0.408  0.246  0.615
 -0.408  0.843  0.246  0.485 -0.364 -0.485  0.615 -0.246  0.     0.127
 -0.246  0.     0.     0.762]
[ 0.    -0.246  0.688  0.246  0.246 -0.408 -0.364 -0.408  0.364  0.485
 -0.408  0.115 -0.837 -0.246 -0.408 -0.408 -0.408 -0.408  0.246 -0.246
 -0.408  0.843  0.246 -0.364 -0.364 -0.485  0.615 -0.246  0.     0.127
 -0.246  0.     0.    -0.127]
[ 0.     0.615 -0.115  0.246  0.246 -0.408 -0.364 -0.408 -0.485 -0.364
 -0.408  0.115  0.837 -0.246 -0.408 -0.408 -0.408 -0.408  0.246 -0.246
 -0.408 -0.632  0.246  0.485  0.485  0.364 -0.246 -0.246  0.     0.127
 -0.246  0.     0.    -0.127]
MEAN:
[ 1.863 -1.446 -0.078 -0.127 -0.054 -0.083 -0.076]
STANDARD ERROR:
[0.085 0.117 0.063 0.058 0.07  0.065 0.061]

#############
#VIDEO ORDER#
#############

RAW ORDERS:
[1 2 7 4 6 3 5]
[1 2 3 7 5 4 6]
[1 2 5 7 3 6 4]
[1 2 5 7 3 6 4]
[1 2 4 3 5 6 7]
[1 2 4 5 6 3 7]
[1 2 4 3 7 5 6]
[1 2 4 7 3 6 5]
[1 2 4 6 3 5 7]
[1 2 7 5 4 3 6]
[1 2 4 3 5 6 7]
[1 2 7 6 5 4 3]
[1 2 5 7 4 3 6]
[1 2 6 3 4 5 7]
[1 2 5 4 3 6 7]
[1 2 4 3 7 6 5]
[1 2 7 6 3 5 4]
[1 2 3 4 7 5 6]
[1 2 4 6 7 5 3]
[1 2 5 7 3 6 4]
[1 2 4 6 7 5 3]
[1 2 7 5 6 3 4]
[1 2 5 7 4 6 3]
[1 2 4 6 7 3 5]
[1 2 6 4 7 3 5]
[1 2 7 4 5 3 6]
[1 2 5 6 7 4 3]
[1 2 4 7 6 3 5]
[1 2 7 4 5 3 6]
[1 2 7 4 5 6 3]
[1 2 4 3 7 6 5]
[1 2 6 4 3 7 5]
[1 2 4 3 5 7 6]
[1 2 5 7 3 4 6]

#################
#VIDEO VIEW TIME#
#################

RAW TIMES:
[145467  61492  61348  55917  45656  64271  80661  66289  43623  46739
  66783  17279  48582  63897  55249  49355  44820  64680  42300  49274
  67365 179832  59307  50105  62679  40398  67299  33423  47133  82419
  68266  51348 126189  52879]
[ 29898  48807  43601  35931  31267  39529  56612  38375  29021  34178
  37283   5674  33989  37008  37364  34097  31252  38563  20777  30874
  39436 138728  37559  87072  33335  29003  41878  14391  37276  35926
  33390  33922  46633  34810]
[ 27226  37593  41247  34657  62405  39900  44115  32612  27696  32203
  30667  24838  30897  32222  59659  32290  28860  60997  14607  28452
  41908 119314  33744  35508  33744  32574  43905  37411  34177  29436
  31137  29411  33213  33977]
[ 27172  63953  37557  63203  32830  62240  54316  32725 114212  29887
  30197  25327  29646  32508  31235  32479  29249  32360  49276  28494
  59852 114223  32545  32359  29494  27298  39639  27690  57412  29635
  34566  31482  39593  35204]
[ 28897  38289 101599  31236  29956  47110  88745  30852  26305  30141
  32521  24783  31323  35110  33237  31415  30014  33320  18424  28150
  33172 140694  49706  28271  31380  26869  38135  33106  33181  30119
  32335  29720  61715  35551]
[ 26665  43526  34657  34612  27358  39273  87786  62802  30003  30810
  42456  25341  32597  65714  59352  32800  29911  31542  38057  27882
  62711 132936  30216  30216  31463  33578  37128  33439  30279  30157
  33099  59817  33637  32365]
[ 27483  37527  38750  33021  31188  41511  70389  31673  30069  30635
  56133  25705  31213  41099  51074  33570  53708  32334  17607  29318
  58185 115372  37455  29350  30498  38788  32031  63057  59003  30509
  36653  30887  34922  36665]
MEAN:
[63597.765 39337.029 38017.706 42054.647 39864.147 41593.676 40511.235]

#################
#GRADE VIEW TIME#
#################

RAW TIMES:
[ 5053  8074  8980  6619  4893 45405  7064  5275  3425 10008  8891  2742
  7725 13446  5816  5638  5358  6621  8338  5811 12930 10466  7531  8773
  3578  6407 11898  6915  6416 42783  6538  5297  6559  5825]
[11272 15209  7436  6220  6046  9854 10650  8661  3286  5462  6068  3017
  8019  8632  4231  7526  6027  5770  8691  5028 20123 12569  7971  6030
  3998  5196 12137 11781  5874 50206  7330  5035  7793 10714]
[ 4819 16959  6677  6562  4726  6930 12793  4509  7194  6349  5758  5444
  8990  9654 13509  5589  5577 11119  9167  6628 16503 15930  5500 10632
  4348  4892 16131  7861  6233 10983 17143  6081  5626  6632]
[ 7135  7813 10882  8473  6639 24776 11833 11872  6254  4951 11804  3960
  5945 14428 27989  9474  6687  8450 10785  5159 11190 17623  5885 81123
  4249  4762 10590  7884 27996 16886  9797  6924 47251  5390]
[ 5180  7322 25422  9263  6885 18746  8286  4434  3354  6362  7173  2584
 11739  9182  7838  6353  6268  6851  8132  8703 14172 22702  8719  5504
 48670  5071 23284  9471  6175 16003 11709  6154  8189  9015]
[ 4686 13200  7695  6497  5797 10845 10063  4557  3309  8567  6103  3001
  7906  8895  3921  6551  7338  7106  7064  9101  9282 12335  5335  4291
  5570  4046 15850  7605  7202 16800  6050 11230  4907  5465]
[ 5599 10556  7948  5660  4602  6152  9229  5005  3269  7873  6352  5164
  9785  9456 11936  5267  9459  7506  6702  8796  8583 36681  6777  5584
  9684  7962 82718  6914 14612 19054  8156  5270  5414  6141]
MEAN:
[ 9326.412  9231.235  8630.824 13613.5   10732.794  7593.235 10878.412]

###############
#DEVICE COUNTS#
###############

Desktop: 18
Laptop: 15
Tablet: 0
Smart phone: 1
Other device: 0

##################
#AGE GROUP COUNTS#
##################

18 - 24: 2
25 - 31: 5
32 - 38: 15
39 - 45: 7
46 - 52: 3
53 - 59: 1
60 and above: 1

################
#NETWORK COUNTS#
################

WiFi: 19
Cable network: 12
Cellular network: 2
Other: 1

###########
#REASONING#
###########

A2H8GNSEVUJXYL: why are you calling it an attention check
A1UM7U8DA3RMA9: Watching videos with low resolution and pause issue will be annoying and disturbing.  Will be missing some great expressions when we are watching these type of animation videos. Experiment guidelines are clear.
AJZBAP861F6X1: No Pause. Only video blur slightly. 
A1L8RL58MYU4NC: Nothing annoyed me. Guideline is superb. I didn't get confused in grading. Side-by-side made it easy but without that too one can grade it
A219VCQZADQ45W: BRIEF PAUSE, OR A LITTLE BLURRY CAN BE ANNOYING ESPECIALLY IF IT IS RIGHT BEFORE A GOAL OR JUMPING OFF A CLIFF
A3N5RTXKN4I723: resolution decrease
A2BO8M77CS3SGZ: Poor quality frames in animatation movies doesn't matter to me. The guidelines for the study are easy. The study is interesting.
ASPRULQHB8B1F: The resolution was decreasing a lot, so the image wasn't sharp as it should be, especially for an animated 3D movie
A31Z5TPD8QKE26: it was the most annoying when it got blurry during a time when it was critical to see small details.
A1IU5OP7BBZHZ7: I cannot concentrate on the video as it got blurred 
A122E99M2DQY1G: resolution decrease
A3PGUPNMOU5BPW: These videos are very watchable. I didn't mind the blur too much. It would stink if on netflix or some where with a paid subscription. These videos arn't too damaged though. I like big buck bunny.
A70L26UXLTGLC: At more important points in a video with action in it a pause or a blur is more annoying. The guidelines were clear. I didn't need to continually look at the reference.
A30YUELTPFSF0T: Video was so funny, While watching the video, Resolution affecting the entertainment. it was damaging the quality at the different timing like flying, failing and  expressions showing by the Squirrel. it was not pause while watching.
A3169N2SCN3ENK: The quality makes me lose focus on what I am watching and it takes away from my concentration.  The experiment guideline is clear.  I am not confused about the grading.
A6DX45U3O1CR: resolution decrease
A3B67I3A0YR2D: Video resolution decrease
AH22ILXQFI4R2: resolution decrease
A272A0JGRTBFCR: http://ec2-54-189-36-205.us-west-2.compute.amazonaws.com:3004/
A1N62PWMUOG2YY: Impairment at the beginning is frustrating because I do not know what is going on and it makes it harder to follow along. Impairment during a suspenseful moment, such as when the squirrel is falling ruins the moment and is frustrating because I am seeking a clear resolution to the issue at hand, and when what I see is a blurred version of the outcome, then I feel unsatisfied.
A3UM3RQRAL4DP5: resolution decrease
A3QZMGTVA4VO44: Quality damage in the beginning of the video didn't make any impact on my observation. But towards the end, make significant changes in my observation and it creates little bit frustration. Guidelines are clear and perfect. There is no confusion in grading and attention checks.
A1NH9LK567B862: The quality affects when it starts blurred. The guideline is so clear and there is no confusion while grading the video
A1IHI23KH87K5W: If the blurring is "slight", like in these videos, it can actually go on  for quite a while without annoying me.
A2YHSU2IJZ9J14: More grading examples will be helpful.
A2QD9PJUKW7PKK: some video clarity looks fair and some looks bad in every 3 second of test video. There was no pause in any video.
A3P2WQO8VESWF2: These videos depict quality damage due to decrease in resolution. I feel that the viewing experience is  most adversely affected when it comes at a crucial point of time. The time period for which the quality damage continues is also very critical. In the videos shown, I feel that most of them are within the tolerable limit of quality damage due to decrease in resolution. Some of them have very little damage which is perceptible but tolerable. The experiment guidelines and grading is clear.
ARTQWWNFA7IOD: Noticed extra resolution decreased when compared with excellent grade reference
A1S34BUFNQ33SQ: I have noticed very slightly blurs in all the videos. I notice the blurs at the time of hitting the branch and again falling down.
A301GNFG8W711Q: it's more annoying to have poor quality early in the video. The instructions were clear. Easy to compare videos to the original excellent example.
A11SX02CICZN85: It just affect my eagerness to watch the clip. The guidelines for this HIT is very clear as always. I haven't confused in grading
A3QS7M912JGKFD: video resolution was decreased, guideline is very clear
ASWZO1WY1UHEP: Attention check was clear and also instruction was clear. I can clearly find the damage or quality of the video. Video quality was slightly poor. All videos, resolution was decreased. Overall I like this cartoon video.
AVPD36WUJKJFS: Video getting pause for a second or resolution getting low will be irritating thing, And use to happen due to low speed internet, I use to get angry with the internet service provider and thinking of migrate to other networks or other high speed plan. The experiment guideline is clear and not confused.
