LOG OF bunny_1_0_300k_180 SURVEY RESULTS

########
#GRADES#
########

RAW GRADES:
[5 5 5 5 5 5 5 5 5 5 5 5 5 5 5 5 5 5 5 5 5 5 5 5 5 5 5 5 5 5 5 5]
[1 1 1 1 1 1 1 1 1 1 1 1 1 1 1 1 1 1 1 1 1 1 1 1 1 1 1 1 1 1 1 1]
[3 4 4 4 1 2 4 5 4 1 2 5 4 1 1 1 5 1 3 4 4 5 3 2 3 4 5 3 4 3 2 4]
[3 3 4 4 1 2 4 4 4 1 3 4 3 1 1 1 4 1 3 4 3 5 3 3 3 4 2 3 3 3 2 4]
[3 3 4 4 1 2 3 3 4 1 3 3 4 1 1 1 4 1 2 4 3 4 3 3 3 4 2 3 4 2 3 4]
[3 4 4 3 1 2 4 3 4 1 3 3 3 1 1 1 4 1 3 4 4 4 2 2 3 4 2 3 3 2 2 4]
[3 4 4 3 1 2 3 4 4 1 3 2 4 1 1 1 4 1 2 4 3 5 3 3 2 4 2 3 4 3 2 4]
MEAN:
[5.    1.    3.156 2.906 2.812 2.75  2.812]
STANDARD ERROR:
[0.    0.    0.238 0.199 0.19  0.193 0.205]

STANDARDIZED GRADES:
[1.871 1.334 1.108 1.334 2.449 2.339 1.334 1.104 1.108 2.449 1.905 1.238
 1.334 2.449 2.449 2.449 0.918 2.449 1.969 1.108 1.477 0.632 1.905 1.969
 1.905 1.108 1.54  1.871 1.334 1.969 2.183 1.108]
[-1.871 -2.062 -2.339 -2.062 -0.408 -1.108 -2.062 -1.988 -2.339 -0.408
 -1.651 -1.65  -2.062 -0.408 -0.408 -0.408 -2.294 -0.408 -1.477 -2.339
 -1.969 -2.319 -1.651 -1.477 -1.651 -2.339 -1.155 -1.871 -2.062 -1.477
 -1.213 -2.339]
[ 0.     0.485  0.246  0.485 -0.408 -0.246  0.485  1.104  0.246 -0.408
 -0.762  1.238  0.485 -0.408 -0.408 -0.408  0.918 -0.408  0.246  0.246
  0.615  0.632  0.127 -0.615  0.127  0.246  1.54   0.     0.485  0.246
 -0.364  0.246]
[ 0.    -0.364  0.246  0.485 -0.408 -0.246  0.485  0.331  0.246 -0.408
  0.127  0.516 -0.364 -0.408 -0.408 -0.408  0.115 -0.408  0.246  0.246
 -0.246  0.632  0.127  0.246  0.127  0.246 -0.481  0.    -0.364  0.246
 -0.364  0.246]
[ 0.    -0.364  0.246  0.485 -0.408 -0.246 -0.364 -0.442  0.246 -0.408
  0.127 -0.206  0.485 -0.408 -0.408 -0.408  0.115 -0.408 -0.615  0.246
 -0.246 -0.105  0.127  0.246  0.127  0.246 -0.481  0.     0.485 -0.615
  0.485  0.246]
[ 0.     0.485  0.246 -0.364 -0.408 -0.246  0.485 -0.442  0.246 -0.408
  0.127 -0.206 -0.364 -0.408 -0.408 -0.408  0.115 -0.408  0.246  0.246
  0.615 -0.105 -0.762 -0.615  0.127  0.246 -0.481  0.    -0.364 -0.615
 -0.364  0.246]
[ 0.     0.485  0.246 -0.364 -0.408 -0.246 -0.364  0.331  0.246 -0.408
  0.127 -0.928  0.485 -0.408 -0.408 -0.408  0.115 -0.408 -0.615  0.246
 -0.246  0.632  0.127  0.246 -0.762  0.246 -0.481  0.     0.485  0.246
 -0.364  0.246]
MEAN:
[ 1.678e+00 -1.602e+00  1.879e-01  1.143e-03 -6.943e-02 -1.233e-01
 -7.216e-02]
STANDARD ERROR:
[0.095 0.119 0.096 0.06  0.061 0.064 0.071]

#############
#VIDEO ORDER#
#############

RAW ORDERS:
[1 2 6 7 3 5 4]
[1 2 7 6 3 5 4]
[1 2 3 4 7 6 5]
[1 2 5 6 4 3 7]
[1 2 5 4 3 6 7]
[1 2 5 4 3 6 7]
[1 2 4 3 5 6 7]
[1 2 7 5 6 4 3]
[1 2 7 5 3 6 4]
[1 2 4 5 6 7 3]
[1 2 5 4 3 6 7]
[1 2 6 4 7 5 3]
[1 2 4 5 6 7 3]
[1 2 3 6 5 4 7]
[1 2 4 5 3 7 6]
[1 2 4 3 6 7 5]
[1 2 3 5 6 7 4]
[1 2 5 4 7 6 3]
[1 2 7 3 5 4 6]
[1 2 7 3 6 5 4]
[1 2 7 4 6 3 5]
[1 2 6 5 3 4 7]
[1 2 4 7 5 6 3]
[1 2 3 5 4 6 7]
[1 2 6 5 3 4 7]
[1 2 4 5 3 7 6]
[1 2 7 5 4 3 6]
[1 2 7 4 5 3 6]
[1 2 5 3 6 7 4]
[1 2 5 3 6 4 7]
[1 2 6 7 5 3 4]
[1 2 3 4 5 7 6]

#################
#VIDEO VIEW TIME#
#################

RAW TIMES:
[ 48504  27869  55409  15637  64649 127978 126418  44600  44817  54294
  54548  57934  93611  40885  58006  43706 133990  36354  49223  93214
  57241  42864  43990  36483  35430  50074  53269  38803  90672  56264
  53679 130459]
[27409 24824 32799  8600 51453 84121 25159 29922 50245 42080 38726 30741
 29992 35321 29640 29064 33556 28984 25905 33562 46693 28798 30399 27673
 27549 34047 31168 32997 32735 36394 45249 66230]
[ 40856  23636  43732  23476  54118 117413  23704  30406  28754  48049
  39107  76551  40169  33152  26851  28229  26341  26316  33338  64010
  33981  25279  27123  30598  32135  35894  37695  61715  36661  44298
  45995  50343]
[ 45204  23050  53940  23505 118907  46625  29509  28726  32558  34922
  34229  25556  45018  33828  66159  27280  25653  26673  35366  29119
  28442  24986  41252  24181  23049  32975  31343  50648  29702  30104
  32544  33842]
[24159 22305 39567 29122 83252 83115 25169 29063 27988 59233 81183 26725
 51151 29697 55085 27249 26489 47088 23296 29188 39878 25475 38331 26704
 22787 37672 40184 28244 62623 33399 27287 29125]
[93179 22777 28424 31688 29693 62909 25857 28391 26796 82489 45033 25412
 27513 26946 31492 27608 25506 28029 24114 29756 44457 27159 45690 25536
 26619 31555 49437 65662 43935 28996 29490 29422]
[36971 23696 28963 23011 29121 53132 28674 31077 57763 32768 35443 26174
 37674 33681 26747 30973 26076 23686 45874 50300 68876 28106 35046 62077
 31154 30836 28692 52852 32146 30000 27656 37987]
MEAN:
[61277.312 35376.094 40310.156 36527.969 38494.781 36611.562 35851.   ]

#################
#GRADE VIEW TIME#
#################

RAW TIMES:
[ 6129  4483  5720  6270 30365  5768  3658  4980  7393 32926  8504  8603
  7515  4221  6832  9072  7293  6121  7517  6620 13181  4279 22647  4583
  4109 10096  9162  9656  7740  9202  6786  5780]
[ 4750  6115  6315  5286 13125  4966 91036  4449  5494 13564  7225 11922
 26201  6909  8100  5364  7973  4993  5540  6412  7634  4556  4089  4046
 17298  9135  8999  7333 14117  6505  8599 12678]
[17101  5141  8905  4491  7207  6710  3318  4374  6997  7449 12695  8669
  7147 12560  5631  5452  7793  5262  6450  5680  7811  4318  4885 16279
  6132 21521  8443  8213  7943  7823  7324  9144]
[ 3064  4390  6846  5198 18505  4942  4958  8443  8186 62359 14737  6895
 11099  6642  8731  7720  6667  7455  4820  5766 10619  4828  7840  4251
  9404 13901  7517  9005  9013 11193  4680  5991]
[ 5275  4697 11675  9239 15296  6787  3410  4569  5517  6434 13368  7923
 19091  5081  6281  6231  6887 10722  4590  5796 15296  5041  4080  4299
  8294 17703  8101 15978 14283  8906  5578  5928]
[10066  5684  5759  6388  9816  7190  3455  5904 11233  8522  7174 18802
  7316  4624  6364  4980 13087  4622  4476  5985 10319  6970 27118  4016
 11097 12755 14233 10116 12206  6186  7446  8108]
[ 3066  5527  6451  4400  8292  6084  3021 12169  9116 11142  6135 12871
 13688  6817  5274  5350  7581 15640 14111  8300 39425  5647 11055  6763
 14520 10679 12974 12774  8333  6427  7200  7521]
MEAN:
[ 8975.344 10960.25   8089.625  9552.031  8511.125  8813.031  9636.031]

###############
#DEVICE COUNTS#
###############

Desktop: 18
Laptop: 13
Tablet: 0
Smart phone: 1
Other device: 0

##################
#AGE GROUP COUNTS#
##################

18 - 24: 0
25 - 31: 5
32 - 38: 16
39 - 45: 4
46 - 52: 4
53 - 59: 2
60 and above: 1

################
#NETWORK COUNTS#
################

WiFi: 15
Cable network: 13
Cellular network: 3
Other: 1

###########
#REASONING#
###########

A320BT7PLIQVZT: Durung the action times it was more annoying. and when the resolution dropped quality after the pause.
A2H8GNSEVUJXYL: this is a retake of video http://ec2-54-189-36-205.us-west-2.compute.amazonaws.com:3003/
A1UM7U8DA3RMA9: Watching videos with low resolution and pause issue will be annoying and disturbing.  Will be missing some great expressions when we are watching these type of animation videos. Experiment guidelines are clear.
A8FUMDQFBKMXR: The decrease in quality at the beggining of clip is less noticable
A3N5RTXKN4I723: resolution decrease
A2BO8M77CS3SGZ: Poor quality at times are very annoying to watch. 
A31Z5TPD8QKE26: When it was only one character and the background was light in color, the blurry damage was much more apparent and more annoying.  But they weren't bad.
A26UIS59SY4NM6: Small short pixelations in scenes that aren't focused closely on characters faces aren't really annoying.
A1IU5OP7BBZHZ7: got struck in between videos makes loose patience, Blurring for very few seconds makes no difference from the good one
A122E99M2DQY1G: resolution decrease
A1NOINYD1FZ55T: During the videos found blurry some seconds.
A22VLXXVIEJSD1: For most videos, it blurred right before the bunny gets hit It bothers my eyes because they try and focus it but cannot.
A30YUELTPFSF0T: Video was little decreased in resolution, Overall it was good, However it is still an defect.
A3169N2SCN3ENK: The quality makes me lose focus on what I am watching and it takes away from my concentration.  The experiment guideline is clear.  I am not confused about the grading.
A6DX45U3O1CR: resolution decrease
AH22ILXQFI4R2: resolution decrease
A1Q2C5GJTB09WW: the original clarity on this video is very good, so when the video becomes fuzzy you notice it right away and it takes away from the quality of the movie. It seemed to bother me more with this video than with a video that did not have as much clarity to begin with.. Guidelines were clear and easy to understand
A1NJ6Q940T7HEB: Found resolution decrease
A3OLRWACCCCUTU: Whether it was near the beginning or end and how long it lasted impacted by grading of resolution issues.  There were no delays in this set.
A1NH9LK567B862: The quality affects when it starts blurred. The guideline is so clear and there is no confusion while grading the video
A18LFH7XW61JO9: Quality damage at the crucial time affect the viewing experience a lot. Like, when the bunny were running and after that.
A1IHI23KH87K5W: I found the slight blurring to be barely perceptible
A2YHSU2IJZ9J14: More grading examples will be helpful.
A2QD9PJUKW7PKK: test video 5 i.e last video was doubtful. As i thought there was little clarity change but could be wrong. All other rating were based on video resolution. and there is no paused in any video
A2MCG5W6LHSRG9: Most of the video had the same level of interest. The worst time was right before the log was about to hit.
A3P2WQO8VESWF2: In these set of videos there was only slight deal of decrease in resolution which is acceptable in my opinion. The annoyance and disturbance in viewing experience is based on the extent of quality damage and the extent. But I think these set of videos have slight damage only which is ignorable. The guidelines of experiment and attention checks are clear and not confusing.
ARTQWWNFA7IOD: In test videos observed extra resolution decrease compared with excellent grade reference.
A1S34BUFNQ33SQ: I found all the videos looking grate and very slight blurry, But that blur also not completely effecting the video's ,Hence I have consider those videos are fair videos 
A11SX02CICZN85: It just affect my eagerness to watch the clip. The guidelines for this HIT is very clear as always. I haven't confused in grading
A4T7PYGN1BE2P: Guideline is clear and it is slightly annoying when video quality decreased.
ASWZO1WY1UHEP: Attention check was clear and also instruction was clear. I can clearly find the damage or quality of the video. Video quality was very poor. All videos, resolution was decreased. Overall I like this cartoon video.
AVPD36WUJKJFS: Video getting pause for a second or resolution getting low will be irritating thing, And use to happen due to low speed internet, I use to get angry with the internet service provider and thinking of migrate to other networks or other high speed plan. The experiment guideline is clear and not confused.
