LOG OF bunny_2_2_1000k_720 SURVEY RESULTS

########
#GRADES#
########

RAW GRADES:
[5 5 5 5 5 5 5 5 5 5 5 5 5 5 5 5 5 5 5 5 5 5 5 5 5 5 5 5 5 5 5]
[1 1 1 1 1 1 1 1 1 1 1 1 1 1 1 1 1 1 1 1 1 1 1 1 1 1 1 1 1 1 1]
[2 4 2 2 1 2 3 2 2 4 1 4 4 1 1 1 1 4 3 1 4 3 1 4 3 2 4 4 4 4 3]
[2 3 2 2 1 2 2 2 2 3 1 3 4 1 1 1 1 3 3 1 4 3 1 4 3 2 4 3 3 4 3]
[2 3 2 2 1 2 3 3 2 4 1 4 3 1 1 1 1 4 3 1 4 3 2 4 3 2 4 3 4 4 3]
[4 3 2 2 1 2 4 3 2 5 1 4 3 1 1 1 1 4 4 1 4 4 1 4 4 2 4 4 3 4 3]
[2 3 2 2 1 1 2 2 2 3 1 3 4 1 1 1 1 4 3 1 4 2 2 4 2 2 4 3 3 4 2]
MEAN:
[5.    1.    2.613 2.387 2.581 2.774 2.323]
STANDARD ERROR:
[0.    0.    0.217 0.186 0.198 0.231 0.19 ]

STANDARDIZED GRADES:
[1.877 1.651 2.339 2.339 2.449 2.294 1.721 2.062 2.339 1.104 2.449 1.334
 1.334 2.449 2.449 2.449 2.449 1.213 1.651 2.449 1.108 1.673 2.319 1.108
 1.673 2.339 1.108 1.477 1.477 1.108 1.905]
[-1.215 -1.905 -1.108 -1.108 -0.408 -0.918 -1.491 -1.334 -1.108 -1.988
 -0.408 -2.062 -2.062 -0.408 -0.408 -0.408 -0.408 -2.183 -1.905 -0.408
 -2.339 -1.673 -0.632 -2.339 -1.673 -1.108 -2.339 -1.969 -1.969 -2.339
 -1.651]
[-0.442  0.762 -0.246 -0.246 -0.408 -0.115  0.115 -0.485 -0.246  0.331
 -0.408  0.485  0.485 -0.408 -0.408 -0.408 -0.408  0.364 -0.127 -0.408
  0.246  0.    -0.632  0.246  0.    -0.246  0.246  0.615  0.615  0.246
  0.127]
[-0.442 -0.127 -0.246 -0.246 -0.408 -0.115 -0.688 -0.485 -0.246 -0.442
 -0.408 -0.364  0.485 -0.408 -0.408 -0.408 -0.408 -0.485 -0.127 -0.408
  0.246  0.    -0.632  0.246  0.    -0.246  0.246 -0.246 -0.246  0.246
  0.127]
[-0.442 -0.127 -0.246 -0.246 -0.408 -0.115  0.115  0.364 -0.246  0.331
 -0.408  0.485 -0.364 -0.408 -0.408 -0.408 -0.408  0.364 -0.127 -0.408
  0.246  0.     0.105  0.246  0.    -0.246  0.246 -0.246  0.615  0.246
  0.127]
[ 1.104 -0.127 -0.246 -0.246 -0.408 -0.115  0.918  0.364 -0.246  1.104
 -0.408  0.485 -0.364 -0.408 -0.408 -0.408 -0.408  0.364  0.762 -0.408
  0.246  0.837 -0.632  0.246  0.837 -0.246  0.246  0.615 -0.246  0.246
  0.127]
[-0.442 -0.127 -0.246 -0.246 -0.408 -0.918 -0.688 -0.485 -0.246 -0.442
 -0.408 -0.364  0.485 -0.408 -0.408 -0.408 -0.408  0.364 -0.127 -0.408
  0.246 -0.837  0.105  0.246 -0.837 -0.246  0.246 -0.246 -0.246  0.246
 -0.762]
MEAN:
[ 1.861 -1.396 -0.024 -0.214 -0.057  0.102 -0.272]
STANDARD ERROR:
[0.092 0.124 0.069 0.051 0.056 0.092 0.064]

#############
#VIDEO ORDER#
#############

RAW ORDERS:
[1 2 7 3 4 5 6]
[1 2 3 4 7 6 5]
[1 2 5 3 6 4 7]
[1 2 7 3 4 5 6]
[1 2 4 6 7 3 5]
[1 2 7 6 3 4 5]
[1 2 6 3 7 5 4]
[1 2 5 6 7 4 3]
[1 2 6 7 4 3 5]
[1 2 7 5 3 6 4]
[1 2 5 4 7 6 3]
[1 2 5 7 6 3 4]
[1 2 6 3 4 5 7]
[1 2 4 7 6 5 3]
[1 2 5 3 6 7 4]
[1 2 5 7 6 4 3]
[1 2 6 4 3 5 7]
[1 2 6 4 5 7 3]
[1 2 4 3 6 5 7]
[1 2 6 5 4 3 7]
[1 2 7 3 6 5 4]
[1 2 4 6 7 3 5]
[1 2 5 7 6 4 3]
[1 2 6 3 5 4 7]
[1 2 6 7 5 3 4]
[1 2 7 5 3 6 4]
[1 2 5 3 7 6 4]
[1 2 6 4 7 3 5]
[1 2 7 3 4 6 5]
[1 2 6 7 3 4 5]
[1 2 7 5 3 4 6]

#################
#VIDEO VIEW TIME#
#################

RAW TIMES:
[ 32604  38368  77958  47015  64286 162612 323387  37319  46968 191669
  59683  97658  63605  79278  46581  48868  64052  26956  40111  77657
  79333  49395  45025  37084  71037  85391  44413  75103  34253  39203
  61010]
[ 29106  39105  37263  35652  35525  72418  27643  30773  31227 106353
  35809  33600  35631  36913  30944  32432  32355  20563  27026  32451
  35831  32914  33949  31075  52864  35279  52913  34608  26793  49609
  37591]
[28932 45019 60115 34396 36853 71640 29864 29697 78308 69545 41491 35855
 40118 44674 31722 31107 32784 30227 28825 34839 34963 31243 36742 32843
 41107 67692 32711 31984 26602 62015 35125]
[28692 41239 51441 33743 42086 81621 31887 32027 31806 43820 42609 35796
 35950 38728 30630 34815 32630 28019 34209 42177 38928 31907 31401 35642
 39701 36786 38888 38886 26855 49030 39848]
[ 28778  34464  43459  35984  41438  69736  28786 197560  32390  44730
 119102 117387  61056  43017  34266  30976  33979  29698  28859  31887
  35391  31729  53156  29396  48909  37413  51214  33684  27998  33380
  36264]
[ 29433  33220  48021  45180  36039  77029  30026  32914  57445  73062
  42262  60638 100095  48532  33299  34240  59890  41276  28679  84813
  38341  30671  33132  50428  35662  37396  35668  64699  26394  54946
  37377]
[ 29299  43344  50211  33007  48104 113599  33417  29351  32633  76274
  38114  34527  32888  34756  33657  35490  33111  39167  29268  33533
  39332  30284  32035  29600  40649  35945  36468  42516  32858  34145
  47904]
MEAN:
[72512.323 38265.    40936.71  38122.484 48583.419 46477.645 39854.387]

#################
#GRADE VIEW TIME#
#################

RAW TIMES:
[ 5743  7090  7083  6780 22138  5658 77677  4533 11790  8906  9712  9121
  7065  6952  6076  5912  5621 16467  6345  7871  6681  4919  3921  4613
 19810 10561 11682  7312  3512  8411  7498]
[ 4421  6333  8759  5825 21534 10904  2868  4358  6881  8252  9329  8005
  9011  9363  6252  5845  6270 10691 10467  7215  5117  6985  4356  3913
 15289  8071  6542  7401  3077  5942 19763]
[ 3952 11807 12554  6528  9763 10015  3598  5587  6338 11685  9446  8373
 13826  5325  6426  6798  5711  7300  6712  6200  6055  8041  8056  4410
 14875 18676 12374  8478  3968 14181  7900]
[ 4962  7671  7343  7251 12879  6776  3075  4600  5485  8994  5348  9550
 11641  6328  6517  9314  8429 24696 11342  5897  4971 11398  4282  4820
 11028 12099  5852 11197  2329  7162  5651]
[ 5542  6796 22782  7344 16181  9827  4002 10591  5469  9227  8377 13859
  9348 12688  8838  9871  8066  9578  7821  7057  5995  4802  9956  4901
 13046  7930 18930  8283  2648  5736  5831]
[  5109   7340  11654   7056   7888   9475  60511   4929   8084   5792
   7428  12831  16238   5599   5801   7660   8111  22598  62625  12365
   6091   6293   6660   9642 114295  10657   6999  10878   2252   8048
   6679]
[ 8840  6687  9324 11805 13898  8219  4530  4793 11471 18807  7658  9293
 12393  5132  5392  7868  6120  8641  6762  7246  7620  7430  8868  6093
 11535 29875  5898  9875  5328  6663 11228]
MEAN:
[10563.226  8033.516  8547.032  8028.613  9074.903 15406.065  9202.968]

###############
#DEVICE COUNTS#
###############

Desktop: 17
Laptop: 14
Tablet: 0
Smart phone: 0
Other device: 0

##################
#AGE GROUP COUNTS#
##################

18 - 24: 0
25 - 31: 5
32 - 38: 15
39 - 45: 6
46 - 52: 3
53 - 59: 2
60 and above: 0

################
#NETWORK COUNTS#
################

WiFi: 17
Cable network: 10
Cellular network: 3
Other: 1

###########
#REASONING#
###########

A2H8GNSEVUJXYL: you don't lose anything but time when the action stops but with bad resolution you lose content
A1UM7U8DA3RMA9: Watching videos with low resolution and pause issue will be annoying and disturbing.  Will be missing some great expressions when we are watching these type of animation videos. Experiment guidelines are clear.
AJZBAP861F6X1: No confusion. Clear in job. Bad quality sometimes makes irritation in watching videos.
A1L8RL58MYU4NC: The Quality damages blur and slag annoyed me a lot no one will like this kind of annoying clips. The Guidelines for this experiment is very clear. Attention check and grading doesn't confused me
A3N5RTXKN4I723: video pause for more than 1 second
A2BO8M77CS3SGZ: Poor quality frames in animatation movies doesn't matter to me. The guidelines for the study are easy. The study is interesting.
A31Z5TPD8QKE26: When it was a natural brief lull in the action and it had stalling damage, it didn't seem as bad as when it stalled during an action sequence.
A26UIS59SY4NM6: Earlier the pause the worse it was on this video.
A1IU5OP7BBZHZ7: at times irritates because of blurring. The grading attention checks are effective but when blurring takes place for seconds it is hard to find out
A38NFX88VZDMJ3: If the pause was not in the middle of the scene it was better
A122E99M2DQY1G: VIDEO PAUSES
A70L26UXLTGLC: It's just intuitive on feelings between good and fair here. When there is a pause in more animation movement it's more annoying.
A30YUELTPFSF0T: Quality of the video was paused, However it does not affecting the overall quality. A pause on the video also make us like the expression of the animation.
A3169N2SCN3ENK: The quality makes me lose focus on what I am watching and it takes away from my concentration.  The experiment guideline is clear.  I am not confused about the grading.
A6DX45U3O1CR: video pause for more than one second
A3B67I3A0YR2D: video pause for more than 1 second
AH22ILXQFI4R2: video pause for more than 1 second
A272A0JGRTBFCR: Thanks for your ​OUTSTANDING HITS and i would thank you for giving me the chance to participate and you are helping make me better.
A3OLRWACCCCUTU: How long the delay was and what was happening when it occurred made a difference in how I graded the videos.  
A3UM3RQRAL4DP5: video pausing for more than one second
A1NH9LK567B862: The quality affects when it starts stuck. The guideline is so clear and there is no confusion while grading the video
A1IHI23KH87K5W: I actually found the extra pauses added to the dramatic impact / comedy, but I'm sure that was entirely coincidental, just related to that particular video.
A2YHSU2IJZ9J14: Grading guidelines need more examples, unclear as to whether all blurred scenes should be graded as very annoying or based on the extent of or scene where blurring happens.
A2QD9PJUKW7PKK: video resolution was great in every test video,  just 2 sec video paused was there in every video
A3P2WQO8VESWF2: In the video clips which were shown, the main issue is video pause and there is no quality damage due to decrease in resolution. But at crucial points, for example when Bunny falls into the spears, when video pause occurs, it is the most annoying viewing experience. At other points it is quite tolerable. I also personally feel that quality damage due to video pause is little bit more tolerable than decrease in resolution. It also depends on the time extent ot the pause. The experiment guide lines and grading was clear.
ARTQWWNFA7IOD: Observed the Quality Damages due to extra video pause more than 1 second.
A1S34BUFNQ33SQ: I have noticed pauses in all the videos. But those paused not effecting the actions of videos.
A11SX02CICZN85: It just affect my eagerness to watch the clip. The guidelines for this HIT is very clear as always. I haven't confused in grading
A320QA9HJFUOZO: The damage is more annoying when it happens at an important part of the video or the action, and interferes with your ability to see what happened. Please make the HIT timers longer.
ASWZO1WY1UHEP: Attention check was clear and also instruction was clear. I can clearly find the damage or quality of the video. Video quality very little damage. All videos, paused more than 1 second. Overall I like this cartoon video.
AVPD36WUJKJFS: Video getting pause for a second or resolution getting low will be irritating thing, And use to happen due to low speed internet, I use to get angry with the internet service provider and thinking of migrate to other networks or other high speed plan. The experiment guideline is clear and not confused.
