LOG OF bunny_1_2_200k_90 SURVEY RESULTS

########
#GRADES#
########

RAW GRADES:
[5 5 5 5 5 5 5 5 5 5 5 5 5 5 5 5 5 5 5 5 5 5 5 5 5 5 5 5 5 5 5 5 5]
[1 1 1 1 1 1 1 1 1 1 1 1 1 1 1 1 1 1 1 1 1 1 1 1 1 1 1 1 1 1 1 1 1]
[2 2 2 1 1 1 1 1 1 1 1 1 1 1 1 1 2 1 1 1 1 2 1 1 3 1 3 1 1 1 1 1 2]
[2 3 3 1 1 1 2 2 1 1 1 1 1 1 1 1 3 3 1 1 1 3 1 2 3 1 3 1 1 1 1 1 2]
[1 2 1 1 1 1 1 1 1 1 1 1 1 1 1 1 2 1 1 1 1 2 1 1 2 1 2 1 2 1 1 1 2]
[1 2 1 1 1 1 1 1 1 1 1 1 1 1 1 1 3 1 1 1 1 2 1 1 1 1 2 1 2 1 1 1 2]
[1 2 2 1 1 1 1 2 1 1 1 1 1 1 1 1 3 1 1 1 1 2 1 1 1 1 1 1 2 1 1 1 2]
MEAN:
[5.    1.    1.303 1.576 1.212 1.212 1.242]
STANDARD ERROR:
[0.    0.    0.1   0.142 0.071 0.083 0.086]

STANDARDIZED GRADES:
[2.319 2.183 2.108 2.449 2.449 2.449 2.372 2.319 2.449 2.449 2.449 2.449
 2.449 2.449 2.449 2.449 1.969 2.157 2.449 2.449 2.449 2.183 2.449 2.372
 1.96  2.449 1.988 2.449 2.291 2.449 2.449 2.449 2.339]
[-0.632 -1.213 -0.843 -0.408 -0.408 -0.408 -0.516 -0.632 -0.408 -0.408
 -0.408 -0.408 -0.408 -0.408 -0.408 -0.408 -1.477 -0.588 -0.408 -0.408
 -0.408 -1.213 -0.408 -0.516 -0.928 -0.408 -1.104 -0.408 -0.764 -0.408
 -0.408 -0.408 -1.108]
[ 0.105 -0.364 -0.105 -0.408 -0.408 -0.408 -0.516 -0.632 -0.408 -0.408
 -0.408 -0.408 -0.408 -0.408 -0.408 -0.408 -0.615 -0.588 -0.408 -0.408
 -0.408 -0.364 -0.408 -0.516  0.516 -0.408  0.442 -0.408 -0.764 -0.408
 -0.408 -0.408 -0.246]
[ 0.105  0.485  0.632 -0.408 -0.408 -0.408  0.206  0.105 -0.408 -0.408
 -0.408 -0.408 -0.408 -0.408 -0.408 -0.408  0.246  0.784 -0.408 -0.408
 -0.408  0.485 -0.408  0.206  0.516 -0.408  0.442 -0.408 -0.764 -0.408
 -0.408 -0.408 -0.246]
[-0.632 -0.364 -0.843 -0.408 -0.408 -0.408 -0.516 -0.632 -0.408 -0.408
 -0.408 -0.408 -0.408 -0.408 -0.408 -0.408 -0.615 -0.588 -0.408 -0.408
 -0.408 -0.364 -0.408 -0.516 -0.206 -0.408 -0.331 -0.408  0.    -0.408
 -0.408 -0.408 -0.246]
[-0.632 -0.364 -0.843 -0.408 -0.408 -0.408 -0.516 -0.632 -0.408 -0.408
 -0.408 -0.408 -0.408 -0.408 -0.408 -0.408  0.246 -0.588 -0.408 -0.408
 -0.408 -0.364 -0.408 -0.516 -0.928 -0.408 -0.331 -0.408  0.    -0.408
 -0.408 -0.408 -0.246]
[-0.632 -0.364 -0.105 -0.408 -0.408 -0.408 -0.516  0.105 -0.408 -0.408
 -0.408 -0.408 -0.408 -0.408 -0.408 -0.408  0.246 -0.588 -0.408 -0.408
 -0.408 -0.364 -0.408 -0.516 -0.928 -0.408 -1.104 -0.408  0.    -0.408
 -0.408 -0.408 -0.246]
MEAN:
[ 2.35  -0.597 -0.358 -0.15  -0.425 -0.421 -0.399]
STANDARD ERROR:
[0.027 0.052 0.044 0.07  0.024 0.034 0.041]

#############
#VIDEO ORDER#
#############

RAW ORDERS:
[1 2 3 4 7 6 5]
[1 2 4 7 6 5 3]
[1 2 4 3 6 5 7]
[1 2 5 3 4 7 6]
[1 2 3 7 4 5 6]
[1 2 4 5 7 3 6]
[1 2 4 6 5 3 7]
[1 2 6 7 4 3 5]
[1 2 6 5 4 3 7]
[1 2 5 3 7 6 4]
[1 2 6 3 5 4 7]
[1 2 7 6 4 3 5]
[1 2 6 4 5 3 7]
[1 2 6 3 4 5 7]
[1 2 5 3 6 4 7]
[1 2 5 3 7 6 4]
[1 2 3 4 5 6 7]
[1 2 4 3 7 5 6]
[1 2 5 6 4 7 3]
[1 2 7 3 6 5 4]
[1 2 6 4 3 5 7]
[1 2 7 5 3 6 4]
[1 2 5 3 6 7 4]
[1 2 5 7 4 3 6]
[1 2 7 4 5 3 6]
[1 2 6 7 5 3 4]
[1 2 3 6 4 7 5]
[1 2 3 4 5 7 6]
[1 2 4 6 7 3 5]
[1 2 3 4 5 7 6]
[1 2 5 6 7 4 3]
[1 2 4 6 5 7 3]
[1 2 6 3 4 5 7]

#################
#VIDEO VIEW TIME#
#################

RAW TIMES:
[29723 43051 61728 65117 61459 50377 57311 35769 40633 94413 47324 58817
 62466 63981 85197 45749 49061 66653 42238 72258 33623 44584 38854 33161
 40306 38017 53831 78804 68820 74816 63772 49698 61199]
[ 25346  34384  38210  51479  35178  33467  36494  28600  28376 100882
  28419  32797  38134  30058  27823  28311  27602  13539  24930  66108
  30983  28127  34259  25982  26795  25724  35671  35007  64442  32021
  36856  32543  49266]
[23915 31662 65594 40971 38881 53001 44029 25666 28397 51100 27624 38940
 83654 30507 30276 29170 34179 21370 28875 27163 38431 27039 32383 26803
 28490 31894 32962 31314 45374 40003 33811 36320 41281]
[ 24380  36738  45614  42422  33754  50189  81259  47858  32420  38899
  27864 159471  37881  29471  32858  30240  51014  45334  42333  26554
  35278  34139  60119  26227  27828  25840  39825  83605  46830  31236
  32312  49548  43699]
[ 26632  30678  37724  45663  32474  38306 132979  26043  27454  47388
  27969  51861  96683  29748  27493  28718  27959  23627  25626  26579
  68725  26596  29043  26493  45765  27219  36718  29981  34699  34794
  33688  49295  51116]
[ 24560  29111  37951  43990  30304  36752  75957  29418  30111 118216
  28748  50502  73101  28795  29357  31134  51500  27299  30450  26280
  32787  26957  26977  26864  25781  25871  33883  29285  34104  31371
  38982  31579  46889]
[ 24961  36442  94740  45258  34427  30971  44458  27176  30145  63827
  30877  37395  28725  32799  27859  29464  27201  33807  79445  78418
  34684  28264  28420  29808  25975  27021  34110  34651 123765  42168
  32433  37440  40696]
MEAN:
[54933.636 35994.333 36396.333 44031.485 39567.758 37723.212 41146.364]

#################
#GRADE VIEW TIME#
#################

RAW TIMES:
[ 5007  7596 17888  8742 19012 12671  5329  3405  6358 13840  7759  7712
  4632  9145  8737  7699 19280  7301  4985 25479  6465  7166  4025  4768
  6197  7418 10874 12219  7811  7912  9439  8795  8143]
[ 4972  8115 20587  6963  6772 10236 10803  3046  8246  6220  6839  7775
  5027  6547  6325  5789  6083  7857  8469 16447  6045  4114  3977  4514
  6422  5266 11099 34508 18451  9188 10702  5444  7502]
[ 5224  5690 13369  7832 12309  8499  5595  2405  7037  4802 11354 10868
  4159  6946  6108  6820  9972  7735  4864 12145  5095  6204  3822  4853
  3213  8217 13541 16076 11550  8796  8316  7099  7555]
[ 5180 18240 21382 10682  6073  9144 27402  9687  5048  7669  5592  6353
  6612  5780  8858  6430  6174  9959  4644  4148  8119  5492 10182  4674
  7178  5617 12229 11444 18094  5920  7848  7028  6547]
[ 5504  5180 10996 13768  6520  8307  6512  4454  6350  8068  6837  6374
  3841  5716  7993  9473  6549  8093 11920  9898  6663  4421  5286  7339
  3835  4554 10050  7142 13136  7447 12684  5652  6943]
[ 3990  5690 24559  7772  7713 11310  5251 56847  7880  7046  8750  6786
  7712 64882  6958  5131  7496  7289  4481 12260  7955  8127  4911  4367
  2962  7157 10103  6672  8385  9288  7807  5015 11602]
[ 3461  6729  8808  6915  5753  7654  7514  4014 12395  5349  8837 14237
  3687  6265  6118  6600  5173 10092  3948 14287  5396  6281 10923  5707
  6953  6611 10974  7512  9120  8769 29539  6714  6685]
MEAN:
[ 9206.333  8798.485  7820.303  8952.394  7500.152 11034.97   8152.121]

###############
#DEVICE COUNTS#
###############

Desktop: 18
Laptop: 14
Tablet: 0
Smart phone: 1
Other device: 0

##################
#AGE GROUP COUNTS#
##################

18 - 24: 0
25 - 31: 5
32 - 38: 16
39 - 45: 7
46 - 52: 3
53 - 59: 2
60 and above: 0

################
#NETWORK COUNTS#
################

WiFi: 18
Cable network: 12
Cellular network: 2
Other: 1

###########
#REASONING#
###########

A2H8GNSEVUJXYL: i would be annoyed if i paid for a movie of this quality
A1UM7U8DA3RMA9: Watching videos with low resolution and pause issue will be annoying and disturbing.  Will be missing some great expressions when we are watching these type of animation videos. Experiment guidelines are clear.
AM0JKZVOEOTMA: It is disturbing me slightly while video quality decreasing and getting stuck. I have no confusion and clear about attention check.
AJZBAP861F6X1: very annoying quality damage in test series.
A1L8RL58MYU4NC: The Quality damages blur and slag annoyed me a lot no one will like this kind of annoying clips. The Guidelines for this experiment is very clear. Attention check and grading doesn't confused me
A3N5RTXKN4I723: resolution decrease and video pause for more than 1 second
A2BO8M77CS3SGZ: Poor quality frames in animatation movies doesn't matter to me. The guidelines for the study are easy. The study is interesting.
A31Z5TPD8QKE26: when there was already a pause in the action and the video had damage during that part, I didn't think it was as annoying as the other times.
A1IU5OP7BBZHZ7: It annoys me when it get struck
A122E99M2DQY1G: resolution decrease and video pause
AHV4U78TUUDKI: I think that when it starts off bad and gets better then its less annoying. when its starts crisp and clean then degrades its very annoying to experience the disruption. everything was concise and clear as to instructions and I think I graded everything correctly according to those directions. 
A30YUELTPFSF0T: Quality damage at the arrow release, Thread cutting and expressions of squirrel by resolution and pause.
A3169N2SCN3ENK: The quality makes me lose focus on what I am watching and it takes away from my concentration.  The experiment guideline is clear.  I am not confused about the grading.
A6DX45U3O1CR: found both resolution decrease and video pause for more than one second
A3B67I3A0YR2D: found both bad resolution and video pause
AH22ILXQFI4R2: resolution decrease and video pause for more than 1 second.
ADD5IHZ1P6TLH: It is generally very annoying for this type of videos (cartoons) regardless of where the low quality or the pause happens. It's just a question of how low the quality is.
A272A0JGRTBFCR: http://ec2-54-212-225-203.us-west-2.compute.amazonaws.com:3003/
A3OLRWACCCCUTU: If it paused and was bad resolution at the same time it impacted my rating the most.
A3LMI7ZDFO8JHR: there where alot of frame drops and i wasnt confusing about the attention check
A1NH9LK567B862: The video quality damaged at each and every video. It just blurred and paused for a second. The experiment guide is so clear which helps in grading the videos without any confusions.
A1IHI23KH87K5W: A pause followed quickly by a blur is (super) annoying and best avoided if at all possible:)
A2YHSU2IJZ9J14: More video examples will be helpful.
A2QD9PJUKW7PKK: ranking i had given based on the video quality and there was 2 sec paused in every video. experiment guideline is clear
A2MCG5W6LHSRG9: most of the video was important so the only acceptable time was near the start at the video for a quality issue.
A3O7X46E3REM7I: It makes the viewing experience annoying. Everything was clear.
A3P2WQO8VESWF2: In these set of videos there were quality damages of video pause and decrease in resolution. At important and exciting points of the movie clip; for example when the swing is going to hit and also when the arrow is released, the pause and decrease in resolution causes a lot of annoyance. The experiment guidelines and grading instructions were clear.
ARTQWWNFA7IOD: In test videos observed extra resolution decrease and extra video pause of more than 1 second compared with excellent grade reference.
A1S34BUFNQ33SQ: I found all the videos blued and paused , which is not good for the video's 
A11SX02CICZN85: It just affect my eagerness to watch the clip. The guidelines for this HIT is very clear as always. I haven't confused in grading
A3QS7M912JGKFD: video pause and resolution got decreased
ASWZO1WY1UHEP: Attention check was clear and also instruction was clear. I can clearly find the damage or quality of the video. Video quality was very bad. All videos, resolution was decreased and paused more than 1 second. Overall I like this cartoon video.
AVPD36WUJKJFS: Video getting pause for a second or resolution getting low will be irritating thing, And use to happen due to low speed internet, I use to get angry with the internet service provider and thinking of migrate to other networks or other high speed plan. The experiment guideline is clear and not confused.
