LOG OF bunny_1_2_1000k_720 SURVEY RESULTS

########
#GRADES#
########

RAW GRADES:
[5 5 5 5 5 5 5 5 5 5 5 5 5 5 5 5 5 5 5 5 5 5 5 5 5 5 5 5 5 5 5]
[1 1 1 1 1 1 1 1 1 1 1 1 1 1 1 1 1 1 1 1 1 1 1 1 1 1 1 1 1 1 1]
[3 3 2 2 1 2 1 1 2 1 3 3 3 3 1 1 1 1 2 4 4 3 4 3 3 4 4 4 3 3 3]
[3 3 2 2 1 2 1 1 2 1 4 4 5 3 1 1 1 1 3 4 3 4 4 4 3 4 4 4 3 3 3]
[4 4 2 2 1 2 1 2 2 1 3 3 4 3 1 1 1 1 2 4 3 2 4 3 2 4 4 4 3 3 3]
[2 3 2 2 1 2 1 2 2 1 3 4 3 3 1 1 1 1 3 4 3 2 4 2 2 4 3 4 3 3 3]
[3 3 2 2 1 2 1 3 2 1 3 3 3 3 1 1 1 1 2 4 4 3 4 3 2 4 3 4 3 4 2]
MEAN:
[5.    1.    2.516 2.71  2.548 2.419 2.516]
STANDARD ERROR:
[0.    0.    0.193 0.22  0.198 0.181 0.187]

STANDARDIZED GRADES:
[1.673 1.651 2.339 2.339 2.449 2.339 2.449 2.108 2.339 2.449 1.651 1.477
 1.215 1.871 2.449 2.449 2.449 2.449 2.062 1.108 1.477 1.721 1.108 1.673
 2.062 1.108 1.334 1.108 1.871 1.651 1.905]
[-1.673 -1.905 -1.108 -1.108 -0.408 -1.108 -0.408 -0.843 -1.108 -0.408
 -1.905 -1.969 -1.877 -1.871 -0.408 -0.408 -0.408 -0.408 -1.334 -2.339
 -1.969 -1.491 -2.339 -1.673 -1.334 -2.339 -2.062 -2.339 -1.871 -1.905
 -1.651]
[ 0.    -0.127 -0.246 -0.246 -0.408 -0.246 -0.408 -0.843 -0.246 -0.408
 -0.127 -0.246 -0.331  0.    -0.408 -0.408 -0.408 -0.408 -0.485  0.246
  0.615  0.115  0.246  0.     0.364  0.246  0.485  0.246  0.    -0.127
  0.127]
[ 0.    -0.127 -0.246 -0.246 -0.408 -0.246 -0.408 -0.843 -0.246 -0.408
  0.762  0.615  1.215  0.    -0.408 -0.408 -0.408 -0.408  0.364  0.246
 -0.246  0.918  0.246  0.837  0.364  0.246  0.485  0.246  0.    -0.127
  0.127]
[ 0.837  0.762 -0.246 -0.246 -0.408 -0.246 -0.408 -0.105 -0.246 -0.408
 -0.127 -0.246  0.442  0.    -0.408 -0.408 -0.408 -0.408 -0.485  0.246
 -0.246 -0.688  0.246  0.    -0.485  0.246  0.485  0.246  0.    -0.127
  0.127]
[-0.837 -0.127 -0.246 -0.246 -0.408 -0.246 -0.408 -0.105 -0.246 -0.408
 -0.127  0.615 -0.331  0.    -0.408 -0.408 -0.408 -0.408  0.364  0.246
 -0.246 -0.688  0.246 -0.837 -0.485  0.246 -0.364  0.246  0.    -0.127
  0.127]
[ 0.    -0.127 -0.246 -0.246 -0.408 -0.246 -0.408  0.632 -0.246 -0.408
 -0.127 -0.246 -0.331  0.    -0.408 -0.408 -0.408 -0.408 -0.485  0.246
  0.615  0.115  0.246  0.    -0.485  0.246 -0.364  0.246  0.     0.762
 -0.762]
MEAN:
[ 1.882 -1.419 -0.111  0.048 -0.088 -0.194 -0.118]
STANDARD ERROR:
[0.085 0.12  0.058 0.085 0.066 0.06  0.064]

#############
#VIDEO ORDER#
#############

RAW ORDERS:
[1 2 5 7 4 6 3]
[1 2 5 7 3 4 6]
[1 2 7 3 5 4 6]
[1 2 5 4 7 3 6]
[1 2 3 4 6 7 5]
[1 2 5 6 3 7 4]
[1 2 6 7 5 3 4]
[1 2 5 4 3 7 6]
[1 2 4 7 3 5 6]
[1 2 4 5 7 6 3]
[1 2 5 3 6 4 7]
[1 2 6 5 7 4 3]
[1 2 6 7 5 4 3]
[1 2 6 3 7 4 5]
[1 2 5 7 3 6 4]
[1 2 7 6 4 5 3]
[1 2 7 3 4 6 5]
[1 2 7 4 6 3 5]
[1 2 3 7 4 6 5]
[1 2 7 3 5 6 4]
[1 2 4 5 7 6 3]
[1 2 3 7 4 5 6]
[1 2 4 5 3 7 6]
[1 2 4 7 6 3 5]
[1 2 6 3 4 5 7]
[1 2 5 7 4 6 3]
[1 2 5 6 4 7 3]
[1 2 6 3 5 7 4]
[1 2 4 5 7 6 3]
[1 2 6 3 7 5 4]
[1 2 6 7 3 5 4]

#################
#VIDEO VIEW TIME#
#################

RAW TIMES:
[ 29574  53107  60628  44817  71717 326027  35236 152860  43979  52224
  41802  45347  61755  63962  41601  45704  69096  49047  42629  45669
  86465 144609  71370  39487  59203  97422  59281  39852  76487  49584
  41198]
[ 25972  67194  39835  35138  37831 164196  53822  25539  30758  41173
  58702  30255  30527  53947  36599  27782  29561  30622  30951  18873
  33106  83239  89972  28973  31930  32565  36941  29454  38790  29857
  31058]
[ 25028  45312 156342  29277  33932 138288  37773  26002  30992  42879
  33827  29145  36239  38456  33398  35806  31852  29928  29307  27770
  25424  70449  35424  27059  39140  25947  35041  30655  27995  29354
  30279]
[ 23606 178247  37271  33810  34239  77300  28928  28954  52518 197141
  93068  29814  34786  36020  38786  28113  31268  30448  60427  25005
  26409  80963  62540  26698  42151  59627  34454  30624  31807  32883
  36565]
[ 24720  35439  39381  29686  30165 179910  58056  26599  29232 191649
  33115  28143  32327  32840  28603  35140  35166  29150  80826  18075
  25896  81627  34790  26943  27915  27158  36169  32142  34635  32052
  30980]
[ 24337  38800  37597  31021  36509 143394  29781  25574  33892  67071
  23989  30452  31278  33749  47023  41548  32757  29019  53475  35192
  26450  88051  36059  26573  37978  26103  38081  38323  32335  67162
  59087]
[ 24652 110401  35526  30871  31452  68068  56780  27511  53057  29007
  22521  31232  49887  30936  31571  65701  63488  50560  29239  45122
  25132 125564  37268  26605  49964  25955  32543  36445  31990  29307
  34414]
MEAN:
[69088.355 43069.742 40913.548 50466.774 44791.258 42021.29  43315.129]

#################
#GRADE VIEW TIME#
#################

RAW TIMES:
[ 5080  7145 12742 14114 10545 58191  4897  3066  5799  6896  9070  5386
 18163  7464  4602  5771  6363  6211  8824  6441  4929 13820 12153  4932
  4494  6777 11738  7230  5867 10765  5512]
[ 8594 32310 14320  7020  6628  5950  5881  3039  6361  7678  4084  7481
 10595  8149  3804  7220  6669  8809  7354  7207  6217  9380 13670  6041
  4030  9290 19453  6291  8379  5563  7561]
[ 6110  8506 15566  6085 10305 10904 14799  4208  6340  8065  3918  5521
 13536 16344  4733 18601  9983  7411 99390  7875  8023 15127  5375  4908
 11367  4515 14026  9656  5278  7201 34248]
[ 4927  6346  9322  7873 11004  6187  9059  7107  8318 23787  4591  9021
  6567 21828  4458 10940  7226  5921 12878 18447 17243 12993  9032  9077
 13382  4204 11424  7245 10086  5708  4945]
[  9590 119496   7954  14562   7414   6939   8397   8898   6320   6577
   9626   7164   8543   7621   6397   4572   6002   6688  26254   8634
   9333  11330   5310   4796   3887   7241  21196  11344   9255   5492
   6409]
[ 8850  7506 13078  7282 10730  8330 10443  3222  7294 42705  9063 11885
 19516 17082  5656  7214  6107  8640 12251  8731 12526 22613  5715  6911
  5796  5869 11666 16292  5838  9396  8678]
[ 4622  7636  8886  6638  6999  5661 25614  4179  6195 19113  5206  6993
 20747 13537  6245  6839 11264  8792 16440 13165  9690 13579  5610  4745
  3953 12600 10262  6652  6473  8720 14064]
MEAN:
[ 9515.71   8549.29  12836.258  9714.387 12362.613 10867.258  9713.516]

###############
#DEVICE COUNTS#
###############

Desktop: 17
Laptop: 14
Tablet: 0
Smart phone: 0
Other device: 0

##################
#AGE GROUP COUNTS#
##################

18 - 24: 1
25 - 31: 5
32 - 38: 14
39 - 45: 7
46 - 52: 2
53 - 59: 2
60 and above: 0

################
#NETWORK COUNTS#
################

WiFi: 15
Cable network: 13
Cellular network: 2
Other: 1

###########
#REASONING#
###########

A2H8GNSEVUJXYL: pause would be more annoying with audio
A1UM7U8DA3RMA9: Watching videos with low resolution and pause issue will be annoying and disturbing.  Will be missing some great expressions when we are watching these type of animation videos. Experiment guidelines are clear.
AJZBAP861F6X1: Very interesting Survey. Video got paused is affects the video watching experience.
A1L8RL58MYU4NC: The Quality damages blur and slag annoyed me a lot no one will like this kind of annoying clips. The Guidelines for this experiment is very clear. Attention check and grading doesn't confused me
A3N5RTXKN4I723: video pause for more than 1 second
A2BO8M77CS3SGZ: Poor quality frames in animation movies doesn't matter to me. The guidelines for the study are easy. The study is interesting.
ASPRULQHB8B1F: The videos were lacking fluidity, and they were supposed to be fast paced
A31Z5TPD8QKE26: Stalling during suspenseful moments was worse than at other times.
A1IU5OP7BBZHZ7: It annoys me when it get struck
A122E99M2DQY1G: ALL VIDEOS PAUSE
A3PGUPNMOU5BPW: 6/7 I actually missed the pause after watching 3 times. The other ones weren't super annoying. Between good and fair. 
A70L26UXLTGLC: It's just intuitive on feelings between good and fair here. When there is a pause in more animation movement it's more annoying.
A27PVIL93ZMY46: I think the length of the pause or the amount of degradation can change the perception of quality. Also if the pause happens at moment when something interesting is about to happen it can also make you feel more negative.
A30YUELTPFSF0T: There was a pause on the video which was fairly acceptable. On different intervals it was paused, it creates the curiosity of when it was going to pause or resolution decrease.
A3169N2SCN3ENK: The quality makes me lose focus on what I am watching and it takes away from my concentration.  The experiment guideline is clear.  I am not confused about the grading.
A6DX45U3O1CR: video pause for more than one second
A3B67I3A0YR2D: video pause for more than 1 second
AH22ILXQFI4R2: video pause for more than 1 second
A1MIR0TP081SKT: The pausing on intresting part of the video makes the overall experience annoying.
A272A0JGRTBFCR:  http://ec2-54-202-116-26.us-west-2.compute.amazonaws.com:3003/
A3OLRWACCCCUTU: When the pause was, the beginning or in the middle of action, made a difference to me.
A3QZMGTVA4VO44: Change in quality (damage) at the time of end of video sometimes make frustration while watching video. The guidelines are very clear and easily understandable. I can carefully see the attention checks and do the task correctly. 
A1NH9LK567B862: The quality affects when it starts stuck. The guideline is so clear and there is no confusion while grading the video
A1IHI23KH87K5W: I weirdly find pauses much more annoying in animations than in live sporting events, not sure why as yet...
A2YHSU2IJZ9J14: More video examples will be helpful.
A2QD9PJUKW7PKK: video resolution was great just 2 sec video paused was there in every video. experiment guideline is clear
A3P2WQO8VESWF2: In these videos the quality damage encountered is video pause. These video pauses are mostly ignorable at certain points of time where they are ignorable. But in occassions when the swing comes close to Bunny and his friends, the video pause is slightly annoyable. The rating was done accordingly. The experiment guidelines were clear and so is the attention check questions. Nice experiment.
A1S34BUFNQ33SQ: I found all the video's quality is very good except some pauses, Which is also not effecting the video's and overall videos looking good to see even it was pauses 
A3QS7M912JGKFD: video paused, guideline is very clear
ASWZO1WY1UHEP: Attention check was clear and also instruction was clear. I can clearly find the damage or quality of the video. Video quality was slightly poor. All videos, paused more than 1 second. Overall I like this cartoon video.
AVPD36WUJKJFS: Video getting pause for a second or resolution getting low will be irritating thing, And use to happen due to low speed internet, I use to get angry with the internet service provider and thinking of migrate to other networks or other high speed plan. The experiment guideline is clear and not confused.
