LOG OF bunny_2_0_200k_90 SURVEY RESULTS

########
#GRADES#
########

RAW GRADES:
[5 5 5 5 5 5 5 5 5 5 5 5 5 5 5 5 5 5 5 5 5 5 5 5 5 5 5 5 5 5 5 5 5 5]
[1 1 1 1 1 1 1 1 1 1 1 1 1 1 1 1 1 1 1 1 1 1 1 1 1 1 1 1 1 1 1 1 1 1]
[2 3 1 2 3 2 1 3 1 3 1 4 2 1 1 1 1 3 3 1 4 3 3 2 1 3 3 2 2 2 2 3 1 3]
[2 3 1 2 3 2 5 1 2 1 1 3 2 1 1 1 1 3 3 1 4 2 3 2 1 3 2 2 2 2 2 3 1 3]
[2 3 2 2 3 2 1 2 2 1 1 3 2 1 1 1 1 3 3 1 4 3 2 2 1 2 3 3 2 2 2 3 2 3]
[2 3 2 2 3 2 1 2 2 1 1 3 2 1 1 1 1 3 4 1 4 2 2 2 1 2 2 2 2 2 2 3 1 3]
[1 3 1 1 3 2 1 1 2 1 1 3 2 1 1 1 1 3 3 1 4 2 3 2 1 1 3 2 2 2 2 3 1 3]
MEAN:
[5.    1.    2.147 2.088 2.088 2.    1.882]
STANDARD ERROR:
[0.    0.    0.162 0.168 0.14  0.144 0.154]

STANDARDIZED GRADES:
[2.294 1.871 2.319 2.294 1.871 2.339 1.581 2.108 2.294 2.157 2.449 1.651
 2.339 2.449 2.449 2.449 2.449 1.871 1.651 2.449 1.108 2.062 1.969 2.339
 2.449 1.988 1.969 2.183 2.339 2.339 2.339 1.871 2.372 1.871]
[-0.918 -1.871 -0.632 -0.918 -1.871 -1.108 -0.632 -0.843 -0.918 -0.588
 -0.408 -1.905 -1.108 -0.408 -0.408 -0.408 -0.408 -1.871 -1.905 -0.408
 -2.339 -1.334 -1.477 -1.108 -0.408 -1.104 -1.477 -1.213 -1.108 -1.108
 -1.108 -1.871 -0.516 -1.871]
[-0.115  0.    -0.632 -0.115  0.    -0.246 -0.632  0.632 -0.918  0.784
 -0.408  0.762 -0.246 -0.408 -0.408 -0.408 -0.408  0.    -0.127 -0.408
  0.246  0.364  0.246 -0.246 -0.408  0.442  0.246 -0.364 -0.246 -0.246
 -0.246  0.    -0.516  0.   ]
[-0.115  0.    -0.632 -0.115  0.    -0.246  1.581 -0.843 -0.115 -0.588
 -0.408 -0.127 -0.246 -0.408 -0.408 -0.408 -0.408  0.    -0.127 -0.408
  0.246 -0.485  0.246 -0.246 -0.408  0.442 -0.615 -0.364 -0.246 -0.246
 -0.246  0.    -0.516  0.   ]
[-0.115  0.     0.105 -0.115  0.    -0.246 -0.632 -0.105 -0.115 -0.588
 -0.408 -0.127 -0.246 -0.408 -0.408 -0.408 -0.408  0.    -0.127 -0.408
  0.246  0.364 -0.615 -0.246 -0.408 -0.331  0.246  0.485 -0.246 -0.246
 -0.246  0.     0.206  0.   ]
[-0.115  0.     0.105 -0.115  0.    -0.246 -0.632 -0.105 -0.115 -0.588
 -0.408 -0.127 -0.246 -0.408 -0.408 -0.408 -0.408  0.     0.762 -0.408
  0.246 -0.485 -0.615 -0.246 -0.408 -0.331 -0.615 -0.364 -0.246 -0.246
 -0.246  0.    -0.516  0.   ]
[-0.918  0.    -0.632 -0.918  0.    -0.246 -0.632 -0.843 -0.115 -0.588
 -0.408 -0.127 -0.246 -0.408 -0.408 -0.408 -0.408  0.    -0.127 -0.408
  0.246 -0.485  0.246 -0.246 -0.408 -1.104  0.246 -0.364 -0.246 -0.246
 -0.246  0.    -0.516  0.   ]
MEAN:
[ 2.133 -1.105 -0.119 -0.19  -0.163 -0.234 -0.323]
STANDARD ERROR:
[0.054 0.096 0.067 0.07  0.046 0.048 0.056]

#############
#VIDEO ORDER#
#############

RAW ORDERS:
[1 2 6 4 5 3 7]
[1 2 6 4 3 7 5]
[1 2 7 4 6 3 5]
[1 2 4 6 5 7 3]
[1 2 6 3 7 4 5]
[1 2 7 5 3 4 6]
[1 2 5 4 3 6 7]
[1 2 6 5 7 3 4]
[1 2 7 4 5 3 6]
[1 2 7 3 6 4 5]
[1 2 7 5 3 4 6]
[1 2 4 6 5 3 7]
[1 2 6 5 4 7 3]
[1 2 7 3 4 6 5]
[1 2 3 4 7 6 5]
[1 2 6 3 7 4 5]
[1 2 5 3 7 4 6]
[1 2 5 4 7 6 3]
[1 2 6 3 7 5 4]
[1 2 4 3 5 6 7]
[1 2 7 3 6 5 4]
[1 2 5 7 3 4 6]
[1 2 7 3 4 5 6]
[1 2 4 6 3 7 5]
[1 2 5 3 4 6 7]
[1 2 7 5 6 4 3]
[1 2 3 4 7 6 5]
[1 2 7 3 6 4 5]
[1 2 4 5 6 7 3]
[1 2 6 4 7 5 3]
[1 2 5 4 6 3 7]
[1 2 3 6 4 5 7]
[1 2 5 7 3 6 4]
[1 2 4 5 3 7 6]

#################
#VIDEO VIEW TIME#
#################

RAW TIMES:
[ 32944  42693  74273  65697  85013  76142  41223 228859  45976  85260
  59963  16477  57919  53672  51137  45355  53340  46208  28372  97112
  48770  47092  39850  49628  38020  47371  39902  77936  46145  48325
  43199  50885  99515  50037]
[ 28194  42169  44292  39729  50135 114112  36807  29035  31890  43911
  37969   9317  42595  41444  35291  31715  33311  29841  16657  35859
  54598  48404  31302  41648  34498  35712  28783  46060  13011  42834
  34574  31911  57461  35835]
[25987 38638 42063 36516 32121 48109 32102 26072 32159 42844 55455 25957
 36701 32409 30982 27450 32349 29974 27530 31920 52013 32166 27665 35490
 28562 31354 55994 50895 55568 30486 31972 32622 32025 31326]
[ 26113  56063  46851  74991  44425  55635  36840  26261  30595  44626
  37817  33010  39816 117023  32609  28460  32222  27376  32821  55999
  33562  49153  28908  29391  28949  28018  28488  40279  25595  53818
  35211  29895  38758  32162]
[26950 36096 45257 36897 33985 64941 31172 26553 29079 54724 69417 25064
 31384 50256 31881 29137 31949 26620 32591 33436 58524 58753 44062 36660
 28884 42019 27150 37128 28232 35476 34297 32489 32872 31340]
[27758 34537 47499 37724 40991 72161 33638 27885 31955 43372 34848 25350
 33007 36276 31862 48748 31650 35941 34151 34090 44320 34430 27224 42037
 27610 27975 44808 38920 33641 64244 30312 30815 31519 36459]
[27497 35089 47940 43516 32732 42532 31754 26107 32172 51033 83674 24937
 32863 34446 30855 29190 32698 28404 34988 51352 62688 32559 29790 31398
 29415 27981 28441 41081 33575 34791 31663 30289 32676 32616]
MEAN:
[59244.412 38556.    35749.294 40051.176 37508.088 36992.853 36257.118]

#################
#GRADE VIEW TIME#
#################

RAW TIMES:
[ 4180  8179 24327 10929  5960  7007  5909  3451 20406 10865  7485  3207
  8083  6684  7450  7117  5351  6372  8190  8369  6602  7755  4688  7668
  4591  7201  6172 11201  7860  9410  9670  6085  5743  7505]
[  5046  12473  19424  12976   6510   6537   4453 128376   6338  16120
   6401   2872   6186   8145   6189   7168   5380   4836   7426   9446
   8274   5976   4719   4179   4936   8353   5827  18660   7772   5851
   6962  11399   7674  14479]
[ 4554 10600 19361 18176  7365  6589  4611  3084  9096 10811  5404  3457
 13519  5383  6864  6322  9761  7351  8622  7362  6672 11326  5415  4304
  4924  7941 16855 14629  9933  8204  7068 16128  6615  4961]
[ 5615  6031  8778 10609  7596  5898  8580  2908  7072 11041  8044  9540
  6860  6321  4910  6581  6679  7978  7291  9419  4935  6730  4970  6198
  4746  5615  8316 20328  9649  9875  8312  6010  4867 13657]
[ 4068  6985  9129  7502  6642  6470  7825  3214  6415  4852  7324  4039
  6438  5672  5256  6707  9012 10366  6694  6816  5770 10894  6163  4369
 70926  7732  8374 25720  8512  5140  9409  5574  9432  5715]
[ 5176 15857  9748  7381 10059  6685  5053  7893  5501  9858  6588  4282
  8305  4627  6807 11938  5970  5002 12755  8356  6698  6938  5454  4480
  4774  6606  5627 13446 48350 10451  6550  8041  6647 13370]
[ 4878  5791 15721  7605  8570  8526  4838  5426  8129  8883 11838  3675
  6571  6550  5776  5968  5060  6139  9173  6998  9388 11381  9474  4823
 10746 12284  6436 19374  8106  6125  6588  9312  7912  6612]
MEAN:
[ 7990.353 11687.147  8625.5    7704.676  9269.294  8978.618  8078.706]

###############
#DEVICE COUNTS#
###############

Desktop: 18
Laptop: 16
Tablet: 0
Smart phone: 0
Other device: 0

##################
#AGE GROUP COUNTS#
##################

18 - 24: 1
25 - 31: 6
32 - 38: 18
39 - 45: 6
46 - 52: 2
53 - 59: 1
60 and above: 0

################
#NETWORK COUNTS#
################

WiFi: 17
Cable network: 13
Cellular network: 3
Other: 1

###########
#REASONING#
###########

A2H8GNSEVUJXYL: even with good resolution i can't tell what's coming out of the forest floor until the very end so you have to get the ending right
A1UM7U8DA3RMA9: Watching videos with low resolution and pause issue will be annoying and disturbing.  Will be missing some great expressions when we are watching these type of animation videos. Experiment guidelines are clear.
AM0JKZVOEOTMA: Decreasing video quality is not good to view the videos. It disturbing me slightly. Experiment guidelines are clear
AJZBAP861F6X1: Resolution decrease in all videos. blur
A1L8RL58MYU4NC: The Quality damages blur and slag annoyed me a lot no one will like this kind of annoying clips. The Guidelines for this experiment is very clear. Attention check and grading doesn't confused me
A2BO8M77CS3SGZ: Poor quality frames in animatation movies doesn't matter to me. The guidelines for the study are easy. The study is interesting.
ASPRULQHB8B1F: The resolution was decreasing a lot, so the image wasn't sharp as it should be, especially for an animated 3D movie
A31Z5TPD8QKE26: I thought it was worse when I wanted to see small details and it went blurry during that time.
A1IU5OP7BBZHZ7: blurring makes irritating at times
A38NFX88VZDMJ3: If the low quality video wasn't too long
A122E99M2DQY1G: resolution decrease
A3PGUPNMOU5BPW: I think when the blur starts in the beginning it seems more normal. This is like a video buffering. After the very beginning then they are all pretty much the same annoyance.
A30YUELTPFSF0T: Overall Quality of the video was affected by resolution, Even video was paused for a second, we can see it. But resolution affecting the video was disturbing.
A3169N2SCN3ENK: The quality makes me lose focus on what I am watching and it takes away from my concentration.  The experiment guideline is clear.  I am not confused about the grading.
A6DX45U3O1CR: resolution decrease
A3B67I3A0YR2D: Video resolution decrease
AH22ILXQFI4R2: resolution decrease
A1AZAC9CPBEP6K: The damages to the video didn't really affect me much since the quality stayed the same. The pauses were just annoying. I was a little confused about the attention checks, but it seems simple.
A272A0JGRTBFCR: Thanks for your ​OUTSTANDING HITS and i would thank you for giving me the chance to participate and you are helping make me better.
A3UM3RQRAL4DP5: resolution decrease
A1NH9LK567B862: The quality affects when it starts blurred. The guideline is so clear and there is no confusion while grading the video
A18LFH7XW61JO9: Quality damage at the crucial time affect the viewing experience a lot. Quality damage at the beginning is not crucial. It is annoying after the video starts.
A1IHI23KH87K5W: Long blurs can be quite annoying, depends when they occur.
A2YHSU2IJZ9J14: More grading examples will be helpful.
A2QD9PJUKW7PKK: video resolution was bad in every test video for 2-3 sec  and there is no paused in any video.
A2MCG5W6LHSRG9: as long as the quality damage occurred prior to the squirrel hitting the tree it made for a better experience
A3O7X46E3REM7I: It makes the viewing experience annoying. Everything was clear.
A3P2WQO8VESWF2: in these movie clips, quality damage was due to decrease in resolution and not video pause. But the viewing experience is affected badly, when low resolution occurs at most interesting moments of the movie. In this clip when Bunny falls down to the spears and decrease in resolution occurs, it affects viewing experience very negatively. There was  no confusion regarding grading or experiment guidelines.
ARTQWWNFA7IOD: Noticed extra resolution decreased when compared with excellent grade reference
A1S34BUFNQ33SQ: I have noticed blurs in all the videos. Those blurs effecting the actions of videos, The blocked portion of the content is very important for those videos.
A11SX02CICZN85: It just affect my eagerness to watch the clip. The guidelines for this HIT is very clear as always. I haven't confused in grading
A3QS7M912JGKFD: video resolution was decreased
ASWZO1WY1UHEP: Attention check was clear and also instruction was clear. I can clearly find the damage or quality of the video. Video quality was very bad. All videos, resolution was decreased. Overall I like this cartoon video.
AVPD36WUJKJFS: Video getting pause for a second or resolution getting low will be irritating thing, And use to happen due to low speed internet, I use to get angry with the internet service provider and thinking of migrate to other networks or other high speed plan. The experiment guideline is clear and not confused.
