LOG OF bunny_2_2_200k_90 SURVEY RESULTS

########
#GRADES#
########

RAW GRADES:
[5 5 5 5 5 5 5 5 5 5 5 5 5 5 5 5 5 5 5 5 5 5 5 5 5 5 5 5 5 5 5 5 5 5 5 5 5]
[1 1 1 1 1 1 1 1 1 1 1 1 1 1 1 1 1 1 1 1 1 1 1 1 1 1 1 1 1 1 1 1 1 1 1 1 1]
[2 1 2 1 1 1 1 1 1 1 1 1 1 1 1 1 2 1 1 1 1 1 1 1 2 1 1 3 2 1 1 1 1 1 1 1 2]
[2 2 2 1 2 1 1 1 1 1 1 1 1 1 1 1 2 1 1 1 1 1 1 1 1 1 1 2 2 1 1 2 1 2 1 1 2]
[2 1 3 1 1 1 1 1 1 1 1 1 1 1 1 1 1 1 1 1 1 1 1 1 1 1 1 2 1 1 1 2 1 2 1 1 3]
[2 1 2 1 1 1 1 1 1 1 2 1 1 1 1 1 1 1 1 1 1 1 1 1 1 1 1 1 2 1 1 1 1 1 1 1 2]
[2 1 2 1 1 1 1 1 1 1 1 1 1 1 1 1 1 1 1 1 1 1 1 1 1 1 1 2 1 1 1 1 1 1 1 1 2]
MEAN:
[5.    1.    1.216 1.27  1.216 1.135 1.108]
STANDARD ERROR:
[0.    0.    0.078 0.073 0.087 0.056 0.051]

STANDARDIZED GRADES:
[2.339 2.372 2.183 2.449 2.372 2.449 2.449 2.449 2.449 2.449 2.372 2.449
 2.449 2.449 2.449 2.449 2.319 2.449 2.449 2.449 2.449 2.449 2.449 2.449
 2.372 2.449 2.449 2.124 2.291 2.449 2.449 2.319 2.449 2.319 2.449 2.449
 2.183]
[-1.108 -0.516 -1.213 -0.408 -0.516 -0.408 -0.408 -0.408 -0.408 -0.408
 -0.516 -0.408 -0.408 -0.408 -0.408 -0.408 -0.632 -0.408 -0.408 -0.408
 -0.408 -0.408 -0.408 -0.408 -0.516 -0.408 -0.408 -1.006 -0.764 -0.408
 -0.408 -0.632 -0.408 -0.632 -0.408 -0.408 -1.213]
[-0.246 -0.516 -0.364 -0.408 -0.516 -0.408 -0.408 -0.408 -0.408 -0.408
 -0.516 -0.408 -0.408 -0.408 -0.408 -0.408  0.105 -0.408 -0.408 -0.408
 -0.408 -0.408 -0.408 -0.408  0.206 -0.408 -0.408  0.559  0.    -0.408
 -0.408 -0.632 -0.408 -0.632 -0.408 -0.408 -0.364]
[-0.246  0.206 -0.364 -0.408  0.206 -0.408 -0.408 -0.408 -0.408 -0.408
 -0.516 -0.408 -0.408 -0.408 -0.408 -0.408  0.105 -0.408 -0.408 -0.408
 -0.408 -0.408 -0.408 -0.408 -0.516 -0.408 -0.408 -0.224  0.    -0.408
 -0.408  0.105 -0.408  0.105 -0.408 -0.408 -0.364]
[-0.246 -0.516  0.485 -0.408 -0.516 -0.408 -0.408 -0.408 -0.408 -0.408
 -0.516 -0.408 -0.408 -0.408 -0.408 -0.408 -0.632 -0.408 -0.408 -0.408
 -0.408 -0.408 -0.408 -0.408 -0.516 -0.408 -0.408 -0.224 -0.764 -0.408
 -0.408  0.105 -0.408  0.105 -0.408 -0.408  0.485]
[-0.246 -0.516 -0.364 -0.408 -0.516 -0.408 -0.408 -0.408 -0.408 -0.408
  0.206 -0.408 -0.408 -0.408 -0.408 -0.408 -0.632 -0.408 -0.408 -0.408
 -0.408 -0.408 -0.408 -0.408 -0.516 -0.408 -0.408 -1.006  0.    -0.408
 -0.408 -0.632 -0.408 -0.632 -0.408 -0.408 -0.364]
[-0.246 -0.516 -0.364 -0.408 -0.516 -0.408 -0.408 -0.408 -0.408 -0.408
 -0.516 -0.408 -0.408 -0.408 -0.408 -0.408 -0.632 -0.408 -0.408 -0.408
 -0.408 -0.408 -0.408 -0.408 -0.516 -0.408 -0.408 -0.224 -0.764 -0.408
 -0.408 -0.632 -0.408 -0.632 -0.408 -0.408 -0.364]
MEAN:
[ 2.4   -0.526 -0.355 -0.316 -0.35  -0.417 -0.436]
STANDARD ERROR:
[0.014 0.038 0.036 0.033 0.041 0.029 0.016]

#############
#VIDEO ORDER#
#############

RAW ORDERS:
[1 2 5 4 6 7 3]
[1 2 5 6 3 7 4]
[1 2 3 5 7 6 4]
[1 2 6 4 7 5 3]
[1 2 4 3 5 7 6]
[1 2 4 6 7 3 5]
[1 2 5 3 4 7 6]
[1 2 7 3 4 6 5]
[1 2 5 7 6 4 3]
[1 2 7 4 5 3 6]
[1 2 6 5 3 4 7]
[1 2 3 4 5 6 7]
[1 2 7 4 6 3 5]
[1 2 5 3 7 4 6]
[1 2 6 5 3 4 7]
[1 2 6 3 5 4 7]
[1 2 3 7 5 6 4]
[1 2 5 3 4 6 7]
[1 2 5 4 3 7 6]
[1 2 3 7 5 6 4]
[1 2 6 3 7 4 5]
[1 2 4 5 6 7 3]
[1 2 5 7 6 4 3]
[1 2 4 6 3 5 7]
[1 2 6 5 7 4 3]
[1 2 3 5 4 7 6]
[1 2 4 6 3 5 7]
[1 2 4 7 3 5 6]
[1 2 4 7 3 5 6]
[1 2 4 5 6 3 7]
[1 2 6 3 7 5 4]
[1 2 5 6 3 7 4]
[1 2 3 6 5 7 4]
[1 2 3 4 7 5 6]
[1 2 6 7 4 3 5]
[1 2 7 4 6 5 3]
[1 2 7 6 5 3 4]

#################
#VIDEO VIEW TIME#
#################

RAW TIMES:
[ 47865  32073  45136  78523  81435  33416  58368  40022  52367  54401
  40069  48068  69199  70016  18272  46731 101912 111706  66603  46442
  44880  49559  38941  25518  53012  50865  47986  86642  75136  66652
  39579  85103  28511  51206  39098  81475  44356]
[28055 27774 34516 55299 39722 29327 37358 53468 38958 13981 29259 34974
 35170 39347  5705 62063 43045 38159 53434 35828 30654 34142 29596 23091
 28469 40978 38085 92421 48297 31965 32290 39241 28988 33858 34399 99866
 38454]
[ 36834  31730  37792  39587  41280  32029  54852  30069  34859  15851
  88835  34278 196304  60848  27286  75125  38093  40547  55004  35451
  31171  33759  29584  16018  28048  49108  32689  32314  32138  30815
  31066  47163  37487  42193  35186  32316  54744]
[ 28413  28260  34472  41032  37977  29320  42907  29504  47500  28113
  29846  31973  53063  52755  16359  35640  37562  39055  72817  34439
  31757  33740  31741  20514  29263  36485  42196 323366  32264  31373
  30154  44368  35010  32363  34498  75382  46505]
[ 30325  28675  36236  43807  40040  30421  34427  29305  58850  26654
 169481  35368  73414  45226  19290  43240  35159  53850  84340  34387
  32770  33043  24373  25364  30379  45474  35112  31909  29158  32209
  30582  71657  33991  33205  34048  52142  53880]
[29340 29355 33503 56153 42266 30050 35251 28799 34093 48374 34593 32674
 36930 35803 22437 69372 34938 49091 78571 34511 82200 32847 29991 31936
 28430 45202 34716 30398 35545 30843 47453 43280 33567 39618 33501 40270
 37416]
[47376 29377 35782 34935 38809 33571 38891 28052 39493 30112 30116 34302
 55091 47932 27486 57700 39007 47345 82918 35094 32090 32631 28587 36200
 45415 35836 33442 33243 31765 34313 30069 42764 35291 31584 34967 39712
 49996]
MEAN:
[55436.297 38925.297 43309.541 44918.541 42751.108 39278.838 38413.351]

#################
#GRADE VIEW TIME#
#################

RAW TIMES:
[ 2820  6150  6218 10986 12372  7869  8516  3816  7069  7434  2952  7440
  7226 10622  2630  8683 10516  6493 15847  8387  6433  6080  5564  8063
  5358 10772  5571  5519 14292  4213  5188 11004  7225  5965  6847  5386
  6055]
[  7914   4346   7004   7870   8599  10999   7786   5630   8048   8598
   3525   7395  24673  26370   3750   5515   6857   6488  11585   5396
   9869   5327   8299   9332  13074   9383   7277 115068   7966   3886
   4996  14016   7574   5385   6030   5189  11850]
[ 3975  5021 13002  6599  8125  8106  6425  5491  6337  8727  3144  7918
  9428  8840  3050  5212 13376 10716  8471  8076  6478  5541  5086  7598
  4586 21336  4581  5771  4682  4058  4616 13022 15749  9218  6220  5468
  6782]
[ 3245  4880  6451  7249 16263 14879  6082  3852  9800  7727  9910  7344
  8863  8281  2822  5515  7900  8116 13809  5826  8365  8740  4935  9685
  4601 10073  9371 18025  6566  5675  4249 14877  5744  5516  6743  4897
  7260]
[ 4953  5744  8599  6709  7921  9883  9772  4604  9447 11586  4084  6326
 13254 10350  3125  6417  5228  8040 24242  6287  7280  5690  8892  7846
  4205 33496  8881  6060  6690  4412  4688 19728  6351  6196  6853  4952
  6764]
[ 6859  4771  4855 11990  9712  4466 10163  4128  7236  9592 10925  8689
  9160  8889  5480  9161  8864 10609  4990  6587  8238  5590  4977  7488
  7293  8665  5015  6315  6157  4162  7565 14293  6780  9383  8630  4596
  9709]
[ 4425  4752  5371  9273  8583  5898  6155  6274  7282  6917  3187  5531
  8727  7715  6053  5686 10160  6388  6046  5362  8747  5930  5243  7224
  5386  7700 21056  5772  6224  3958  4087 11553  7035  5069  6070 17584
  8955]
MEAN:
[ 7394.081 11428.892  7590.027  7949.622  8528.514  7621.135  7226.432]

###############
#DEVICE COUNTS#
###############

Desktop: 20
Laptop: 17
Tablet: 0
Smart phone: 0
Other device: 0

##################
#AGE GROUP COUNTS#
##################

18 - 24: 1
25 - 31: 5
32 - 38: 20
39 - 45: 5
46 - 52: 3
53 - 59: 2
60 and above: 1

################
#NETWORK COUNTS#
################

WiFi: 20
Cable network: 13
Cellular network: 3
Other: 1

###########
#REASONING#
###########

A1T79J0XQXDDGC: I think the pause is not a big deal at all but if it degrades in quality I would get upset.
A2H8GNSEVUJXYL: musical cues are so important in animation
A1UM7U8DA3RMA9: Watching videos with low resolution and pause issue will be annoying and disturbing.  Will be missing some great expressions when we are watching these type of animation videos. Experiment guidelines are clear.
AJZBAP861F6X1: very annoying quality damage in test series.
A3SKQPPOKCZU88: The resolution damage and pausing of video is annoying and irritating to eyes.
A8FUMDQFBKMXR: Changes in quality at the beggining or ending of the clip are more tolerable
A1L8RL58MYU4NC: The Quality damages blur and slag annoyed me a lot no one will like this kind of annoying clips. The Guidelines for this experiment is very clear. Attention check and grading doesn't confused me
A219VCQZADQ45W: BRIEF PAUSE, OR A LITTLE BLURRY CAN BE ANNOYING ESPECIALLY IF IT IS RIGHT BEFORE A GOAL OR JUMPING OFF A CLIFF
A3N5RTXKN4I723: resolution decrease and video pause for more than 1 second
A2BO8M77CS3SGZ: Poor quality at important times are very annoying to watch.
A31Z5TPD8QKE26: The stalling and blurriness was extreme and there was always action going on.  So it was equally annoying in all the clips.
A1IU5OP7BBZHZ7: it got struck and blurred in between videos
A38NFX88VZDMJ3: It is better when the pause is not in the middle of the video or the low quality is not in the middle of the scene
A122E99M2DQY1G: resolution decrease and video pause
A3PGUPNMOU5BPW: The videos all had stutters and resolution dips. I don't think it mattered much when they occured. They were pretty equally annoying.I was not confused.
A1NOINYD1FZ55T: During the videos found blurry and paused some seconds.Not confusing.I grade easy to all videos.
A2J237J8KM3OCS: its a matter of action going with timestamps, sometime its annoying and sometime its enhance of your viewing experience 
A30YUELTPFSF0T: Video was so funny, While watching the video, Resolution and pause affecting the entertainment. it was damaging the quality at the different timing like flying, failing and  expressions showing by the animals.
A3169N2SCN3ENK: The quality makes me lose focus on what I am watching and it takes away from my concentration.  The experiment guideline is clear.  I am not confused about the grading.
A6DX45U3O1CR: found both resolution decrease and video pause for more than one second
A3B67I3A0YR2D: found both bad resolution and video pause
AH22ILXQFI4R2: resolution decrease and video pause for more than 1 second.
A1NJ6Q940T7HEB: Found both resolution decrease and video pause
A272A0JGRTBFCR: Thanks for your ​OUTSTANDING HITS and i would thank you for giving me the chance to participate and you are helping make me better.
A3OLRWACCCCUTU: How long the issue lasted was impactful, and when it occurred - for instance, in the last video it started off with issues but then was good so it didn't bother me as much.
A3UM3RQRAL4DP5: both video pausing and video resolution decrease
A1NH9LK567B862: The video quality damaged at each and every video. It just blurred and paused for a second. The experiment guide is so clear which helps in grading the videos without any confusions.
A18LFH7XW61JO9: Quality damage at the crucial time affect the viewing experience a lot. Quality damage at the beginning is not crucial. It is annoying after the video starts.
A1IHI23KH87K5W: Psychologically, a blur straight after a pause is very bad. It's like one piece of bad news after another, not something you want.
A2YHSU2IJZ9J14: Consider using 2 or 3 different videos for each task. After viewing the same video a few times, the person grading it already know what to expect and the effect of any video damage may not be accurate reflection of the level of annoyance.
A2QD9PJUKW7PKK: video resolution was bad in every video for 2-3 second  and there is also 2 second paused in every test video.
A3P2WQO8VESWF2: In the video clips shown in this case there were both types of quality damage, i.e. both video pause and decrease in resolution. Those which occur at not so important time points of the movie are tolerable, where as those which occur at most exciting time points of the video are quite annoying. For example at the moment when Bunny launches near the spears, the quality damage is very much affecting the viewing experience. The experiment guide lines and grading are quite easy and clear.
ARTQWWNFA7IOD: Noticed extra resolution decreased and extra video pause when compared with excellent grade reference
A1S34BUFNQ33SQ: I have noticed blurs and pauses in all the videos. Those blurs and pauses effecting the actions of videos, In couple of the videos blocked portion of the content is very important which is making me more annoying 
A11SX02CICZN85: It just affect my eagerness to watch the clip. The guidelines for this HIT is very clear as always. I haven't confused in grading
ASWZO1WY1UHEP: Attention check was clear and also instruction was clear. I can clearly find the damage or quality of the video. Video quality was bad. All videos, resolution was decreased and paused more than 1 second. Overall I like this cartoon video.
AVPD36WUJKJFS: Video getting pause for a second or resolution getting low will be irritating thing, And use to happen due to low speed internet, I use to get angry with the internet service provider and thinking of migrate to other networks or other high speed plan. The experiment guideline is clear and not confused.
