LOG OF CosmosLaundromat_720p_2_150k_90 SURVEY RESULTS

########
#GRADES#
########

RAW GRADES:
[5 5 5 5 5 5 5 5 5 5 5 5 5 5 5 5 5 5 5 5 5 5 5 5 5 5 5 5 5 5 5]
[1 1 1 1 1 1 1 1 1 1 1 1 1 1 1 1 1 1 1 1 1 1 1 1 1 1 1 1 1 1 1]
[4 2 1 1 1 1 1 1 2 1 1 1 1 1 1 1 1 2 1 1 3 1 3 1 2 3 2 1 1 2 3]
[2 2 1 1 1 1 1 1 1 1 1 2 1 1 1 1 1 1 1 1 3 1 2 1 2 2 2 1 1 1 2]
[2 2 1 1 1 1 1 1 1 1 1 1 1 1 1 1 1 1 1 1 2 1 1 1 2 2 1 1 1 1 2]
[1 2 1 1 1 1 1 1 1 1 1 1 1 1 1 1 1 1 1 1 2 1 1 1 2 2 1 1 1 1 2]
[1 1 1 1 1 1 1 1 1 1 1 1 1 1 1 1 1 1 1 1 2 1 3 1 1 2 1 1 1 1 2]
MEAN:
[5.    1.    1.548 1.323 1.194 1.161 1.161]
STANDARD ERROR:
[0.    0.    0.15  0.096 0.071 0.066 0.08 ]

STANDARDIZED GRADES:
[1.828 2.294 2.449 2.449 2.449 2.449 2.449 2.449 2.372 2.449 2.449 2.372
 2.449 2.449 2.449 2.449 2.449 2.372 2.449 2.449 2.062 2.449 1.96  2.449
 2.294 2.183 2.319 2.449 2.449 2.372 2.183]
[-0.866 -0.918 -0.408 -0.408 -0.408 -0.408 -0.408 -0.408 -0.516 -0.408
 -0.408 -0.516 -0.408 -0.408 -0.408 -0.408 -0.408 -0.516 -0.408 -0.408
 -1.334 -0.408 -0.928 -0.408 -0.918 -1.213 -0.632 -0.408 -0.408 -0.516
 -1.213]
[ 1.155 -0.115 -0.408 -0.408 -0.408 -0.408 -0.408 -0.408  0.206 -0.408
 -0.408 -0.516 -0.408 -0.408 -0.408 -0.408 -0.408  0.206 -0.408 -0.408
  0.364 -0.408  0.516 -0.408 -0.115  0.485  0.105 -0.408 -0.408  0.206
  0.485]
[-0.192 -0.115 -0.408 -0.408 -0.408 -0.408 -0.408 -0.408 -0.516 -0.408
 -0.408  0.206 -0.408 -0.408 -0.408 -0.408 -0.408 -0.516 -0.408 -0.408
  0.364 -0.408 -0.206 -0.408 -0.115 -0.364  0.105 -0.408 -0.408 -0.516
 -0.364]
[-0.192 -0.115 -0.408 -0.408 -0.408 -0.408 -0.408 -0.408 -0.516 -0.408
 -0.408 -0.516 -0.408 -0.408 -0.408 -0.408 -0.408 -0.516 -0.408 -0.408
 -0.485 -0.408 -0.928 -0.408 -0.115 -0.364 -0.632 -0.408 -0.408 -0.516
 -0.364]
[-0.866 -0.115 -0.408 -0.408 -0.408 -0.408 -0.408 -0.408 -0.516 -0.408
 -0.408 -0.516 -0.408 -0.408 -0.408 -0.408 -0.408 -0.516 -0.408 -0.408
 -0.485 -0.408 -0.928 -0.408 -0.115 -0.364 -0.632 -0.408 -0.408 -0.516
 -0.364]
[-0.866 -0.918 -0.408 -0.408 -0.408 -0.408 -0.408 -0.408 -0.516 -0.408
 -0.408 -0.516 -0.408 -0.408 -0.408 -0.408 -0.408 -0.516 -0.408 -0.408
 -0.485 -0.408  0.516 -0.408 -0.918 -0.364 -0.632 -0.408 -0.408 -0.516
 -0.364]
MEAN:
[ 2.36  -0.576 -0.154 -0.322 -0.42  -0.442 -0.447]
STANDARD ERROR:
[0.028 0.05  0.073 0.037 0.025 0.027 0.041]

#############
#VIDEO ORDER#
#############

RAW ORDERS:
[1 2 6 4 3 7 5]
[1 2 5 3 6 7 4]
[1 2 4 6 5 7 3]
[1 2 3 4 5 6 7]
[1 2 3 6 4 7 5]
[1 2 7 4 6 5 3]
[1 2 6 4 7 5 3]
[1 2 5 6 3 7 4]
[1 2 3 4 7 6 5]
[1 2 4 6 5 3 7]
[1 2 5 7 4 3 6]
[1 2 6 5 3 4 7]
[1 2 5 7 4 3 6]
[1 2 6 3 5 7 4]
[1 2 4 5 3 7 6]
[1 2 6 5 4 7 3]
[1 2 5 6 3 4 7]
[1 2 7 3 5 6 4]
[1 2 7 4 5 3 6]
[1 2 6 3 4 5 7]
[1 2 6 3 4 7 5]
[1 2 3 7 5 6 4]
[1 2 4 3 6 5 7]
[1 2 3 5 4 7 6]
[1 2 7 4 5 3 6]
[1 2 3 7 6 5 4]
[1 2 7 3 5 4 6]
[1 2 7 4 3 5 6]
[1 2 6 4 5 3 7]
[1 2 3 7 6 4 5]
[1 2 4 3 6 5 7]

#################
#VIDEO VIEW TIME#
#################

RAW TIMES:
[ 38304  71481  65974  91718 116832 140683  53861  46911 127177  49543
   9687  69195  93534  49959  59399  76817  35986  62904  57561  47349
  69882  50848  49699  44358  70982  75685  48581  74002  55923  70351
  78845]
[ 34695  56843 497496  51556  51699  69684  40137  37690  41766  38207
   5490  60558  47699  39570  43319  49510  24698  43746  46322  40349
  44428  36568  48891  43640  50804  59519  41463  55529  39126  41516
  59602]
[35538 64217 32735 43804 74815 84115 38369 33237 49764 38866 17769 78615
 67749 38268 44561 44678 27603 36419 46710 36451 48734 70933 34219 42735
 73055 95264 38275 51331 42781 39116 65926]
[ 33550  61172  33807  46838  45790 130582  41212  32841  36054  39173
  18841  89045  51230  38997  43137  40134  26935  34581  48400  39511
  49822  36303  37469  33572  53284  45745  42975  47023  40216  48948
  55840]
[33404 44741 37972 55366 63970 74719 38875 33875 37158 37097 26180 66583
 60646 37812 43721 32978 62930 32827 45161 38270 37968 39842 34633 33426
 50035 53465 44254 47667 40069 74669 62953]
[ 34284  71253  41978  47972  55605 704666  43323  33496  37401  38834
  27361  54272  44215  37787  42708  35106  23937  33047  50197  39834
  48978  38496  33488  34008  63275  47240  54660  50400  39330  76033
  58920]
[ 33619  63772  49514  46232  42079 168173  37987  34380  38819  37925
  33274  66601  48937  40276  44129  52916  47275  34801  45529  37043
  68284  37565  38404  33844  49470 104740  40628  52038  41532  43557
  74973]
MEAN:
[66259.065 59423.226 49569.419 45904.097 45911.806 65874.323 51236.   ]

#################
#GRADE VIEW TIME#
#################

RAW TIMES:
[ 4998 13081  2879  8094 11541  6563  4902  4438  6683  5481  3379  6880
  7996  5165  6412  9919  7393  4357 16640  7009  5157 18753  8018  6740
 10626 10278  7442  6921 12772  5161 13765]
[ 5847 10212  2653  6503 10895  7761  6501  3116 18957  6944  3369 21450
  8826  5238  5990 12278  9647  4794  8512  9269  4962  6773  8768  8221
  6591 10565  7677  8016 14414  5704 10807]
[ 6267  9605  3558 13457  9928  6248  6466  9889  8374  4774  3149  8824
 13314  5447  6481 16840  7435  4244  8474  5721  4631  8526  4333 10785
 10826 18885 21663  6772  8695 82436 10018]
[ 4551  8924 20075  6110  7162  7571  4730  2907  6206  6672  2552  9518
  7628  4241  7520  6603  9638  3999  5937  6285  4812  5430 17642  5171
 13758  9967  8662 14000  5879  6525 13046]
[ 4494 85941  2494  7288  7427  6123  6506  4199  4908  5248  3941  7860
  9896  5296  6080  7718  8542  3724  6759  6607  4746  8873 12146  6111
  8126 12803  7355  7260  5201  7194  9228]
[ 7233  9134  4651  6608  9318  7424  8070  6432  7417  5033  2734 15832
  8934  7180  5722 12851  7377  3573  6553  6817 42343  7198  5620  9348
 12891 10103  8599  6040  7757  6593 12152]
[10492  8071  2749  7181 13030 27412  4278  2650  5392  6289  5837  8795
  6449  4443  6270  7763  7859  6859  7785 11927  4906  6462  9920  8486
  8096  9397  8115  9140  6155  5466 18422]
MEAN:
[ 8046.548  8427.742 11163.387  7861.968  9357.871  8952.806  8261.161]

###############
#DEVICE COUNTS#
###############

Desktop: 16
Laptop: 15
Tablet: 0
Smart phone: 0
Other device: 0

##################
#AGE GROUP COUNTS#
##################

18 - 24: 1
25 - 31: 5
32 - 38: 16
39 - 45: 4
46 - 52: 3
53 - 59: 2
60 and above: 0

################
#NETWORK COUNTS#
################

WiFi: 14
Cable network: 15
Cellular network: 2
Other: 0

###########
#REASONING#
###########

A2H8GNSEVUJXYL: doesn't matter if the bad resolution happens before the caterpillar appears
A1UM7U8DA3RMA9: Watching videos with low resolution and pause issue will be annoying and disturbing. Experiment guidelines are clear.
A3UUH3632AI3ZX: no matter what it was very annoying with how bad it was
A1L8RL58MYU4NC: The Quality damages blur and slag annoyed me a lot no one will like this kind of annoying clips. The Guidelines for this experiment is very clear. Attention check and grading doesn't confused me
A3N5RTXKN4I723: resolution decrease and video pause for more than 1 second
A2BO8M77CS3SGZ: Poor quality frames in animatation movies doesn't matter to me. The guidelines for the study are easy. The study is interesting.
ASPRULQHB8B1F: The resolution was decreasing a lot, so the image wasn't sharp as it should be, especially for an animated 3D movie
A31Z5TPD8QKE26: They were all bad, but part of the animation is naturally a little blurry so when the blurry damage matched that time, it didn't seem quite as bad as the other times.
A26UIS59SY4NM6: This was annoying because it was middle to end. Pauses are worse than pixelation. 
A1IU5OP7BBZHZ7: got struck in between videos makes loose patience, Blurring for very few seconds makes no difference from the good one
A3PGUPNMOU5BPW: These ones we're all fairly bad quality. The times that the pauses occured didn't matter too much. They all were pretty annoying in my opinion. Thank you!
A1NOINYD1FZ55T: During the videos found blurry and paused some seconds.Not confusing.I grade easy to all videos.
A30YUELTPFSF0T: Video Paused and Resolution decrease which damages the quality. It was considered as an Bad
A6DX45U3O1CR: found both resolution decrease and video pause for more than one second
AH22ILXQFI4R2: resolution decrease and video pause for more than 1 second.
A1NJ6Q940T7HEB: Found both resolution decrease and video pause
A272A0JGRTBFCR: Thanks for your ​OUTSTANDING HITS and i would thank you for giving me the chance to participate and you are helping make me better.
A3OLRWACCCCUTU: Except for when the resolution issue was at the very beginning where the scene was coming into focus anyway, it was impactful when there were resolution and freezing issues after the caterpillar was shown because the scene was supposed to be clarifying.
A3UM3RQRAL4DP5: both video pausing and video resolution decrease
A1NH9LK567B862: I get annoyed when the video got blurred and paused. It literally brings a bad experience. The guideline is very clear to understand. It helps me to grade the video without any issues
A1IHI23KH87K5W: Having both pause and picture degradation is never a good thing
A2QD9PJUKW7PKK: ranking i had given based on the video resolution and 2 sec paused in every video
A2MCG5W6LHSRG9: worst time was when the character was just waking up because something new and interesting was happening.
A3O7X46E3REM7I: It makes the viewing experience annoying. Everything was clear.
A3N5P5VO81FIJ6: a little
A3P2WQO8VESWF2: Quality damage in these clips are both video pause and decrease in resolution. The video clips are having very attractive and colorful scenes. Hence I feel that both these quality damages occuring at any part of the video will have adverse effect. The experiment guidelines, grading and attention checks are quite clear.
ARTQWWNFA7IOD: Observed the Quality Damages due to resolution decrease and video pause more than 1 second.
A11SX02CICZN85: It just affect my eagerness to watch the clip. The guidelines for this HIT is very clear as always. I haven't confused in grading
A3QS7M912JGKFD: video pause and resolution decreased
ASWZO1WY1UHEP: I can't confuse attention checks and instruction was understandable. I can clearly, find the damage or quality of the video. Video quality was very bad. All videos, resolution was decreased and paused more than 1 second.
AVPD36WUJKJFS: For these type animation videos should not have any low resolution or Pause issue, otherwise we will not enjoy the video. This experiment guideline is clear. Thank you.
