LOG OF CosmosLaundromat_720p_2_300k_180 SURVEY RESULTS

########
#GRADES#
########

RAW GRADES:
[5 5 5 5 5 5 5 5 5 5 5 5 5 5 5 5 5 5 5 5 5 5 5 5 5 5 5 5 5]
[1 1 1 1 1 1 1 1 1 1 1 1 1 1 1 1 1 1 1 1 1 1 1 1 1 1 1 1 1]
[3 2 1 2 1 1 1 1 2 1 1 3 2 1 1 1 1 1 1 1 4 2 2 1 3 1 1 2 2]
[3 2 1 3 1 1 1 1 1 1 1 2 2 1 1 1 1 1 1 1 4 3 1 1 3 1 1 1 2]
[3 1 1 2 1 1 1 1 2 1 1 2 2 1 1 1 1 1 1 1 2 2 2 2 1 1 1 2 3]
[2 2 1 3 1 1 1 1 1 1 1 3 2 1 1 1 1 1 1 1 3 1 1 2 1 1 1 2 3]
[2 1 2 3 1 1 1 1 1 1 1 1 2 1 1 1 1 1 1 1 3 2 2 2 2 1 1 2 3]
MEAN:
[5.    1.    1.586 1.517 1.448 1.448 1.483]
STANDARD ERROR:
[0.    0.    0.15  0.159 0.115 0.134 0.125]

STANDARDIZED GRADES:
[1.969 2.291 2.372 1.969 2.449 2.449 2.449 2.449 2.319 2.449 2.449 1.988
 2.339 2.449 2.449 2.449 2.449 2.449 2.449 2.449 1.491 2.124 2.291 2.291
 1.96  2.449 2.449 2.294 1.969]
[-1.477 -0.764 -0.516 -1.477 -0.408 -0.408 -0.408 -0.408 -0.632 -0.408
 -0.408 -1.104 -1.108 -0.408 -0.408 -0.408 -0.408 -0.408 -0.408 -0.408
 -1.721 -1.006 -0.764 -0.764 -0.928 -0.408 -0.408 -0.918 -1.477]
[ 0.246  0.    -0.516 -0.615 -0.408 -0.408 -0.408 -0.408  0.105 -0.408
 -0.408  0.442 -0.246 -0.408 -0.408 -0.408 -0.408 -0.408 -0.408 -0.408
  0.688 -0.224  0.    -0.764  0.516 -0.408 -0.408 -0.115 -0.615]
[ 0.246  0.    -0.516  0.246 -0.408 -0.408 -0.408 -0.408 -0.632 -0.408
 -0.408 -0.331 -0.246 -0.408 -0.408 -0.408 -0.408 -0.408 -0.408 -0.408
  0.688  0.559 -0.764 -0.764  0.516 -0.408 -0.408 -0.918 -0.615]
[ 0.246 -0.764 -0.516 -0.615 -0.408 -0.408 -0.408 -0.408  0.105 -0.408
 -0.408 -0.331 -0.246 -0.408 -0.408 -0.408 -0.408 -0.408 -0.408 -0.408
 -0.918 -0.224  0.     0.    -0.928 -0.408 -0.408 -0.115  0.246]
[-0.615  0.    -0.516  0.246 -0.408 -0.408 -0.408 -0.408 -0.632 -0.408
 -0.408  0.442 -0.246 -0.408 -0.408 -0.408 -0.408 -0.408 -0.408 -0.408
 -0.115 -1.006 -0.764  0.    -0.928 -0.408 -0.408 -0.115  0.246]
[-0.615 -0.764  0.206  0.246 -0.408 -0.408 -0.408 -0.408 -0.632 -0.408
 -0.408 -1.104 -0.246 -0.408 -0.408 -0.408 -0.408 -0.408 -0.408 -0.408
 -0.115 -0.224  0.     0.    -0.206 -0.408 -0.408 -0.115  0.246]
MEAN:
[ 2.29  -0.717 -0.249 -0.298 -0.351 -0.349 -0.326]
STANDARD ERROR:
[0.043 0.075 0.064 0.072 0.051 0.058 0.053]

#############
#VIDEO ORDER#
#############

RAW ORDERS:
[1 2 4 5 3 7 6]
[1 2 4 5 7 3 6]
[1 2 4 5 7 3 6]
[1 2 3 5 7 4 6]
[1 2 6 3 5 4 7]
[1 2 4 5 3 6 7]
[1 2 4 3 7 5 6]
[1 2 3 4 7 6 5]
[1 2 4 5 3 7 6]
[1 2 6 3 7 5 4]
[1 2 6 5 3 4 7]
[1 2 3 4 5 6 7]
[1 2 7 4 6 5 3]
[1 2 6 7 5 4 3]
[1 2 3 6 4 5 7]
[1 2 5 7 4 6 3]
[1 2 4 7 6 3 5]
[1 2 5 6 3 7 4]
[1 2 4 5 7 6 3]
[1 2 4 6 5 7 3]
[1 2 5 6 3 7 4]
[1 2 7 4 3 6 5]
[1 2 3 5 6 7 4]
[1 2 4 5 6 3 7]
[1 2 3 5 7 4 6]
[1 2 5 6 7 3 4]
[1 2 4 6 7 5 3]
[1 2 3 4 7 6 5]
[1 2 4 5 7 6 3]

#################
#VIDEO VIEW TIME#
#################

RAW TIMES:
[ 41896  69797 106039  40810  60615  64519  75510  57717  55501  71049
  98159  11593 117594  71904  86640  50004  72930  58075  36676  54922
  92465  50420  46042  52040  45075  73064 164875  63614  64588]
[32857 57286 49017 39439 53824 52363 90109 37973 33095 38904 39730  3730
 43995 57713 40531 39394 41825 39867 31995 41017 39976 37126 41531 39935
 78958 69216 59808 41808 61004]
[ 32200  60496  50064  37299  58026  58094 141009  70341  34465  39020
  42911  21164  63685  50291  41865  38895  42809  34858 168401  42125
  51295  35426  43919  39533  42607  50893  80424  40210  62729]
[ 32799  58844  76870  36020  48877  75459 127764  41801  35179  37864
  39850  16862  56092  45896  41064  38052  46280  50969  28445  39042
  50609  37413  41025  45749  41121  55010  55954  39788  59930]
[32364 60055 67909 38118 44512 70546 99050 39478 33514 38449 40339 25651
 77473 57126 38374 54216 45620 39208 35674 41590 61086 40484 51405 42909
 35682 69901 74577 38623 70294]
[ 31988  65725  50634  44441  41272  48314 113959  38649  33998  40665
  43520  32216  76281  75212  61109  38598  48680  30666  50133  41828
  38682  36715  35305  53098  33263  54215  60085  39478  63603]
[32796 65427 48691 37005 42813 42429 66514 38546 35506 39092 43116 32636
 55325 79709 43467 38426 64141 39386 72746 50965 46329 55742 36099 56028
 34264 53279 74505 42408 59568]
MEAN:
[67383.897 46000.897 54312.207 48297.517 50490.586 49045.931 49205.448]

#################
#GRADE VIEW TIME#
#################

RAW TIMES:
[ 4960 12535 10914  6376  6867  8735  7956 18151  3121  6477  5591  2607
  7978  7530  4244  5793  8686  8682  6588  7795  6044  5090  4736  5271
  7308  7613  9071  7163  8246]
[ 3858  9055  9377  4941  6894 15405  5488  7381  3288  6337  9577  2783
  7074 11408  4394  5382 10059 10437  6549  8274  6223  4804  5957  4423
  6385  7848  9825  5578  9752]
[ 5198 20856 10458 12810  7689 11983  5611  8890  3491  6318  5858  4364
  8984  8587  7186  5288  7551  9877  7150  6620  5817  4508  5115 11786
 13153  7062  9098 89702  8445]
[11024 13652 13530  5561  6783 18964 14558  6131  5124  5035  6116  3443
  8071  8421  5668  4676 10340  8403  8610  7721  5559  9699  3620 10898
  4467  7199 16143 10719 11142]
[ 4640  9475  9703  5123  6579  8728 10203  6800  4422  5053  5524  2812
 11424  7403  3592  7343  8372 16209  8103  7333 10961  4726 13607  4890
  4832  9983  6813 10002  9351]
[ 8130 12147  9014  3717 20083 46589  6144  4817  2782  8311  7023  2949
  9255  8390  4255  5017 11120 26122  7836  6241  8066  4360  4042  4809
  4800  6215 13763  5201  8663]
[ 4374  9784  8925  5945  7426  7484  6188  4141  5449  5026  6127  3712
  8517  6340  4614  4939  8629  7839  7224  7994  5498 10327  3914  4582
  9978  7326  9010  5259 13610]
MEAN:
[ 7314.759  7198.483 11015.69   8664.724  7724.345  9305.552  6902.793]

###############
#DEVICE COUNTS#
###############

Desktop: 16
Laptop: 13
Tablet: 0
Smart phone: 0
Other device: 0

##################
#AGE GROUP COUNTS#
##################

18 - 24: 1
25 - 31: 4
32 - 38: 18
39 - 45: 2
46 - 52: 3
53 - 59: 1
60 and above: 0

################
#NETWORK COUNTS#
################

WiFi: 14
Cable network: 12
Cellular network: 2
Other: 1

###########
#REASONING#
###########

A2H8GNSEVUJXYL: this is a retake of url http://ec2-35-166-31-164.us-west-2.compute.amazonaws.com:3013/
A1UM7U8DA3RMA9: Watching videos with low resolution and pause issue will be annoying and disturbing. Experiment guidelines are clear.
A3SKQPPOKCZU88: video resolution is very poor and also pausing of video is disturbing watching of videos.
A8FUMDQFBKMXR: The decrease in quality is tolerable  for this CGI clip but the pauses during the caterpillar's wake up is bad
A1L8RL58MYU4NC: The Quality damages blur and slag annoyed me a lot no one will like this kind of annoying clips. The Guidelines for this experiment is very clear. Attention check and grading doesn't confused me
A3N5RTXKN4I723: resolution decrease and video pause for more than 1 second
A2BO8M77CS3SGZ: Poor quality frames in animatation movies doesn't matter to me. The guidelines for the study are easy. The study is interesting.
ASPRULQHB8B1F: The resolution was decreasing a lot, so the image wasn't sharp as it should be, especially for an animated 3D movie
A31Z5TPD8QKE26: Since there was always action in the video, every time it stalled and got blurry, I though they were all equally bad.
A1IU5OP7BBZHZ7: got struck in between videos makes loose patience, Blurring for very few seconds makes no difference from the good one
A122E99M2DQY1G: resolution decrease and video pause
A3PGUPNMOU5BPW: Some of these weren't as bad as I would imagine them to be. All of them had a pause and a blur I believe. The beginning was maybe less noticable with the blur but still annoying for the pause.
A1NOINYD1FZ55T: During the videos found blurry and paused some seconds.
A30YUELTPFSF0T: Video Paused and Resolution decrease which damages the quality. It was considered as an Bad
A3169N2SCN3ENK: The quality makes me lose focus on what I am watching and it takes away from my concentration.  The experiment guideline is clear.  I am not confused about the grading.
A6DX45U3O1CR: found both resolution decrease and video pause for more than one second
AH22ILXQFI4R2: resolution decrease and video pause for more than 1 second.
A1NJ6Q940T7HEB: Found both resolution decrease and video pause
A272A0JGRTBFCR: Thanks for your ​OUTSTANDING HITS and i would thank you for giving me the chance to participate and you are helping make me better.
A3UM3RQRAL4DP5: both video pausing and video resolution decrease
A18LFH7XW61JO9: Experiment guideline is clear and I was not confused about the grading or the attention check. Quality damage at different moments affected my viewing experience differently.
A1IHI23KH87K5W: retake of HIT: 35NNO802AV9JUL8AD36G1VFF1WXNIL
A2YHSU2IJZ9J14: May want to consider using 2 or 3 different videos within a task. At times, worker may already know what to expect from the same video after watching it a few times, therefore the effect of missing some parts due to video damages is smaller and not as annoying.
A2QD9PJUKW7PKK: ranking i had given based on the video resolution and 2 sec paused in every video. experiment guideline is clear
A2MCG5W6LHSRG9: The long boring shots were the best time for an issue. The worst time was when the caterpillar was waking up
A11SX02CICZN85: It just affect my eagerness to watch the clip. The guidelines for this HIT is very clear as always. I haven't confused in grading
A4T7PYGN1BE2P: it is annoying to see when video get paused and quality reduced.
ASWZO1WY1UHEP: I can't confuse attention checks and instruction was understandable. I can clearly, find the damage or quality of the video. Video quality was poor. All videos, resolution was decreased and paused more than 1 second.
AVPD36WUJKJFS: For these type animation videos should not have any low resolution or Pause issue, otherwise we will not enjoy the video. This experiment guideline is clear. Thank you.
