LOG OF CosmosLaundromat_720p_2_2000k_720 SURVEY RESULTS

########
#GRADES#
########

RAW GRADES:
[5 5 5 5 5 5 5 5 5 5 5 5 5 5 5 5 5 5 5 5 5 5 5 5 5 5 5 5 5 5]
[1 1 1 1 1 1 1 1 1 1 1 1 1 1 1 1 1 1 1 1 1 1 1 1 1 1 1 1 1 1]
[4 3 2 2 3 1 2 1 2 4 2 3 3 3 3 1 1 1 1 3 3 1 4 4 4 2 4 2 3 4]
[4 4 2 2 3 1 1 1 2 4 2 3 3 3 3 1 1 1 1 3 4 1 4 3 4 2 4 2 3 3]
[4 3 2 2 3 1 1 1 2 4 2 4 3 3 3 1 1 1 1 3 4 1 4 3 4 2 4 2 3 3]
[4 3 2 2 3 1 1 1 2 3 2 3 3 3 3 1 1 1 1 3 3 1 4 3 4 2 3 2 3 3]
[4 3 2 2 3 1 2 1 2 3 2 4 3 3 3 1 1 1 1 3 4 1 4 2 4 2 4 2 3 3]
MEAN:
[5.    1.    2.533 2.5   2.5   2.367 2.467]
STANDARD ERROR:
[0.    0.    0.199 0.204 0.204 0.179 0.193]

STANDARDIZED GRADES:
[1.108 1.651 2.339 2.339 1.871 2.449 2.319 2.449 2.339 1.334 2.339 1.477
 1.871 1.871 1.871 2.449 2.449 2.449 2.449 1.871 1.334 2.449 1.108 1.673
 1.108 2.339 1.213 2.339 1.871 1.651]
[-2.339 -1.905 -1.108 -1.108 -1.871 -0.408 -0.632 -0.408 -1.108 -2.062
 -1.108 -1.969 -1.871 -1.871 -1.871 -0.408 -0.408 -0.408 -0.408 -1.871
 -2.062 -0.408 -2.339 -1.673 -2.339 -1.108 -2.183 -1.108 -1.871 -1.905]
[ 0.246 -0.127 -0.246 -0.246  0.    -0.408  0.105 -0.408 -0.246  0.485
 -0.246 -0.246  0.     0.     0.    -0.408 -0.408 -0.408 -0.408  0.
 -0.364 -0.408  0.246  0.837  0.246 -0.246  0.364 -0.246  0.     0.762]
[ 0.246  0.762 -0.246 -0.246  0.    -0.408 -0.632 -0.408 -0.246  0.485
 -0.246 -0.246  0.     0.     0.    -0.408 -0.408 -0.408 -0.408  0.
  0.485 -0.408  0.246  0.     0.246 -0.246  0.364 -0.246  0.    -0.127]
[ 0.246 -0.127 -0.246 -0.246  0.    -0.408 -0.632 -0.408 -0.246  0.485
 -0.246  0.615  0.     0.     0.    -0.408 -0.408 -0.408 -0.408  0.
  0.485 -0.408  0.246  0.     0.246 -0.246  0.364 -0.246  0.    -0.127]
[ 0.246 -0.127 -0.246 -0.246  0.    -0.408 -0.632 -0.408 -0.246 -0.364
 -0.246 -0.246  0.     0.     0.    -0.408 -0.408 -0.408 -0.408  0.
 -0.364 -0.408  0.246  0.     0.246 -0.246 -0.485 -0.246  0.    -0.127]
[ 0.246 -0.127 -0.246 -0.246  0.    -0.408  0.105 -0.408 -0.246 -0.364
 -0.246  0.615  0.     0.     0.    -0.408 -0.408 -0.408 -0.408  0.
  0.485 -0.408  0.246 -0.837  0.246 -0.246  0.364 -0.246  0.    -0.127]
MEAN:
[ 1.946 -1.405 -0.059 -0.084 -0.084 -0.198 -0.116]
STANDARD ERROR:
[0.087 0.126 0.062 0.059 0.057 0.041 0.057]

#############
#VIDEO ORDER#
#############

RAW ORDERS:
[1 2 3 4 5 6 7]
[1 2 4 6 5 3 7]
[1 2 3 7 6 4 5]
[1 2 3 7 6 5 4]
[1 2 5 7 6 4 3]
[1 2 5 7 3 4 6]
[1 2 5 7 3 6 4]
[1 2 4 3 6 5 7]
[1 2 5 3 4 7 6]
[1 2 5 6 4 7 3]
[1 2 4 5 7 6 3]
[1 2 6 7 5 3 4]
[1 2 4 6 3 5 7]
[1 2 7 4 6 5 3]
[1 2 4 3 5 7 6]
[1 2 7 5 4 6 3]
[1 2 5 7 4 6 3]
[1 2 4 5 3 7 6]
[1 2 7 6 4 3 5]
[1 2 4 5 3 6 7]
[1 2 7 5 6 4 3]
[1 2 3 7 4 6 5]
[1 2 7 3 6 4 5]
[1 2 6 4 7 3 5]
[1 2 4 3 7 6 5]
[1 2 5 6 3 7 4]
[1 2 4 5 7 3 6]
[1 2 4 6 3 5 7]
[1 2 5 6 7 4 3]
[1 2 5 4 3 7 6]

#################
#VIDEO VIEW TIME#
#################

RAW TIMES:
[ 36905 111243  37713 101331  47129  72766 104181  85900  89020 126102
  83366  58700  16396  66388  70448  46757  53539  90778  78503  28673
  56845  55199  48343  71469  52564  43456  70037  61748  48287 105394]
[ 33011  59380  33898  61528  35505  48142 108755  48465  34794  38165
  37404 110683   5724  95478  58866  35131  35838  66880  28098  33241
  35086  46171  38124  38134  37330  34536  99164  50087  40606  64683]
[ 33053  67006  33440  54711  36695 120297 110318  60827  40860  40099
  39252  51323  33654  77324  41074  37827  38982  45797  35768  26007
  34105  43923  37186  51216  40002  33800  50001  64486  55565  57406]
[ 33380  91879  33030  44057  65814  46188 147653  38424  45817  37873
  38942  60702  36031 158993  69817  40311  35766 114679  29702  50123
  33742  46350  58736  60597  34687  84587  52142  61997  94950  61339]
[ 32746  84176  36918  54497  45798  90596 153444  42420  52174  48624
  41483  56623  36862  77398  39587  35189  52716  46621  36957  38271
  34136  43440  54989  80893  35267  35891  50634  88177  55609 105784]
[33773 71135 34845 53544 36623 53166 93916 44945 34893 88160 39094 74839
 32327 91207 53973 37851 40387 55081 45903 24750 35239 42212 38451 61064
 36095 35951 52648 47913 60662 62825]
[33790 62119 35971 48240 35228 61504 91128 40432 40817 36901 37932 52111
 33208 58494 69679 35298 35145 47368 37834 25108 34835 42296 51977 62148
 35929 34334 51868 54635 46978 61341]
MEAN:
[67306.    49763.567 49733.467 60276.933 56264.    50449.067 46488.267]

#################
#GRADE VIEW TIME#
#################

RAW TIMES:
[ 4653 14791  2967  7160  4432 12020  7053  5826 10127  4738  5406  6179
  3086  8956  9663  5594  6996 14359 12269  7199  5213  8536  7545  4903
  4672  7382 10995  5760  7245 13919]
[ 5523  9910  2615  7180  4212  7573 12098  6465  4846  7096  5047  7696
  3491  7838  7445  4594  6298 23150 12164  8318  4963  7059  4761  4468
  3694  4460  9324  7531 13032 39294]
[ 4913  8216  3989 10145 18545 15842 10159  5050  4613  6463  6466 13826
  4193  8404 15668  6253  6440 17383  8533  9472 11435  8116  7701  6406
  4777  5658 12641  7230 11078 10086]
[ 5517 13918  3238  7136  6487 18572  4828  9070  6841  8491  8599 11860
  4672 16829 12838  6175 13490 32510  6001 11142  4719 18384  5470  4929
  8089  6722 13459 20438  6825 10968]
[ 4971 15397  3139  8734  7934 33422 43737  7380 86315  9736  6266 10020
  5541  9786 10692  6878 11373  9570  6610  9105  8622  6523  8558  4930
  5290 10210 12097  6614 11323 28040]
[ 5174 20126  7473  8418  5766  9199  5872  8050  3853  7386  4759 11714
  3172  7910 11673  5258  6431 10680  5344  7984  5923  6143  6340 10101
  4849  5933 10255  7035  5610 30892]
[ 5055  8157  4676  7223  5047 10109  9371  4677  6607  8918  6293  6146
  4383 11932 11817  6661  6069  9100 15093  6757  8110 10057  6855  6863
  4647  5289 18542 10221  6035 12263]
MEAN:
[ 7654.8    8404.833  8990.033 10273.9   13627.1    8310.767  8099.1  ]

###############
#DEVICE COUNTS#
###############

Desktop: 16
Laptop: 14
Tablet: 0
Smart phone: 0
Other device: 0

##################
#AGE GROUP COUNTS#
##################

18 - 24: 1
25 - 31: 4
32 - 38: 17
39 - 45: 2
46 - 52: 3
53 - 59: 2
60 and above: 1

################
#NETWORK COUNTS#
################

WiFi: 13
Cable network: 14
Cellular network: 3
Other: 0

###########
#REASONING#
###########

A2H8GNSEVUJXYL: the face of the caterpillar was never obscured so it was alright
A1UM7U8DA3RMA9: Watching videos with low resolution and pause issue will be annoying and disturbing. Experiment guidelines are clear.
A3UUH3632AI3ZX: regardless of when it happened, the pauses were really annoying
A1L8RL58MYU4NC: The Quality damage slag annoyed me a lot no one will like this kind of annoying clips. The Guidelines for this experiment is very clear. Attention check and grading doesn't confused me
A219VCQZADQ45W: BRIEF PAUSE, OR A LITTLE BLURRY CAN BE ANNOYING ESPECIALLY IF IT IS RIGHT BEFORE A GOAL OR JUMPING OFF A CLIFF
A3N5RTXKN4I723: video pause for more than 1 second
A2BO8M77CS3SGZ: Poor quality frames in animatation movies doesn't matter to me. The guidelines for the study are easy. The study is interesting.
ASPRULQHB8B1F: When the video stutters it is really annoying, it disturbs the flow of the events
A31Z5TPD8QKE26: there was constant motion in this clip, so any time it stalled seemed annoying to me.
A26UIS59SY4NM6: Having the buffering early is normal. The later it is the more of a problem. It is also less of a problem if it happens once at the beginning of a two hour video vs. a 20 second one.
A1IU5OP7BBZHZ7: got struck in between videos makes loose patience, Blurring for very few seconds makes no difference from the good one
A38NFX88VZDMJ3: If the pause did not interrupt the scene too much.
A3PGUPNMOU5BPW: 6 and 7 were not very annoying. They seemed like shorter pauses although I'm not sure if that's true. I would put them between fair and good. 
A1NOINYD1FZ55T: During the videos found paused some seconds.I grade easy to all videos Not confusing.
A30YUELTPFSF0T: Video Paused and No Resolution Decrease. Overall it is Fair.
A6DX45U3O1CR: video pause for more than one second
A3B67I3A0YR2D:  video pause for more than 1 second
AH22ILXQFI4R2: video pause for more than 1 second
A1NJ6Q940T7HEB: Found both resolution decrease and video pause
A272A0JGRTBFCR: Thanks for your ​OUTSTANDING HITS and i would thank you for giving me the chance to participate and you are helping make me better.
A3OLRWACCCCUTU: When the pause was, how interesting the object on screen was - seeing the caterpillar paused was interesting so I didn't grade it as roughly.
A3UM3RQRAL4DP5: both video pausing and video resolution decrease
A1NH9LK567B862: The quality affects when it starts stuck. The guideline is so clear and there is no confusion while grading the video
A1IHI23KH87K5W: Depends when the pause happens
A2QD9PJUKW7PKK: video resolution was great just 2 sec video paused was there in every video. experiment guideline is clear
A3O7X46E3REM7I: It makes the viewing experience annoying. Everything was clear.
A3P2WQO8VESWF2: In the video clips shown quality damage is caused by video pause alone. But I think it is not much affecting the watching experience as far as this video is concerned. Since it is only a slight pause, only in certain moments like when the caterpillar arises, it is causeing some annoyance in watching experience. Otherwise it is tolerable. The experiment guide lines and attention checks and grading guidelines were not confusing.
A11SX02CICZN85: It just affect my eagerness to watch the clip. The guidelines for this HIT is very clear as always. I haven't confused in grading
ASWZO1WY1UHEP: Attention checks was clear and instruction was understandable. I can clearly find the damage or quality of the video. Video quality was slightly poor. All videos, and paused more than 1 second.
AVPD36WUJKJFS: For these type animation videos should not have any low resolution or Pause issue, otherwise we will not enjoy the video. This experiment guideline is clear. Thank you.
