LOG OF CosmosLaundromat_720p_0_150k_90 SURVEY RESULTS

########
#GRADES#
########

RAW GRADES:
[5 5 5 5 5 5 5 5 5 5 5 5 5 5 5 5 5 5 5 5 5 5 5 5 5 5 5 5 5 5 5 5 5]
[1 1 1 1 1 1 1 1 1 1 1 1 1 1 1 1 1 1 1 1 1 1 1 1 1 1 1 1 1 1 1 1 1]
[4 3 3 3 1 1 3 4 2 4 1 4 2 3 1 1 1 1 3 3 4 1 4 4 2 1 4 4 2 3 2 3 3]
[4 3 3 3 1 1 1 3 2 3 1 4 2 2 1 1 1 2 3 2 2 1 4 4 2 1 2 3 2 2 2 2 2]
[3 3 2 3 1 1 2 3 2 2 1 3 2 2 1 1 1 2 3 2 2 1 4 4 2 1 3 3 2 2 2 2 3]
[2 1 3 3 1 1 1 2 2 3 1 3 2 2 1 1 1 1 3 1 2 1 4 2 2 1 2 3 2 2 2 2 2]
[2 2 2 3 1 1 1 1 2 2 1 3 2 2 1 1 1 2 3 1 3 1 4 3 1 1 3 3 2 2 2 2 2]
MEAN:
[5.    1.    2.576 2.182 2.152 1.879 1.909]
STANDARD ERROR:
[0.    0.    0.201 0.168 0.149 0.141 0.144]

STANDARDIZED GRADES:
[1.528 1.877 1.969 1.871 2.449 2.449 2.121 1.65  2.339 1.721 2.449 1.477
 2.339 2.183 2.449 2.449 2.449 2.291 1.871 2.108 1.789 2.449 1.108 1.342
 2.294 2.449 1.721 1.651 2.339 2.183 2.339 2.183 2.062]
[-1.528 -1.215 -1.477 -1.871 -0.408 -0.408 -0.707 -1.238 -1.108 -1.491
 -0.408 -1.969 -1.108 -1.213 -0.408 -0.408 -0.408 -0.764 -1.871 -0.843
 -1.342 -0.408 -2.339 -1.789 -0.918 -0.408 -1.491 -1.905 -1.108 -1.213
 -1.108 -1.213 -1.334]
[ 0.764  0.331  0.246  0.    -0.408 -0.408  0.707  0.928 -0.246  0.918
 -0.408  0.615 -0.246  0.485 -0.408 -0.408 -0.408 -0.764  0.     0.632
  1.006 -0.408  0.246  0.559 -0.115 -0.408  0.918  0.762 -0.246  0.485
 -0.246  0.485  0.364]
[ 0.764  0.331  0.246  0.    -0.408 -0.408 -0.707  0.206 -0.246  0.115
 -0.408  0.615 -0.246 -0.364 -0.408 -0.408 -0.408  0.     0.    -0.105
 -0.559 -0.408  0.246  0.559 -0.115 -0.408 -0.688 -0.127 -0.246 -0.364
 -0.246 -0.364 -0.485]
[ 0.     0.331 -0.615  0.    -0.408 -0.408  0.     0.206 -0.246 -0.688
 -0.408 -0.246 -0.246 -0.364 -0.408 -0.408 -0.408  0.     0.    -0.105
 -0.559 -0.408  0.246  0.559 -0.115 -0.408  0.115 -0.127 -0.246 -0.364
 -0.246 -0.364  0.364]
[-0.764 -1.215  0.246  0.    -0.408 -0.408 -0.707 -0.516 -0.246  0.115
 -0.408 -0.246 -0.246 -0.364 -0.408 -0.408 -0.408 -0.764  0.    -0.843
 -0.559 -0.408  0.246 -1.006 -0.115 -0.408 -0.688 -0.127 -0.246 -0.364
 -0.246 -0.364 -0.485]
[-0.764 -0.442 -0.615  0.    -0.408 -0.408 -0.707 -1.238 -0.246 -0.688
 -0.408 -0.246 -0.246 -0.364 -0.408 -0.408 -0.408  0.     0.    -0.843
  0.224 -0.408  0.246 -0.224 -0.918 -0.408  0.115 -0.127 -0.246 -0.364
 -0.246 -0.364 -0.485]
MEAN:
[ 2.059 -1.134  0.161 -0.153 -0.181 -0.387 -0.365]
STANDARD ERROR:
[0.064 0.094 0.089 0.063 0.051 0.056 0.055]

#############
#VIDEO ORDER#
#############

RAW ORDERS:
[1 2 7 4 3 5 6]
[1 2 6 3 7 5 4]
[1 2 7 5 6 3 4]
[1 2 4 5 7 6 3]
[1 2 7 6 4 5 3]
[1 2 3 4 6 7 5]
[1 2 5 4 7 6 3]
[1 2 3 5 7 6 4]
[1 2 3 5 7 4 6]
[1 2 4 5 6 7 3]
[1 2 4 3 5 7 6]
[1 2 7 5 4 6 3]
[1 2 3 4 6 5 7]
[1 2 3 5 7 6 4]
[1 2 5 3 4 6 7]
[1 2 7 6 3 5 4]
[1 2 6 4 7 5 3]
[1 2 3 7 5 4 6]
[1 2 6 5 7 3 4]
[1 2 5 7 3 6 4]
[1 2 6 4 5 7 3]
[1 2 7 6 4 5 3]
[1 2 7 3 4 6 5]
[1 2 5 3 4 6 7]
[1 2 6 3 7 4 5]
[1 2 7 3 5 4 6]
[1 2 3 7 6 5 4]
[1 2 7 4 3 5 6]
[1 2 7 6 3 4 5]
[1 2 4 5 6 3 7]
[1 2 3 7 6 5 4]
[1 2 5 4 3 6 7]
[1 2 7 6 4 5 3]

#################
#VIDEO VIEW TIME#
#################

RAW TIMES:
[ 36466  73120  78798  53502 131837 141076  52116  47054  84301  64352
  87084  17520  56203  80390  55106  61957  74259  52202  42862  71015
  38418  71094  43398  50060  49455  49256  46015  68859 127053  66776
  54310  50152 100210]
[ 32767  58007  44909  37371  50278  88208  34216  40124  49826 428139
 105528   5359  38244  79352  40152  40608  47649  37277  18482  37062
  34020  40130  78512  36775  37248  35914  35945  58114  51392  48466
  36252  40762 152548]
[ 31343  63571  40361  34314  71244 526625  32134  35984  38465  36580
  50071  33132  74469 505898  36289  54651  38881  36187  48075  39327
  32932  40121 140537  27467  46702  34875  32924  51048  79290  45091
  39588  39694  67378]
[ 32390  68600  45135  61981  43425 258739  32113  37907  41784  49617
  44712  19689  44344  47071  36649  42236  40239  34518  22961  31358
  43005  52854  36474  24642  34630  35227  33924  82880  24630  42629
  41967  37026  58861]
[31359 58562 55067 34321 62647 90658 32634 35559 36263 49281 87325 27695
 79791 42207 36538 32665 40637 34031 64728 32657 31626 39995 45242 34785
 37720 34955 35062 58397 32844 46874 33246 66462 53962]
[ 30780  66502  48781  35135  52232 223933  31612  38156  38585  37500
  47966  30209  64231  38600  38653  37718  42591  41567  48756  31501
  31668  42196  38671  29031  45624  39191  34393  50197  59006  47877
  32787  48455  55518]
[31980 54912 53826 34263 50935 77235 31062 35975 36708 40656 48429 30527
 46906 39641 36282 65396 39919 33426 39537 33403 32946 43440 48965 33273
 42357 38426 64803 57169 95381 54985 39884 39850 55813]
MEAN:
[65947.758 60595.03  75916.606 48006.576 45933.182 47867.333 45706.364]

#################
#GRADE VIEW TIME#
#################

RAW TIMES:
[ 4244 11746  6862  4984 10819  8726  3052  4957  6777 20739  8928  2867
  6351 15849  8316  9316  7261  5138 11010  3585  4099  9432 22271  4123
  5593  5384  7136 12621  8244 10069 32057  6548  8843]
[ 4605  8944  6445  4642 14077 10136  3099  7662  7115  6780 76665  3446
  7051 22037  5210  7032  5952  4821  8692  3887  4229  6076  8595  4591
  4124  4753  6775 12511 11886  9911 78772  5321  9675]
[ 4002 14902  6873  4604 30655 15275  3580 10374 15250  4551 18808  5435
 11200 14943  6508  9895  6950 51489  8453  3827  3827  6629  5010  6119
  5110  4667  7918 10884  8412  7229 10377  8213  9931]
[ 8649 18480  7889  6170 16417 11407  3437  7040  5271  8718 16246  3570
 32929  7338  6159  8094  6451  5925  8007  4890  4356  6019  4780  5597
 27498  4714  4990 16727  7068 11286  4113  7517  8038]
[ 3973 10559  7088  4767  6577  8708  4711  7309  5222  7105  7848  3307
  6665  8451  9116  6858  7392  4522  8386  7183  4240  5947  6610  6649
  3520  4777  8976 15754  6352  6432  4050 12938  8202]
[ 4898 25003  7768  3780  7028  8008  2898  5038  4934  4751  9823  6104
  9289  7614  5491  7513  9698  8657 12826  4867  6031  9798  5680  4647
 15799  4697  6894  9485 45644  7002  4553  5141  9520]
[ 6816  8967 18163  4332 10717  6831  3129  9164  5532  4683  7465  7495
  6450  5671  5512 10089  6722  5562  8394  6781  4569  8677 22802  5319
  5616  6894  7235 19692 20796  6962  6044  5206 10181]
MEAN:
[ 9028.697 11682.333 10360.606  9266.364  6975.576  8814.515  8438.424]

###############
#DEVICE COUNTS#
###############

Desktop: 19
Laptop: 13
Tablet: 0
Smart phone: 1
Other device: 0

##################
#AGE GROUP COUNTS#
##################

18 - 24: 2
25 - 31: 6
32 - 38: 15
39 - 45: 4
46 - 52: 3
53 - 59: 2
60 and above: 1

################
#NETWORK COUNTS#
################

WiFi: 16
Cable network: 13
Cellular network: 3
Other: 1

###########
#REASONING#
###########

A2H8GNSEVUJXYL: so much expression is conveyed in the face of an animated character that is the thing that must not be obscured
A1UM7U8DA3RMA9: Watching videos with low resolution and pause issue will be annoying and disturbing. Experiment guidelines are clear.
A1L8RL58MYU4NC: The Quality damage blur annoyed me a lot no one will like this kind of annoying clips. The Guidelines for this experiment is very clear. Attention check and grading doesn't confused me
A219VCQZADQ45W: BRIEF PAUSE, OR A LITTLE BLURRY CAN BE ANNOYING ESPECIALLY IF IT IS RIGHT BEFORE A GOAL OR JUMPING OFF A CLIFF
A3N5RTXKN4I723: resolution decrease
A2BO8M77CS3SGZ: Poor quality frames in animatation movies doesn't matter to me. The guidelines for the study are easy. The study is interesting.
A31Z5TPD8QKE26: when the blurry damage was during a section that was already normally blurry, I didn't think it was as bad as the other times.
A26UIS59SY4NM6: Some of the damage happened suddenly. This was jarring and annoying. Again, especially at the end of the video more than the beginning.
A1IU5OP7BBZHZ7: got struck in between videos makes loose patience, Blurring for very few seconds makes no difference from the good one
A38NFX88VZDMJ3: If the low quality was happening at important points
A122E99M2DQY1G: resolution decrease
A3PGUPNMOU5BPW: When the blur happens in the beginning of cosmos laundrymat it isn't super noticable. The rest were a little bit of an annoyance.
A1NOINYD1FZ55T: During the videos found blurry some seconds.Not confusing.I grade easy to all videos.
A30YUELTPFSF0T: Video Resolution Decreased and No Pause. it affects the Quality of Entertainment. Overall it is Poor.
A6DX45U3O1CR: resolution decrease
A3B67I3A0YR2D: Video resolution decrease
AH22ILXQFI4R2: resolution decrease
A1AZAC9CPBEP6K: The damages to the video didn't really affect me much since the quality stayed the same for most of it.The guidelines were easy to understand and I didn't have any issues with the attention checks.
A272A0JGRTBFCR: Thanks for your ​OUTSTANDING HITS and i would thank you for giving me the chance to participate and you are helping make me better.
A3OLRWACCCCUTU: The resolution issues while the red leaves are showing aren't as bad as when the caterpillars starts examining himself, as he is supposed to be gaining clarity.
A1N62PWMUOG2YY: When the video quality was bad, near the beginning, it was annoying and affected the overall quality of the video because I could not see the details of the landscape. In this video, the landscape is very detailed with rich reds, flying animals, bubbles, etc. so even a bit of blurriness really affects the quality. Blurriness when the bug was stretching his legs was mildly annoying, but not too much because in general, I could see what was going on and the blurriness did not detract from my viewing experience.
A3UM3RQRAL4DP5: resolution decrease
A1NH9LK567B862: The quality affects when it starts blurred. The guideline is so clear and there is no confusion while grading the video
A1IHI23KH87K5W: Not too bad, depends when blurring happens
A2YHSU2IJZ9J14: More grading examples will be helpful.
A2QD9PJUKW7PKK: video resolution was too low and i can't see properly the image in video so that's why given bad rating. there was no 2 sec paused in video.
A3O7X46E3REM7I: It makes the viewing experience annoying. Everything was clear.
A3P2WQO8VESWF2: The extent of annoyance in watching experience created by quality damage depends on when it occurs. In the video clips, in my opinion, those which occurs in  the early part of the video clip are tolerable than those occuring afterwards. Because in the video itself  viewing clarity is achieved in the later stages only. The experiment guidelines, grading and attention checks were simple.
ARTQWWNFA7IOD: Noticed extra resolution decreased when compared with excellent grade reference
A11SX02CICZN85: It just affect my eagerness to watch the clip. The guidelines for this HIT is very clear as always. I haven't confused in grading
AW2LIJBEY8QUE: The timing doesn't affect me very much. Quality degradation at any time is equally annoying. It's why I prefer downloads to streaming for animation. The guidelines were clear, although the attention check is a bit silly and could be confusing.
ASWZO1WY1UHEP: I can't confuse attention checks and instruction was understandable. I can clearly, find the damage or quality of the video. Video quality was poor. All videos resolution was decreased.
AVPD36WUJKJFS: For these type animation videos should not have any low resolution or Pause issue, otherwise we will not enjoy the video. This experiment guideline is clear. Thank you.
