LOG OF CosmosLaundromat_720p_0_300k_180 SURVEY RESULTS

########
#GRADES#
########

RAW GRADES:
[5 5 5 5 5 5 5 5 5 5 5 5 5 5 5 5 5 5 5 5 5 5 5 5 5 5 5 5 5 5 5 5 5]
[1 1 1 1 1 1 1 1 1 1 1 1 1 1 1 1 1 1 1 1 1 1 1 1 1 1 1 1 1 1 1 1 1]
[4 3 3 3 3 3 1 3 1 4 2 1 4 5 3 3 1 1 4 4 1 4 4 4 5 3 2 4 2 3 3 3 3]
[3 3 2 3 3 2 1 2 1 3 2 1 4 4 2 1 1 1 4 3 1 2 4 4 5 3 2 4 2 4 3 2 3]
[3 3 3 3 3 3 1 2 1 3 2 1 4 4 2 1 1 1 4 2 1 3 4 4 3 3 2 4 2 3 3 3 3]
[3 3 3 3 3 3 1 2 1 3 2 1 4 4 3 1 1 1 4 2 1 3 4 3 4 3 2 4 2 2 2 2 3]
[3 3 4 3 4 3 1 1 1 2 2 1 4 4 2 1 1 1 4 2 1 2 4 3 4 3 2 4 2 3 2 3 3]
MEAN:
[5.    1.    2.939 2.576 2.576 2.515 2.515]
STANDARD ERROR:
[0.    0.    0.201 0.197 0.177 0.177 0.192]

STANDARDIZED GRADES:
[1.651 1.871 1.673 1.871 1.651 1.905 2.449 2.124 2.449 1.673 2.339 2.449
 1.108 0.918 2.062 2.157 2.449 2.449 1.108 1.789 2.449 1.721 1.108 1.334
 0.843 1.871 2.339 1.108 2.339 1.673 1.969 1.969 1.871]
[-1.905 -1.871 -1.673 -1.871 -1.905 -1.651 -0.408 -1.006 -0.408 -1.673
 -1.108 -0.408 -2.339 -2.294 -1.334 -0.588 -0.408 -0.408 -2.339 -1.342
 -0.408 -1.491 -2.339 -2.062 -2.108 -1.871 -1.108 -2.339 -1.108 -1.673
 -1.477 -1.477 -1.871]
[ 0.762  0.     0.     0.    -0.127  0.127 -0.408  0.559 -0.408  0.837
 -0.246 -0.408  0.246  0.918  0.364  0.784 -0.408 -0.408  0.246  1.006
 -0.408  0.918  0.246  0.485  0.843  0.    -0.246  0.246 -0.246  0.
  0.246  0.246  0.   ]
[-0.127  0.    -0.837  0.    -0.127 -0.762 -0.408 -0.224 -0.408  0.
 -0.246 -0.408  0.246  0.115 -0.485 -0.588 -0.408 -0.408  0.246  0.224
 -0.408 -0.688  0.246  0.485  0.843  0.    -0.246  0.246 -0.246  0.837
  0.246 -0.615  0.   ]
[-0.127  0.     0.     0.    -0.127  0.127 -0.408 -0.224 -0.408  0.
 -0.246 -0.408  0.246  0.115 -0.485 -0.588 -0.408 -0.408  0.246 -0.559
 -0.408  0.115  0.246  0.485 -0.632  0.    -0.246  0.246 -0.246  0.
  0.246  0.246  0.   ]
[-0.127  0.     0.     0.    -0.127  0.127 -0.408 -0.224 -0.408  0.
 -0.246 -0.408  0.246  0.115  0.364 -0.588 -0.408 -0.408  0.246 -0.559
 -0.408  0.115  0.246 -0.364  0.105  0.    -0.246  0.246 -0.246 -0.837
 -0.615 -0.615  0.   ]
[-0.127  0.     0.837  0.     0.762  0.127 -0.408 -1.006 -0.408 -0.837
 -0.246 -0.408  0.246  0.115 -0.485 -0.588 -0.408 -0.408  0.246 -0.559
 -0.408 -0.688  0.246 -0.364  0.105  0.    -0.246  0.246 -0.246  0.
 -0.615  0.246  0.   ]
MEAN:
[ 1.841 -1.463  0.175 -0.118 -0.109 -0.165 -0.16 ]
STANDARD ERROR:
[0.084 0.113 0.078 0.071 0.051 0.053 0.072]

#############
#VIDEO ORDER#
#############

RAW ORDERS:
[1 2 7 6 5 4 3]
[1 2 7 5 4 6 3]
[1 2 7 6 3 5 4]
[1 2 5 6 3 7 4]
[1 2 3 5 4 6 7]
[1 2 4 7 3 6 5]
[1 2 4 5 7 6 3]
[1 2 6 4 5 3 7]
[1 2 3 7 5 4 6]
[1 2 3 5 6 4 7]
[1 2 7 6 4 3 5]
[1 2 6 7 4 5 3]
[1 2 3 7 4 6 5]
[1 2 5 6 4 7 3]
[1 2 7 6 3 4 5]
[1 2 4 3 5 6 7]
[1 2 7 6 5 4 3]
[1 2 3 4 5 6 7]
[1 2 6 4 3 7 5]
[1 2 4 6 5 7 3]
[1 2 3 5 7 4 6]
[1 2 3 6 4 7 5]
[1 2 4 5 3 7 6]
[1 2 6 5 4 7 3]
[1 2 7 3 5 6 4]
[1 2 4 7 3 6 5]
[1 2 3 6 5 4 7]
[1 2 3 6 4 7 5]
[1 2 4 6 5 7 3]
[1 2 5 7 4 6 3]
[1 2 7 4 5 3 6]
[1 2 5 3 4 6 7]
[1 2 3 5 4 6 7]

#################
#VIDEO VIEW TIME#
#################

RAW TIMES:
[ 43483  98795  58368 102265  26932  56173  63731 212019  45915 159282
  72078  88808  36710 116949  69520  53674  49511  61034  31039  54310
  76948 117422  47695  80506  59535  48416  44708  88617  53089  70254
 175491  75075  63826]
[ 34162  61392  63732 153445  12934  56473  56217  60144  41809  60567
  42099 104557  14159 102163  42487  35763  37873  43830  23956  52208
  40931  57258  38063  42577  37548  36268  35154  70987  19420  54729
  78010  40841  62225]
[ 31671  53934  31458 105572  40335  48135  38705  72415  37793  48311
  65891  48284  33506  77595  93582  34597  42856 115249  22690  56740
  71567  91846  41257  44246  68311  41975  43716  50443  43663  50170
  42686  62969  79840]
[30303 62785 32473 94061 34291 38821 77564 73726 37343 46551 35238 87208
 30718 67571 46293 52241 39776 39739 21715 31905 37482 53399 39572 36612
 35742 50046 33572 53926 56076 45700 46677 42118 54133]
[ 30662  59161  31224 146214  34249  47005  73802  69643  36505  41687
  40934  45781  29986  97270  52367  36017  37462  42052  28263  31607
  38096  55942  66856  40940  34802  43784  32556  57479  68758  59789
  46190  74502  55882]
[ 30898  56839  31082 159052  37463  47533  71211  80618  34545  49026
  35607  44786  31025  78701  46616  35534  36296  39052  53815  31228
  48212  62327  35731  55865  35939  49288  44429  55237 283936  54409
  41441  40485  56825]
[ 66507  62932  32536  77983  34594  49077 128205  77361  93109  33565
  36049  58520  30643 127074  69553  35436  38137  38552  32501  31672
  45293  58544  38358  37262  59845  36156  50654  55449  46352  55468
 250066  36945  54252]
MEAN:
[75823.576 51938.818 55515.394 47435.667 51135.364 57425.788 59959.091]

#################
#GRADE VIEW TIME#
#################

RAW TIMES:
[ 6671 12918  2886 16574  5966 14682  9637  7539  5466  3993  5330  9379
  3545  9206  9057  3420  5428  8359  7725  5627  6114  6723  5345  9154
  5988  3870  4576 17960  7877  8277 19589  7275  9786]
[ 4330  8292  2743 12956 14537  6601 20141 14633 12067  4401  5303 80236
  3570 11002 11440  3264  5773  9110  8396  4556  9588  7361  4920  6840
  5057  3801  4119 23402 10854  7674 33876  9402  9471]
[  3906   8960   4429   8333   6955   8544   9525   5269   9354  15868
   5328   9479   5553   6075  79680   4065   4880  28651   7868   7344
  11798  10619   5425   6670   5217  10529   6182 119981   7240   6321
   7319   6543  11431]
[ 4396  8277  4102  6571  4731 46627 34123  7264  6200  4780  4844  7655
  5704 10618 12161 10457 10574  8549  7375 49740  8160  9115  7107  6835
  7230  6454 13700 19582 10415  9330 13292 39519 13370]
[  7432  10806   2751 228601   5669   6846  24017   8313   7126   3848
   5235  10063   3130  33190  13279   3129   5759   7586   8923   4243
   8303  10271   4995  17418   7799   4453   4242  37241  11582  10717
  10421  10382  10747]
[ 3669 14731  3217  8318  3952  7806  7265  8394 81887  5273  5196 13113
  3393 18512  6415  3191  5345  6500  8849  5299  7321  8233 73711 13665
  4551  4020  7231 14643  9831  9546  9164 10852  8129]
[10986 22796  5372 17609  4115  9221 11550  9417  7669  6447  6836 10598
  4409  8863 19904  3404 13335  6440  8910  3646  6933 10685  5041 13318
  8102  4738  3991 20710 10007  6644 18189  6573 10062]
MEAN:
[ 8058.848 11506.545 13798.212 12692.636 16621.727 12158.242  9591.515]

###############
#DEVICE COUNTS#
###############

Desktop: 18
Laptop: 15
Tablet: 0
Smart phone: 0
Other device: 0

##################
#AGE GROUP COUNTS#
##################

18 - 24: 1
25 - 31: 4
32 - 38: 19
39 - 45: 5
46 - 52: 2
53 - 59: 2
60 and above: 0

################
#NETWORK COUNTS#
################

WiFi: 17
Cable network: 13
Cellular network: 2
Other: 1

###########
#REASONING#
###########

A2H8GNSEVUJXYL: this is a retake of url http://ec2-54-189-36-205.us-west-2.compute.amazonaws.com:3013/
A1UM7U8DA3RMA9: Watching videos with low resolution and pause issue will be annoying and disturbing. Experiment guidelines are clear.
A3UUH3632AI3ZX: only at the beginning where it shows the forest, was it fairly annoying. everything else was very slightly annoying. 
AJZBAP861F6X1: very slightly blur videos.
A8FUMDQFBKMXR: decrease in quality with the caterpillar in the scene is more notciable
A1L8RL58MYU4NC: The Quality damage blur annoyed me a lot no one will like this kind of annoying clips. The Guidelines for this experiment is very clear. Attention check and grading doesn't confused me
A3N5RTXKN4I723: resolution decrease
A2BO8M77CS3SGZ: Poor quality frames in animatation movies doesn't matter to me. The guidelines for the study are easy. The study is interesting.Looking forward to work more on these.Thank you
ASPRULQHB8B1F: Since the original video uses focus to makes us notice the perspective of the protagonist, when it loses focus due to bad quality, it is really confusing
A31Z5TPD8QKE26: since part of the animation is already blurry, the damage being blurry didn't seem too bad.
A1IU5OP7BBZHZ7: got struck in between videos makes loose patience, Blurring for very few seconds makes no difference from the good one
A122E99M2DQY1G: resolution decrease
A3PGUPNMOU5BPW: These blurs are hardly noticable. It was pretty tough with the last three to tell the difference.
A1NOINYD1FZ55T: During the videos found blurry some seconds.
A30YUELTPFSF0T: Video Resolution Decreased and No Pause. it affects the Quality of Entertainment. Overall it is Poor.
A3169N2SCN3ENK: The quality makes me lose focus on what I am watching and it takes away from my concentration.  The experiment guideline is clear.  I am not confused about the grading.
A6DX45U3O1CR: resolution decrease
AH22ILXQFI4R2: resolution decrease
A272A0JGRTBFCR: Thanks for your ​OUTSTANDING HITS and i would thank you for giving me the chance to participate and you are helping make me better.
A3OLRWACCCCUTU: When the resolution issues were in the beginning where the trees were shown, they were not that impactful.  They were moreso when the caterpillar was shown but even then, it was not totally blurred.
A3UM3RQRAL4DP5: resolution decrease
A3QZMGTVA4VO44: The quality damage didn't cause serious affect in my watching experience. The guidelines are clear and nothing is confusing. Side-by-side comparison is highly helpful in grading. 
A1NH9LK567B862: The quality affects when it starts blurred. The guideline is so clear and there is no confusion while grading the video
A18LFH7XW61JO9: Experiment guideline is clear and I was not confused about the grading or the attention check. Quality damage at different moments affected my viewing experience differently.
A1IHI23KH87K5W: Because the anime has some blurring effects in, and the damage is subtle, really makes no difference to overall enjoyment of this clip
A2YHSU2IJZ9J14: May want to consider using 2 or 3 different videos for each task. After viewing the same video a few times, the person grading it already know what to expect and the effect of annoyance due to video damage may not be as great.
A2QD9PJUKW7PKK: some videos were tricky and i need to look carefully that when the image goes low resolution. Else there was no 2 sec paused and experiment guideline is clear.
A3P2WQO8VESWF2: In these video clips the extent of decrease in low resolution is tolerable. Hence it does not much affect watching experience. experiment guidelines and attention checks are not confusing.
ARTQWWNFA7IOD: Noticed extra resolution decreased when compared with excellent grade reference
A11SX02CICZN85: It just affect my eagerness to watch the clip. The guidelines for this HIT is very clear as always. I haven't confused in grading
A4T7PYGN1BE2P: The Guideline are clear and it is annoying when video quality decreased.
ASWZO1WY1UHEP: I can't confuse attention checks and instruction was understandable. I can clearly find the damage or quality of the video. Video quality was slightly poor. All videos, resolution was decreased.
AVPD36WUJKJFS: For these type animation videos should not have any low resolution or Pause issue, otherwise we will not enjoy the video. This experiment guideline is clear. Thank you.
