LOG OF FantasticFinish2013_01_04BoysBasketball_Lakeviewvs_2_500k_360 SURVEY RESULTS

########
#GRADES#
########

RAW GRADES:
[5 5 5 5 5 5 5 5 5 5 5 5 5 5 5 5 5 5 5 5 5 5 5 5 5 5 5 5 5 5]
[1 1 1 1 1 1 1 1 1 1 1 1 1 1 1 1 1 1 1 1 1 1 1 1 1 1 1 1 1 1]
[3 2 4 1 3 1 5 1 3 3 2 1 1 1 4 2 1 3 1 4 2 3 3 2 2 1 1 2 2 4]
[3 1 4 1 2 1 3 1 2 2 1 1 1 1 1 1 1 3 1 3 1 2 2 2 2 1 1 1 2 3]
[3 1 4 1 2 1 4 1 2 2 1 1 1 1 3 1 1 3 1 3 1 2 1 1 3 1 1 2 2 3]
[3 1 4 2 2 1 3 1 2 3 1 1 1 1 3 1 1 3 1 4 1 3 2 2 2 1 1 1 2 3]
[4 1 4 2 3 1 4 1 2 3 1 1 1 1 4 1 1 3 1 3 2 3 2 3 2 1 1 2 2 3]
MEAN:
[5.    1.    2.267 1.7   1.8   1.9   2.1  ]
STANDARD ERROR:
[0.    0.    0.21  0.157 0.179 0.179 0.196]

STANDARDIZED GRADES:
[1.651 2.372 1.108 2.319 2.062 2.449 1.104 2.449 2.183 1.969 2.372 2.449
 2.449 2.449 1.414 2.372 2.449 1.871 2.449 1.477 2.319 1.969 2.124 2.124
 2.183 2.449 2.449 2.291 2.339 1.651]
[-1.905 -0.516 -2.339 -0.632 -1.334 -0.408 -1.988 -0.408 -1.213 -1.477
 -0.516 -0.408 -0.408 -0.408 -1.414 -0.516 -0.408 -1.871 -0.408 -1.969
 -0.632 -1.477 -1.006 -1.006 -1.213 -0.408 -0.408 -0.764 -1.108 -1.905]
[-0.127  0.206  0.246 -0.632  0.364 -0.408  1.104 -0.408  0.485  0.246
  0.206 -0.408 -0.408 -0.408  0.707  0.206 -0.408  0.    -0.408  0.615
  0.105  0.246  0.559 -0.224 -0.364 -0.408 -0.408  0.    -0.246  0.762]
[-0.127 -0.516  0.246 -0.632 -0.485 -0.408 -0.442 -0.408 -0.364 -0.615
 -0.516 -0.408 -0.408 -0.408 -1.414 -0.516 -0.408  0.    -0.408 -0.246
 -0.632 -0.615 -0.224 -0.224 -0.364 -0.408 -0.408 -0.764 -0.246 -0.127]
[-0.127 -0.516  0.246 -0.632 -0.485 -0.408  0.331 -0.408 -0.364 -0.615
 -0.516 -0.408 -0.408 -0.408  0.    -0.516 -0.408  0.    -0.408 -0.246
 -0.632 -0.615 -1.006 -1.006  0.485 -0.408 -0.408  0.    -0.246 -0.127]
[-0.127 -0.516  0.246  0.105 -0.485 -0.408 -0.442 -0.408 -0.364  0.246
 -0.516 -0.408 -0.408 -0.408  0.    -0.516 -0.408  0.    -0.408  0.615
 -0.632  0.246 -0.224 -0.224 -0.364 -0.408 -0.408 -0.764 -0.246 -0.127]
[ 0.762 -0.516  0.246  0.105  0.364 -0.408  0.331 -0.408 -0.364  0.246
 -0.516 -0.408 -0.408 -0.408  0.707 -0.516 -0.408  0.    -0.408 -0.246
  0.105  0.246 -0.224  0.559 -0.364 -0.408 -0.408  0.    -0.246 -0.127]
MEAN:
[ 2.111 -1.016  0.026 -0.417 -0.342 -0.259 -0.104]
STANDARD ERROR:
[0.073 0.111 0.08  0.05  0.061 0.055 0.069]

#############
#VIDEO ORDER#
#############

RAW ORDERS:
[1 2 4 6 5 3 7]
[1 2 3 6 5 7 4]
[1 2 7 6 5 3 4]
[1 2 7 5 3 6 4]
[1 2 7 3 4 6 5]
[1 2 5 6 3 7 4]
[1 2 5 4 6 7 3]
[1 2 5 4 3 7 6]
[1 2 3 4 7 6 5]
[1 2 5 7 6 4 3]
[1 2 7 4 3 6 5]
[1 2 6 5 7 4 3]
[1 2 4 5 7 6 3]
[1 2 7 4 3 5 6]
[1 2 3 4 5 7 6]
[1 2 7 3 6 5 4]
[1 2 5 7 6 3 4]
[1 2 4 5 3 7 6]
[1 2 5 3 7 4 6]
[1 2 7 4 6 3 5]
[1 2 6 5 4 3 7]
[1 2 7 6 3 4 5]
[1 2 5 3 6 4 7]
[1 2 7 5 3 6 4]
[1 2 5 7 4 6 3]
[1 2 3 7 4 5 6]
[1 2 5 4 7 6 3]
[1 2 5 3 4 7 6]
[1 2 5 3 4 7 6]
[1 2 3 5 4 7 6]

#################
#VIDEO VIEW TIME#
#################

RAW TIMES:
[ 47352  82875 101883  91055  43189  47266  64529  58136  26867  99086
  68875  50070  49818  44172  51757  75564  64127 117577  46206  42218
  42068  38963  36384  60009  59526  46046  77555  79404  35518  71500]
[36577 47823 34903 95150 29538 38713 40995 54351 18483 33104 44163 34168
 33219 44854 29496 28039 38988 70471 57788 32164 30747 29359 26401 42989
 34381 35909 36085 41845 31398 42302]
[ 60519  52223  36261 329431  29962  57693  37513  48119  36298  36102
  73752  30686  34512  52231  47295  38776  41490  60685  49928  33241
  30618  49766  27276  41849  35993  44444  35000  36255  39104  42577]
[ 37419  40626  31178 101885  30850  35176  36811  39187  45034  34596
  62513  32832  32563  34817  41021  27119  39834  67311  37896  29373
  32220  40590  27273  46913  39292  33623  36369  39899  30092  40391]
[ 59771  49883  31962 137139  28668  34414  55290  34436  22151  50279
  47988  31149  33774  34452  41836  26185  35918  53562  39881  36699
  30251  51418  26014  42098  35541  33163  36166  37348  32728  52341]
[ 35899  49002  32483 252913  29711  68849  44587  31494  21975  36393
  40192  41665  37662  31215  44521  27660  36859  62091  43731  31416
  41677  29409  29031  40815  36815  40247  38423  35298  31803  53471]
[ 36802  45734  31071 103999  30587  34700  37770  49473  24528  35066
  83246  32609  32781  30266  46755  27332  39120  57361  51511  29379
  29553  30838  27397  72055  41243  36250  71274  37038  48355  44930]
MEAN:
[60653.167 39813.433 52319.967 40156.767 42083.5   45910.233 43300.767]

#################
#GRADE VIEW TIME#
#################

RAW TIMES:
[ 8268  7239  5649 12997  3738 13158 17939  5697  4073  5628 11290  3887
  9586 37684  6495  3871  8045  7238  4519  4307  4124  5095  5617  9007
  7201  8423  8983  8123  4695  8364]
[16042 22160  6552  8946  3195  8001  7075  6337  4354  4875  8078  4133
  9554 14824 10609 12160 11824  7825  5445  4206  3868  5524  5210  9589
  9891 23141 10640 45464  4884  9246]
[ 8000 12090  4512 14191  3812  8423  6639  5599 16582  9173  9970  6065
  6657 13469 15326  5376  8225 20771 11691  7035  8398  4539  7145  9792
  7405  8711  8306 18007  5146 12644]
[ 9864  6693  5931  6035  4155  9783  6474  5771  3472  8236 14655  4101
  9012 18658  6801  4025 10856 15561  5720  5358  3437  6716  6661  9739
  8066  8921  7386 13244  5529 19435]
[20114  8109  5508 10445  3220 17418 15070  9199  5333 12719 18394  3507
  8394  8264  8447  4827 14011 19153  7029 10400 20734  9515  6825  9394
 23716  6372 11509 32494  8458 14336]
[ 5870  6955  5688 14538  3170  8535  5870  5775 11159  5135  8816 12694
  7532  7323  6901  3849  8104  8703  5080  6216 11271  5391  7138 12506
  7231  6329  6904 11510  4750  7201]
[11689  7327  7432 15944  5400  6643  5859  6673 12122  7675 11854  4108
  7532 18159  9426 13257  8160  9235  5970  7286  5440 10671  5826 14329
  9804  6322  8152 11923  5790  6936]
MEAN:
[ 8364.667 10121.733  9456.633  8343.167 11763.8    7604.8    8898.133]

###############
#DEVICE COUNTS#
###############

Desktop: 16
Laptop: 14
Tablet: 0
Smart phone: 0
Other device: 0

##################
#AGE GROUP COUNTS#
##################

18 - 24: 1
25 - 31: 4
32 - 38: 16
39 - 45: 6
46 - 52: 2
53 - 59: 1
60 and above: 0

################
#NETWORK COUNTS#
################

WiFi: 17
Cable network: 10
Cellular network: 2
Other: 1

###########
#REASONING#
###########

A1UM7U8DA3RMA9: Watching videos with low resolution and pause issue will be annoying and disturbing, that too at the time of playing some exciting moments.  Experiment guidelines are clear.
AJZBAP861F6X1: video got paused and blur, very annoying
A8FUMDQFBKMXR: Pauses and decrease in quality during winning shot are upsetting
A2BO8M77CS3SGZ: Poor quality at important times are very annoying to watch.
A31Z5TPD8QKE26: both the stalling and blurry damage happening at the same time is always frustrating.  When it happens during the last seconds of game play, it's always worse than at other less important moments.
A1IU5OP7BBZHZ7: resolution decrease occurs a very fraction of second , or it is cameras effect is a confusion
A38NFX88VZDMJ3: If the pause wasn't in the middle of the game
A122E99M2DQY1G: resolution decrease and video pause
A3PGUPNMOU5BPW: These were fairly annoying. I guess at the end it didn't matter as much because it was just footage of the hoop and referee. 
A70L26UXLTGLC: It's just intuitive on feelings between good and fair here. When there is a pause in more animation movement it's more annoying.
A30YUELTPFSF0T: Really it was a fantastic finish, But video resolution decreasing as well as it was paused. it was really disturbing while watching.
A3169N2SCN3ENK: The quality makes me lose focus on what I am watching and it takes away from my concentration.  The experiment guideline is clear.  I am not confused about the grading.
A6DX45U3O1CR: found both resolution decrease and video pause for more than one second
A1NJ6Q940T7HEB: Found both resolution decrease and video pause
A272A0JGRTBFCR: Thanks for your ​OUTSTANDING HITS and i would thank you for giving me the chance to participate and you are helping make me better.
A3OLRWACCCCUTU: The experience was impacted mostly by when the resolution issue occured, with it being worse when it was while the players and ball were traveling.  The freezing had less negative impact.
A3UM3RQRAL4DP5: both video pausing and video resolution decrease
A3QZMGTVA4VO44: Quality damage in the starting as well as after the ball shoot is made, it is not making any difference at all. But damage during the game affects my experience. The guidelines are very clear and nothing is confusing about the grading.
A1NH9LK567B862: The video quality damaged at each and every video. It just blurred and paused for a second. The experiment guide is so clear which helps in grading the videos without any confusions.
A1IHI23KH87K5W: Low level blur for short time is not a problem, whenever it occurs. Pausing is different, totally depends on context.
A2YHSU2IJZ9J14: More grading examples will be helpful.
A2QD9PJUKW7PKK: ranking i had given based on the video resolution.there was also 2 sec paused in video but resolution was not good but not low in some videos. experiment guideline is clear. No confusion regarding grading or the attention check
A3O7X46E3REM7I: It makes the viewing experience annoying. Everything was clear.
A3P2WQO8VESWF2: Video quality damages of both decrease in resolution and video pause are seen in these videos. They are most disturbing at certain time periods of the video, like when attempting to put the ball into the basket and during the passing of the ball by the players near the goal post etc. At other situations they can be tolerated eventhough they affect the viewing experience. The experiment guide lines and attention checks were easy to understand.
A1S34BUFNQ33SQ: All the videos paused and blurred, Some of the videos while throwing the ball to Basketball net got blurred and paused, In couple of videos while giving the pass to other person it got paused, which is effecting the video
A11SX02CICZN85: It just affect my eagerness to watch the clip. The guidelines for this HIT is very clear as always. I haven't confused in grading
A3QS7M912JGKFD: video pause and resolution decreased
A4T7PYGN1BE2P: Guideline is clear.. and it is  annoying when video get paused and  quality decreased
ASWZO1WY1UHEP: Attention check was clear and also instruction was clear. I can clearly find the damage or quality of the video. Video quality was very poor. I feel little bit disturbance to watch the video based on the quality. All videos, resolution was decreased and paused more than 1 second. 
AVPD36WUJKJFS: Video getting pause for a second or resolution getting low will be irritating thing, mainly when we are watching some live sports; this experiment guideline is clear and not confused.
