LOG OF FantasticFinish2013_01_04BoysBasketball_Lakeviewvs_0_500k_360 SURVEY RESULTS

########
#GRADES#
########

RAW GRADES:
[5 5 5 5 5 5 5 5 5 5 5 5 5 5 5 5 5 5 5 5 5 5 5 5 5 5 5 5 5 5]
[1 1 1 1 1 1 1 1 1 1 1 1 1 1 1 1 1 1 1 1 1 1 1 1 1 1 1 1 1 1]
[4 4 4 4 4 3 4 5 5 1 4 1 3 1 1 1 4 4 1 4 4 3 4 3 3 4 3 5 2 3]
[4 4 2 4 3 2 3 5 3 1 3 2 1 1 1 1 3 2 1 4 3 2 4 3 2 4 2 4 2 4]
[4 4 3 4 3 2 4 5 3 1 3 3 2 1 1 1 3 2 1 4 4 2 4 3 2 3 2 3 2 3]
[4 4 4 4 3 3 4 5 4 1 4 3 2 1 1 1 3 2 1 4 4 2 4 3 2 3 3 4 2 3]
[4 4 4 4 4 3 4 5 5 1 3 3 2 1 1 1 3 3 1 4 4 3 4 3 3 5 3 4 2 3]
MEAN:
[5.    1.    3.2   2.667 2.733 2.933 3.133]
STANDARD ERROR:
[0.    0.    0.233 0.213 0.2   0.21  0.22 ]

STANDARDIZED GRADES:
[1.108 1.108 1.342 1.108 1.477 1.969 1.213 0.408 0.928 2.449 1.477 1.877
 2.124 2.449 2.449 2.449 1.651 1.789 2.449 1.108 1.213 2.062 1.108 1.871
 2.062 1.104 1.969 1.006 2.339 1.651]
[-2.339 -2.339 -1.789 -2.339 -1.969 -1.477 -2.183 -2.449 -1.96  -0.408
 -1.969 -1.215 -1.006 -0.408 -0.408 -0.408 -1.905 -1.342 -0.408 -2.339
 -2.183 -1.334 -2.339 -1.871 -1.334 -1.988 -1.477 -2.124 -1.108 -1.905]
[ 0.246  0.246  0.559  0.246  0.615  0.246  0.364  0.408  0.928 -0.408
  0.615 -1.215  0.559 -0.408 -0.408 -0.408  0.762  1.006 -0.408  0.246
  0.364  0.364  0.246  0.     0.364  0.331  0.246  1.006 -0.246 -0.127]
[ 0.246  0.246 -1.006  0.246 -0.246 -0.615 -0.485  0.408 -0.516 -0.408
 -0.246 -0.442 -1.006 -0.408 -0.408 -0.408 -0.127 -0.559 -0.408  0.246
 -0.485 -0.485  0.246  0.    -0.485  0.331 -0.615  0.224 -0.246  0.762]
[ 0.246  0.246 -0.224  0.246 -0.246 -0.615  0.364  0.408 -0.516 -0.408
 -0.246  0.331 -0.224 -0.408 -0.408 -0.408 -0.127 -0.559 -0.408  0.246
  0.364 -0.485  0.246  0.    -0.485 -0.442 -0.615 -0.559 -0.246 -0.127]
[ 0.246  0.246  0.559  0.246 -0.246  0.246  0.364  0.408  0.206 -0.408
  0.615  0.331 -0.224 -0.408 -0.408 -0.408 -0.127 -0.559 -0.408  0.246
  0.364 -0.485  0.246  0.    -0.485 -0.442  0.246  0.224 -0.246 -0.127]
[ 0.246  0.246  0.559  0.246  0.615  0.246  0.364  0.408  0.928 -0.408
 -0.246  0.331 -0.224 -0.408 -0.408 -0.408 -0.127  0.224 -0.408  0.246
  0.364  0.364  0.246  0.     0.364  1.104  0.246  0.224 -0.246 -0.127]
MEAN:
[ 1.644 -1.611  0.211 -0.222 -0.169 -0.006  0.152]
STANDARD ERROR:
[0.102 0.122 0.089 0.076 0.062 0.065 0.07 ]

#############
#VIDEO ORDER#
#############

RAW ORDERS:
[1 2 6 4 5 3 7]
[1 2 4 7 5 3 6]
[1 2 4 3 5 6 7]
[1 2 7 4 3 5 6]
[1 2 3 7 5 6 4]
[1 2 7 5 6 4 3]
[1 2 5 4 6 3 7]
[1 2 3 6 5 4 7]
[1 2 7 3 4 5 6]
[1 2 5 6 3 4 7]
[1 2 6 4 3 7 5]
[1 2 3 7 5 6 4]
[1 2 6 3 5 7 4]
[1 2 7 6 4 5 3]
[1 2 4 3 6 5 7]
[1 2 5 3 4 6 7]
[1 2 3 4 6 7 5]
[1 2 5 7 3 6 4]
[1 2 7 5 6 4 3]
[1 2 4 5 6 7 3]
[1 2 6 7 3 5 4]
[1 2 6 7 4 3 5]
[1 2 6 5 7 3 4]
[1 2 7 5 4 3 6]
[1 2 7 3 4 6 5]
[1 2 5 6 7 3 4]
[1 2 7 4 3 5 6]
[1 2 7 3 5 6 4]
[1 2 4 6 3 5 7]
[1 2 6 7 3 5 4]

#################
#VIDEO VIEW TIME#
#################

RAW TIMES:
[ 30560  44100  77169  17404  56176 317978  41275  45390  67089  76886
 133595  80963  71669  51809  49109  51789 128168  53275  63884  80279
  66312  56247  81004  48779  44832  51153  61244   8941  43838  59160]
[ 32553  41474  48042  16157  35748 104843  28940  31732  39060  36835
  33713  66715  51699  33856  30060  33179  32609  26327  39325 129941
  29787  37137  41694  40512  35780  28143  52813  26267  32261  88090]
[ 25000  38124  48906  28599  53176 191395  25642  30506  55960  35712
  32086  63095  36088  31096  45033  32099  38205  34641  42025  32454
  27687  38233  61616  33400  33579  26084  35346  24602  58577  56473]
[25883 36758 60070 39249 31263 91562 26228 30339 39858 35592 31771 42221
 46617 33284 63522 34643 31126 24433 55921 34390 26906 39711 53185 33890
 32882 25644 37260 23371 61516 46764]
[ 26016  48155  83937  28910  30998 146330  25952  40184  54956  38593
  35484  41466  35466  30267  27904  31119  29094  32103  37762  36599
  27123  27932  42168  42332  33003  26520  40053  22822  32070  53137]
[ 26280  40120  49306  29522  29140 109985  25219  52481  62741  42707
  32516  47579  60662  36595  30297  29130  40914  24759  35493  37074
  28219  55657  61188  41798  33415  25918  35186  23575  42350 126664]
[ 25850  36952  53702  29428  32092 161516  25687  29854  76865  35832
  36770  41992  41429  57428  32365  30100  31976  29021  58162  33733
  27121  43796  46245  44529  34352  25735  43605  33652  32164 105172]
MEAN:
[68669.233 43509.733 43847.967 39861.967 40281.833 43883.    44570.833]

#################
#GRADE VIEW TIME#
#################

RAW TIMES:
[ 4414  6528 18686  6967  7461  8168  3240  7536  6091  5628  7711 10979
  4527  8484  6752  7652 55733  4306 11196  6185  4369  7073 13007  7299
  6924 16899 12939 29190  7274 10360]
[  4742   5855  27209  10137   6555   8329 172759   6289   5976  16743
   4969   7151   6789   7816   7735   6730  25710   5040  16542  17680
   7344   4594  19286   9541   8062   6371   9657   3449   9335   8149]
[ 4640  8928 10140  5133 10953  5962  2754  9051  6855  6716 42552 10673
  6553 12022  7203  6952 28167  6174 10965  5416  7489 20028 12154  8436
  8247  8976  6714  2429  7633  6735]
[ 4581  9333 10959  9446  5940  8294  4681  5431  5837 14998  6427  7411
 12248  9224 10011  7625 10353  3993 16188  7325  8971  5842 13100 10522
  6000  7139  7451  3353  8511  5661]
[ 3889  5565  7875  7127  8137  5195  5479  6278  7541 11424  7205  9660
  4876  8351  7936  8781  7552 11238  9890  4465  5087  3893 15927  8250
  8510  8865  7789  2567  5540  6571]
[ 5541 10967  8787 10274  6271  7031  3146  8549  5091  6575 11314  7293
  8205  7074  7423  8731 10562  3550  7981  5940 11204 19178 23967  6961
  6338 10330  9216  2731  5110 12754]
[ 3812 12109 12705  9074  7089  7951  3096  6338  8910  8355  8147 13932
  4992 11027  6730  6160  7975  6769 10794  4680  6894 12646 13220 16923
 14135  6728 12102  5980  5180  7024]
MEAN:
[10452.6   15218.133  9888.333  8228.5    7382.1    8603.133  8715.9  ]

###############
#DEVICE COUNTS#
###############

Desktop: 15
Laptop: 14
Tablet: 0
Smart phone: 1
Other device: 0

##################
#AGE GROUP COUNTS#
##################

18 - 24: 0
25 - 31: 4
32 - 38: 16
39 - 45: 6
46 - 52: 2
53 - 59: 2
60 and above: 0

################
#NETWORK COUNTS#
################

WiFi: 17
Cable network: 9
Cellular network: 3
Other: 1

###########
#REASONING#
###########

A2H8GNSEVUJXYL: this is a retake of url http://ec2-54-189-36-205.us-west-2.compute.amazonaws.com:3006/
A1UM7U8DA3RMA9: Watching videos with low resolution and pause issue will be annoying and disturbing, that too at the time of playing some exciting moments.  Experiment guidelines are clear.
AJZBAP861F6X1: not much blur. but good 
A8FUMDQFBKMXR: The quality decrease is minor and doens't have a major impact on the match.  I think pauses are more unacceptable in a fast paced scene
A1L8RL58MYU4NC: The Quality damages blur and slag annoyed me a lot no one will like this kind of annoying clips. The Guidelines for this experiment is very clear. Attention check and grading doesn't confused me
A2BO8M77CS3SGZ: Poor quality at important times are very annoying to watch. However if the quality is poor at times when the game is not in play then its fine. The guidelines for the study is pretty clear.
A31Z5TPD8QKE26: damage at the very beginning or very end wasn't as irritating as during the seconds of actual game play.
A1IU5OP7BBZHZ7: it had best quality which is good to view
A38NFX88VZDMJ3: The severity of the low quality.
A122E99M2DQY1G: resolution decrease
A70L26UXLTGLC: It's just intuitive on feelings between good and fair here. When there is more anticipated action it's more annoying.
A30YUELTPFSF0T: Resolution is only issue and it was not paused. However it was slightly affected, So it does not create much impact. Still it a defect in the Video. Basket Ball ground was awesome and original quality of the video was awesome.
A3169N2SCN3ENK: The quality makes me lose focus on what I am watching and it takes away from my concentration.  The experiment guideline is clear.  I am not confused about the grading.
A6DX45U3O1CR: resolution decrease
A3B67I3A0YR2D: Video resolution decrease
AH22ILXQFI4R2: resolution decrease
ADD5IHZ1P6TLH: It really depends on the heat of the moment when the quality changes that affects the grading
A3OLRWACCCCUTU: When the resolution was bad it was still possible to see the action so I graded it poor not bad, and when it happened when the ball wasn't in motion it was still distracting but not horrible.
A3UM3RQRAL4DP5: resolution decrease
A1NH9LK567B862: The quality affects when it starts blurred. The guideline is so clear and there is no confusion while grading the video
A1IHI23KH87K5W: Slight quality loss (blurring), so long as it doesn't go on too long, is absolutely fine, not annoying.
A2YHSU2IJZ9J14: More grading examples will be helpful.
A3P2WQO8VESWF2: The video clips have quality damage of decrease in resolution. But it is negligible and does not affect the visual experience much. Though the decrease in resolution is perceptible, it  does not affect the watching experience much. The guidelines of the experiment and attention checks are clear without any confusion.
A1S34BUFNQ33SQ: All the videos playing without any pauses, but coming to quality, very slight quality change compare to excellent video, But overall fine with all the video's and it was not effected any activity with the slight quality change 
A11SX02CICZN85: It just affect my eagerness to watch the clip. The guidelines for this HIT is very clear as always. I haven't confused in grading
A2GK8NS27GDFCZ: Poor quality pictures when the players are fuzzy makes it difficult to get lost in the game. 
A4T7PYGN1BE2P: Guideline is clear.. and it is annoying when video quality decreased.
A320QA9HJFUOZO: The damage is more annoying when it happens at an important part of the action, and interferes with your ability to see what happened. Please make the HIT timers llonger.
ASWZO1WY1UHEP: Attention check was clear and also instruction was clear. I can clearly find the damage or quality of the video. Video quality was very poor. I feel little bit disturbance to watch the video based on the quality. All videos, resolution was decreased. 
AVPD36WUJKJFS: Video getting pause for a second or resolution getting low will be irritating thing, mainly when we are watching some live sports; this experiment guideline is clear and not confused.
