LOG OF FantasticFinish2013_01_04BoysBasketball_Lakeviewvs_0_100k_90 SURVEY RESULTS

########
#GRADES#
########

RAW GRADES:
[5 5 5 5 5 5 5 5 5 5 5 5 5 5 5 5 5 5 5 5 5 5 5 5 5 5 5 5 5 5 5 5]
[1 1 1 1 1 1 1 1 1 1 1 1 1 1 1 1 1 1 1 1 1 1 1 1 1 1 1 1 1 1 1 1]
[1 3 1 1 1 3 1 2 1 2 1 1 2 1 1 1 1 1 1 1 4 2 1 1 1 3 2 2 1 1 1 3]
[1 3 1 1 2 3 1 2 1 1 1 1 2 1 1 1 1 1 1 1 4 2 1 1 1 2 1 1 2 2 1 3]
[1 2 1 1 1 3 1 1 1 1 1 1 2 1 1 1 1 1 1 1 4 1 1 1 1 1 1 2 1 1 1 1]
[1 3 1 1 1 2 1 1 1 2 1 1 2 1 1 1 1 1 1 1 4 2 2 1 1 2 2 2 2 1 1 3]
[2 3 1 1 2 3 1 3 1 3 2 1 2 1 1 1 1 1 2 1 4 3 1 1 1 3 2 3 1 2 1 3]
MEAN:
[5.    1.    1.531 1.5   1.25  1.5   1.812]
STANDARD ERROR:
[0.    0.    0.146 0.14  0.117 0.133 0.162]

STANDARDIZED GRADES:
[2.372 1.905 2.449 2.449 2.319 1.905 2.449 2.108 2.449 2.108 2.372 2.449
 2.339 2.449 2.449 2.449 2.449 2.449 2.372 2.449 1.108 2.124 2.372 2.449
 2.449 1.988 2.291 2.124 2.319 2.319 2.449 1.789]
[-0.516 -1.651 -0.408 -0.408 -0.632 -1.651 -0.408 -0.843 -0.408 -0.843
 -0.516 -0.408 -1.108 -0.408 -0.408 -0.408 -0.408 -0.408 -0.516 -0.408
 -2.339 -1.006 -0.516 -0.408 -0.408 -1.104 -0.764 -1.006 -0.632 -0.632
 -0.408 -1.342]
[-0.516  0.127 -0.408 -0.408 -0.632  0.127 -0.408 -0.105 -0.408 -0.105
 -0.516 -0.408 -0.246 -0.408 -0.408 -0.408 -0.408 -0.408 -0.516 -0.408
  0.246 -0.224 -0.516 -0.408 -0.408  0.442  0.    -0.224 -0.632 -0.632
 -0.408  0.224]
[-0.516  0.127 -0.408 -0.408  0.105  0.127 -0.408 -0.105 -0.408 -0.843
 -0.516 -0.408 -0.246 -0.408 -0.408 -0.408 -0.408 -0.408 -0.516 -0.408
  0.246 -0.224 -0.516 -0.408 -0.408 -0.331 -0.764 -1.006  0.105  0.105
 -0.408  0.224]
[-0.516 -0.762 -0.408 -0.408 -0.632  0.127 -0.408 -0.843 -0.408 -0.843
 -0.516 -0.408 -0.246 -0.408 -0.408 -0.408 -0.408 -0.408 -0.516 -0.408
  0.246 -1.006 -0.516 -0.408 -0.408 -1.104 -0.764 -0.224 -0.632 -0.632
 -0.408 -1.342]
[-0.516  0.127 -0.408 -0.408 -0.632 -0.762 -0.408 -0.843 -0.408 -0.105
 -0.516 -0.408 -0.246 -0.408 -0.408 -0.408 -0.408 -0.408 -0.516 -0.408
  0.246 -0.224  0.206 -0.408 -0.408 -0.331  0.    -0.224  0.105 -0.632
 -0.408  0.224]
[ 0.206  0.127 -0.408 -0.408  0.105  0.127 -0.408  0.632 -0.408  0.632
  0.206 -0.408 -0.246 -0.408 -0.408 -0.408 -0.408 -0.408  0.206 -0.408
  0.246  0.559 -0.516 -0.408 -0.408  0.442  0.     0.559 -0.632  0.105
 -0.408  0.224]
MEAN:
[ 2.267 -0.729 -0.294 -0.321 -0.514 -0.324 -0.085]
STANDARD ERROR:
[0.05  0.081 0.048 0.053 0.054 0.048 0.068]

#############
#VIDEO ORDER#
#############

RAW ORDERS:
[1 2 4 3 6 7 5]
[1 2 3 4 5 7 6]
[1 2 6 7 3 5 4]
[1 2 5 7 6 3 4]
[1 2 7 4 3 6 5]
[1 2 7 3 4 6 5]
[1 2 3 6 5 7 4]
[1 2 3 5 6 4 7]
[1 2 3 4 7 5 6]
[1 2 4 5 6 3 7]
[1 2 7 5 3 6 4]
[1 2 4 3 5 7 6]
[1 2 3 7 5 6 4]
[1 2 4 5 3 7 6]
[1 2 4 3 6 7 5]
[1 2 5 7 4 3 6]
[1 2 4 5 6 3 7]
[1 2 7 4 3 5 6]
[1 2 7 4 3 5 6]
[1 2 5 7 4 3 6]
[1 2 5 3 4 7 6]
[1 2 5 3 7 4 6]
[1 2 4 7 6 3 5]
[1 2 6 4 3 7 5]
[1 2 4 7 6 5 3]
[1 2 7 6 4 5 3]
[1 2 3 6 5 7 4]
[1 2 3 6 7 5 4]
[1 2 3 5 7 6 4]
[1 2 7 6 3 4 5]
[1 2 3 5 7 4 6]
[1 2 4 3 5 7 6]

#################
#VIDEO VIEW TIME#
#################

RAW TIMES:
[ 30661  64889  71150  40757  73245  44768  70074 103158  39953  35387
 168444  69052  95585  56341  58389  49181  49546  37548  44233  60920
 172401  53822  66888  45591  33940  39467  68678  60699  56369  60571
 101137  54201]
[ 25741  70975  55859  30886  44967  28230  41288  83386  33791  28587
  34496  40107  36041  37624  36048  31815  33330 106673  37283 220474
  63879  30553  28585  31102  29149  27026  53261  32213  40074  36219
  34812  44371]
[ 23685  46185  70681   9060  42248  24774  29908  27848  31427  28975
  30169  42628  40796  38866  38395  50648  29747  32724  24529  63140
  61391  29009  27366 113500  26351  25000  57214  34254  33902  32890
  32049  40518]
[25575 42160 56001 28282 44431 28692 31682 67885 34224 28754 28992 38432
 40718 36504 31158 29967 31112 34421 29601 43012 45951 30649 26323 27627
 26174 24924 49081 30090 32728 35432 38104 39817]
[ 25101  34155  63006  45878  48436  25206  35281  28057  31779  25005
  31002  33820  37406  39266  30549 121269  31333  48591  24183 127017
  36686  50567  26364  28989  26056  25957  46101  29955  35438  47119
      0  53363]
[24537 36246 88711 29160 48795 54214 35259 88693 37054 29847 29751 44725
 31866 33989 31347 41294 34978 39950 24152 49679 54243 33705 25821 30817
 26375 25035 38876 28033 32616 33928 35697 52113]
[25147 39225 70940 82780 43428 26049 34885 27883 77549 26092 31388 33850
 65587 38819 31022 38016 28654 42085 24743 55143 44274 30584 25524 29296
 26144 34500 49319 30011 34635 34640 33836 51680]
MEAN:
[64907.656 47151.406 38746.156 35578.219 40404.219 39109.562 39616.5  ]

#################
#GRADE VIEW TIME#
#################

RAW TIMES:
[ 6886  5345 14450 13019 12591  4418 10256  6946  9427  2990 21316  8328
  6779  4996 10021  9134  6061  8347  3564 12484  6130  5997  6009  6460
  4460  4032 11990 15327  7437 25424  5187 11434]
[ 4894  7025 12610  8396  7717  5189  5368  8918  6400  3004  6672  5120
  6760  3743  7767 10584 13489  8687  4243 32308  5755  6532  7335  6518
  4667  8961 13005 10984  8785  8852  4403  6813]
[ 3797 13466  7980 40627  7588  4446 10878  9338  9092 10570  6102  8497
 15568  5067  7507  6113  5760  9958  3942 16233 14720  9844  4820  9423
  7526 14445 18857 22373 20299  7828  7707  8535]
[ 6122  6798 13512  8183  9270  4893  6923  9054 21563  8421  5875 23316
 18128  5797 10604  9324  9808  8448  4094 15267  5100  8339  9446  5502
  6403  6581 12327 10535  7472  6496  4515 15931]
[ 4310  6945 17065 14112 15274  4480  8537  7611  7244  2782  7145  8260
  9092  4582  8449 11548  6348  8303  4529 20199  7120 32256  5064  8377
  6374  4617 10561  6190  7709  7969 71444  6060]
[ 4368  8910 23146  8507 16458  4214  6384  7982  5169  3438  6458  8190
  8449  3779  7837  6867  6214  9328  3984 11101  5850  6011  4836 14437
  4610  6862 10906  6900  8251  8987  4788  6429]
[ 4961  5934 11206 22580 22933  7057  7602  7944  4574  4217 10332  6119
  8225  3849  8791  5167  5930 18679  6356 14286  5710  8800  4685  3708
  4489 15126 13594  6819  9584  7860  4858 15351]
MEAN:
[ 8976.406  8172.    10903.312  9501.469 10954.875  7801.562  8978.938]

###############
#DEVICE COUNTS#
###############

Desktop: 17
Laptop: 15
Tablet: 0
Smart phone: 0
Other device: 0

##################
#AGE GROUP COUNTS#
##################

18 - 24: 0
25 - 31: 6
32 - 38: 17
39 - 45: 4
46 - 52: 2
53 - 59: 2
60 and above: 1

################
#NETWORK COUNTS#
################

WiFi: 18
Cable network: 11
Cellular network: 2
Other: 1

###########
#REASONING#
###########

A2H8GNSEVUJXYL: can't blur the picture at the moment of triumph
A1UM7U8DA3RMA9: Watching videos with low resolution and pause issue will be annoying and disturbing, that too at the time of playing some exciting moments on live sports videos.  Experiment guidelines are clear.
AJZBAP861F6X1: While watching sports video interestingly blur video makes very annoying.
A8FUMDQFBKMXR: Pauses and quality decrease during the most important part of the match are extremely annoying
A1L8RL58MYU4NC: The Quality damages blur and slag annoyed me a lot no one will like this kind of annoying clips. The Guidelines for this experiment is very clear. Attention check and grading doesn't confused me
A219VCQZADQ45W: BRIEF PAUSE, OR A LITTLE BLURRY CAN BE ANNOYING ESPECIALLY IF IT IS RIGHT BEFORE A GOAL OR JUMPING OFF A CLIFF
A3N5RTXKN4I723: resolution decrease
A2BO8M77CS3SGZ: Poor quality at important times are very annoying to watch. However if the quality is poor at times when the game is not in play then its fine. The guidelines for the study is pretty clear.
ASPRULQHB8B1F: The resolution was decreasing a lot, so the image wasn't sharp as it should be
A31Z5TPD8QKE26: The blurry damage was so bad that it was always very annoying.  The least irritating one was when the damage occurred after the game was over.
A1IU5OP7BBZHZ7:  got blurred in between makes us irritate
A122E99M2DQY1G: resolution decrease
A30YUELTPFSF0T: It was really a fantastic finish, However while watching the game, if resolution was affect, Create much impact than the Pause. 
A3169N2SCN3ENK: The quality makes me lose focus on what I am watching and it takes away from my concentration.  The experiment guideline is clear.  I am not confused about the grading.
A6DX45U3O1CR: resolution decrease
A3B67I3A0YR2D: Video resolution decrease
AH22ILXQFI4R2: resolution decrease
A272A0JGRTBFCR: Thanks for your ​OUTSTANDING HITS and i would thank you for giving me the chance to participate and you are helping make me better.
A3OLRWACCCCUTU: The bad resolution was really bad, and except for one instance happened when the players were moving the ball so really impacted the viewing experience negatively.
A3UM3RQRAL4DP5: resolution decrease
A1NH9LK567B862: The quality affects when it starts blurred. The guideline is so clear and there is no confusion while grading the video
A18LFH7XW61JO9: Quality damage when the player was attempting for goal was very annoying. Everything is very clear regarding experiment guidelines.
A1IHI23KH87K5W: Sustained, highly lossy blurs during sporting events are a total killer. I would change the channel rather than watch that :)
A2YHSU2IJZ9J14: More grading examples will be helpful.
A2QD9PJUKW7PKK: ranking i had given based on the video resolution. there is 3-5 sec low resolution in every video. experiment guideline is clear.
A2MCG5W6LHSRG9: The watching experience is worse when the damage takes place before the final shot of the game or during it. It wasn't as bad after or at the very start.
A3P2WQO8VESWF2: In these video clips the quality damage includes both video pause and decrease in resolution. The decrease in resolution which occurs at the crucial points of the game like when passing the ball by the players and during the attempt to put the ball into the basket and during actually throwing the ball to the basket are very annoying. The experiment guidelines and grading was not confusing.
AMX5R6NLYNA2K: When it's in the beginning or middle, it's more annoying then at the end. Guidelines were very clear I think
A1S34BUFNQ33SQ: All the videos blurred, But didn't identify any kind of pauses, But when we see the each videos, mostly very important portion it was blurred, i.e when passing the ball to other player or throwing the ball to basketball net we can notice these blurs 
A11SX02CICZN85: It just affect my eagerness to watch the clip. The guidelines for this HIT is very clear as always. I haven't confused in grading
ASWZO1WY1UHEP: Attention check was clear and also instruction was clear. I can clearly find the damage or quality of the video. Video quality was very bad. I feel little bit disturbance to watch the video based on the quality. All videos, resolution was decreased.
AVPD36WUJKJFS: Video getting pause for a second or resolution getting low will be irritating thing, mainly when we are watching some live sports; this experiment guideline is clear and not confused.
