LOG OF FantasticFinish2013_01_04BoysBasketball_Lakeviewvs_2_100k_90 SURVEY RESULTS

########
#GRADES#
########

RAW GRADES:
[5 5 5 5 5 5 5 5 5 5 5 5 5 5 5 5 5 5 5 5 5 5 5 5 5 5 5 5 5 5 5]
[1 1 1 1 1 1 1 1 1 1 1 1 1 1 1 1 1 1 1 1 1 1 1 1 1 1 1 1 1 1 1]
[1 2 1 1 1 1 1 1 1 1 1 1 1 1 1 1 1 1 1 1 1 1 3 2 1 1 2 2 1 1 2]
[1 2 1 1 1 1 1 1 1 1 1 1 1 1 1 1 1 1 1 1 1 1 2 1 1 1 1 2 1 1 2]
[1 1 1 1 1 1 1 1 1 1 1 1 1 1 1 1 1 1 1 1 1 1 1 1 1 1 1 1 1 1 1]
[1 2 1 1 1 1 1 1 1 1 1 1 1 1 1 1 1 1 1 1 1 1 2 2 1 1 1 2 2 1 2]
[1 2 1 1 1 1 1 1 1 1 2 1 1 1 1 1 1 1 1 1 1 1 3 3 1 1 1 2 1 1 2]
MEAN:
[5.    1.    1.226 1.129 1.    1.194 1.258]
STANDARD ERROR:
[0.    0.    0.088 0.06  0.    0.071 0.102]

STANDARDIZED GRADES:
[2.449 2.294 2.449 2.449 2.449 2.449 2.449 2.449 2.449 2.449 2.372 2.449
 2.449 2.449 2.449 2.449 2.449 2.449 2.449 2.449 2.449 2.449 1.988 2.108
 2.449 2.449 2.372 2.294 2.372 2.449 2.294]
[-0.408 -0.918 -0.408 -0.408 -0.408 -0.408 -0.408 -0.408 -0.408 -0.408
 -0.516 -0.408 -0.408 -0.408 -0.408 -0.408 -0.408 -0.408 -0.408 -0.408
 -0.408 -0.408 -1.104 -0.843 -0.408 -0.408 -0.516 -0.918 -0.516 -0.408
 -0.918]
[-0.408 -0.115 -0.408 -0.408 -0.408 -0.408 -0.408 -0.408 -0.408 -0.408
 -0.516 -0.408 -0.408 -0.408 -0.408 -0.408 -0.408 -0.408 -0.408 -0.408
 -0.408 -0.408  0.442 -0.105 -0.408 -0.408  0.206 -0.115 -0.516 -0.408
 -0.115]
[-0.408 -0.115 -0.408 -0.408 -0.408 -0.408 -0.408 -0.408 -0.408 -0.408
 -0.516 -0.408 -0.408 -0.408 -0.408 -0.408 -0.408 -0.408 -0.408 -0.408
 -0.408 -0.408 -0.331 -0.843 -0.408 -0.408 -0.516 -0.115 -0.516 -0.408
 -0.115]
[-0.408 -0.918 -0.408 -0.408 -0.408 -0.408 -0.408 -0.408 -0.408 -0.408
 -0.516 -0.408 -0.408 -0.408 -0.408 -0.408 -0.408 -0.408 -0.408 -0.408
 -0.408 -0.408 -1.104 -0.843 -0.408 -0.408 -0.516 -0.918 -0.516 -0.408
 -0.918]
[-0.408 -0.115 -0.408 -0.408 -0.408 -0.408 -0.408 -0.408 -0.408 -0.408
 -0.516 -0.408 -0.408 -0.408 -0.408 -0.408 -0.408 -0.408 -0.408 -0.408
 -0.408 -0.408 -0.331 -0.105 -0.408 -0.408 -0.516 -0.115  0.206 -0.408
 -0.115]
[-0.408 -0.115 -0.408 -0.408 -0.408 -0.408 -0.408 -0.408 -0.408 -0.408
  0.206 -0.408 -0.408 -0.408 -0.408 -0.408 -0.408 -0.408 -0.408 -0.408
 -0.408 -0.408  0.442  0.632 -0.408 -0.408 -0.516 -0.115 -0.516 -0.408
 -0.115]
MEAN:
[ 2.401 -0.504 -0.33  -0.402 -0.504 -0.355 -0.306]
STANDARD ERROR:
[0.019 0.035 0.037 0.023 0.035 0.026 0.047]

#############
#VIDEO ORDER#
#############

RAW ORDERS:
[1 2 5 3 7 4 6]
[1 2 5 3 7 4 6]
[1 2 4 5 7 6 3]
[1 2 5 6 4 3 7]
[1 2 4 7 6 3 5]
[1 2 6 3 7 4 5]
[1 2 5 6 3 4 7]
[1 2 3 6 5 7 4]
[1 2 7 4 3 6 5]
[1 2 3 7 4 5 6]
[1 2 6 4 5 7 3]
[1 2 7 4 3 6 5]
[1 2 5 4 7 3 6]
[1 2 6 5 7 3 4]
[1 2 7 6 5 3 4]
[1 2 3 7 6 5 4]
[1 2 6 7 5 4 3]
[1 2 5 4 3 6 7]
[1 2 7 6 3 4 5]
[1 2 3 5 4 6 7]
[1 2 4 5 6 3 7]
[1 2 4 7 3 5 6]
[1 2 4 5 7 6 3]
[1 2 5 4 7 6 3]
[1 2 4 7 5 3 6]
[1 2 5 4 7 6 3]
[1 2 5 7 4 6 3]
[1 2 4 3 5 7 6]
[1 2 6 7 5 4 3]
[1 2 3 7 5 6 4]
[1 2 5 3 6 4 7]

#################
#VIDEO VIEW TIME#
#################

RAW TIMES:
[ 31636  49048  97904  80945  19091 103888 125786  36287 367760  54744
  36737  59299  59758  58337 108700  71074  54602  36047  30973  40683
  73771  96489 102831  41494  73715 161543  37057  57666  43088  64152
  68030]
[ 26021  38519  53904  75432  12267  60631 141181  37694  28344  38935
  26098  37695  44903  41353  38053  39925  33843  31091  34062  25250
  35512  69897  33286  30135  32363  28543  27931  41596  33834  86822
 108567]
[ 27210  40758  73093  69440  30996  64083 177959  31260  27420  36375
  12911  38693  47038  79266  51135  62616  37838  34285  30961  34356
  35907  40329  33225  30741  30386  28854  27500  43586  43481  47538
  46729]
[ 26097  36199  54450  45605  30417  46248 267355  33730  26073  32253
  14424  32660 135986  35587  39564  38387  42607  28651  29579  33030
  41195 157568  40877  55630  29703  29097  29063  42642 127604  35783
  43985]
[25602 45261 52118 48942 31565 49944 62826 31903 26182 31233 16147 37279
 46288 31578 39759 39627 35759 27446 34010 26142 34339 66444 31462 29261
 31687 29242 26991 40736 40282 48666 63467]
[ 26043  55709  60483  42604  31023  53112 133271  34924  27183  34385
  25391  35605  49736  34638  33766  92554  34330  32326  41098  26225
  40922 133128  31488  28765  31097  29418  29467  40684  64792  44105
  51493]
[ 26359  40548  85345 103403  30793  43272 118208  33758  35934  35440
  25637  34369  61341 189392  39405  43681  34100  30136  49239  31977
  34782  53604  36177  34445  33261  29269  26891  40792  41493  33449
  38973]
MEAN:
[75585.    44957.645 45676.419 53614.484 38135.097 46121.452 48241.065]

#################
#GRADE VIEW TIME#
#################

RAW TIMES:
[ 5151  9172 10529 12269  6515 20839  7752  5464  5754  4805 11916 12350
  9085  9958  7452 13194  6336  5650  7475  3793 12949  6240  7237  5388
  3813  5768  5696 11462  7286  4593 11098]
[ 4420  6282  7309 11755  8448 28859  7424  4466  3415  7298  5193  5778
  7844  7646  4706 16608  7168  9524  8213  3877  8221 29343  7096  6494
  4295  4364  4196 10222  9243  6618 13610]
[ 4788  6617 12966 11972  8849 21931  7582  6296  3680  6666 16828  8218
  7501  7206  4218 13432  6240  5940  7994  5269  9104 15108  5499  6618
  4681  4254  4691 11051  5624  6639  7910]
[ 7607 12255  9458  9419  7204 18897  5762  5075  3175  5275  4148 12443
  5795 12239 27528 11841  8181  5245  7548  3853  9689 34645 10293 20009
  5962  4609 16565 13446  6676  6589  6760]
[ 36002  16033  10359  11978   9449  21848 111174   4600   3182   5001
   4699   6093   8075   7201   7572  14876   7000  11367  12799   5825
   8229   7186   6056   9217  10824   6696   7346   8905   5815   5378
  11419]
[ 4142  5225  7626 10201  3854 25813  8727  5364  4837  6094  6590  6064
  5915 11693 12180 17164  8959 10405  7684  3970  6885  6197  5605  7958
  6305  8024  5383  9001  9303  6586  8717]
[ 4792  8988  6669  9646  8100 17759  5797  4740  8266  5369  4379  8033
  5620  7317  5675 20777  7184  5414  8466  4834  7480 11575  5454  7399
  5020  4969  4386 10027  8110  5102 11644]
MEAN:
[ 8289.968  8707.581  8237.806 10264.226 12974.323  8144.226  7709.387]

###############
#DEVICE COUNTS#
###############

Desktop: 16
Laptop: 15
Tablet: 0
Smart phone: 0
Other device: 0

##################
#AGE GROUP COUNTS#
##################

18 - 24: 0
25 - 31: 3
32 - 38: 19
39 - 45: 4
46 - 52: 3
53 - 59: 2
60 and above: 0

################
#NETWORK COUNTS#
################

WiFi: 16
Cable network: 12
Cellular network: 2
Other: 1

###########
#REASONING#
###########

A2H8GNSEVUJXYL: basketball is a fast game and you need good video all the time to appreciate it
A1UM7U8DA3RMA9: Watching videos with low resolution and pause issue will be annoying and disturbing , Experiment guidelines is clear.
AJZBAP861F6X1: very annoying quality damage in test series.
A3SKQPPOKCZU88: The quality and video pausing is very high compared to Bad reference videos. 
A8FUMDQFBKMXR: Pauses and quality decrease during the most important part of the match are extremely annoying
A3N5RTXKN4I723: resolution decrease and video pause for more than 1 second
A2BO8M77CS3SGZ: Poor quality at important times are very annoying to watch. However if the quality is poor at times when the game is not in play then its fine. The guidelines for the study is pretty clear.
ASPRULQHB8B1F: When watching a sports event, we always want to have a clear view, which is not the case here, since the resolution drops during important moments. Very upsetting
A31Z5TPD8QKE26: The extreme blurry damage and stalling was equally bad no matter where it was located in the clip.
A1IU5OP7BBZHZ7: It annoys me when it get struck
A1F1BIPJR11LSR: If the quality damage happenes during a low action time in the game it is not as impactful if it is at a high point.
A122E99M2DQY1G: resolution decrease and video pause
A1NOINYD1FZ55T: During the videos found blurry and paused some seconds.Not confusing.I grade easy to all videos.
A30YUELTPFSF0T: Quality of video was affected by both Resolution and Pause. While ball going to the net and it was pause means, It is frustrating and players are enjoying their moment at that resolution was lacking. Game is good
A3169N2SCN3ENK: The quality makes me lose focus on what I am watching and it takes away from my concentration.  The experiment guideline is clear.  I am not confused about the grading.
A6DX45U3O1CR: found both resolution decrease and video pause for more than one second
AH22ILXQFI4R2: resolution decrease and video pause for more than 1 second.
A1NJ6Q940T7HEB: Found both resolution decrease and video pause
A272A0JGRTBFCR: Thanks for your ​OUTSTANDING HITS and i would thank you for giving me the chance to participate and you are helping make me better.
A3OLRWACCCCUTU: The resolution issues in particular made this hard to follow.  It was so fast moving and something was constantly happening which the blurring kept me from seeing.
A3UM3RQRAL4DP5: both video pausing and video resolution decrease
A1NH9LK567B862: The video quality damaged at each and every video. It just blurred and paused for a second. The experiment guide is so clear which helps in grading the videos without any confusions.
A18LFH7XW61JO9: When the score was made, it was the most crucial moment. Quality damage at the crucial time affect the viewing experience a lot. Like, when the player was going to throw the ball, pause at that time was annoying. Or when the ball was in air.
A1IHI23KH87K5W: If the blurring is very severe, like it was in this selection, I find that the absolute worst. It's very frustrating, you try to squint to see what is going on ;)
A2YHSU2IJZ9J14: More grading examples will be helpful.
A2QD9PJUKW7PKK: ranking i had given based on the video resolution. there is 3 sec low resolution and 2 sec paused in every video. experiment guideline is clear.
A3O7X46E3REM7I: It makes the viewing experience annoying. Everything was clear.
A3P2WQO8VESWF2: In the basket ball match videos shown in the clips, the quality of damages of video pause and decrease in resolution occuring at the most crucial points of the match particularly when attempting to put the ball into the basket, are the most annoying viewing experience. When both video pause and decrease in resolution occurs it is most annoying. The experiment guide lines as well as grading instructions were quite clear and there was no confusion at all.
A1S34BUFNQ33SQ: I have noticed both blurs and pauses in all the videos. Couple of videos while passing the ball from one person to another it was completely blurred and paused which was quite disturbing the video
ASWZO1WY1UHEP: Attention check was clear and also instruction was clear. I can clearly find the damage or quality of the video. Video quality was very bad. I feel little bit disturbance to watch the video based on the quality. All videos, resolution was decreased and paused more than 1 second.
AVPD36WUJKJFS: Video getting pause for a second or resolution getting low will be irritating thing, mainly when we are watching some live sports; this experiment guideline is clear and not confused.
