LOG OF FantasticFinish2013_01_04BoysBasketball_Lakeviewvs_2_3000k_720 SURVEY RESULTS

########
#GRADES#
########

RAW GRADES:
[5 5 5 5 5 5 5 5 5 5 5 5 5 5 5 5 5 5 5 5 5 5 5 5 5 5 5 5 5 5 5 5]
[1 1 1 1 1 1 1 1 1 1 1 1 1 1 1 1 1 1 1 1 1 1 1 1 1 1 1 1 1 1 1 1]
[2 4 2 4 3 1 3 3 2 4 1 3 1 1 1 1 1 4 4 1 1 4 4 2 4 2 4 4 3 3 3 3]
[2 3 2 4 2 1 2 2 2 3 1 3 1 1 1 1 1 3 2 1 1 4 3 2 4 2 3 4 2 3 3 3]
[1 3 2 4 2 1 2 1 2 3 1 3 1 1 1 1 1 4 2 1 1 4 2 2 4 2 2 2 3 3 3 3]
[1 3 2 4 2 1 2 2 2 3 1 3 1 1 1 1 1 4 3 1 2 4 3 2 4 2 2 4 3 3 3 3]
[1 4 2 4 2 1 2 3 2 4 1 3 1 1 1 1 1 4 3 1 2 4 2 2 4 2 3 2 3 3 3 4]
MEAN:
[5.    1.    2.594 2.25  2.125 2.312 2.375]
STANDARD ERROR:
[0.    0.    0.211 0.177 0.181 0.185 0.196]

STANDARDIZED GRADES:
[2.319 1.477 2.339 1.108 2.183 2.449 2.183 1.988 2.339 1.477 2.449 1.871
 2.449 2.449 2.449 2.449 2.449 1.213 1.721 2.449 2.319 1.108 1.721 2.339
 1.108 2.339 1.721 1.37  1.905 1.871 1.871 1.651]
[-0.632 -1.969 -1.108 -2.339 -1.213 -0.408 -1.213 -1.104 -1.108 -1.969
 -0.408 -1.871 -0.408 -0.408 -0.408 -0.408 -0.408 -2.183 -1.491 -0.408
 -0.632 -2.339 -1.491 -1.108 -2.339 -1.108 -1.491 -1.581 -1.651 -1.871
 -1.871 -1.905]
[ 0.105  0.615 -0.246  0.246  0.485 -0.408  0.485  0.442 -0.246  0.615
 -0.408  0.    -0.408 -0.408 -0.408 -0.408 -0.408  0.364  0.918 -0.408
 -0.632  0.246  0.918 -0.246  0.246 -0.246  0.918  0.632  0.127  0.
  0.    -0.127]
[ 0.105 -0.246 -0.246  0.246 -0.364 -0.408 -0.364 -0.331 -0.246 -0.246
 -0.408  0.    -0.408 -0.408 -0.408 -0.408 -0.408 -0.485 -0.688 -0.408
 -0.632  0.246  0.115 -0.246  0.246 -0.246  0.115  0.632 -0.762  0.
  0.    -0.127]
[-0.632 -0.246 -0.246  0.246 -0.364 -0.408 -0.364 -1.104 -0.246 -0.246
 -0.408  0.    -0.408 -0.408 -0.408 -0.408 -0.408  0.364 -0.688 -0.408
 -0.632  0.246 -0.688 -0.246  0.246 -0.246 -0.688 -0.843  0.127  0.
  0.    -0.127]
[-0.632 -0.246 -0.246  0.246 -0.364 -0.408 -0.364 -0.331 -0.246 -0.246
 -0.408  0.    -0.408 -0.408 -0.408 -0.408 -0.408  0.364  0.115 -0.408
  0.105  0.246  0.115 -0.246  0.246 -0.246 -0.688  0.632  0.127  0.
  0.    -0.127]
[-0.632  0.615 -0.246  0.246 -0.364 -0.408 -0.364  0.442 -0.246  0.615
 -0.408  0.    -0.408 -0.408 -0.408 -0.408 -0.408  0.364  0.115 -0.408
  0.105  0.246 -0.688 -0.246  0.246 -0.246  0.115 -0.843  0.127  0.
  0.     0.762]
MEAN:
[ 1.973 -1.277  0.074 -0.212 -0.301 -0.158 -0.098]
STANDARD ERROR:
[0.081 0.117 0.08  0.054 0.059 0.054 0.07 ]

#############
#VIDEO ORDER#
#############

RAW ORDERS:
[1 2 7 5 6 4 3]
[1 2 6 4 3 5 7]
[1 2 7 4 3 5 6]
[1 2 4 3 5 7 6]
[1 2 5 4 6 7 3]
[1 2 6 4 7 5 3]
[1 2 4 6 3 5 7]
[1 2 7 6 3 5 4]
[1 2 7 6 4 5 3]
[1 2 5 3 4 6 7]
[1 2 3 4 5 7 6]
[1 2 3 4 5 7 6]
[1 2 3 7 5 6 4]
[1 2 6 3 4 5 7]
[1 2 5 4 3 7 6]
[1 2 5 3 6 4 7]
[1 2 3 7 4 5 6]
[1 2 4 6 5 7 3]
[1 2 5 4 7 6 3]
[1 2 6 4 7 5 3]
[1 2 5 4 7 6 3]
[1 2 3 6 4 7 5]
[1 2 3 6 5 7 4]
[1 2 6 4 7 3 5]
[1 2 7 6 5 4 3]
[1 2 5 7 3 4 6]
[1 2 5 7 6 4 3]
[1 2 7 5 6 3 4]
[1 2 7 3 4 6 5]
[1 2 5 7 6 4 3]
[1 2 6 3 5 7 4]
[1 2 6 5 3 4 7]

#################
#VIDEO VIEW TIME#
#################

RAW TIMES:
[ 31488  50645 114833  17283  67784  84042 220515 136390  56306 204877
  60853  63110  58714  51598  69877  50580  61229  43087  37305  65181
  40207  45591  47120  90034  35972  34700  71625  51177  46273  52619
 189425  70653]
[26387 41650 44904 12972 47103 43604 90584 28186 32783 44380 44564 39347
 36099 33249 35128 39099 34816 26990 27209 47969 34680 32156 32513 44737
 31475 30978 74772 36455 61072 37592 35397 54524]
[26344 45748 67653 31203 32035 60782 86359 54925 32960 34572 34973 46839
 78318 31587 32929 34800 55775 37905 26468 43065 28149 29186 28514 37091
 28824 39025 42514 65796 38651 41815 31843 42381]
[ 26724  36063  57686  55422  36921  51313 115898  32016  33079  55461
  58445  36961  64623  32460  54279  33959  22114  43023  28640  68500
  28850  68930  31631  39122  62360  29056  42407  37862  36284  45578
  35521  45896]
[  27406   38861   74804   31238   40300   58205 1142138   28588   35099
   36385   35492   47249   39482   35316   30556   32238   28729   34036
   28479   40102   29466   30195   29027   33149   29990   27694   37515
   55511   40011   45383   42361   41677]
[ 26179  38279  47096  31766  47364  49594 130958  27994  33346  60106
  35605  35893  41194  32895  34013  33819  29442  41677  27760  40212
  31937  32283  33990  53120  30359  53363  41417  39206  40642  35966
  76998  47036]
[ 27346  39125  41260  36682  32846  43414 124918  35501  29803  34595
  32692  41143  45209  31449  34629  39100  41447  46054  26989  58195
  28423  46054  27937  33167  83583  30560  44685  39417  56745  40155
  58093  48746]
MEAN:
[72534.156 40105.438 42157.156 45221.375 72083.812 42547.156 43123.812]

#################
#GRADE VIEW TIME#
#################

RAW TIMES:
[ 6076  6616  8213  4767 16875 11598  6825  3745  6299  9512  8555 12572
  4239  6927  6126  9630  7227  7211  4732  9208  4549  5471  5524  4780
  6610  4970 18119 13172  6819  8079  6844  8218]
[ 3910 10335  7237 21238 16228 14473  5743  3094  5019  5669  6532  6420
  4666  7423  6590  6000  8484  7106  4135 78667 33579  6508  6387  4434
 10454  4877 18002  8288 73663  6370  5009  6204]
[  6721  10526  10591   4432   8412  25318   5723   8038   5447   9537
   7931  17803   7481   6883   8537  10080 333688  10056   5403   9591
  14748   7125   9310   8623   6378  14186  16265  13504   6748   7227
   5534  10085]
[ 5859  7057  6937 33672  9323 15745  7546  3581  5318 10604  5531 14879
 13555  6940  4890  7782  8865 14149  4563  9556  6185  5451  5216  8883
  5835  5058 11725 10797  7193  7701  5654  7061]
[ 5727  8409  9675  7272 10925 12862 13000 13521  5481  8628  8558  9545
  5136  6297 17252  7513 12112 11160  9097  9272  7189  5180  5111  6977
  5270  7803 79767 17130  9687 17346 20001  5681]
[ 4762 12736 18687  7132  8257 20090  6876  3709  6367  6598  6075 11921
  4282  8903  6525  7070  7611  9490  4071 12488  4849  6006  7681  9018
  5911  6437 10523 24116  7299  7779  8027 10390]
[  5142   5230  11087   6472   7334  15278   6970   9145 102850   6307
   7018   9286   4235   6251   5269   7240   7950  12941   8512  12606
   5513  15170   6834  10051  11927   4970  14953  19834  16077   6616
   6568   7049]
MEAN:
[ 7815.875 12898.25  19747.844  8847.219 11830.75   8802.688 11958.906]

###############
#DEVICE COUNTS#
###############

Desktop: 16
Laptop: 16
Tablet: 0
Smart phone: 0
Other device: 0

##################
#AGE GROUP COUNTS#
##################

18 - 24: 0
25 - 31: 5
32 - 38: 19
39 - 45: 4
46 - 52: 2
53 - 59: 2
60 and above: 0

################
#NETWORK COUNTS#
################

WiFi: 17
Cable network: 11
Cellular network: 3
Other: 1

###########
#REASONING#
###########

A2H8GNSEVUJXYL: forecourt pause worse than back court pause
A1UM7U8DA3RMA9: Watching videos with low resolution and pause issue will be annoying and disturbing, that too at the time of playing some exciting moments.  Experiment guidelines are clear.
AJZBAP861F6X1: Very interesting Survey. Video got paused is affects the video watching experience.
A8FUMDQFBKMXR: Pauses and quality decrease during the most important part of the match are extremely annoying
A1L8RL58MYU4NC: The Quality damages blur and slag annoyed me a lot no one will like this kind of annoying clips. The Guidelines for this experiment is very clear. Attention check and grading doesn't confused me
A3N5RTXKN4I723: video pause for more than 1 second
A2BO8M77CS3SGZ: Poor quality at important times are very annoying to watch. However if the quality is poor at times when the game is not in play then its fine. The guidelines for the study is pretty clear.
A31Z5TPD8QKE26: The times when it stalled during a shot were more irritating then the time it stalled after the game was over.
A1IU5OP7BBZHZ7: It annoys me when it get struck
A38NFX88VZDMJ3: If the pauses did not interrupt the game too much.
A122E99M2DQY1G: Video pause more than 1 second
A30YUELTPFSF0T: Video was paused at some times, But resolution was not decreased and it does not create much impact on the quality of the video. Overall it is fair.
A3169N2SCN3ENK: The quality makes me lose focus on what I am watching and it takes away from my concentration.  The experiment guideline is clear.  I am not confused about the grading.
A6DX45U3O1CR: video pause for more than one second
A3B67I3A0YR2D: video pause for more than 1 second
AH22ILXQFI4R2: video pause for more than 1 second
A1NJ6Q940T7HEB: Video pause more than 1 second
A272A0JGRTBFCR: Thanks for your ​OUTSTANDING HITS and i would thank you for giving me the chance to participate and you are helping make me better.
A3OLRWACCCCUTU: When it froze before the action began it didn't really impact the experience; when it froze when there was action it was negative but it didn't totally ruin the experience because you could still make out the action easily.
A3UM3RQRAL4DP5: both video pausing and video resolution decrease
A3LMI7ZDFO8JHR: the quailty wasnt good it felt like it was longer because of the pausing. the attention check was understandable 
A1NH9LK567B862: The quality affects when it starts stuck. The guideline is so clear and there is no confusion while grading the video
A1IHI23KH87K5W: With a pause, the level of annoyance is in complete correlation with the context of the action i.e. if pauses just before or during "vital" action, very annoying. Other times, much less annoying.
A2YHSU2IJZ9J14: More video examples will be helpful.
A2QD9PJUKW7PKK: video clarity is same but only 2 sec video paused
A3O7X46E3REM7I: It makes the viewing experience annoying. Everything was clear.
A3P2WQO8VESWF2: In my opinion I feel that in quality damages, video pause of 1 second is more tolerable than decrease in resolution. But in crucial time periods of the game especially when attempting to put the ball into basket by the players and while passing the ball, the quality damage of video pause is annoying. The experiment guidelines and grading are not at all confusing.
A1S34BUFNQ33SQ: I found all the videos quality was excellent, But as per my observation found all of the videos got paused somewhere, Some of the places those pauses not considerable one, but few places those pauses makes me uncomfortable, Because those pauses makes video bad
A11SX02CICZN85: It just affect my eagerness to watch the clip. The guidelines for this HIT is very clear as always. I haven't confused in grading
A4T7PYGN1BE2P: Guideline is clear.. and it is slightly annoying when video get paused.
ASWZO1WY1UHEP: Attention check was clear and also instruction was clear. I can clearly find the damage or quality of the video. Video quality was slightly poor. I feel little bit disturbance to watch the video based on the quality. All videos, paused more than 1 second. 
AVPD36WUJKJFS: Video getting pause for a second or resolution getting low will be irritating thing, mainly when we are watching some live sports; this experiment guideline is clear and not confused.
