LOG OF game_720_0_100k_90 SURVEY RESULTS

########
#GRADES#
########

RAW GRADES:
[5 5 5 5 5 5 5 5 5 5 5 5 5 5 5 5 5 5 5 5 5 5 5 5 5 5 5 5 5 5 5 5 5 5 5 5 5
 5]
[1 1 1 1 1 1 1 1 1 1 1 1 1 1 1 1 1 1 1 1 1 1 1 1 1 1 1 1 1 1 1 1 1 1 1 1 1
 1]
[1 2 3 1 2 2 2 1 1 2 1 3 3 1 4 2 3 1 1 1 1 1 1 2 4 4 3 1 1 2 2 2 3 1 2 1 2
 2]
[1 2 2 1 2 2 2 1 1 2 1 1 2 1 4 2 3 1 1 1 1 1 1 1 4 2 3 1 2 2 2 2 3 1 2 1 3
 2]
[2 2 3 1 2 2 2 2 1 2 1 1 2 1 4 2 2 1 1 1 1 1 1 1 4 2 2 1 1 1 2 2 2 1 2 1 2
 2]
[1 2 2 1 2 2 2 1 1 2 1 3 3 1 3 2 3 1 1 1 1 1 1 1 4 2 2 1 1 2 2 2 3 1 2 1 2
 2]
[1 2 2 1 2 2 2 1 1 1 1 3 2 1 4 2 2 1 1 1 1 1 1 1 4 3 3 1 1 2 2 2 2 1 1 1 2
 1]
MEAN:
[5.    1.    1.895 1.763 1.684 1.737 1.658]
STANDARD ERROR:
[0.    0.    0.152 0.136 0.124 0.127 0.136]

STANDARDIZED GRADES:
[2.372 2.339 2.062 2.449 2.339 2.339 2.339 2.372 2.449 2.294 2.449 1.837
 2.062 2.449 1.213 2.339 1.969 2.449 2.449 2.449 2.449 2.449 2.449 2.372
 1.108 1.789 1.969 2.449 2.372 2.294 2.339 2.339 1.969 2.449 2.294 2.449
 2.183 2.294]
[-0.516 -1.108 -1.334 -0.408 -1.108 -1.108 -1.108 -0.516 -0.408 -0.918
 -0.408 -1.021 -1.334 -0.408 -2.183 -1.108 -1.477 -0.408 -0.408 -0.408
 -0.408 -0.408 -0.408 -0.516 -2.339 -1.342 -1.477 -0.408 -0.516 -0.918
 -1.108 -1.108 -1.477 -0.408 -0.918 -0.408 -1.213 -0.918]
[-0.516 -0.246  0.364 -0.408 -0.246 -0.246 -0.246 -0.516 -0.408 -0.115
 -0.408  0.408  0.364 -0.408  0.364 -0.246  0.246 -0.408 -0.408 -0.408
 -0.408 -0.408 -0.408  0.206  0.246  1.006  0.246 -0.408 -0.516 -0.115
 -0.246 -0.246  0.246 -0.408 -0.115 -0.408 -0.364 -0.115]
[-0.516 -0.246 -0.485 -0.408 -0.246 -0.246 -0.246 -0.516 -0.408 -0.115
 -0.408 -1.021 -0.485 -0.408  0.364 -0.246  0.246 -0.408 -0.408 -0.408
 -0.408 -0.408 -0.408 -0.516  0.246 -0.559  0.246 -0.408  0.206 -0.115
 -0.246 -0.246  0.246 -0.408 -0.115 -0.408  0.485 -0.115]
[ 0.206 -0.246  0.364 -0.408 -0.246 -0.246 -0.246  0.206 -0.408 -0.115
 -0.408 -1.021 -0.485 -0.408  0.364 -0.246 -0.615 -0.408 -0.408 -0.408
 -0.408 -0.408 -0.408 -0.516  0.246 -0.559 -0.615 -0.408 -0.516 -0.918
 -0.246 -0.246 -0.615 -0.408 -0.115 -0.408 -0.364 -0.115]
[-0.516 -0.246 -0.485 -0.408 -0.246 -0.246 -0.246 -0.516 -0.408 -0.115
 -0.408  0.408  0.364 -0.408 -0.485 -0.246  0.246 -0.408 -0.408 -0.408
 -0.408 -0.408 -0.408 -0.516  0.246 -0.559 -0.615 -0.408 -0.516 -0.115
 -0.246 -0.246  0.246 -0.408 -0.115 -0.408 -0.364 -0.115]
[-0.516 -0.246 -0.485 -0.408 -0.246 -0.246 -0.246 -0.516 -0.408 -0.918
 -0.408  0.408 -0.485 -0.408  0.364 -0.246 -0.615 -0.408 -0.408 -0.408
 -0.408 -0.408 -0.408 -0.516  0.246  0.224  0.246 -0.408 -0.516 -0.115
 -0.246 -0.246 -0.615 -0.408 -0.918 -0.408 -0.364 -0.918]
MEAN:
[ 2.238 -0.895 -0.15  -0.251 -0.321 -0.278 -0.343]
STANDARD ERROR:
[0.051 0.081 0.056 0.049 0.048 0.042 0.05 ]

#############
#VIDEO ORDER#
#############

RAW ORDERS:
[1 2 5 3 7 6 4]
[1 2 4 3 6 7 5]
[1 2 6 7 4 3 5]
[1 2 5 6 7 4 3]
[1 2 4 3 5 6 7]
[1 2 6 4 7 5 3]
[1 2 6 5 3 4 7]
[1 2 5 6 7 4 3]
[1 2 4 5 6 7 3]
[1 2 3 7 4 5 6]
[1 2 3 5 6 7 4]
[1 2 3 7 4 5 6]
[1 2 4 6 7 5 3]
[1 2 7 5 4 3 6]
[1 2 5 7 4 6 3]
[1 2 7 3 5 6 4]
[1 2 3 4 6 7 5]
[1 2 4 3 5 7 6]
[1 2 3 4 5 6 7]
[1 2 4 3 7 5 6]
[1 2 5 3 7 4 6]
[1 2 7 4 3 5 6]
[1 2 5 6 3 7 4]
[1 2 4 6 3 5 7]
[1 2 4 6 5 3 7]
[1 2 5 3 6 4 7]
[1 2 4 5 7 3 6]
[1 2 6 5 7 4 3]
[1 2 6 3 4 5 7]
[1 2 4 7 3 5 6]
[1 2 7 5 6 3 4]
[1 2 5 7 4 6 3]
[1 2 3 6 4 7 5]
[1 2 7 4 5 6 3]
[1 2 3 7 6 5 4]
[1 2 5 7 6 4 3]
[1 2 5 6 7 3 4]
[1 2 4 3 5 6 7]

#################
#VIDEO VIEW TIME#
#################

RAW TIMES:
[ 40691  50426 181540 109987  37795  66942  42376  81779  46081 102119
  39557  41866  36882  90798  16130  97828  53369  81432  55929  63421
  49448  57642  54876 131209  57333  48212  51455  39924  44152  65844
  26470  55607  33821 127313  69003  67567  47359  67236]
[ 27683  36522 181770  67674  29373  67427  30529  37575  32108 107889
  33437  29184  29502  42911  13554  36375  34787  40552  33400  31113
  34683 100853  35622  27565  53682  31613  40061  28548  31393  41054
  20228  39894  30298  49581  49094  55147  40629  61248]
[ 24244  34355  32145  50712  92576  71270  35709  45542  29182  93700
  51008  26123  33268  37978  14904  94061 133071  44246  37179  48808
  33965  34442  26433  25423  52910  50196  33526  26529  27384  40756
  17731  42406  32925  48313  72846  31803  45175  27035]
[ 26784 213040  34709  70775  26180  64905  28694  41886  34707  70505
  31324  26693  30673  41067  16391 141039  53307  39973  33094  36115
  32437  32291  24941  51553  66483  29950  28633  25335  34465  39710
  21700  39324  29560  84114  48749  31932  43463  28953]
[24227 24909 34793 63372 36437 47649 30813 37927 36753 63016 30082 24985
 32357 37410 49656 63574 33850 37961 32297 30189 76066 35043 48510 25425
 58082 43708 28987 26625 26045 38682 32367 78423 29934 48605     0 28795
 36327 29340]
[25760 24690 37817 53197 25491 81750 38462 35541 27503 67824 30730 26643
 55975 32287 23351 70113 34725 68140 31892 30650 47539 34288 27345 24159
 44791 28671 29685 34348 35752 53028 32408 49455 35243 87460 87650 72426
 41040 26767]
[26672 34571 40100 52648 27548 64347 28730 39286 31949 65958 30133 25653
 40899 71546 24056 72782 40225 42768 35492 30474 31036 33870 32054 24926
 39632 35527 28414 36963 40725 43871 33086 60530 31589 46269 82775 29136
 52073 27547]
MEAN:
[63984.711 45119.947 44733.658 46196.158 38505.816 42489.368 40417.368]

#################
#GRADE VIEW TIME#
#################

RAW TIMES:
[ 3350 14914  9888  8143 18679  4413  4784 11233  4821  6349  4601  4547
  4357  6495  3162  8164 10400  7957  3987  4474 11210  6920  9161  6926
  8884  5885  5643  3909  7726 36866  8260  6355  5369 16961  8917 20060
 14351 11731]
[ 2801  5684  8573  8625  6908  5016  5621  7428  6307  6344  4094  3439
  4559  6171  8493  9696  5492  8360  3625  5178  6474  7356  6532  4915
  8571  6514 17628  3493  5649 11481  5881  9291  4584  8750 17506  5643
 14131  8442]
[ 4249  4484  5525  7643  6280  5531  6215  6741  5797 10260  8148  9725
  4867  6172  4135  7632  9095  7270 10118  5631  5348  6680  8362  5834
  6691 11855  8670  4521  4615 10333  8969  8636  5312 61785 11968  5353
  6112 16760]
[ 3280  5327  8606  7307  6886  5549  6419  7760  8519 11071  4709  3270
 12499 15681  3548  5615  5148 10444  4045  5838 10596  6918  9726 10240
 88749  5445  9765  3602  4617 15239  8138 13374  3500  7298 14515  9954
 10054  9479]
[ 4208  3716  6201  9565  6291  4959  8645 18979 40971  8085  5166  3349
  7610  7478  6416 14519  7918 10254  5029  4994  8845 11137 11120  5025
  6401 15586  7784  4323 11454 14599  5688 18385  4009  9447 87995  6661
 15943  6202]
[ 4165  2622 22148 13936 11971 14819 10169  8170  5029 10297  4074  5235
  8226  8564  5021 30919  7461  7636  4431  4437  7028  7975  6836  6074
  6515  6040  9519  5824 15688 16666  6634 14587  3982 21152 12306  5160
 41330  9071]
[ 3392  3324  6090  8170  4605  5012  5238  7410  5843 10688  8617  3714
  8614 10001  3167 13358 16615  9475  4183  4700  7381 12420 10926  5644
  5956 12439  9102  6804  7753 12789  8412 35933  4725 39678 18165  4597
 10053  6045]
MEAN:
[ 8943.474  7243.553  8771.632 10071.842 11446.237 10308.342  9501.   ]

###############
#DEVICE COUNTS#
###############

Desktop: 20
Laptop: 18
Tablet: 0
Smart phone: 0
Other device: 0

##################
#AGE GROUP COUNTS#
##################

18 - 24: 1
25 - 31: 8
32 - 38: 19
39 - 45: 7
46 - 52: 2
53 - 59: 1
60 and above: 0

################
#NETWORK COUNTS#
################

WiFi: 23
Cable network: 12
Cellular network: 2
Other: 1

###########
#REASONING#
###########

A1T79J0XQXDDGC: In gaming it is hard to see what is going on when it degrades at all. Particularly looking down a scope with degradation is impossible.
A320BT7PLIQVZT: Durung the action times it was more annoying. and when the resolution dropped quality after the pause.
A1UM7U8DA3RMA9: It is very much annoying when the online streaming video got blurry or struck in-between, And the guidelines are very clear. Thank You.
AJZBAP861F6X1: No video pause, only resolution decreased, yet its annoying.
A2SKH7WZUEDGGI: not confused
A3PYEW6693PCHT: The quality damage affects the viewing of the game play because you could miss something in detail. For example, there was some text in one of the video that I missed because of the bad video quality.
A8FUMDQFBKMXR: too blurry to not be annoying in such a active scene
A1L8RL58MYU4NC: The Quality damages blur and slag annoyed me a lot no one will like this kind of annoying clips. The Guidelines for this experiment is very clear. Attention check and grading doesn't confused me
A3N5RTXKN4I723: resolution decrease badly
A2BO8M77CS3SGZ: Poor quality at important times are very annoying to watch. However in video games it matters less. The guidelines are pretty clear and easy to understand.
ASPRULQHB8B1F: When watching a game stream we always want to see the game like it really is, full resolution. When the video lacks quality, we can't know for sure how the game really runs
A31Z5TPD8QKE26: The times when it affected my experience the most was at a crucial time when we were watching through the scope and it got blurry.  That's an important part I don't want to miss.
A26UIS59SY4NM6: It's better to have it at the beginning than the end. 
A122E99M2DQY1G: resolution decrease
A3PGUPNMOU5BPW: These blurs are not too annoying. Maybe I should have ranked them as fair. Not exactly sure. 
A1NOINYD1FZ55T: During the videos found blurry some seconds.Not confusing.I grade easy to all videos.
A70L26UXLTGLC: It's just intuitive on feelings between poor and fair here. When there is a pause in more animation movement it's more annoying.
A30YUELTPFSF0T: Tank Video was affect by Resolution. It was not pause. It was a good game.
A3169N2SCN3ENK: The quality makes me lose focus on what I am watching and it takes away from my concentration.  The experiment guideline is clear.  I am not confused about the grading.
A6DX45U3O1CR: resolution decrease
A3B67I3A0YR2D: Video resolution decrease
AH22ILXQFI4R2: resolution decrease
A1NJ6Q940T7HEB: Found resolution decrease
A3OLRWACCCCUTU: Damage during the action, for instance when the tank is firing at the target, is the most annoying. 
A1NH9LK567B862: The quality affects when it starts blurred. The guideline is so clear and there is no confusion while grading the video
A18LFH7XW61JO9: Quality damage at the crucial time affect the viewing experience a lot. Quality damage at the beginning is not crucial. It is annoying after the video starts.
A1IHI23KH87K5W: If it's just watching not playing, a bit of blur really doesn't bother me at any stage a great deal to be honest. If I was playing, completely different story.
A2YHSU2IJZ9J14: May want to consider using 2 or 3 different videos for each task. After viewing the same video a few times, the person grading it already know what to expect and the effect of annoyance due to video damage may not be as great.
A2QD9PJUKW7PKK: ranking i had given based on the video resolution. 
A3P2WQO8VESWF2: In the videos which are related to a tank game, the quality damages encountered are decrease in resolution. These occuring at crucial moments of the game particuarly during aiming cause a lot deal of annoyance. The experiment guidelines and attention checks are clear.
ARTQWWNFA7IOD: Noticed extra resolution decreased when compared with excellent grade reference
A1S34BUFNQ33SQ: I found all the video's blur, But didn't notice any pauses, Also I found couple of videos having quality or resolution issues, which is mainly blocking the main activity in the videos 
A1USDMJVT10CE4: if the resolution or pausing occurs during moments of action.
A11SX02CICZN85: It just affect my eagerness to watch the clip. The guidelines for this HIT is very clear as always. I haven't confused in grading
A4T7PYGN1BE2P: Guideline is clear. It is annoying when video quality decreased.
ASWZO1WY1UHEP: Attention check was clear and also instruction was clear. I can clearly find the damage or quality of the video. Video quality was poor. All videos, resolution was decreased.  Overall I like this gaming video.
AVPD36WUJKJFS: Video getting pause or low resolution will be irritating thing, This experiment guideline is clear and not confused about the grading or the attention check. Thank You.
A3UV55HC87DO9C: I feel like bad video quality at the very beginning isn't as annoying. Makes sense to need some buffer time. I also don't think it's too bad when nothing is happening. It's bad when it happens during action.
