LOG OF game_720_2_3000k_720 SURVEY RESULTS

########
#GRADES#
########

RAW GRADES:
[5 5 5 5 5 5 5 5 5 5 5 5 5 5 5 5 5 5 5 5 5 5 5 5 5 5 5 5 5 5 5 5]
[1 1 1 1 1 1 1 1 1 1 1 1 1 1 1 1 1 1 1 1 1 1 1 1 1 1 1 1 1 1 1 1]
[3 4 3 1 4 1 1 1 2 3 1 4 1 3 3 1 1 1 1 3 2 1 5 4 3 3 4 4 2 1 3 3]
[3 3 3 1 4 1 1 1 3 3 1 4 1 4 3 1 1 1 1 2 2 1 1 4 3 2 4 4 2 1 3 3]
[3 3 3 1 4 1 1 1 2 2 1 4 1 4 2 1 1 1 1 3 2 1 5 4 3 2 4 4 2 2 3 3]
[5 3 2 1 4 1 1 1 1 3 1 2 1 5 1 1 1 1 1 1 5 1 5 4 2 1 3 3 2 2 3 2]
[3 3 3 1 4 1 1 2 3 3 1 3 1 4 2 1 1 1 1 3 2 1 5 4 3 2 4 4 2 2 3 3]
MEAN:
[5.    1.    2.406 2.25  2.344 2.188 2.406]
STANDARD ERROR:
[0.    0.    0.22  0.207 0.215 0.248 0.207]

STANDARDIZED GRADES:
[1.342 1.651 1.905 2.449 1.108 2.449 2.449 2.372 1.988 1.905 2.449 1.342
 2.449 1.006 1.988 2.449 2.449 2.449 2.449 1.877 1.54  2.449 0.632 1.108
 1.905 2.124 1.213 1.213 2.339 2.291 1.871 1.905]
[-1.789 -1.905 -1.651 -0.408 -2.339 -0.408 -0.408 -0.516 -1.104 -1.651
 -0.408 -1.789 -0.408 -2.124 -1.104 -0.408 -0.408 -0.408 -0.408 -1.215
 -1.155 -0.408 -1.581 -2.339 -1.651 -1.006 -2.183 -2.183 -1.108 -0.764
 -1.871 -1.651]
[-0.224  0.762  0.127 -0.408  0.246 -0.408 -0.408 -0.516 -0.331  0.127
 -0.408  0.559 -0.408 -0.559  0.442 -0.408 -0.408 -0.408 -0.408  0.331
 -0.481 -0.408  0.632  0.246  0.127  0.559  0.364  0.364 -0.246 -0.764
  0.     0.127]
[-0.224 -0.127  0.127 -0.408  0.246 -0.408 -0.408 -0.516  0.442  0.127
 -0.408  0.559 -0.408  0.224  0.442 -0.408 -0.408 -0.408 -0.408 -0.442
 -0.481 -0.408 -1.581  0.246  0.127 -0.224  0.364  0.364 -0.246 -0.764
  0.     0.127]
[-0.224 -0.127  0.127 -0.408  0.246 -0.408 -0.408 -0.516 -0.331 -0.762
 -0.408  0.559 -0.408  0.224 -0.331 -0.408 -0.408 -0.408 -0.408  0.331
 -0.481 -0.408  0.632  0.246  0.127 -0.224  0.364  0.364 -0.246  0.
  0.     0.127]
[ 1.342 -0.127 -0.762 -0.408  0.246 -0.408 -0.408 -0.516 -1.104  0.127
 -0.408 -1.006 -0.408  1.006 -1.104 -0.408 -0.408 -0.408 -0.408 -1.215
  1.54  -0.408  0.632  0.246 -0.762 -1.006 -0.485 -0.485 -0.246  0.
  0.    -0.762]
[-0.224 -0.127  0.127 -0.408  0.246 -0.408 -0.408  0.206  0.442  0.127
 -0.408 -0.224 -0.408  0.224 -0.331 -0.408 -0.408 -0.408 -0.408  0.331
 -0.481 -0.408  0.632  0.246  0.127 -0.224  0.364  0.364 -0.246  0.
  0.     0.127]
MEAN:
[ 1.91  -1.211 -0.068 -0.165 -0.124 -0.266 -0.074]
STANDARD ERROR:
[0.094 0.121 0.073 0.076 0.062 0.115 0.057]

#############
#VIDEO ORDER#
#############

RAW ORDERS:
[1 2 6 3 5 4 7]
[1 2 3 6 5 7 4]
[1 2 7 5 3 4 6]
[1 2 7 5 6 3 4]
[1 2 5 7 3 6 4]
[1 2 6 7 3 4 5]
[1 2 6 4 3 5 7]
[1 2 6 5 4 7 3]
[1 2 6 4 3 7 5]
[1 2 6 5 7 4 3]
[1 2 7 6 3 5 4]
[1 2 5 4 6 7 3]
[1 2 6 4 7 3 5]
[1 2 6 4 7 5 3]
[1 2 4 5 6 7 3]
[1 2 5 3 6 4 7]
[1 2 4 3 7 6 5]
[1 2 3 5 6 4 7]
[1 2 6 3 5 4 7]
[1 2 4 3 5 7 6]
[1 2 4 7 5 6 3]
[1 2 3 6 5 7 4]
[1 2 4 6 3 7 5]
[1 2 3 4 5 6 7]
[1 2 3 7 4 5 6]
[1 2 7 4 5 6 3]
[1 2 3 7 4 6 5]
[1 2 5 3 6 4 7]
[1 2 7 3 4 6 5]
[1 2 4 3 6 5 7]
[1 2 7 6 4 3 5]
[1 2 5 6 3 4 7]

#################
#VIDEO VIEW TIME#
#################

RAW TIMES:
[120446  31500  95379 106370  45729  72375  40617  48179 216855  48595
  67483 106192  64082  40289  65233  59407  53028  70805  58535  56129
  50628  68494  46164  50539  49532  37619  33631  68718  24140  85604
  86833  68189]
[ 30801  26547  62194  41562  23072  44351  30361  30848  32590  34848
  30953  31967  44440   9507  33832  54813  62127  37059  39456  26935
  28054  30969  31082  68393  28894  29935  28805  50465  26490  77528
 132470  38437]
[ 44892  26762  60841 113584  93969  35996  29475  27902  30045  43531
  31420  41173  40053  17468  57272  48586  44524  47843  33369  27471
  27094  32585  48793  62989  55905  35654  27733  56611  36869  43453
  89025 127457]
[ 29101  26007  90768  39625  30596  43367  36138  77102  45957  39014
  30436  50643  38218  24348  58275  33772  36850  34013  33560  35520
  29459  31522 207837  59899  31276  46763  28676  43163  35096  44702
 129962  42022]
[40420 33331 65792 90573 30659 36330 33023 29677 26713 32894 30916 54921
 38112 24394 60037 35064 37296 42604 33585 26518 41378 31585 46552 31467
 29496 29023 28658 54546 27195 53609 63440 41725]
[29700 26631 75624 63577 30214 61670 37232 55991 27649 37755 53490 51855
 93404 32186 60052 49127 35901 42382 58677 27437 27922 31202 32499 35819
 57012 32472 37083 72265 31567 75124     0 38489]
[31309 26007 62195 53893 83538 45465 41796 27767 51574 31667 31015 36635
 37160 24378 35534 35506 37800 36293 31421 52353 26934 30543 38272 39625
 28355 47998 29006 46863 55451 59350 59996 42064]
MEAN:
[66791.219 40618.281 48135.75  48865.219 40047.906 44437.75  41180.094]

#################
#GRADE VIEW TIME#
#################

RAW TIMES:
[ 9982  4403  8441 29627  3851  7422  5067  8327  4965  5806  6818  9440
  6245 21224  8680  6442  8395  6210  9019  4506  4705  6106  5735 41348
 24679  3830  5787 16172  8630  8300 23557  7440]
[ 6727  5146  7576 15878  3587  8825  5688  5673  3037  4694  8171  5228
 12733  2773  8158  7828  4865  5487  8400  4108  5107  5556 10560  6898
  4601  4603  7664 14515 13128  8075 16034  8958]
[ 6268  6879  7814 11818  7441  9635  8794  7096  4995  6986  5150  4690
  6061  6028  9567  8855  4337  6583  8365  7109  4797  7827 11250 29583
 22399  4648 10051 12902  7006  9121 15430 10155]
[ 4068  4582 13343 32713  5619  8004  6770  5141  7689  5799  5608 10273
  6205  3170 10981  8000 10071  6094  6620 13625  7049  8614  9921 20887
  5425  5925 10071 13404 12369 17651 10748  6989]
[55564  4924  7484 28071  8994  7711  6075  6464  3667  6266  6326  8121
  5467  3392  8086 13285  4353  5229  7010  7136  5532  6522  6789  5660
  5381  5799  7081 20291  8131 30424  9131 10977]
[ 8707  5578  8997 11622  6214 15798  7632 11873  9070 12466  6261  5893
 10949  5067 25262  8491  4155  5356  7910  9154 19040  5573  4990  5190
 11840 10735 11008 11085  8875 21268 72827  6431]
[ 3581  4853 12526 19476  5368 13188  5107  6178  8653  6921  7291  6992
  8872  5828  7702  9017  3559  6020  5940  7628  9322  7223  4603  4916
  6908 12917 25952 13227 10469 10793 11422  7323]
MEAN:
[10348.719  7508.781  9051.25   9482.125 10166.969 11728.656  8742.969]

###############
#DEVICE COUNTS#
###############

Desktop: 17
Laptop: 14
Tablet: 0
Smart phone: 1
Other device: 0

##################
#AGE GROUP COUNTS#
##################

18 - 24: 2
25 - 31: 4
32 - 38: 15
39 - 45: 6
46 - 52: 3
53 - 59: 2
60 and above: 0

################
#NETWORK COUNTS#
################

WiFi: 18
Cable network: 10
Cellular network: 3
Other: 1

###########
#REASONING#
###########

A3GLUDQZGEJL5G: The quality damage really takes you out of the moment that you're watching. 
A2H8GNSEVUJXYL: delays would have been more annoying if i were playing instead of watching
A1UM7U8DA3RMA9: Watching videos with low resolution and pause issue will be annoying thing, Mostly occur because of poor internet connection, Experiment guideline is clear.
AJZBAP861F6X1: video got paused, annoying.
A8FUMDQFBKMXR: The pauses are much better than blur
A1L8RL58MYU4NC: The Quality damages blur and slag annoyed me a lot no one will like this kind of annoying clips. The Guidelines for this experiment is very clear. Attention check and grading doesn't confused me
A3N5RTXKN4I723: video pause for more than 1 second
A2BO8M77CS3SGZ: Poor quality at ivideo games are annoying to play. Blank screen during the game was very bad. Instuctions about the study are clear.
A31Z5TPD8QKE26: The stalled black screen was worse than the others.  The stalling also felt worse to me when it during a fast action sequence.
A26UIS59SY4NM6: The buffering during a black frame in the game wasn't that annoying. Early buffering better.
A1IU5OP7BBZHZ7: got struck in between videos makes loose patience, Blurring for very few seconds makes no difference from the good one
A38NFX88VZDMJ3: If the pause did not last long or the screen did not go black.
A122E99M2DQY1G: Video pause more than 1 second
A3PGUPNMOU5BPW: I think I missed the pause in the first video. The footage is kind of slow so I didn't find the pauses to be very annoying. 
A70L26UXLTGLC: At more important points in a video with action in it a pause or a blur is more annoying. The guidelines were clear. I didn't need to continually look at the reference.
A30YUELTPFSF0T: Tanker video was interesting, While watching it seriously, it was paused and it was really affecting video quality.
A3169N2SCN3ENK: The quality makes me lose focus on what I am watching and it takes away from my concentration.  The experiment guideline is clear.  I am not confused about the grading.
A6DX45U3O1CR: video pause for more than one second
AH22ILXQFI4R2: video pause for more than 1 second
A3OLRWACCCCUTU: When it paused mattered, and how long it seemed, but the worst was when the paused gave me a black screen.
A1N62PWMUOG2YY: When it comes to gaming, and specifically, a shooting and army killing type of game, every second matter. If there is any kind of blurring, like when the shooter was scoping in, it is annoying because you cannot see your target clearly. Also, any kind of pauses are also annoying because you could get attacked by the enemy and it creates a sense of frustration.
A3UM3RQRAL4DP5: both video pausing and video resolution decrease
A3LMI7ZDFO8JHR: most of the  quality was good  nothing was confusing 
A1NH9LK567B862: I get really annoyed when the video got stuck for a moment. Guidelines are clear though. 
A1IHI23KH87K5W: The black pause in last video was particularly annoying 
A2YHSU2IJZ9J14: More grading examples will be helpful.
A2QD9PJUKW7PKK: few videos are just paused for 2 sec and clarity was same so i had given good as rating
A3P2WQO8VESWF2: In these gaming video clips, in my opinion, I think that quality damage due to video pause of 1 second is much more tolerable than decrease in resolution. However video pauses that occur in the video during aiming will be highly annoying. There is not at all any confusion regarding experiment guidelines and attention checks.
ARTQWWNFA7IOD: Observed the Quality Damages due to video pause more than 1 second.
A11SX02CICZN85: It just affect my eagerness to watch the clip. The guidelines for this HIT is very clear as always. I haven't confused in grading
A4T7PYGN1BE2P: Guideline is clear and slightly annoying when video get paused.
AVPD36WUJKJFS: Video getting pause or low resolution will be irritating thing, This experiment guideline is clear and not confused about the grading or the attention check. Thank You.
