LOG OF original_videos_Sports_360P_Sports_360P-32d3_2_1000k_352 SURVEY RESULTS

########
#GRADES#
########

RAW GRADES:
[5 5 5 5 5 5 5 5 5 5 5 5 5 5 5 5 5 5 5 5 5 5 5 5 5 5 5 5 5 5 5 5 5 5]
[1 1 1 1 1 1 1 1 1 1 1 1 1 1 1 1 1 1 1 1 1 1 1 1 1 1 1 1 1 1 1 1 1 1]
[2 3 2 1 4 2 3 1 2 2 1 3 3 2 1 1 1 3 1 3 4 4 4 4 4 2 3 3 3 2 3 3 4 4]
[2 3 2 1 4 2 3 1 2 2 1 3 3 1 1 1 1 3 1 3 4 4 3 4 3 2 3 2 3 2 3 3 4 3]
[2 2 2 2 4 2 3 1 1 2 1 3 3 1 1 1 1 3 1 2 4 2 2 4 3 3 3 1 2 2 3 3 4 3]
[2 3 2 1 4 2 3 1 3 2 1 3 3 1 1 1 1 3 1 2 4 3 3 3 3 2 3 2 2 3 3 3 4 3]
[2 3 2 2 4 2 3 1 2 2 1 3 3 1 1 1 1 3 1 2 4 3 3 4 4 2 3 2 2 3 3 3 4 3]
MEAN:
[5.    1.    2.588 2.441 2.265 2.382 2.441]
STANDARD ERROR:
[0.    0.    0.182 0.172 0.168 0.161 0.167]

STANDARDIZED GRADES:
[2.339 1.905 2.339 2.319 1.108 2.339 1.871 2.449 2.124 2.339 2.449 1.871
 1.871 2.372 2.449 2.449 2.449 1.871 2.449 2.062 1.108 1.491 1.673 1.213
 1.477 2.183 1.871 2.124 2.062 2.062 1.871 1.871 1.108 1.651]
[-1.108 -1.651 -1.108 -0.632 -2.339 -1.108 -1.871 -0.408 -1.006 -1.108
 -0.408 -1.871 -1.871 -0.516 -0.408 -0.408 -0.408 -1.871 -0.408 -1.334
 -2.339 -1.721 -1.673 -2.183 -1.969 -1.213 -1.871 -1.006 -1.334 -1.334
 -1.871 -1.871 -2.339 -1.905]
[-0.246  0.127 -0.246 -0.632  0.246 -0.246  0.    -0.408 -0.224 -0.246
 -0.408  0.     0.     0.206 -0.408 -0.408 -0.408  0.    -0.408  0.364
  0.246  0.688  0.837  0.364  0.615 -0.364  0.     0.559  0.364 -0.485
  0.     0.     0.246  0.762]
[-0.246  0.127 -0.246 -0.632  0.246 -0.246  0.    -0.408 -0.224 -0.246
 -0.408  0.     0.    -0.516 -0.408 -0.408 -0.408  0.    -0.408  0.364
  0.246  0.688  0.     0.364 -0.246 -0.364  0.    -0.224  0.364 -0.485
  0.     0.     0.246 -0.127]
[-0.246 -0.762 -0.246  0.105  0.246 -0.246  0.    -0.408 -1.006 -0.246
 -0.408  0.     0.    -0.516 -0.408 -0.408 -0.408  0.    -0.408 -0.485
  0.246 -0.918 -0.837  0.364 -0.246  0.485  0.    -1.006 -0.485 -0.485
  0.     0.     0.246 -0.127]
[-0.246  0.127 -0.246 -0.632  0.246 -0.246  0.    -0.408  0.559 -0.246
 -0.408  0.     0.    -0.516 -0.408 -0.408 -0.408  0.    -0.408 -0.485
  0.246 -0.115  0.    -0.485 -0.246 -0.364  0.    -0.224 -0.485  0.364
  0.     0.     0.246 -0.127]
[-0.246  0.127 -0.246  0.105  0.246 -0.246  0.    -0.408 -0.224 -0.246
 -0.408  0.     0.    -0.516 -0.408 -0.408 -0.408  0.    -0.408 -0.485
  0.246 -0.115  0.     0.364  0.615 -0.364  0.    -0.224 -0.485  0.364
  0.     0.     0.246 -0.127]
MEAN:
[ 1.976 -1.367  0.014 -0.106 -0.253 -0.157 -0.108]
STANDARD ERROR:
[0.071 0.108 0.067 0.052 0.065 0.048 0.048]

#############
#VIDEO ORDER#
#############

RAW ORDERS:
[1 2 5 7 3 6 4]
[1 2 5 4 7 6 3]
[1 2 4 6 7 5 3]
[1 2 7 5 6 3 4]
[1 2 4 7 3 6 5]
[1 2 5 7 4 6 3]
[1 2 3 6 5 4 7]
[1 2 4 6 5 3 7]
[1 2 3 7 5 4 6]
[1 2 7 5 3 6 4]
[1 2 4 5 3 6 7]
[1 2 3 6 5 4 7]
[1 2 3 7 5 4 6]
[1 2 4 3 7 6 5]
[1 2 6 5 4 7 3]
[1 2 4 6 5 3 7]
[1 2 5 6 4 3 7]
[1 2 3 5 4 7 6]
[1 2 5 7 4 6 3]
[1 2 3 6 7 4 5]
[1 2 7 5 6 3 4]
[1 2 3 7 5 4 6]
[1 2 6 3 7 5 4]
[1 2 6 3 4 7 5]
[1 2 7 3 5 4 6]
[1 2 7 6 3 5 4]
[1 2 7 5 4 3 6]
[1 2 7 6 4 3 5]
[1 2 4 7 3 6 5]
[1 2 6 7 5 3 4]
[1 2 4 6 3 7 5]
[1 2 5 3 6 7 4]
[1 2 7 6 5 4 3]
[1 2 7 3 4 5 6]

#################
#VIDEO VIEW TIME#
#################

RAW TIMES:
[ 32261 121142  91557 168481  45232  60434  37131  82603  40345  72777
  59741  69962  67721  54168  47603  55472  46774  35021  50356 107609
  66282  48131  44663  36478  70439  59768 142688  34806  57689  63617
  59058 130982 188568  99888]
[ 58184  57887  76480  74776  24275  34261  28012  52491  29819  33417
  64436 108750  42749  36435  33567  36192  26530  36290  47883  74057
 150983  36553  47454  29972  41395  55387  47720  30529  36838  34581
  30956  60825 132639 113946]
[181018  57359  80126  97567  48277  34868  29358  72333  27910  33047
  44712  86647 139410  37513  33827  34142  31131  48282  46728  69710
  29166  27731  35615  47042  52948  42856  78667  29762  36678  47702
  41807  39616  36799  65964]
[ 30321  63202  89034  80125  53034  40294  51733  77978  27413  35260
  38800  61308  50392  37563  36734  33522  32604  31730  37676  68853
  38803  31230  32979  30159  46675  35360  79302  36057  37987  41888
 114128  41139  34314  67022]
[28040 74779 58390 93450 46105 35476 32555 38617 28445 32598 37265 49964
 61269 45645 33562 33851 33834 42359 43694 68527 47851 34540 46359 28958
 50689 35489 37616 34086 46044 34108 47765 40631 43270 82877]
[28625 60360 91647 98321 38740 45293 33656 37190 27038 34916 74384 85246
 71858 39737 55759 33302 33916 45175 34767 68737 47573 30080 39680 48054
 44075 39677 40823 27760 35778 33851 42438 64560 34367 81942]
[ 31360  58988  72224 138298  43993  31959  26942  48972  28409  35433
  58951  43214  65903  41526  33491  37486  34122  45855  85004  71241
 164696  57684  37630  28854  43819  60823  43154  36762  35522  32573
  40992  42118  64738  65483]
MEAN:
[72042.559 53713.794 54303.471 48371.147 44962.    48509.559 52594.676]

#################
#GRADE VIEW TIME#
#################

RAW TIMES:
[ 6177 10246  6386 12736  4857  6684  3865 28083 17639  4974  6723  6902
  7192  4748  6990  5647 10826  7156  5360 25295  7372  6518 10442  5023
 10084  7538  9527  5660 13013  7309  6671 26908 12284  9629]
[ 6146 10636  4411 29124  8627  6964  4804 26665  2922  6423 13206  7789
 13721  5320  5243  6743  8340  8295 19357 17688 11986  5473  6655  5943
  7806 12733  6873  5655 17988  6535  4756 26341  7574  7890]
[  7131   9153   5144  12382   6995  11363   7151  14037   5433   5585
   6404   8525  14621   7991   6088   7058   8386  11594   5138  23518
   8158 114023   7748  12572  11697  12628   5198   4019  15188  10899
  12298  51376   6532   8830]
[ 4232  9443 24009 10828  9256  7673  4591 38392  3418  6541  8730  9162
 15037  8930  5543  7552  7454  8212  5912 30660  8902  6815  6796  5618
 10350  8744  4764  8055 14723  7675 11610  6231  6747 10769]
[47100 21565  4481 25085  8446 16694  5330 15957  3621  7701  6756  7242
 12730  4421  5623  5472 14656  9377  8013 14268  5796  5508  5589 13093
 11365  9164  8089 14027  8206  9028 10162 11256 36539  8253]
[ 7779  9138 10072 11926  5245  6830  5534 12258  3819  5306  7057  7213
 26633  3928  8406  6819  8271  8985  6461 26234  6256  5574  8747 13079
 16121  9676  5408  7965  9654  7825 12013  8068 10029 11385]
[ 7351  8702  5504 31668  4286  7301  4854 18377  3903  9972  6267  7675
 12653 10885  5483  5422  7074  8265  5231 23110  9935  5326 11941  8105
 19476 15301 26545  6952 12180 14091  7462  8013 26391 16874]
MEAN:
[ 9601.882 10195.059 13672.441 10099.235 11782.735  9403.353 11252.206]

###############
#DEVICE COUNTS#
###############

Desktop: 18
Laptop: 16
Tablet: 0
Smart phone: 0
Other device: 0

##################
#AGE GROUP COUNTS#
##################

18 - 24: 0
25 - 31: 7
32 - 38: 18
39 - 45: 5
46 - 52: 3
53 - 59: 0
60 and above: 1

################
#NETWORK COUNTS#
################

WiFi: 21
Cable network: 11
Cellular network: 2
Other: 0

###########
#REASONING#
###########

A320BT7PLIQVZT: Durung the action times it was more annoying. and when the resolution dropped quality after the pause.
A1UM7U8DA3RMA9: Watching videos with low resolution and pause issue will be annoying and disturbing. Experiment guidelines are clear.
A3PYEW6693PCHT: The random pauses are annoying, especially during a game. It interrupts the flow of the game. Guidelines are very clear and I was not confused about anything.
A3SKQPPOKCZU88: The quality damage is very irritating especially the video pausing.
A8FUMDQFBKMXR: pauses aren't that bad considering the quality is already poor 
A1L8RL58MYU4NC: The Quality damages blur and slag annoyed me a lot no one will like this kind of annoying clips. The Guidelines for this experiment is very clear. Attention check and grading doesn't confused me
A219VCQZADQ45W: BRIEF PAUSE, OR A LITTLE BLURRY CAN BE ANNOYING ESPECIALLY IF IT IS RIGHT BEFORE A GOAL OR JUMPING OFF A CLIFF
A3N5RTXKN4I723: video pause for more than 1 second
A31Z5TPD8QKE26: the stalling during the middle of a shot was more annoying than when it stalled during no action.
A1IU5OP7BBZHZ7: got struck in between videos makes loose patience, Blurring for very few seconds makes no difference from the good one
A122E99M2DQY1G: Video pause more than 1 second
A1NOINYD1FZ55T: During the videos found paused some seconds.I grade easy to all videos Not confusing.
A30YUELTPFSF0T: Video Paused and No Resolution Decrease. Overall it is Fair.
A3169N2SCN3ENK: The quality makes me lose focus on what I am watching and it takes away from my concentration.  The experiment guideline is clear.  I am not confused about the grading.
A6DX45U3O1CR: video pause for more than one second
AH22ILXQFI4R2: video pause for more than 1 second
A1NJ6Q940T7HEB: Found both resolution decrease and video pause
A272A0JGRTBFCR: Thanks for your ​OUTSTANDING HITS and i would thank you for giving me the chance to participate and you are helping make me better.
A3UM3RQRAL4DP5: both video pausing and video resolution decrease
A3QZMGTVA4VO44: Quality damage in the starting as well as after the ball shoot is made is not making any difference at all. But damage during the game affects my experience. The guidelines are very clear and nothing is confusing about the grading.
A1NH9LK567B862: The quality affects when it starts stuck. The guideline is so clear and there is no confusion while grading the video
A18LFH7XW61JO9: Quality damage at the crucial time affect the viewing experience a lot. Quality damage at the beginning is not crucial. It is annoying after the video starts.
A1IHI23KH87K5W: I don't find pauses too annoying with basketball, but depends on the action point of course.
A2QD9PJUKW7PKK: there was 2 sec video paused. instruction was clear. But the video quality was not good from starting. So i was little confuse that quality had changed or not.
A3P2WQO8VESWF2: These video clips encounter damage due to video pause only. And these video pauses cause concern only at certain moments like when attempting to free throw and getting goal. At other moments the video pauses are quite acceptable. I personally feel that video pauses of one second is much more tolerable than decrease in resolution in the case of quality damages. The experiment was very interesting, the guidelines, grading and attention checks were clear cut. I would certainly like to do more of these type of hits.
ARTQWWNFA7IOD: Observed the Quality Damages due to video pause more than 1 second.
A1S34BUFNQ33SQ: I found all the videos blur and paused, But in this set of video's I didn't see major blur and video's looks fair for viewers but pauses will cause some issue while viewing the video's which is annoying to view for me or users 
A1USDMJVT10CE4: if the resolution or pausing occurs during moments of action.
A11SX02CICZN85: It just affect my eagerness to watch the clip. The guidelines for this HIT is very clear as always. I haven't confused in grading
A1TXOZQU1O4F0N: all videos i notice extra video pause of more than 1 second when compared with excellent grade reference
A3QS7M912JGKFD: video paused, experiment guideline is very clear
A4T7PYGN1BE2P: Guideline is clear and it is slightly annoying when video get paused.
ASWZO1WY1UHEP: Nothing to difficult. I can find out damage of the video quality easily. I think all videos paused more than one second.
AVPD36WUJKJFS: Video getting pause or low resolution will be irritating; The experiment guideline is clear and not confused about the grading or the attention check. Thank You.
