LOG OF original_videos_Sports_720P_Sports_720P-3072_2_3000k_720 SURVEY RESULTS

########
#GRADES#
########

RAW GRADES:
[5 5 5 5 5 5 5 5 5 5 5 5 5 5 5 5 5 5 5 5 5 5 5 5 5 5 5 5 5 5 5 5 5 5]
[1 1 1 1 1 1 1 1 1 1 1 1 1 1 1 1 1 1 1 1 1 1 1 1 1 1 1 1 1 1 1 1 1 1]
[4 3 2 4 2 1 2 2 1 3 2 4 1 1 1 1 1 1 5 1 4 4 4 3 2 4 4 2 3 4 2 3 3 3]
[4 3 2 4 2 1 2 1 1 3 2 3 1 1 1 1 1 1 4 1 4 4 4 2 2 4 2 2 3 4 2 3 3 3]
[4 3 2 4 2 1 2 1 1 3 2 3 1 1 1 1 1 1 5 1 4 4 4 3 2 4 3 2 2 2 2 3 3 3]
[4 3 2 4 2 1 2 1 1 3 2 3 1 1 1 1 1 1 1 1 4 3 3 2 1 4 3 2 2 1 2 3 2 3]
[3 2 2 4 2 1 1 1 1 3 2 3 1 1 1 1 1 1 5 1 4 3 1 2 1 4 3 2 1 1 2 2 2 3]
[4 3 2 4 2 1 2 3 1 3 2 3 1 1 1 1 1 1 5 1 4 4 4 3 2 4 4 2 3 3 3 3 3 3]
MEAN:
[5.    1.    2.559 2.382 2.382 2.088 2.    2.559]
STANDARD ERROR:
[0.    0.    0.209 0.195 0.2   0.178 0.191 0.2  ]

STANDARDIZED GRADES:
[1.238 2.018 2.524 1.147 2.524 2.646 2.466 2.292 2.646 2.    2.524 1.78
 2.646 2.646 2.646 2.646 2.646 2.646 0.665 2.646 1.147 1.342 1.257 2.138
 2.449 1.147 1.608 2.524 2.041 1.589 2.363 2.018 2.065 2.   ]
[-2.363 -1.78  -1.147 -2.524 -1.147 -0.378 -0.965 -0.642 -0.378 -2.
 -1.147 -2.018 -0.378 -0.378 -0.378 -0.378 -0.378 -0.378 -1.7   -0.378
 -2.524 -2.236 -1.616 -1.463 -0.816 -2.524 -1.823 -1.147 -1.225 -1.087
 -1.238 -1.78  -1.606 -2.   ]
[ 0.338  0.119 -0.229  0.229 -0.229 -0.378 -0.107  0.092 -0.378  0.
 -0.229  0.831 -0.378 -0.378 -0.378 -0.378 -0.378 -0.378  0.665 -0.378
  0.229  0.447  0.539  0.338  0.     0.229  0.75  -0.229  0.408  0.92
 -0.338  0.119  0.229  0.   ]
[ 0.338  0.119 -0.229  0.229 -0.229 -0.378 -0.107 -0.642 -0.378  0.
 -0.229 -0.119 -0.378 -0.378 -0.378 -0.378 -0.378 -0.378  0.074 -0.378
  0.229  0.447  0.539 -0.563  0.     0.229 -0.965 -0.229  0.408  0.92
 -0.338  0.119  0.229  0.   ]
[ 0.338  0.119 -0.229  0.229 -0.229 -0.378 -0.107 -0.642 -0.378  0.
 -0.229 -0.119 -0.378 -0.378 -0.378 -0.378 -0.378 -0.378  0.665 -0.378
  0.229  0.447  0.539  0.338  0.     0.229 -0.107 -0.229 -0.408 -0.418
 -0.338  0.119  0.229  0.   ]
[ 0.338  0.119 -0.229  0.229 -0.229 -0.378 -0.107 -0.642 -0.378  0.
 -0.229 -0.119 -0.378 -0.378 -0.378 -0.378 -0.378 -0.378 -1.7   -0.378
  0.229 -0.447 -0.18  -0.563 -0.816  0.229 -0.107 -0.229 -0.408 -1.087
 -0.338  0.119 -0.688  0.   ]
[-0.563 -0.831 -0.229  0.229 -0.229 -0.378 -0.965 -0.642 -0.378  0.
 -0.229 -0.119 -0.378 -0.378 -0.378 -0.378 -0.378 -0.378  0.665 -0.378
  0.229 -0.447 -1.616 -0.563 -0.816  0.229 -0.107 -0.229 -1.225 -1.087
 -0.338 -0.831 -0.688  0.   ]
[ 0.338  0.119 -0.229  0.229 -0.229 -0.378 -0.107  0.825 -0.378  0.
 -0.229 -0.119 -0.378 -0.378 -0.378 -0.378 -0.378 -0.378  0.665 -0.378
  0.229  0.447  0.539  0.338  0.     0.229  0.75  -0.229  0.408  0.251
  0.563  0.119  0.229  0.   ]
MEAN:
[ 2.079 -1.292  0.051 -0.093 -0.088 -0.302 -0.406  0.051]
STANDARD ERROR:
[0.098 0.124 0.067 0.065 0.055 0.067 0.076 0.063]

#############
#VIDEO ORDER#
#############

RAW ORDERS:
[1 2 8 4 5 6 3 7]
[1 2 7 3 5 4 8 6]
[1 2 4 6 7 3 8 5]
[1 2 4 5 6 8 3 7]
[1 2 6 4 8 5 3 7]
[1 2 3 5 8 6 7 4]
[1 2 5 7 4 3 6 8]
[1 2 4 5 3 8 6 7]
[1 2 8 5 6 4 3 7]
[1 2 6 3 7 5 4 8]
[1 2 8 4 7 3 6 5]
[1 2 7 8 3 6 5 4]
[1 2 8 3 5 4 7 6]
[1 2 8 4 7 5 6 3]
[1 2 4 5 7 3 6 8]
[1 2 5 6 7 4 3 8]
[1 2 4 5 3 8 6 7]
[1 2 7 6 3 8 4 5]
[1 2 6 4 3 8 5 7]
[1 2 6 7 3 8 4 5]
[1 2 4 8 6 3 5 7]
[1 2 5 8 3 7 4 6]
[1 2 7 5 8 6 4 3]
[1 2 7 8 3 5 6 4]
[1 2 3 4 7 5 8 6]
[1 2 7 4 5 3 8 6]
[1 2 3 4 5 6 8 7]
[1 2 5 3 7 8 6 4]
[1 2 3 4 8 7 6 5]
[1 2 8 3 7 5 4 6]
[1 2 6 5 8 7 4 3]
[1 2 5 4 8 3 6 7]
[1 2 5 6 8 4 7 3]
[1 2 6 5 3 4 8 7]

#################
#VIDEO VIEW TIME#
#################

RAW TIMES:
[ 35476  56401  82471  44547  72166  89486 172671  40905  85900   9512
 110614  76720  70914  52449  53370  40101  75540  48155  42302  68805
 105123  61680  44278  57295  46541  43816  40866  34973  79669  42642
  56127  70506  58579  54569]
[28594 55077 65143 43990 48118 39218 76177 30212 65206  8449 47763 35407
 48150 37342 32476 27860 36179 33774 25325 37241 66045 39843 27699 33333
 29015 32169 33286 27255 45585 36017 35700 42555 56046 36680]
[ 29715  93674  66825  33084  32441  58920  78967 142423  34529  34173
  53576  44635  52718  32991  35450  35495  37840  55206  46722  35087
  40264  39078  28304  31830  46244  35514  31373  27076  68902  35459
  39244  51339  79223  44870]
[ 29414  40569  70387  52037  40666  56349 134370  30065  44640  20297
  75224  36764  49244  31547  35460  27386  42330  35821  45408  36658
  34698  47883  27664  31786  30619  32284  28987  27257  48401  34977
  56214  46729  56837  39529]
[ 28317  46204  62787  97320  38538  42122  89964  29521 195193  21403
  56973  35799 113289  38044  32854  68508  34560  37028  54380  33581
  66602  35731  28365  72761  43167  30777  40052  27896  49961  36661
  40265  49219  45053  61513]
[ 45795  39633 133464  33418  36021  44177  71306  27318  39108  22750
  55097  36056  89127  35503  35669  28105  39392  32898  37333  35319
  72596  38353  27740  32692  31026  29976  32995  27353  46348  36971
  46740      0  31775  65022]
[ 29248  52470  61997  33432  49386  35385  94710  28720  36510  26451
  44826  36111  63443  32819  33205  27738  38500  32343  68292  35172
  37636  46490  29600  50298  31904  32325  29558  26920 122187  44272
  38583  46131  32953  42478]
[ 28790  52860  75616  32911  46020  37579 174528  27617  68833  24111
  49621  36694  63683  55216  34884  28100  34420  32224  47474  35741
  52850  70595  27084  32966  44285  31210  28461  26419  43894  35006
  46001  50614  38991  37188]
MEAN:
[62504.971 40086.147 48035.029 43485.324 52482.588 42266.941 43296.853
 45661.353]

#################
#GRADE VIEW TIME#
#################

RAW TIMES:
[ 5172  6822  9650 11057 18770  7710 11161  3628 31044 14659 12740 34395
  7015  3921  9238  7768  7650 20251 10606 13743  6814  9642 13644  5182
  4440  7117 11918  4999 10720  5992 34290  8231  4790 16915]
[ 4518 43408  7589  7725  5261  6365  6516 85808  6942  2849 12780 16895
  6767  3301  5036  8672  6978 19072  7622  8726  5955  6845  5115  5364
  4213  5759  4380  4013 13186  5225 10066  7715 55465  7352]
[ 6078  8681  6762  7296 10241  8889  7413  4856  7397  8160 15537 42372
 53989  7522  6012  8048 10720 22350 10705  5789 11075 13714  6832  6803
 29329  5800 18683  4778 14506 24913  7392 11023  6875  5530]
[ 5234  6796 46563 14470  7025  6312  7431  8664  7961  3487 13739  6252
  7960  3507  8030 15301  9053 13578 13973  5877 44724  5578  6068  6353
  4885  5692 20721  5185 22814 16522 20680 12112  7089  5802]
[ 5201  6186  7819  7792  6893 15281  8033  3445 50415  3385 11580  6726
 10655  4140  6341 12788  6740 12440  9283  5428  9224 82742  5141  5218
  4255  6485  5183  6817 21329  9442  9596 14436 33749  7016]
[ 5604  7347 31783  5986 11020 12403  5447  3404  7517 54105 13521  8078
 25488  4748  6383  6348  6730 12089 11953  9303  7019  6264  9089  4349
  4997  6527 13504  7752 11980  9357 12848 72213  9450 11248]
[ 6878 73242  7415  8206  7411 11049  5496  3260  7697 19336 11291 14724
 23903  3674  6024  9779  9502 29831 10687  5947  9126 11130  8248  6966
  7106 12795 10715  4752 15951  6162  9111  9471  6818  5270]
[10208  6700 11455  6767  6120 12493  7271  3587 22453  4592 27243  8116
 18308  5276  7071 11178  6477  9069  9328  5265  5706  6028 18477  4790
 14107  6245  9423  5213 15086 17100 10968  9749  5744  6705]
MEAN:
[11520.412 12161.265 12531.471 11630.529 12388.353 12819.235 11734.5
  9832.882]

###############
#DEVICE COUNTS#
###############

Desktop: 16
Laptop: 18
Tablet: 0
Smart phone: 0
Other device: 0

##################
#AGE GROUP COUNTS#
##################

18 - 24: 1
25 - 31: 5
32 - 38: 20
39 - 45: 5
46 - 52: 1
53 - 59: 2
60 and above: 0

################
#NETWORK COUNTS#
################

WiFi: 18
Cable network: 13
Cellular network: 2
Other: 1

###########
#REASONING#
###########

A2H8GNSEVUJXYL:  a little stop action doesn't hurt when the camera is shaking so much
A1UM7U8DA3RMA9: Watching videos with frequent low resolution and pause issue will be annoying and disturbing thing  . Experiment guidelines are clear.
AJZBAP861F6X1: Very interesting Survey. Video got paused it affects the video watching experience.
A8FUMDQFBKMXR: Pausing at the beggining of the match is more tolerable than in the middle.
A1L8RL58MYU4NC: The Quality damages blur and slag annoyed me a lot no one will like this kind of annoying clips. The Guidelines for this experiment is very clear. Attention check and grading doesn't confused me
A3N5RTXKN4I723: video pause for more than 1 second
A2BO8M77CS3SGZ: Poor quality at important times are very annoying to watch. However if the quality is poor at times when the game is not in play then its fine. The guidelines for the study is pretty clear.
A31Z5TPD8QKE26: if there was a lull in the action when the video froze, I didn't think it was so bad.
A122E99M2DQY1G: All videos i checked all of them are video paused more than 1 second. 
A3PGUPNMOU5BPW: The wrestling video quality is really bad so I'm not sure the 1 second delay makes as much of a difference. I just don't enjoy watching this footage at all.
A1NOINYD1FZ55T: During the videos found paused some seconds.I grade easy to all videos Not confusing.
A70L26UXLTGLC: At more important points in a video with action in it a pause or a blur is more annoying. The guidelines were clear. I didn't need to continually look at the reference.
A30YUELTPFSF0T: Video Quality was damaged by the pause, It was also reduce the Resolution Quality.
A3169N2SCN3ENK: The quality makes me lose focus on what I am watching and it takes away from my concentration.  The experiment guideline is clear.  I am not confused about the grading.
A6DX45U3O1CR: video pause for more than one second
A3B67I3A0YR2D: video pause for more than 1 second
AH22ILXQFI4R2: video pause for more than 1 second
A1NJ6Q940T7HEB: Found both resolution decrease and video pause
A272A0JGRTBFCR: Thanks for your ​OUTSTANDING HITS and i would thank you for giving me the chance to participate and you are helping make me better.
A3UM3RQRAL4DP5: both video pausing and video resolution decrease
A1NH9LK567B862: The quality affects when it get paused. The guideline is so clear and there is no confusion while grading the video
A18LFH7XW61JO9: Quality damage at the crucial time affect the viewing experience. I mean when a crucial moment arise and the video stops, it is very annoying.
A3G5IPGLH1IIZN: It doesn't matter when it happens, it takes me out of the experience.
A1IHI23KH87K5W: retake of HIT: 36FQTHX3Z342391UPAUK6UDW1PM3BC
A2YHSU2IJZ9J14: More grading examples will be helpful.
A2QD9PJUKW7PKK: video resolution was great. just 2 sec video paused was there in every video. experiment guideline is clear
A2MCG5W6LHSRG9: When the camera cut away or when both wrestlers were just standing at a distance was the best time for a issue with the video as nothing was going on
A3O7X46E3REM7I: It makes the viewing experience annoying. Everything was clear.
A3P2WQO8VESWF2: In my opinion of the quality damages the video pausing for 1 second is tolerable compared to low resolution. The point is where this video pause occurs. The grading and guidelines are clear.
A1S34BUFNQ33SQ: I found pauses and blurs in all the videos. But in some videos the pause/blurs occur before and after the Wrestlers fight or play each other, which makes me more annoying.
A11SX02CICZN85: It just affect my eagerness to watch the clip. The guidelines for this HIT is very clear as always. I haven't confused in grading
A4T7PYGN1BE2P: Guideline is clear.. and it is slightly annoying when video get paused.
ASWZO1WY1UHEP: Attention checks was clear and instruction was understandable. I can clearly find the damage or quality of the video. Video quality was very bad. Already videos are shaked, I had some disturbance to watch the video. All videos, paused more than 1 second.
AVPD36WUJKJFS: Video getting pause or low resolution will be irritating, and I use to get breaking/throwing things near to me when watching online live streaming of sports; this experiment guideline is clear and not confused about the grading or the attention check. Thank You.
