LOG OF original_videos_Sports_720P_Sports_720P-07d0_2_100k_90 SURVEY RESULTS

########
#GRADES#
########

RAW GRADES:
[5 5 5 5 5 5 5 5 5 5 5 5 5 5 5 5 5 5 5 5 5 5 5 5 5 5 5 5 5 5 5 5]
[1 1 1 1 1 1 1 1 1 1 1 1 1 1 1 1 1 1 1 1 1 1 1 1 1 1 1 1 1 1 1 1]
[1 2 1 1 1 1 1 1 1 1 1 1 1 1 1 1 1 1 1 1 1 1 1 1 1 2 1 1 1 1 1 2]
[1 1 1 1 2 1 1 1 1 1 1 1 1 1 1 1 1 1 1 1 1 1 1 1 2 2 1 1 1 1 1 2]
[1 2 1 1 1 1 1 1 2 1 2 1 1 1 1 1 1 1 1 1 1 1 2 1 3 3 1 2 1 1 1 2]
[1 2 1 1 1 1 1 1 2 2 1 1 1 1 1 1 1 1 1 1 1 1 2 1 4 2 1 2 1 1 2 2]
[1 2 1 1 1 1 1 2 2 1 3 1 1 1 1 1 1 1 1 1 1 1 1 1 2 3 1 2 1 1 1 2]
[1 2 1 1 1 1 1 1 1 1 2 1 1 1 1 1 1 1 1 1 1 1 1 1 1 2 1 3 1 1 1 2]
MEAN:
[5.    1.    1.094 1.125 1.312 1.344 1.312 1.188]
STANDARD ERROR:
[0.    0.    0.052 0.058 0.103 0.114 0.103 0.082]

STANDARDIZED GRADES:
[2.646 2.466 2.646 2.646 2.563 2.646 2.646 2.563 2.463 2.563 2.268 2.646
 2.646 2.646 2.646 2.646 2.646 2.646 2.646 2.646 2.646 2.646 2.502 2.646
 1.863 2.236 2.646 2.266 2.646 2.646 2.563 2.524]
[-0.378 -0.965 -0.378 -0.378 -0.475 -0.378 -0.378 -0.475 -0.69  -0.475
 -0.756 -0.378 -0.378 -0.378 -0.378 -0.378 -0.378 -0.378 -0.378 -0.378
 -0.378 -0.378 -0.577 -0.378 -0.976 -1.342 -0.378 -0.887 -0.378 -0.378
 -0.475 -1.147]
[-0.378 -0.107 -0.378 -0.378 -0.475 -0.378 -0.378 -0.475 -0.69  -0.475
 -0.756 -0.378 -0.378 -0.378 -0.378 -0.378 -0.378 -0.378 -0.378 -0.378
 -0.378 -0.378 -0.577 -0.378 -0.976 -0.447 -0.378 -0.887 -0.378 -0.378
 -0.475 -0.229]
[-0.378 -0.965 -0.378 -0.378  0.285 -0.378 -0.378 -0.475 -0.69  -0.475
 -0.756 -0.378 -0.378 -0.378 -0.378 -0.378 -0.378 -0.378 -0.378 -0.378
 -0.378 -0.378 -0.577 -0.378 -0.266 -0.447 -0.378 -0.887 -0.378 -0.378
 -0.475 -0.229]
[-0.378 -0.107 -0.378 -0.378 -0.475 -0.378 -0.378 -0.475  0.099 -0.475
  0.    -0.378 -0.378 -0.378 -0.378 -0.378 -0.378 -0.378 -0.378 -0.378
 -0.378 -0.378  0.192 -0.378  0.444  0.447 -0.378 -0.099 -0.378 -0.378
 -0.475 -0.229]
[-0.378 -0.107 -0.378 -0.378 -0.475 -0.378 -0.378 -0.475  0.099  0.285
 -0.756 -0.378 -0.378 -0.378 -0.378 -0.378 -0.378 -0.378 -0.378 -0.378
 -0.378 -0.378  0.192 -0.378  1.154 -0.447 -0.378 -0.099 -0.378 -0.378
  0.285 -0.229]
[-0.378 -0.107 -0.378 -0.378 -0.475 -0.378 -0.378  0.285  0.099 -0.475
  0.756 -0.378 -0.378 -0.378 -0.378 -0.378 -0.378 -0.378 -0.378 -0.378
 -0.378 -0.378 -0.577 -0.378 -0.266  0.447 -0.378 -0.099 -0.378 -0.378
 -0.475 -0.229]
[-0.378 -0.107 -0.378 -0.378 -0.475 -0.378 -0.378 -0.475 -0.69  -0.475
  0.    -0.378 -0.378 -0.378 -0.378 -0.378 -0.378 -0.378 -0.378 -0.378
 -0.378 -0.378 -0.577 -0.378 -0.976 -0.447 -0.378  0.69  -0.378 -0.378
 -0.475 -0.229]
MEAN:
[ 2.555 -0.525 -0.441 -0.422 -0.272 -0.254 -0.271 -0.369]
STANDARD ERROR:
[0.03  0.045 0.03  0.036 0.043 0.06  0.05  0.043]

#############
#VIDEO ORDER#
#############

RAW ORDERS:
[1 2 5 6 4 8 3 7]
[1 2 3 6 5 4 7 8]
[1 2 6 7 5 3 4 8]
[1 2 3 6 5 8 7 4]
[1 2 4 6 7 5 3 8]
[1 2 4 6 7 3 5 8]
[1 2 7 6 4 3 8 5]
[1 2 7 6 4 8 3 5]
[1 2 7 5 4 6 3 8]
[1 2 6 8 7 4 5 3]
[1 2 6 8 3 5 7 4]
[1 2 3 4 6 8 7 5]
[1 2 5 4 7 6 3 8]
[1 2 7 4 6 3 5 8]
[1 2 6 3 8 7 5 4]
[1 2 7 6 3 5 8 4]
[1 2 3 8 4 6 7 5]
[1 2 5 7 8 4 6 3]
[1 2 7 8 3 6 4 5]
[1 2 6 8 7 4 3 5]
[1 2 4 6 3 5 7 8]
[1 2 3 6 4 7 5 8]
[1 2 3 7 4 5 6 8]
[1 2 4 5 6 8 3 7]
[1 2 6 4 7 5 8 3]
[1 2 6 8 7 3 5 4]
[1 2 5 6 7 4 3 8]
[1 2 4 3 6 7 8 5]
[1 2 5 7 6 8 3 4]
[1 2 8 3 6 4 7 5]
[1 2 6 4 7 3 8 5]
[1 2 8 3 6 7 4 5]

#################
#VIDEO VIEW TIME#
#################

RAW TIMES:
[ 29769  51496 196090  90466  12068  48962  60056  96915  55187  45108
  54734  59475  66075  71605  73512  48262  40974  52721  49115  35244
  43116  54215 555053  45693  51958  43303  46430  58132  39525  55731
  52900  67088]
[ 26134  46879  92717 108697   7956  43856  52277  33480 100749  32008
  39470  38751  36669  41366  40938  33340  28904  31661  22817  63575
  31764  30318  41680  75395  30909  33772  27534  39360  35589  62065
  39447  66820]
[ 26553  48523  41306  78080  22612  36076  38281  29312  29235 312550
  75297  28881  26206  42801  28193  30115  29216  34731  25282  19160
  26568  39993  53185  43150  31302  28662  29460  37320  36536  50157
  81788  40103]
[25142 42327 46189 40296 26083 37811 38182 97585 31447 31183 32958 32678
 37308 56782 29411 34482 30236 30798 24755 53992 29963 42742 48362 25876
 41031 29710 28640 36678 54550 45941 34178 48633]
[26633 41687 33026 34663 42735 34282 48194 42256 27755 28308 45019 31071
 35023 44590 64149 31442 28693 30283 21239 52342 39333 32663 43771 34564
 29816 30651 28899 47185 32084 47536 33943 45353]
[25585 38407 34030 68747 72114 31362 47390 47002 39635 32247 37791 30811
 38743 80754 41516 32437 59601 30333 23885 44635 27195 32964 50325 43322
 70518 40825 80274 41596 62158 60747 57382 70803]
[ 26844  39553  46035  37904  25885  30093  42234  48428  28591  28846
  34756  32013  37584  31811  33573  31791  28670  32349  43196  26256
  27156  32670  53658  40044 191641  30729  28494  47782  31966  66872
  34192  45395]
[26244 40661 33408 64552 27246 30008 42500 32556 27951 31172 48236 29147
 43809 41996 37722 31565 27912 33839 30635 26110 27039 32231 52197 41639
 29998 32219 28964 41470 36403 41239 38386 39994]
MEAN:
[73468.062 44903.031 46894.812 38935.906 37162.125 46722.938 41156.594
 35907.75 ]

#################
#GRADE VIEW TIME#
#################

RAW TIMES:
[ 6654 13510  7019  9540  3719  6506  9067  9175  4816  5282  7668  7720
  5719  9498  7955  6635  8546  6250 10924  8610  5394  6054 12948 20452
  6602  5637  6451 16399  7247  7336  5363  9731]
[ 4618  9042  7619 10361  4594  7103 12709 51790  4971  4952  5641  6544
  6060 19323  4328  5831  7673  6449 11377  7709  6151  6043 10913  9564
  5973  8258  4890 13361  6742  6288  4851 17104]
[ 5529 21263  8259 19466  7570 11188 17692  3494  3734  5411  5111  8729
  5480  5850  4449  5515  8237  8530  8129  8720  4371  7389 19931 12636
  5865  4340  4836 10393  6218  6410  4773  8134]
[ 3835 10567  6580  9331  6616 12943 11752  4712  6297  5057  9027  7698
  6245  7698  6206  6936  7663  5949  6606  7993  9245  6950  8844  8864
  6145  4869  5364 14612  8454  7229 10652 15751]
[ 5203  7871  8162 11699 13185  6666 12436 10021  4138 11396  6248  6850
  8526  7911  4756  5709  7810  7726  6550 10180  4006  5901 10292  9711
  9423  4548  6665 11040  9987  7207  4597 11037]
[ 3902  8429 13173  9094  7094  7492  8791  4461  5864  7373 13491  6188
  6291  6883  6118  6330  7315  5969  8394 12370  4718  6131 10487 85719
 22433 37565  6927 12367  8813  7614  9058 17984]
[ 3758  8315 12824 16654  4255  9279 10139  5168  5758  6075  4784  5628
  5865 10041  4951  7745  6069  8223 25178  8822  6288  6760 10116  8259
  7554  4341  7503  9731  7089  6300  8098 11608]
[ 4376  8678  7909  8631  4502  7988 11726 10970  6202  5628  7103  6308
  6206  6942  3711  6350  7221  6570 10461  6890  5337  5868  7930  8149
  5352  5349  6285  9026  7894 24490  4844 11713]
MEAN:
[ 8263.344  9338.5    8364.125  8021.562  8045.531 12026.188  8224.312
  7706.531]

###############
#DEVICE COUNTS#
###############

Desktop: 17
Laptop: 15
Tablet: 0
Smart phone: 0
Other device: 0

##################
#AGE GROUP COUNTS#
##################

18 - 24: 0
25 - 31: 5
32 - 38: 18
39 - 45: 3
46 - 52: 4
53 - 59: 2
60 and above: 0

################
#NETWORK COUNTS#
################

WiFi: 17
Cable network: 12
Cellular network: 3
Other: 0

###########
#REASONING#
###########

A2H8GNSEVUJXYL: it's like looking at  a record going around on  a turntable. there is nothing happening here and you can hypnotize yourself into cross eyes.
A1UM7U8DA3RMA9: Watching videos with low resolution and pause issue will be annoying and disturbing. Experiment guidelines are clear.
AJZBAP861F6X1: Very annoying, video resolution decreased and also paused
A3SKQPPOKCZU88: The resolution damage and pausing of video is annoying and irritating to eyes.
A8FUMDQFBKMXR: One of the videos paused while the cars were out of scene because the camera is stationary I'm not sure if it was a pause or not.  
A1L8RL58MYU4NC: The Quality damages blur and slag annoyed me a lot no one will like this kind of annoying clips. The Guidelines for this experiment is very clear. Attention check and grading doesn't confused me
A3N5RTXKN4I723: resolution decrease and video pause for more than 1 second
A31Z5TPD8QKE26: when they were in the middle of a sharp turn and the damage occurred, I thought it was worse than the other times.  But they were all very bad and annoying.
A26UIS59SY4NM6: Doesn't matter when since this video is so boring. The quality is low to begin with.
A1IU5OP7BBZHZ7: got struck in between videos makes loose patience, Blurring for very few seconds makes no difference from the good one
A38NFX88VZDMJ3: It was better if the low quality wasn't at exciting moments
A122E99M2DQY1G: resolution decrease and video pause
A1NOINYD1FZ55T: During the videos found blurry and paused some seconds.Not confusing.I grade easy to all videos.
A30YUELTPFSF0T: Video Paused and Resolution decrease which damages the quality. It was considered as Bad
A3169N2SCN3ENK: The quality makes me lose focus on what I am watching and it takes away from my concentration.  The experiment guideline is clear.  I am not confused about the grading.
A6DX45U3O1CR: found both resolution decrease and video pause for more than one second
A3B67I3A0YR2D: found both bad resolution and video pause
AH22ILXQFI4R2: resolution decrease and video pause for more than 1 second.
A1NJ6Q940T7HEB: Found both resolution decrease and video pause
A272A0JGRTBFCR: Thanks for your ​OUTSTANDING HITS and i would thank you for giving me the chance to participate and you are helping make me better.
A3OLRWACCCCUTU: The blur and resolution issues really impacted the viewing experience.  I think it's because it's a surface that doesn't have a lot of variation and requires focus on the vehicles which are moving fast.  So when they stop, or the abiltity to watch them is impacted, it really messes up the viewing.
A3UM3RQRAL4DP5: both video pausing and video resolution decrease
A3QZMGTVA4VO44: Quality damage in car racing is highly distracting. It has severe impact on my watching experience. Guidelines are very clear and easily understandable. There is no confusion in grading or attention check.
A1NH9LK567B862: The video quality damaged at each and every video. It just blurred and paused for a second. The experiment guide is so clear which helps in grading the videos without any confusions.
A18LFH7XW61JO9: In these videos, quality damage at the time when cars were racing was very crucial. When the road was empty for few seconds in the middle, it was not that annoying. 
A1IHI23KH87K5W: (btw I missed the pause in 1st video because (I think) it happened when no cars on road). Overall, blurring not too bad, so I could live with it.
A2QD9PJUKW7PKK: test video 2 i have some doubt that video was paused or not, but i had select yes. And all other videos are low clarity and 2 sec paused in video. 
A3P2WQO8VESWF2: The video clips shown had both decrease in resolution and video pause damage. But in these video clips I feel that there is no crucial moment or every moment is crucial. But when the damage occurs at the starting when the car speeds off and before end, there is some sort of annoyance. The experiment guidelines and attention checks and grading are not confusing.
A1S34BUFNQ33SQ: I found all the video's blur and paused, Also the video's which were blur & paused all those are in different time frames and some of the video's even car stunts not visible
A11SX02CICZN85: It just affect my eagerness to watch the clip. The guidelines for this HIT is very clear as always. I haven't confused in grading
ASWZO1WY1UHEP: Attention checks was clear and instruction was understandable. I can clearly find the damage or quality of the video. Video quality was very bad.  Some cars I can't see clear. All videos, resolution was decreased and paused more than 1 second.
AVPD36WUJKJFS: Video getting pause or low resolution will be irritating, and I use to get breaking/throwing things near to me when watching online live streaming of sports; this experiment guideline is clear and not confused about the grading or the attention check. Thank You.
