LOG OF original_videos_Gaming_1080P_Gaming_1080P-57ca_0_100k_90 SURVEY RESULTS

########
#GRADES#
########

RAW GRADES:
[5 5 5 5 5 5 5 5 5 5 5 5 5 5 5 5 5 5 5 5 5 5 5 5 5 5 5 5 5 5 5 5 5]
[1 1 1 1 1 1 1 1 1 1 1 1 1 1 1 1 1 1 1 1 1 1 1 1 1 1 1 1 1 1 1 1 1]
[1 3 1 1 1 2 1 1 1 1 2 1 3 2 2 1 1 1 1 3 1 4 2 1 1 1 1 2 2 1 3 1 2]
[1 3 1 1 2 3 1 2 1 1 2 1 3 2 2 1 1 1 1 3 3 4 3 4 2 1 1 2 2 2 3 2 2]
[1 3 1 1 2 3 1 2 1 2 2 1 3 2 2 1 1 1 1 3 2 4 2 3 1 1 2 2 2 2 2 1 2]
[1 2 1 1 2 3 1 2 1 2 2 1 3 2 2 1 1 1 1 3 3 4 3 3 2 1 2 2 2 2 2 1 2]
[1 3 1 1 2 3 1 1 1 1 2 1 4 2 2 1 1 1 1 3 1 4 1 2 1 1 2 2 1 2 2 1 3]
MEAN:
[5.    1.    1.576 1.939 1.818 1.879 1.697]
STANDARD ERROR:
[0.    0.    0.142 0.16  0.139 0.141 0.157]

STANDARDIZED GRADES:
[2.449 1.905 2.449 2.449 2.294 1.905 2.449 2.291 2.449 2.319 2.339 2.449
 1.651 2.339 2.339 2.449 2.449 2.449 2.449 1.871 1.96  1.108 1.988 1.65
 2.319 2.449 2.291 2.339 2.294 2.294 2.062 2.372 2.183]
[-0.408 -1.651 -0.408 -0.408 -0.918 -1.651 -0.408 -0.764 -0.408 -0.632
 -1.108 -0.408 -1.905 -1.108 -1.108 -0.408 -0.408 -0.408 -0.408 -1.871
 -0.928 -2.339 -1.104 -1.238 -0.632 -0.408 -0.764 -1.108 -0.918 -0.918
 -1.334 -0.516 -1.213]
[-0.408  0.127 -0.408 -0.408 -0.918 -0.762 -0.408 -0.764 -0.408 -0.632
 -0.246 -0.408 -0.127 -0.246 -0.246 -0.408 -0.408 -0.408 -0.408  0.
 -0.928  0.246 -0.331 -1.238 -0.632 -0.408 -0.764 -0.246 -0.115 -0.918
  0.364 -0.516 -0.364]
[-0.408  0.127 -0.408 -0.408 -0.115  0.127 -0.408  0.    -0.408 -0.632
 -0.246 -0.408 -0.127 -0.246 -0.246 -0.408 -0.408 -0.408 -0.408  0.
  0.516  0.246  0.442  0.928  0.105 -0.408 -0.764 -0.246 -0.115 -0.115
  0.364  0.206 -0.364]
[-0.408  0.127 -0.408 -0.408 -0.115  0.127 -0.408  0.    -0.408  0.105
 -0.246 -0.408 -0.127 -0.246 -0.246 -0.408 -0.408 -0.408 -0.408  0.
 -0.206  0.246 -0.331  0.206 -0.632 -0.408  0.    -0.246 -0.115 -0.115
 -0.485 -0.516 -0.364]
[-0.408 -0.762 -0.408 -0.408 -0.115  0.127 -0.408  0.    -0.408  0.105
 -0.246 -0.408 -0.127 -0.246 -0.246 -0.408 -0.408 -0.408 -0.408  0.
  0.516  0.246  0.442  0.206  0.105 -0.408  0.    -0.246 -0.115 -0.115
 -0.485 -0.516 -0.364]
[-0.408  0.127 -0.408 -0.408 -0.115  0.127 -0.408 -0.764 -0.408 -0.632
 -0.246 -0.408  0.762 -0.246 -0.246 -0.408 -0.408 -0.408 -0.408  0.
 -0.928  0.246 -1.104 -0.516 -0.632 -0.408  0.    -0.246 -0.918 -0.115
 -0.485 -0.516  0.485]
MEAN:
[ 2.214 -0.916 -0.417 -0.141 -0.232 -0.192 -0.317]
STANDARD ERROR:
[0.053 0.09  0.058 0.062 0.039 0.05  0.066]

#############
#VIDEO ORDER#
#############

RAW ORDERS:
[1 2 6 3 5 7 4]
[1 2 6 5 4 7 3]
[1 2 7 5 4 3 6]
[1 2 7 5 4 6 3]
[1 2 7 4 3 6 5]
[1 2 6 5 4 3 7]
[1 2 7 6 3 5 4]
[1 2 6 3 7 4 5]
[1 2 3 7 5 4 6]
[1 2 4 6 7 3 5]
[1 2 3 5 4 7 6]
[1 2 4 5 6 7 3]
[1 2 7 5 3 6 4]
[1 2 6 5 4 7 3]
[1 2 3 5 4 6 7]
[1 2 6 3 4 7 5]
[1 2 6 3 7 5 4]
[1 2 4 7 6 5 3]
[1 2 6 5 4 3 7]
[1 2 5 3 7 4 6]
[1 2 3 7 4 6 5]
[1 2 3 5 4 7 6]
[1 2 4 3 6 5 7]
[1 2 4 7 3 6 5]
[1 2 3 5 4 6 7]
[1 2 5 6 4 3 7]
[1 2 7 3 6 5 4]
[1 2 6 7 4 3 5]
[1 2 7 4 5 3 6]
[1 2 7 6 4 3 5]
[1 2 6 3 4 5 7]
[1 2 4 5 7 6 3]
[1 2 7 4 5 6 3]

#################
#VIDEO VIEW TIME#
#################

RAW TIMES:
[ 47122  45057  93399  10499 102857  39930  72036 120721  45687  39019
  78668  61443  22129  62523  54990  47807  73904  44355  52727  29151
  50216  42157  96504  50456  60021  33282  73622  23071  44125  57102
  61312  53145  65760]
[26843 36241 60616  5072 43796 26525 34411 64964 28581 38402 34504 37329
  8236 47886 33490 37054 65351 44328 30540 10046 25573 38283 30179 32490
 28277 28391 45100 15713 35375 36147 37443 69966 65566]
[ 24375  40815  60843  24764  46226 123489  33805  55902  30109  24093
  54645  34097  13201  33580  38081  29816  37296  29420  36697  17674
  26957  40935  28970  27637  81634  25571  42560  32181 109577  56463
  39871  35808  38138]
[ 25145  38346  51109  14808  36811  26786  32611 114436  27823 118641
  31808  69399  48244  50077  36962  56337  33036  29348  34608  26507
  26298  41915  28983  49945  31081  26029  42598  31270  61667  33950
  31719  33534  96494]
[ 24144  55530  63526  24930  36347  58375  37815  96479  30616  29588
  32173  93782  16332  46688  34475  33910  30999  25588  33969  22933
  22390  36530  29969  30269  34382  35302  43885  32397 146413  35261
  35909  32453  45335]
[ 25470 117066  69861  22444  46568  36838  40431  75653  29475  24535
  32873  32888  97110  41043  37652  41845  34834  54425  37188  37490
  22744  51596  29538  28780  56837  25005  44570  31553  33153  33284
  62494  41531  36507]
[23679 48539 64524 23163 38957 25131 29983 90674 28398 25222 28426 41125
 84297 59348 45477 48261 31016 26169 32886 21715 28739 36594 33566 26855
 28319 25879 46597 42337 33050 38096 32607 40113 41045]
MEAN:
[56205.97  36446.    41673.636 43585.606 42081.636 43432.758 38508.697]

#################
#GRADE VIEW TIME#
#################

RAW TIMES:
[ 4894  8721  7403  5335 10311  4821  8672 17882  6862 38441 10173  8364
 67065  7237  8045  5310 18981  7462  9071  9144  4095  5420  6263 16042
  4603  5173 17669  7266  8238  7832  9966  8077 10228]
[ 5099  8534  9490  5549 10753  4684  6543  9772  4332  3108  7069  5522
  3143  6155  6632  3986  8611 16233  5730  7350  4999  5010  6070  6801
  4742  4780 10594  7278  8291  9257 34718  5555  7081]
[  5912   6761   6909  24708   7344   4543   7596   4673   7156   2972
  11028   4937 120544   6195  13626   3625  17122   5574   9437  11618
   6291  22110  10785   8794   7385   5027  12940  14338   7895   7809
   8155   5063   8430]
[ 4305  6849  7202  5406 12022  4878  7070  6618  4345  7997  5610  9293
  3636  6070  9912  9792 13322 11715  7903  7960  5878  6468  8262 11460
  4143  5413 22486  6227 87801  6742 10730  6793  7751]
[ 4446  8120  8245  6187  7623  6599 10473  5993  4620  3622  5318 10603
  3865  6807  7368  4478 12363  6280 29640  9940  4437  5551  8287  5979
  4314  5952 13162  7595  7570  7376 11162  5242  6449]
[17518 11870  7261 17733 20358  7739  9920  8137  4110 10779  8291  6787
  4915  9314  7601  6396 15355 11365  8662  6809  6293  9652  6176  4586
 10446  4497 10879  8825  7710 11143 13092  5417  8244]
[ 5349  6680  8612  6543 21629  4469  8687  5175  4505  3576  6144  6332
  9278  6141  7915  4468 10566  7027  7773  8007  4828  5405  6273  4862
  4555 13082 29974  8294 13634 25396  7624  4910 11301]
MEAN:
[11365.636  7680.939 12342.485 10365.424  7747.455  9329.697  8758.   ]

###############
#DEVICE COUNTS#
###############

Desktop: 17
Laptop: 16
Tablet: 0
Smart phone: 0
Other device: 0

##################
#AGE GROUP COUNTS#
##################

18 - 24: 1
25 - 31: 5
32 - 38: 16
39 - 45: 6
46 - 52: 2
53 - 59: 2
60 and above: 1

################
#NETWORK COUNTS#
################

WiFi: 18
Cable network: 12
Cellular network: 2
Other: 1

###########
#REASONING#
###########

A2H8GNSEVUJXYL: this is a retake for url http://ec2-34-222-77-243.us-west-2.compute.amazonaws.com:3007/
A1UM7U8DA3RMA9: Watching videos with low resolution and pause issue will be annoying and disturbing , Experiment guidelines is clear.
AJZBAP861F6X1: No video pause, only resolution decreased, yet its annoying.
A8FUMDQFBKMXR: Too much quality decrease during the action to make it tolerable
A1L8RL58MYU4NC: The Quality damages blur and slag annoyed me a lot no one will like this kind of annoying clips. The Guidelines for this experiment is very clear. Attention check and grading doesn't confused me
A219VCQZADQ45W: BRIEF PAUSE, OR A LITTLE BLURRY CAN BE ANNOYING ESPECIALLY IF IT IS RIGHT BEFORE A GOAL OR JUMPING OFF A CLIFF
A3N5RTXKN4I723: resolution decrease
A2BO8M77CS3SGZ: Poor quality at important times are very annoying to watch. However if the quality is poor at times when the game is not in play then its fine. The guidelines for the study is pretty clear.
ASPRULQHB8B1F: The resolution was decreasing a lot, so the image wasn't sharp as it should be
A31Z5TPD8QKE26: If the screen goes blurry while they're only kicking in the field, it's not as frustrating as when it's during a goal shot.
A1IU5OP7BBZHZ7: not getting interested when it got blurred
A122E99M2DQY1G: resolution decrease
A3PGUPNMOU5BPW: These blurs are a little bit more annoying than usual.
A1NOINYD1FZ55T: During the videos found blurry some seconds.
A30YUELTPFSF0T: Video Resolution Decreased and No Pause. it affects the Quality of Entertainment. Overall it is Poor.
A3169N2SCN3ENK: The quality makes me lose focus on what I am watching and it takes away from my concentration.  The experiment guideline is clear.  I am not confused about the grading.
A6DX45U3O1CR: resolution decrease
A3B67I3A0YR2D: Video resolution decrease
AH22ILXQFI4R2: resolution decrease
A272A0JGRTBFCR: http://ec2-34-222-77-243.us-west-2.compute.amazonaws.com:3007
A3OLRWACCCCUTU: Resolution issues when the action was fast, towards the goal was a major impact to the experience.  When it wasn't moving as fast or as important to follow it wasn't as bad.
A1NH9LK567B862: The quality affects when it starts blurred. The guideline is so clear and there is no confusion while grading the video
A18LFH7XW61JO9: Quality damage at the crucial time affect the viewing experience a lot. Quality damage at the beginning is not very crucial. It is annoying after the video starts.
A1IHI23KH87K5W: retake of HIT: 379OL9DBSSRKVJJLGB9E5IEJMQE9YE
A2YHSU2IJZ9J14: More grading examples will be helpful.
A2QD9PJUKW7PKK: ranking i had given based on the video resolution. 
A3P2WQO8VESWF2: The extent and time period of the quality damages are the factors affecting watching experience. In these sets of videos, eventhough there were no video pause, the extent of decrease in resolution creates much annoyance. Particularly those occuring at moments near the goal post. The guidelines of both experiment and grading are crystal clear.
ARTQWWNFA7IOD: In test videos observed extra resolution decrease compared with excellent grade reference.
A1S34BUFNQ33SQ: I found all the video's blur, But coming to video stream, I didn't notice any pauses, But I feel couple of video's blur before kicking the football to the goal court, which is little disappoint, because missing the quality of the goal kick  
A11SX02CICZN85: It just affect my eagerness to watch the clip. The guidelines for this HIT is very clear as always. I haven't confused in grading
A1SWV4X4PD25S1: It is very irritating when the view is farther away and it becomes blurry when the ball and figures are small.
ASWZO1WY1UHEP: Attention check was clear and also instruction was clear. I can clearly find the damage or quality of the video. Video quality was poor. All videos, resolution was decreased. 
AVPD36WUJKJFS: Video getting pause for a second or resolution getting low will be irritating thing, mainly when we are watching some live sports; this experiment guideline is clear and not confused.
