LOG OF original_videos_Gaming_1080P_Gaming_1080P-57ca_0_500k_360 SURVEY RESULTS

########
#GRADES#
########

RAW GRADES:
[5 5 5 5 5 5 5 5 5 5 5 5 5 5 5 5 5 5 5 5 5 5 5 5 5 5 5 5 5 5 5 5 5 5]
[1 1 1 1 1 1 1 1 1 1 1 1 1 1 1 1 1 1 1 1 1 1 1 1 1 1 1 1 1 1 1 1 1 1]
[4 4 2 4 4 4 1 2 1 3 2 4 4 4 4 2 1 1 1 1 5 4 4 4 3 2 3 3 2 3 3 4 3 4]
[4 4 3 4 4 4 5 2 1 4 4 5 4 5 5 4 2 1 1 1 5 4 4 4 5 3 3 4 5 5 4 5 2 5]
[5 4 4 3 5 4 1 2 1 3 4 5 4 5 4 3 1 1 1 1 5 2 4 2 4 2 3 4 5 3 3 5 3 4]
[4 4 5 4 4 4 5 2 1 4 2 5 4 5 5 3 2 1 1 1 5 3 4 3 5 3 3 4 5 5 4 4 3 4]
[3 4 2 4 5 4 1 2 5 4 4 5 4 5 5 4 2 1 1 1 5 4 4 3 5 3 3 3 5 5 4 5 3 4]
MEAN:
[5.    1.    2.941 3.676 3.235 3.559 3.588]
STANDARD ERROR:
[0.    0.    0.204 0.223 0.236 0.221 0.224]

STANDARDIZED GRADES:
[1.006 1.108 1.275 1.213 0.764 1.108 1.155 2.339 1.581 1.334 1.37  0.516
 1.108 0.516 0.632 1.491 2.291 2.449 2.449 2.449 0.408 1.342 1.108 1.491
 0.707 1.969 1.871 1.334 0.624 0.784 1.334 0.632 1.905 0.918]
[-2.124 -2.339 -1.471 -2.183 -2.291 -2.339 -0.866 -1.108 -0.632 -2.062
 -1.581 -2.372 -2.339 -2.372 -2.319 -1.721 -0.764 -0.408 -0.408 -0.408
 -2.449 -1.789 -2.339 -1.721 -2.121 -1.477 -1.871 -2.062 -1.871 -1.961
 -2.062 -2.319 -1.651 -2.294]
[ 0.224  0.246 -0.784  0.364  0.     0.246 -0.866 -0.246 -0.632 -0.364
 -0.843 -0.206  0.246 -0.206 -0.105 -0.918 -0.764 -0.408 -0.408 -0.408
  0.408  0.559  0.246  0.688 -0.707 -0.615  0.    -0.364 -1.247 -0.588
 -0.364 -0.105  0.127  0.115]
[ 0.224  0.246 -0.098  0.364  0.     0.246  1.155 -0.246 -0.632  0.485
  0.632  0.516  0.246  0.516  0.632  0.688  0.    -0.408 -0.408 -0.408
  0.408  0.559  0.246  0.688  0.707  0.246  0.     0.485  0.624  0.784
  0.485  0.632 -0.762  0.918]
[ 1.006  0.246  0.588 -0.485  0.764  0.246 -0.866 -0.246 -0.632 -0.364
  0.632  0.516  0.246  0.516 -0.105 -0.115 -0.764 -0.408 -0.408 -0.408
  0.408 -1.006  0.246 -0.918  0.    -0.615  0.     0.485  0.624 -0.588
 -0.364  0.632  0.127  0.115]
[ 0.224  0.246  1.275  0.364  0.     0.246  1.155 -0.246 -0.632  0.485
 -0.843  0.516  0.246  0.516  0.632 -0.115  0.    -0.408 -0.408 -0.408
  0.408 -0.224  0.246 -0.115  0.707  0.246  0.     0.485  0.624  0.784
  0.485 -0.105  0.127  0.115]
[-0.559  0.246 -0.784  0.364  0.764  0.246 -0.866 -0.246  1.581  0.485
  0.632  0.516  0.246  0.516  0.632  0.688  0.    -0.408 -0.408 -0.408
  0.408  0.559  0.246 -0.115  0.707  0.246  0.    -0.364  0.624  0.784
  0.485  0.632  0.127  0.115]
MEAN:
[ 1.311 -1.767 -0.226  0.287 -0.026  0.195  0.226]
STANDARD ERROR:
[0.102 0.109 0.08  0.077 0.092 0.079 0.088]

#############
#VIDEO ORDER#
#############

RAW ORDERS:
[1 2 7 4 6 5 3]
[1 2 7 3 4 6 5]
[1 2 6 5 3 7 4]
[1 2 4 3 6 7 5]
[1 2 4 5 6 7 3]
[1 2 5 4 6 3 7]
[1 2 7 4 6 5 3]
[1 2 6 7 3 5 4]
[1 2 7 5 3 6 4]
[1 2 4 6 5 3 7]
[1 2 5 4 3 6 7]
[1 2 7 3 4 5 6]
[1 2 5 6 7 3 4]
[1 2 4 7 5 6 3]
[1 2 7 3 4 6 5]
[1 2 3 4 7 5 6]
[1 2 7 3 5 4 6]
[1 2 4 7 6 3 5]
[1 2 3 6 7 4 5]
[1 2 3 7 4 5 6]
[1 2 7 5 4 6 3]
[1 2 3 4 7 6 5]
[1 2 4 3 7 6 5]
[1 2 7 3 6 5 4]
[1 2 3 6 5 4 7]
[1 2 7 3 5 6 4]
[1 2 6 5 7 4 3]
[1 2 7 3 5 4 6]
[1 2 5 7 3 4 6]
[1 2 6 5 3 7 4]
[1 2 4 6 7 3 5]
[1 2 7 5 3 6 4]
[1 2 7 4 5 6 3]
[1 2 5 4 3 7 6]

#################
#VIDEO VIEW TIME#
#################

RAW TIMES:
[ 30006  62937  85386  33729 187887  43416  64195 152784  80714  37486
  39345 282393  19431  50485  98302  70365  69974  59965  61850  56471
  40829  35922  39584  55386  36990  70187  32166  71845  47918  50386
 104664  42154  54149  46208]
[ 64494  42841  75344  21835  61674  27125  40445 117122  32125  26008
 107070  65818  54091  34500  67780  49969  66809  30885  30303  32101
  41432  26210  28772  36691  29376  68440  29102  49566  36684  31962
  67416  25003 205160  53933]
[ 24014  32806  64070  29118  58932  25710  40555  64153  27488  26156
  55322  49510  26572  43191  84628  49661  34713  29690  31386  32670
  45904  52572 169308  37595  50718  33445  25270  43070  40781  37677
  52300  31347  58946  56565]
[ 25598  56160  59115  28251  33709  34550  69233  61062  31157  27307
  52982  43040  84255 100901  67160 112079  30102  45857  27847  34439
  39196  43435  74401  35699  28060  28146  34296  40620  35075  50465
  85356  78157  69106  63961]
[ 24646  34203  64397  30738 107589 101315  34922 121173  32219  25112
  77102  42798  24015  42991  67685  46090 137775  28986  26893  31680
  42736  24402  28494  29794  27007      0  51623  41820  55761  81146
  63026  32702  36970  48975]
[25151 61376 58268 27651 44933 71806 35239 65607 30931 24055 59904 37674
 23454 35163 67161 39127 32826 30177 50830 31730 41219 22189 29193 43038
 47665 38940 48508 39242 39811 73617 63686 27812 34079 45230]
[ 24966  58634  47313  34322  45454  37718  62330  70293  30560  31272
  61558 101245  91526  72962  67203 111081  53233  68297  32511  32610
  44879  26236  66916  85651  26041  47724  29637  42937  36865  84440
  67360  63680  84769  95726]
MEAN:
[68103.206 52296.647 46054.206 50905.206 49023.088 42567.412 56998.5  ]

#################
#GRADE VIEW TIME#
#################

RAW TIMES:
[ 5208  7428 12798  7066  6728  4610 17472  7590 17755  2995 10833 19428
  6733  6869 13792  9676 26277  8482  8024 10079  7145  3567  6808  6841
  4152  4619  5967  9124  6768  7850  8431  3600  6587  7126]
[ 5016  7380  7533 22628  8095  5625 35746  8045 22535  2806 38623  7001
  3765 11467  9851  8273  8085  5806  7481  9909  7011  4921  5194  9512
  5247  4283  4981 10254 10039  5107  9281  2965  8107  6763]
[ 4920  6615 10430  4694  7829  6549  7957 10689 12993  7118 12854 13599
  3224  9822 10670 17544  5030  6675 11845  9899  9259  7453  5590  9897
  8927  4644  4875 18085  6687  9424  8231  5947  5863  5809]
[ 4003 13951  6898 17920 25422  4010  9380  6490  4809  4153 13489  7393
  4819 63151 12815 23104  8179  9249  7295  7698  6226  5703  7612  6805
  9297  7055 24976  9482  7675  7038 18071  2795  5932 11175]
[ 8899  6896  6016  8827 13289  6746 12653 10082  8844  3134 41399  5453
  5156  6071 11365  6490  6928  7893  6719  8489  6603  5672  4480  6689
  5320 43876  4792 11163 12112  7464 10685  3456  5959 12523]
[ 4012  6425 15679  3371  9016  4344 14128 11994  8242  2784 20811  4581
  4551  5659  9576 11717  4088  7371  7161  9560  9676  4354  4641 32251
 11525 21130 27288 14142  6642  7382  9305  6726  5327  5727]
[ 7428 10549  7850 10124  7162  4198 14774  9474 10134  4070 14505  9950
  4786  5820 13623 24393 53731  6918  6015  8234  8185  4356  5620 11848
  4311 13636  5431 19469  7992  7022  9263  4480  8165  6590]
MEAN:
[ 8777.294  9686.324  8577.853 11296.176  9768.912  9740.765 10297.235]

###############
#DEVICE COUNTS#
###############

Desktop: 17
Laptop: 17
Tablet: 0
Smart phone: 0
Other device: 0

##################
#AGE GROUP COUNTS#
##################

18 - 24: 1
25 - 31: 3
32 - 38: 19
39 - 45: 6
46 - 52: 2
53 - 59: 2
60 and above: 1

################
#NETWORK COUNTS#
################

WiFi: 18
Cable network: 12
Cellular network: 3
Other: 1

###########
#REASONING#
###########

A2H8GNSEVUJXYL: when it starts blurry that becomes the new frame of reference i only realise the resolution is bad when it clears up
A1UM7U8DA3RMA9: Watching videos with low resolution and pause issue will be annoying and disturbing , Experiment guidelines is clear.
AJZBAP861F6X1: No confusion. Clear in job. Bad quality sometimes makes irritation in watching sports interesting.
A8FUMDQFBKMXR: No pauses during the action make the slight decrease in quality tolerable
A1L8RL58MYU4NC: Nothing annoyed me. Guideline is superb. I didn't get confused in grading. Side-by-side made it easy but without that too one can grade it
A219VCQZADQ45W: BRIEF PAUSE, OR A LITTLE BLURRY CAN BE ANNOYING ESPECIALLY IF IT IS RIGHT BEFORE A GOAL OR JUMPING OFF A CLIFF
A3N5RTXKN4I723: resolution decrease
A2BO8M77CS3SGZ: Poor quality at important times are very annoying to watch. However if the quality is poor at times when the game is not in play then its fine. The guidelines for the study is pretty clear.
ASPRULQHB8B1F: The resolution was decreasing a lot, so the image wasn't sharp as it should be
A31Z5TPD8QKE26: The blurry portions of this weren't as bad as others.  It still seemed worse when it was during a critical action part of the game.
A1IU5OP7BBZHZ7: very minute difference between blurred and not blurred so not able to find out at times
A38NFX88VZDMJ3: If the quality change was minor it was okay.
A3PGUPNMOU5BPW: These blurs arn't super noticable.
A1NOINYD1FZ55T: Not confusing. I grade easy to all videos.
A1Q7VWUBIJOK17:  No quality damage occurred 
A30YUELTPFSF0T: Video quality little bit affected Resolution, But it was not disturbing that much. we can able to say it was good overall.
A3169N2SCN3ENK: The quality makes me lose focus on what I am watching and it takes away from my concentration.  The experiment guideline is clear.  I am not confused about the grading.
A6DX45U3O1CR: resolution decrease
A3B67I3A0YR2D: Video resolution decrease
AH22ILXQFI4R2: resolution decrease
A272A0JGRTBFCR: Thanks for your ​OUTSTANDING HITS and i would thank you for giving me the chance to participate and you are helping make me better.
A3OLRWACCCCUTU: In general, the figures were small and the shot was panned out, so the resolution issues didn't distract that much from the experience except when during fast play, and even then it didn't ruin it.
A1NH9LK567B862: The quality affects when it starts blurred. The guideline is so clear and there is no confusion while grading the video
A18LFH7XW61JO9: Experiment guideline is clear and I was not confused about the grading or the attention check. Quality damage at different moments affected my viewing experience differently.
A1IHI23KH87K5W: If, like in these videos, the blurring is minimal, then it's really not very annoying at all because you can see everything that' happening. Much better than bad blur or pausing.
A2YHSU2IJZ9J14: More grading examples will be helpful.
A2QD9PJUKW7PKK: ranking i had given based on the video resolution. 
A3P2WQO8VESWF2: The video clips shown are having decrease in resolution damage  only and does not have video pause damage. But slight decrease in low resolution does not affect watching experience much. But if the extent is more and occurs at crucial moments of the match like at the time point of attempting a goal, it would be annoying. The guidelines of both experiment and grading were crystal clear.
ARTQWWNFA7IOD: In test videos observed extra resolution decrease compared with excellent grade reference.
A3QS7M912JGKFD: few video resolution was decreased, your guideline is clear
A4T7PYGN1BE2P: Guideline is clear and it is slightly annoying when video quality decreased.
A320QA9HJFUOZO: Damage is more annoying if it is at an important point in the action, like a shot. Make the HIT timers longer please
ASWZO1WY1UHEP: Attention check was clear and also instruction was clear. I can clearly find the damage or quality of the video. Video quality was poor. All videos, resolution was decreased. 
AVPD36WUJKJFS: Video getting pause for a second or resolution getting low will be irritating thing, mainly when we are watching some live sports; this experiment guideline is clear and not confused.
