LOG OF original_videos_Sports_480P_Sports_480P-44e5_2_3000k_576 SURVEY RESULTS

########
#GRADES#
########

RAW GRADES:
[5 5 5 5 5 5 5 5 5 5 5 5 5 5 5 5 5 5 5 5 5 5 5 5 5 5 5 5 5 5 5 5 5 5 5]
[1 1 1 1 1 1 1 1 1 1 1 1 1 1 1 1 1 1 1 1 1 1 1 1 1 1 1 1 1 1 1 1 1 1 1]
[1 3 1 3 2 1 3 2 2 3 1 3 3 2 3 1 1 1 1 4 2 1 4 3 2 4 2 3 2 4 2 3 4 3 3]
[3 4 1 3 2 1 2 2 2 4 1 3 3 3 3 1 1 1 1 4 3 1 4 4 2 4 2 3 2 4 2 3 4 3 4]
[3 3 2 3 2 1 3 2 2 3 1 3 3 2 3 1 1 1 1 4 2 1 4 3 2 4 2 3 1 4 2 3 4 3 4]
[4 3 3 3 2 1 3 2 2 3 1 3 3 4 3 1 1 1 1 4 4 1 4 4 2 4 2 4 2 4 3 3 4 3 3]
[3 3 3 2 2 1 2 2 2 4 1 2 3 2 2 1 1 1 1 4 1 1 4 2 1 4 2 3 1 2 2 3 3 2 3]
MEAN:
[5.    1.    2.371 2.571 2.457 2.714 2.171]
STANDARD ERROR:
[0.    0.    0.172 0.186 0.173 0.183 0.164]

STANDARDIZED GRADES:
[1.581 1.651 1.96  1.905 2.339 2.449 1.969 2.339 2.339 1.477 2.449 1.905
 1.871 1.789 1.905 2.449 2.449 2.449 2.449 1.108 1.735 2.449 1.108 1.491
 2.294 1.108 2.339 1.651 2.291 1.215 2.183 1.871 1.213 1.905 1.477]
[-1.37  -1.905 -0.928 -1.651 -1.108 -0.408 -1.477 -1.108 -1.108 -1.969
 -0.408 -1.651 -1.871 -1.342 -1.651 -0.408 -0.408 -0.408 -0.408 -2.339
 -1.123 -0.408 -2.339 -1.721 -0.918 -2.339 -1.108 -1.905 -0.764 -1.877
 -1.213 -1.871 -2.183 -1.651 -1.969]
[-1.37  -0.127 -0.928  0.127 -0.246 -0.408  0.246 -0.246 -0.246 -0.246
 -0.408  0.127  0.    -0.559  0.127 -0.408 -0.408 -0.408 -0.408  0.246
 -0.408 -0.408  0.246 -0.115 -0.115  0.246 -0.246 -0.127  0.     0.442
 -0.364  0.     0.364  0.127 -0.246]
[ 0.105  0.762 -0.928  0.127 -0.246 -0.408 -0.615 -0.246 -0.246  0.615
 -0.408  0.127  0.     0.224  0.127 -0.408 -0.408 -0.408 -0.408  0.246
  0.306 -0.408  0.246  0.688 -0.115  0.246 -0.246 -0.127  0.     0.442
 -0.364  0.     0.364  0.127  0.615]
[ 0.105 -0.127 -0.206  0.127 -0.246 -0.408  0.246 -0.246 -0.246 -0.246
 -0.408  0.127  0.    -0.559  0.127 -0.408 -0.408 -0.408 -0.408  0.246
 -0.408 -0.408  0.246 -0.115 -0.115  0.246 -0.246 -0.127 -0.764  0.442
 -0.364  0.     0.364  0.127  0.615]
[ 0.843 -0.127  0.516  0.127 -0.246 -0.408  0.246 -0.246 -0.246 -0.246
 -0.408  0.127  0.     1.006  0.127 -0.408 -0.408 -0.408 -0.408  0.246
  1.021 -0.408  0.246  0.688 -0.115  0.246 -0.246  0.762  0.     0.442
  0.485  0.     0.364  0.127 -0.246]
[ 0.105 -0.127  0.516 -0.762 -0.246 -0.408 -0.615 -0.246 -0.246  0.615
 -0.408 -0.762  0.    -0.559 -0.762 -0.408 -0.408 -0.408 -0.408  0.246
 -1.123 -0.408  0.246 -0.918 -0.918  0.246 -0.246 -0.127 -0.764 -1.104
 -0.364  0.    -0.485 -0.762 -0.246]
MEAN:
[ 1.919 -1.352 -0.176 -0.018 -0.11   0.087 -0.35 ]
STANDARD ERROR:
[0.075 0.105 0.061 0.066 0.052 0.071 0.071]

#############
#VIDEO ORDER#
#############

RAW ORDERS:
[1 2 6 4 3 7 5]
[1 2 4 5 7 3 6]
[1 2 6 5 4 3 7]
[1 2 6 3 7 5 4]
[1 2 6 3 7 5 4]
[1 2 4 7 5 3 6]
[1 2 7 6 3 4 5]
[1 2 4 3 7 6 5]
[1 2 4 3 5 6 7]
[1 2 6 4 3 5 7]
[1 2 3 7 4 6 5]
[1 2 7 3 4 5 6]
[1 2 4 3 6 5 7]
[1 2 5 7 4 3 6]
[1 2 4 6 5 3 7]
[1 2 5 7 3 4 6]
[1 2 6 4 7 5 3]
[1 2 3 6 4 5 7]
[1 2 4 7 6 3 5]
[1 2 6 5 4 3 7]
[1 2 4 7 5 6 3]
[1 2 3 4 6 5 7]
[1 2 5 6 3 4 7]
[1 2 7 6 4 3 5]
[1 2 3 5 6 7 4]
[1 2 3 7 6 4 5]
[1 2 6 7 3 5 4]
[1 2 6 3 7 4 5]
[1 2 4 5 6 7 3]
[1 2 5 3 7 4 6]
[1 2 7 6 3 5 4]
[1 2 3 7 6 5 4]
[1 2 3 7 5 4 6]
[1 2 3 7 4 5 6]
[1 2 4 5 7 3 6]

#################
#VIDEO VIEW TIME#
#################

RAW TIMES:
[ 35236  92945  78872  96205 103432 102090 146717 123170  91596  34733
  59747  41485  21875  81106  53241  69635 128759  45284  60461  56486
  44989  63741  40881  41409  48704  52849  55121  77881  32952  53795
 115705 108601  59666  61108 107782]
[ 44309 154421  95317  44782 140025  51429 111638  35956  48003  27143
 112858  30663  11332  35499  56907  55897  42027  30208  31427  33363
  26592  55454  36043  29887  32345  33950  29238  69514  70330  43807
  74909  64840  34157  72068  91099]
[ 29893  76240  28107  84380 156900  42989 155512  40844  46494  26275
  65277  28922  25516  44332  36586  74556  36756  33875  27947  45906
  27565  79365  33721  35512  60751  29972  29836  57870  35279  61353
  70291 143668  35149  37013  84223]
[ 28980  88963  27343  43560  84892  67057 110481  60643  38005  25498
  56679  29081  26548  51698  91227  69068  74929  32600  87840  51139
  27978  44994  31185  37965  37432  30661  28946  51108  49717  52406
  75001  74445  33178  34977  80625]
[ 28636  79706  27953  47192 114404  39630 105521  28370  36566  25986
  55047  29014  32264  33433  55911  93297  41973  30900  29233  57637
  26780  46007  36304  34563  26426  32302  29458  50659  40824  55569
  67063  69896  33210  48025  83421]
[ 29555  83423  27417  44597 115477  43556 103734  28068  36224  26573
  70964  31214  26431  48694  52869  56612  61355  54755  30664  60230
  26041 102467  32439  29746  31279  29763  31439  67114  41845  41201
 103739  74435  32802  39746  86897]
[ 29341  81377  28154  49270 129290  40009 107359  41300  36542  25752
  39018  29208  27964  39620  49194  55167  37664  32739  35039  57738
  54375  86665  43796  31384  42133  28942  30862  59563  58219  84721
  80068  54031  32988  60989  79080]
MEAN:
[71093.114 55926.771 55110.714 52481.4   47805.143 51524.714 51416.029]

#################
#GRADE VIEW TIME#
#################

RAW TIMES:
[ 4594 11502  5954 26125  7070 45662  8549  3288  7212 17851  6354  5672
  3290 36277 15916  3598 70460 11057 10044  7553  8403 17837  5740  6119
  5045  4898  5793 12914  7128  6590  6519 10385 39509  7165 14751]
[ 4884  8557  8821 23158  6957 28955  5907  4268  7015  3798  8799  5637
  3576 31200  9810 20858 31596  8928  9217  7610  5370 17435  4865  6016
  4380  7267  6598 13918  8985  5733  8047  9253 24004  5775 12235]
[ 7116  8306  4165 36780  8034 12951  7387  3958  6862  4991  9259  9159
  4507  7771 34003  4340  8904  9517  6487  9694  6830 22625  4881  4724
 22701  7391  4351 21553  8373  9752  7497 22668 12743 12476 13805]
[ 6318 22670  3432 11355  7941 32959  6463  7975 14115  5517  7106 26760
  6602 18205 63107  3685  9989  7997 40423  9133 76020  8204  5146  5179
  3545  5701  4722 10802 12322  8263  8568  9855  5184  6894 17673]
[ 4764 15540  3580 19609  7925  7500  6679  6488  6544  4227  7673  6764
  4138 91594  9367  8825  8083  7204  7008  8298  9174 21287  9120  4453
 57923 79426  8606 13669  8114 19204  8309 11934  8473  7527 11462]
[ 9712  9270  9022 32512 10323 23858  7108  3569  6555  9784  6762  6790
  8445  7362  8184  4735 61018  7206  6668  9435  8585 16213  5810  9100
  4474  7956 14093 16640  9290  5661  7124 15074  6156  8379 11466]
[  4791   8242   3395   8422   6987   8548 100603   5438   6731   5105
   7094  10793   3172   9339  35903   3763  12073   8523   6658   8675
   6022  12468   6740   7794   8236   4895   4898  14290   7160   6091
   9601   8835   9874   7659   9902]
MEAN:
[13337.829 10840.914 11044.6   14280.857 14871.171 11266.829 11106.286]

###############
#DEVICE COUNTS#
###############

Desktop: 17
Laptop: 17
Tablet: 0
Smart phone: 1
Other device: 0

##################
#AGE GROUP COUNTS#
##################

18 - 24: 1
25 - 31: 5
32 - 38: 18
39 - 45: 6
46 - 52: 2
53 - 59: 3
60 and above: 0

################
#NETWORK COUNTS#
################

WiFi: 19
Cable network: 14
Cellular network: 1
Other: 1

###########
#REASONING#
###########

A2H8GNSEVUJXYL: only bad when it happens during scoring opportunity
A1UM7U8DA3RMA9: Watching videos with low resolution and pause issue will be annoying and disturbing. The Annoying rate % is according to the timing where the video got disturbed. Experiment guidelines are clear.
A3UUH3632AI3ZX: anytime before and around the goal being made, was really annoying.
AJZBAP861F6X1: Very interesting Survey. Video got paused is affects the video watching experience.
A1L8RL58MYU4NC: The Quality damages blur and slag annoyed me a lot no one will like this kind of annoying clips. The Guidelines for this experiment is very clear. Attention check and grading doesn't confused me
A3N5RTXKN4I723: video pause for more than 1 second
A2BO8M77CS3SGZ: Poor quality at important times are very annoying to watch.
A31Z5TPD8QKE26: when the damage happened during a goal, I thought it was a little worse than when there was no action going on.
A1IU5OP7BBZHZ7: got struck in between videos makes loose patience, Blurring for very few seconds makes no difference from the good one
A1F1BIPJR11LSR: It affects the experience more when it happens at points in the game that are important.
A122E99M2DQY1G: Video pause more than 1 second
A2DNLHS1RSTF5R: na
A3PGUPNMOU5BPW: These all seemed to have pauses on them. This one is weird because the original video quality is not good. I give them all average ratings.
A1NF6PELRKACS9: If it was a crucial moment, it was more annoying. Also, I didn't mind the quality damage at the beginning as I did towards the end.
A30YUELTPFSF0T: Video Paused and No Resolution Decrease. Overall it is Fair.
A3169N2SCN3ENK: The quality makes me lose focus on what I am watching and it takes away from my concentration.  The experiment guideline is clear.  I am not confused about the grading.
A6DX45U3O1CR: video pause for more than one second
A3B67I3A0YR2D:  found both bad resolution and video pause
A1NJ6Q940T7HEB: Found both resolution decrease and video pause
A272A0JGRTBFCR:  http://ec2-54-202-116-26.us-west-2.compute.amazonaws.com:3010
A3OLRWACCCCUTU: A stop in the middle of the action is going to make it a worse experience but if it's a 
A3UM3RQRAL4DP5: both video pausing and video resolution decrease
A1NH9LK567B862: The quality affects when it starts stuck. The guideline is so clear and there is no confusion while grading the video
A1IHI23KH87K5W: Only annoying if pause happens during action point, or when the frame is an "ugly" one, like a transition which is heavily compressed in source video
A2YHSU2IJZ9J14: More grading examples will be helpful.
A2QD9PJUKW7PKK: video resolution was great, just 2 sec video paused was there in every video. based on this i had given rating
A3O7X46E3REM7I: It makes the viewing experience annoying. Everything was clear.
A3P2WQO8VESWF2: These video clips had video pause quality damage. It is often not causing much watching experience annoyance except at certain moments like moment of goal and moment of camera focussing the score board. Experiment guidelines and grading and attention checks are not confusing.
ARTQWWNFA7IOD: In 2 of 7  video initial resolution decrease and pause. In 3 of 7 pause at 0.6. in  4 of 7 pause at 0.10  and resolution decrease. in 5 of 7 video  pause at 0.13. In 6 of 7 video pause at 0.16 and resolution decrease. In 7 of 7 video pause at 0.2. 
A1S34BUFNQ33SQ: I found pauses in all videos, But I didn't notice any blurs, All the videos looking good in this test, Also my viewing experience does not impact with pauses. Overall I am satisfied with videos 
A11SX02CICZN85: It just affect my eagerness to watch the clip. The guidelines for this HIT is very clear as always. I haven't confused in grading
A4T7PYGN1BE2P: Guideline is clear.. and it is slightly annoying when video get paused.
A1OKNQ2JEXW34Q: When a pause happens at the beginning. I don't even want to keep watching. I assume it will do it again multiple times.
ASWZO1WY1UHEP: I can't confuse attention checks and instruction was clear. I can clearly find the damage or quality of the video. When I see the video that time little bit irritating, about the video quality. It was slightly annoying. All videos paused more than 1 second.
AVPD36WUJKJFS: Video getting pause or low resolution will be irritating, missing a 1 second video on a thrilling moment will break my heart, The experiment guideline is clear and not confused about the grading or the attention check. Thank You.
