LOG OF original_videos_Sports_360P_Sports_360P-50fd_2_100k_90 SURVEY RESULTS

########
#GRADES#
########

RAW GRADES:
[5 5 5 5 5 5 5 5 5 5 5 5 5 5 5 5 5 5 5 5 5 5 5 5 5 5 5 5 5 5 5 5 5 5]
[1 1 1 1 1 1 1 1 1 1 1 1 1 1 1 1 1 1 1 1 1 1 1 1 1 1 1 1 1 1 1 1 1 1]
[1 2 1 1 1 2 1 1 1 1 1 1 1 1 1 1 1 1 1 1 2 1 1 2 3 1 1 1 2 1 2 1 1 2]
[1 2 1 1 1 1 1 1 1 1 1 1 1 1 1 1 1 1 1 1 1 1 1 2 2 1 1 1 1 1 2 1 1 2]
[1 1 1 1 1 1 1 1 1 1 1 1 1 1 1 1 1 1 1 1 1 1 1 1 1 1 1 1 1 1 2 1 1 2]
[1 2 1 1 1 1 1 1 1 1 2 1 1 2 1 1 1 1 1 1 1 1 1 4 4 1 1 1 2 1 2 1 2 2]
[1 2 1 1 1 2 1 1 1 1 2 1 3 2 1 1 1 1 1 1 1 1 1 4 3 1 1 1 2 1 2 1 2 2]
MEAN:
[5.    1.    1.265 1.147 1.059 1.382 1.441]
STANDARD ERROR:
[0.    0.    0.086 0.061 0.04  0.132 0.126]

STANDARDIZED GRADES:
[2.449 2.294 2.449 2.449 2.449 2.319 2.449 2.449 2.449 2.449 2.319 2.449
 2.157 2.319 2.449 2.449 2.449 2.449 2.449 2.449 2.372 2.449 2.449 1.54
 1.65  2.449 2.449 2.449 2.291 2.449 2.339 2.449 2.319 2.339]
[-0.408 -0.918 -0.408 -0.408 -0.408 -0.632 -0.408 -0.408 -0.408 -0.408
 -0.632 -0.408 -0.588 -0.632 -0.408 -0.408 -0.408 -0.408 -0.408 -0.408
 -0.516 -0.408 -0.408 -1.155 -1.238 -0.408 -0.408 -0.408 -0.764 -0.408
 -1.108 -0.408 -0.632 -1.108]
[-0.408 -0.115 -0.408 -0.408 -0.408  0.105 -0.408 -0.408 -0.408 -0.408
 -0.632 -0.408 -0.588 -0.632 -0.408 -0.408 -0.408 -0.408 -0.408 -0.408
  0.206 -0.408 -0.408 -0.481  0.206 -0.408 -0.408 -0.408  0.    -0.408
 -0.246 -0.408 -0.632 -0.246]
[-0.408 -0.115 -0.408 -0.408 -0.408 -0.632 -0.408 -0.408 -0.408 -0.408
 -0.632 -0.408 -0.588 -0.632 -0.408 -0.408 -0.408 -0.408 -0.408 -0.408
 -0.516 -0.408 -0.408 -0.481 -0.516 -0.408 -0.408 -0.408 -0.764 -0.408
 -0.246 -0.408 -0.632 -0.246]
[-0.408 -0.918 -0.408 -0.408 -0.408 -0.632 -0.408 -0.408 -0.408 -0.408
 -0.632 -0.408 -0.588 -0.632 -0.408 -0.408 -0.408 -0.408 -0.408 -0.408
 -0.516 -0.408 -0.408 -1.155 -1.238 -0.408 -0.408 -0.408 -0.764 -0.408
 -0.246 -0.408 -0.632 -0.246]
[-0.408 -0.115 -0.408 -0.408 -0.408 -0.632 -0.408 -0.408 -0.408 -0.408
  0.105 -0.408 -0.588  0.105 -0.408 -0.408 -0.408 -0.408 -0.408 -0.408
 -0.516 -0.408 -0.408  0.866  0.928 -0.408 -0.408 -0.408  0.    -0.408
 -0.246 -0.408  0.105 -0.246]
[-0.408 -0.115 -0.408 -0.408 -0.408  0.105 -0.408 -0.408 -0.408 -0.408
  0.105 -0.408  0.784  0.105 -0.408 -0.408 -0.408 -0.408 -0.408 -0.408
 -0.516 -0.408 -0.408  0.866  0.206 -0.408 -0.408 -0.408  0.    -0.408
 -0.246 -0.408  0.105 -0.246]
MEAN:
[ 2.357 -0.556 -0.354 -0.441 -0.505 -0.271 -0.23 ]
STANDARD ERROR:
[0.035 0.043 0.035 0.021 0.037 0.059 0.057]

#############
#VIDEO ORDER#
#############

RAW ORDERS:
[1 2 4 3 7 5 6]
[1 2 4 7 3 6 5]
[1 2 4 6 5 3 7]
[1 2 6 3 7 4 5]
[1 2 4 6 7 5 3]
[1 2 5 7 3 4 6]
[1 2 4 3 5 6 7]
[1 2 5 7 3 4 6]
[1 2 3 7 4 5 6]
[1 2 4 5 7 3 6]
[1 2 5 7 4 3 6]
[1 2 7 3 6 5 4]
[1 2 3 6 7 4 5]
[1 2 5 4 3 7 6]
[1 2 5 6 4 7 3]
[1 2 7 5 6 3 4]
[1 2 4 6 7 3 5]
[1 2 4 6 5 7 3]
[1 2 6 3 4 5 7]
[1 2 6 4 3 5 7]
[1 2 5 3 6 4 7]
[1 2 7 3 6 4 5]
[1 2 5 6 7 3 4]
[1 2 7 6 3 5 4]
[1 2 3 5 7 4 6]
[1 2 7 4 3 5 6]
[1 2 6 7 4 5 3]
[1 2 4 6 7 3 5]
[1 2 5 3 4 7 6]
[1 2 7 3 5 4 6]
[1 2 7 6 4 3 5]
[1 2 6 4 5 3 7]
[1 2 3 6 4 5 7]
[1 2 3 6 5 4 7]

#################
#VIDEO VIEW TIME#
#################

RAW TIMES:
[ 45806 111308  86620  33491  68632  47959  57993 158439 132499  49270
  35684  97948  32221  99794  89476  50866  43355  61812  43039  77753
  66198  50229 170331  47455  41969  39101  34582  45915  64963  26499
  55740  69694  63144  85967]
[ 27102  63134 122341  28652  67084  60664  36159 142234  27193  35021
  17567  53713  16632  79399  46763  34858  32016  36920  33169  37483
  28431  34779  77899  31430  29778  29216  27422  37008  45880  23145
  33892  39514  41767  93089]
[ 27571  63700 107514  29148  39047  27279  32702 129069  30078  32501
  13851  37484  14606  71686  36160  34650  34489  48000  50440  35329
  25602  41481  46166  38289  30225  33686  27124  39393  49521  22448
  42573  37014  51976  68558]
[ 27402  80883  68777  29797  34865  27260  41251 128387  28624  31996
  25106  60227  15336  74646  45736  33647  59318  48360  33194  39124
  26277  37716  70622  31415  29407  29395  26020  31960  50000  24655
  53133  36061  38033  88577]
[ 27787  63054  46116  30615  47892  28597  41930 205991  27887  30917
  16646  41510  18103  76900  72934  34520  41926  40487  42552  29994
  33889  38323  73276  33554  30155  28560  26703  40910  54406  24985
  34836  40452  37668  63882]
[ 27477  59668  66279  55898  43563  27379  39604  74576  28437  32738
  24733  51561  24806 118436  48931  40782  32671  40499  34842  58955
  27593  36336  46891  31887  29217  28520  26539  33302  56716  30574
  49960  41009  33896  66865]
[ 27092  65536  51360  30227  75887  28568  42168  75504  28043  33161
  25075  46456  25609  75421  61240  32612  34464 387849  32528  32847
  25775  94928  37463  33709  29007  28610  35106  32617  53557  33249
  36414  45505  44075  70840]
MEAN:
[67228.    46216.294 42628.235 44329.618 44939.912 43268.824 53308.882]

#################
#GRADE VIEW TIME#
#################

RAW TIMES:
[ 4824  9990  9717  7651  8811  4885 10098 13135  8050  5347  3629 50005
  3599 13734  7867  6794  4995  9309  8792 10774  4661  6057 27292  6010
  5499  4766  5107  4759  9625  8172  6860  7585  8050 10626]
[ 4868 10427 11597  5670  7370  5041  8059 12710  3108  7449  4743 21167
  8528 10471  5922  5813  6403  7808 26072  9875  5494  6206 15502 36800
  4363  5799  9432  4894 11284  7831  5530  7932 24448 12731]
[ 5536 12253  7834  6365 13800  5154  9489  5864  4496  5251  4062  6054
  4976 12255 11521  5045  7105  9361 10826  7223  4087  6644  7701  9967
 10229  5463  4760  6583  9435  8164  5839  5851 15437 11714]
[ 5798 18535 14103  6554 14576  4990 11323  7646  3729 16380  5197  5868
  3452 10859  5685  7331  9978  8782  8345  8646  6116  6383  5545  5528
  4312  5133  4478  8480  9801  9571  5315  6775  5228 10893]
[ 4260  8627  7547  4922  6571  5817 16060 10028  3026  4653 14645 10085
  3774 18522  5339  6836  6093 18152  6737  9123  6178  6171 12144  5179
  6165  4438  5089  6228 12031  7431  7645  7293  5721 11580]
[ 4539 10196 10174 14069  6075  4707 12115  8198  3293  6299  3700 11502
  3495 13045  3832  5820  6112 16062 18807 11573  3955  6559  7841  6027
  6401  4609  9952  5945 16927  7720  6830  7990  8466 11251]
[ 4156  8849  7726  5387  6948  4424  8072  8264  6489  4665  4109 10030
  7348 17082  6239  7929  5834  7269 10349  7806  3973  8977  5290  8969
  4346 13215  4335  6052 12367  9284 10869  5886  4937 14224]
MEAN:
[ 9325.735 10039.618  7833.647  7980.441  8062.059  8355.471  7697.029]

###############
#DEVICE COUNTS#
###############

Desktop: 17
Laptop: 17
Tablet: 0
Smart phone: 0
Other device: 0

##################
#AGE GROUP COUNTS#
##################

18 - 24: 1
25 - 31: 6
32 - 38: 17
39 - 45: 5
46 - 52: 2
53 - 59: 2
60 and above: 1

################
#NETWORK COUNTS#
################

WiFi: 18
Cable network: 15
Cellular network: 1
Other: 0

###########
#REASONING#
###########

A2H8GNSEVUJXYL: it reminds me of when i used to have 20/450 vision
A1UM7U8DA3RMA9: Watching videos with low resolution and pause issue will be annoying and disturbing. Experiment guidelines are clear.
AJZBAP861F6X1: Very interesting Survey. Video got paused and resolution decreased it affects the video watching experience.
A2SKH7WZUEDGGI: not confused
A1L8RL58MYU4NC: The Quality damages blur and slag annoyed me a lot no one will like this kind of annoying clips. The Guidelines for this experiment is very clear. Attention check and grading doesn't confused me
A219VCQZADQ45W: BRIEF PAUSE, OR A LITTLE BLURRY CAN BE ANNOYING ESPECIALLY IF IT IS RIGHT BEFORE A GOAL OR JUMPING OFF A CLIFF 
A3N5RTXKN4I723: resolution decrease and video pause for more than 1 second
A2BO8M77CS3SGZ: Poor quality at important times are very annoying to watch.
A31Z5TPD8QKE26: With such extreme blurry damage with the stalling, it was equally annoying whenever it happened.
A1IU5OP7BBZHZ7: got struck in between videos makes loose patience, Blurring for very few seconds makes no difference from the good one
A1F1BIPJR11LSR: It affects the experience more when it happens at points in the game that are important.
A122E99M2DQY1G: resolution decrease and video pause
A3PGUPNMOU5BPW: I guess the pause at the end was much less annoying. These were all pretty bad damages. Thank you for these hits.
A1Q7VWUBIJOK17: While watching videos in some important times if the video sticks or get blurred then it make annoying for us to watch 
A3169N2SCN3ENK: The quality makes me lose focus on what I am watching and it takes away from my concentration.  The experiment guideline is clear.  I am not confused about the grading.
A6DX45U3O1CR: found both resolution decrease and video pause for more than one second
A3B67I3A0YR2D: found both bad resolution and video pause
AH22ILXQFI4R2: resolution decrease and video pause for more than 1 second.
A1NJ6Q940T7HEB: Found both resolution decrease and video pause
A272A0JGRTBFCR: Thanks for your ​OUTSTANDING HITS and i would thank you for giving me the chance to participate and you are helping make me better.
A3OLRWACCCCUTU: Worse when the pause and resolution issues where when the mascot was in the process of moving/shooting.  The combination of the stop and blur was very troubling.
A3UM3RQRAL4DP5: both video pausing and video resolution decrease
A1NH9LK567B862: The video quality damaged at each and every video. It just blurred and paused for a second. The experiment guide is so clear which helps in grading the videos without any confusions.
A18LFH7XW61JO9: Experiment guideline is clear and not confused about the grading or the attention check. Quality damage at different moments affected my viewing experience differently.
A1IHI23KH87K5W: The amount of quality damage depends entirely on what moment it appears in this particular clip
A2QD9PJUKW7PKK: ranking i had given based on the low video resolution and 2 sec paused in every video. experiment guideline is clear
A3O7X46E3REM7I: It makes the viewing experience annoying. Everything was clear.
A3N5P5VO81FIJ6: a little
A3P2WQO8VESWF2: These video clips has got both video pause and decrease in resolution damage. But in the case of these videos when they occur at the crucial moment of jumping then the most annoyance in watching experience occurs. At other moments it is tolerable subject to the extent of damage. The experiment guidelines, grading and attention checks are not confusing at all.
ARTQWWNFA7IOD: In test videos observed quality damaged due to resolution decreased and pause more than 1 sec.
A1S34BUFNQ33SQ: I notice all the video's blur and paused, Some of the video's even blur at the time of main action in the video, which is very annoying to watch 
A11SX02CICZN85: It just affect my eagerness to watch the clip. The guidelines for this HIT is very clear as always. I haven't confused in grading
ASWZO1WY1UHEP: I can't confuse attention checks and instruction was clear. I can clearly find the damage or quality of the video. All videos have moderely annoying. All videos resolution was decreased and more than 1 second paused.
AVPD36WUJKJFS: Video getting pause or low resolution will be irritating, missing a 1 second video on a thrilling moment will break my heart, The experiment guideline is clear and not confused about the grading or the attention check. Thank You.
