LOG OF original_videos_Sports_720P_Sports_720P-2c06_2_300k_180 SURVEY RESULTS

########
#GRADES#
########

RAW GRADES:
[5 5 5 5 5 5 5 5 5 5 5 5 5 5 5 5 5 5 5 5 5 5 5 5 5 5 5 5 5 5 5]
[1 1 1 1 1 1 1 1 1 1 1 1 1 1 1 1 1 1 1 1 1 1 1 1 1 1 1 1 1 1 1]
[1 3 2 3 1 1 1 2 1 1 3 1 1 1 2 1 1 2 1 1 1 4 1 2 2 1 1 1 1 2 3]
[1 3 1 3 1 1 1 1 1 1 3 1 1 1 1 1 1 1 1 1 1 4 1 2 2 1 1 1 1 1 2]
[1 2 2 3 1 1 1 1 1 1 2 1 1 1 1 1 1 1 1 1 1 2 1 2 2 1 1 1 1 1 3]
[1 2 2 4 1 1 1 2 1 1 2 1 1 1 2 1 1 2 1 1 1 3 2 3 2 1 1 1 1 2 3]
[1 3 3 4 1 1 3 2 1 1 2 1 1 1 2 1 1 2 2 1 1 3 2 2 2 1 1 1 1 2 3]
MEAN:
[5.    1.    1.581 1.387 1.323 1.581 1.71 ]
STANDARD ERROR:
[0.    0.    0.15  0.142 0.106 0.143 0.153]

STANDARDIZED GRADES:
[2.449 1.969 2.124 1.477 2.449 2.449 2.157 2.291 2.449 2.449 2.062 2.449
 2.449 2.449 2.291 2.449 2.449 2.291 2.372 2.449 2.449 1.491 2.319 2.183
 2.339 2.449 2.449 2.449 2.449 2.291 1.905]
[-0.408 -1.477 -1.006 -1.969 -0.408 -0.408 -0.588 -0.764 -0.408 -0.408
 -1.334 -0.408 -0.408 -0.408 -0.764 -0.408 -0.408 -0.764 -0.516 -0.408
 -0.408 -1.721 -0.632 -1.213 -1.108 -0.408 -0.408 -0.408 -0.408 -0.764
 -1.651]
[-0.408  0.246 -0.224 -0.246 -0.408 -0.408 -0.588  0.    -0.408 -0.408
  0.364 -0.408 -0.408 -0.408  0.    -0.408 -0.408  0.    -0.516 -0.408
 -0.408  0.688 -0.632 -0.364 -0.246 -0.408 -0.408 -0.408 -0.408  0.
  0.127]
[-0.408  0.246 -1.006 -0.246 -0.408 -0.408 -0.588 -0.764 -0.408 -0.408
  0.364 -0.408 -0.408 -0.408 -0.764 -0.408 -0.408 -0.764 -0.516 -0.408
 -0.408  0.688 -0.632 -0.364 -0.246 -0.408 -0.408 -0.408 -0.408 -0.764
 -0.762]
[-0.408 -0.615 -0.224 -0.246 -0.408 -0.408 -0.588 -0.764 -0.408 -0.408
 -0.485 -0.408 -0.408 -0.408 -0.764 -0.408 -0.408 -0.764 -0.516 -0.408
 -0.408 -0.918 -0.632 -0.364 -0.246 -0.408 -0.408 -0.408 -0.408 -0.764
  0.127]
[-0.408 -0.615 -0.224  0.615 -0.408 -0.408 -0.588  0.    -0.408 -0.408
 -0.485 -0.408 -0.408 -0.408  0.    -0.408 -0.408  0.    -0.516 -0.408
 -0.408 -0.115  0.105  0.485 -0.246 -0.408 -0.408 -0.408 -0.408  0.
  0.127]
[-0.408  0.246  0.559  0.615 -0.408 -0.408  0.784  0.    -0.408 -0.408
 -0.485 -0.408 -0.408 -0.408  0.    -0.408 -0.408  0.     0.206 -0.408
 -0.408 -0.115  0.105 -0.364 -0.246 -0.408 -0.408 -0.408 -0.408  0.
  0.127]
MEAN:
[ 2.282 -0.736 -0.256 -0.408 -0.461 -0.258 -0.164]
STANDARD ERROR:
[0.046 0.082 0.052 0.059 0.035 0.052 0.062]

#############
#VIDEO ORDER#
#############

RAW ORDERS:
[1 2 4 3 7 5 6]
[1 2 7 5 6 3 4]
[1 2 5 7 6 3 4]
[1 2 3 5 4 7 6]
[1 2 7 6 3 4 5]
[1 2 3 5 4 6 7]
[1 2 3 4 6 7 5]
[1 2 5 7 4 6 3]
[1 2 5 3 4 7 6]
[1 2 5 4 7 3 6]
[1 2 5 6 3 4 7]
[1 2 6 4 7 5 3]
[1 2 4 6 5 7 3]
[1 2 4 5 7 3 6]
[1 2 4 5 7 3 6]
[1 2 3 7 5 6 4]
[1 2 5 4 7 6 3]
[1 2 3 7 6 4 5]
[1 2 4 3 6 7 5]
[1 2 4 6 5 3 7]
[1 2 5 3 6 7 4]
[1 2 7 5 4 6 3]
[1 2 6 5 3 7 4]
[1 2 6 5 4 3 7]
[1 2 3 5 4 7 6]
[1 2 7 5 4 3 6]
[1 2 3 7 4 6 5]
[1 2 5 3 6 4 7]
[1 2 6 5 3 7 4]
[1 2 7 5 4 6 3]
[1 2 5 6 3 4 7]

#################
#VIDEO VIEW TIME#
#################

RAW TIMES:
[ 32997  69052  38590  38712  62382  83400  74464  36124  82078  50661
  21468  67746  46308  82390  84331  43701  41313  67835  50320  51387
  41335  38132  48145  43606  80341  42748  46806  61546 171750  40160
  48361]
[ 27466  44380  26162  37816  36111  44355  96454  14162 363689  35607
   4879  46540  35351  45900  42946  29967  32262  29983  33860  33950
  98147  30512  29538  29956  46260  33991  38105  36633 121808  32595
  36874]
[ 27646  43814  25788  33806  33034  63800 152062  49010  31893  47043
  33470  73948  34951  37461  64595  30897  58687  25566  37153  51979
  42207  35423  29425  45303  44251  37976  31943  34068  47199  39082
  38259]
[27241 47638 26737 32228 32849 53726 88030 36425 33158 64562 14546 35368
 32679 40634 55289 29956 43451 26088 44851 91128 39669 29361 29194 30268
 44050 35936 47984 33385 70420 39052 34577]
[ 27982  44613  26664  33269  47104  33956 217410  17303  47625  35892
  24108  44497  35304  52630  30449  33970  36455  25943  38043  39208
  38060  29020  30408  31198  50344  33144  40730  55782  47338  84171
  57588]
[ 35736  38634  27233  34412  38212  36698 494103  41069  32860  65772
  30297  42871  33171  42811  53662  31265  41675  25665  33837  45042
  33963  34567  58652  31483  50559  35244  68022  33763  56195  30940
  39406]
[ 30045  45039  28485  35616  46980  43773 268459  34441  33666  38014
  24517  55937  32325  44592  33872  32458  47816  26791  37921  34909
  32740  41985  31077  30169  30258  66996  42079  35241  56501  72264
  60172]
MEAN:
[57683.516 51492.226 44572.226 41628.387 44845.419 54768.355 47585.097]

#################
#GRADE VIEW TIME#
#################

RAW TIMES:
[ 5237  5500  4439  8576  7271 13348  8095  4555  5378  5719  2759  4223
  6759  7222  8863 10703  7394  4573  6441  8329  5195  4772  4772  5441
 19925  6197  6320  7434 10677  5729  6482]
[ 3972  5886  4061  5270  6530 10875  7609  5510  5512  5397  3268  9255
 10899  8860 19240  6910  8190  5399  7906  7121  6095  7199 18161  5269
 11691 16705 11346  9776 17740  8801  7445]
[ 4642  6621  2870  9970  5845 12487 57852 11377  5134  7439  3642 10051
  5506  6311 20101  9949  6921  6337 13736  7676  6998  6332  5955  6689
 20221 10392  8293  9059 12195  7439  5406]
[ 5576  7147  5278 11459  6471  7675  6567  6845  4747  6081  3530  5989
  7926  8205  9972  8279  8001  4208 10507 35361  5780  4902  5077  7230
 11031  5865  6821  5159  7767  5327  6963]
[ 4040  5826  4021  4216  7263  8309  5718  5019 12903 13861  6284  4710
  5238  7941 10069  7852 10760  3655  6193  5988  6850  7144  4095  5585
  9482  5717  7506  9581  9201  8043 13210]
[ 4102 10216  3336  3769  5895  9619  9835  3414  5210  7145  3986  5556
  5196  6929 24222  7935 11509  4280  6206  6503  5870  6135 20579 10379
 11320  6824 21460  6499 10351  4983  7344]
[ 4534 13208  3655 10275 11485  8144  8651  6383  5214  5671  3096  5155
  5611  5919 12057 11032  7400  4551  6394  7974  5122  8082  5086  5836
 81386 10496 10315  5431 11349  9990 17069]
MEAN:
[ 7042.839  8641.871 10111.161  7798.258  7299.355  8277.645 10211.968]

###############
#DEVICE COUNTS#
###############

Desktop: 16
Laptop: 15
Tablet: 0
Smart phone: 0
Other device: 0

##################
#AGE GROUP COUNTS#
##################

18 - 24: 1
25 - 31: 6
32 - 38: 16
39 - 45: 4
46 - 52: 2
53 - 59: 2
60 and above: 0

################
#NETWORK COUNTS#
################

WiFi: 16
Cable network: 13
Cellular network: 1
Other: 1

###########
#REASONING#
###########

A2H8GNSEVUJXYL: this is a retake of url http://ec2-35-166-31-164.us-west-2.compute.amazonaws.com:3009/
A1UM7U8DA3RMA9: Watching videos with frequent low resolution and pause issue will be annoying and disturbing thing  . Experiment guidelines are clear.
A3UUH3632AI3ZX: was pretty annoying unless it happened at the end
A8FUMDQFBKMXR: The quality changes aren't bad when they are at less exciting times
A1L8RL58MYU4NC: The Quality damages blur and slag annoyed me a lot no one will like this kind of annoying clips. The Guidelines for this experiment is very clear. Attention check and grading doesn't confused me
A3N5RTXKN4I723: resolution decrease and video pause for more than 1 second
A2BO8M77CS3SGZ: Poor quality at important times are very annoying to watch. However if the quality is poor at times when the game is not in play then its fine. The guidelines for the study is pretty clear.
A31Z5TPD8QKE26: When it was blurry and stalled during a moment that was not important, I didn't mind the damage as much.
A1IU5OP7BBZHZ7: got struck in between videos makes loose patience, Blurring for very few seconds makes no difference from the good one
A122E99M2DQY1G: resolution decrease and video pause
A3PGUPNMOU5BPW: These videos are kind of bad quality. The annoyance is there most of the time. 
A3169N2SCN3ENK: The quality makes me lose focus on what I am watching and it takes away from my concentration.  The experiment guideline is clear.  I am not confused about the grading.
A6DX45U3O1CR: found both resolution decrease and video pause for more than one second
AH22ILXQFI4R2: resolution decrease and video pause for more than 1 second.
A1MIR0TP081SKT: Pauses in between the videos especially on an intresting point of the game is more annoying.
A1NJ6Q940T7HEB: Found both resolution decrease and video pause
A272A0JGRTBFCR: Thanks for your ​OUTSTANDING HITS and i would thank you for giving me the chance to participate and you are helping make me better.
A3OLRWACCCCUTU: the worst was the last where it was blurry and stopped as he was about to throw; when the issues were before he started to move, or after the object landed it wasn't as impactful
A1P3Z24Y6GRNVA: The pausing and screen resolution really effects the experience no matter what area it appears. 
A3UM3RQRAL4DP5: both video pausing and video resolution decrease
A1NH9LK567B862: The video quality damaged at each and every video. It just blurred and paused for a second. The experiment guide is so clear which helps in grading the videos without any confusions.
A1IHI23KH87K5W: The blur is very very subtle so not at all annoying really
A2YHSU2IJZ9J14: More video examples will be helpful.
A2QD9PJUKW7PKK: some of the video the resolution was low but not too low so i had given poor rating. Some videos resolution was little low so i had given fairly rating.there was 2 sec pause in every test video
A3P2WQO8VESWF2: Quality damage at different moments affect viewing experience negatively. But the quality damages encountered at crucial points of a video is most annoying. For example in the video the quality damages encountered at the early stage before throwing the disc and at the last moments after the disc launched is not as annoying as that which occurs in between. The experiment guidelines are clear and so are the attention checks.
A1S34BUFNQ33SQ: I found pauses and blurs in all the videos. But I think in one video the pause occurs right before the player is going to shoot ball which makes more annoying than the other videos. And in another video, the pause happens at moment with very few actions so it's not so annoying
A11SX02CICZN85: It just affect my eagerness to watch the clip. The guidelines for this HIT is very clear as always. I haven't confused in grading
A3QS7M912JGKFD: video paused and resolution got decreased, guideline is very clear
A4T7PYGN1BE2P: The Guideline are clear and it is annoying when video get paused and quality decreased.
ASWZO1WY1UHEP: Attention checks was clear and instruction was understandable. I can clearly find the damage or quality of the video. Video quality was very bad. Sometimes little bit irritating to watch the video, because of the quality. All videos, resolution was decreased and paused more than 1 second.
AVPD36WUJKJFS: Video getting pause or low resolution will be irritating, and I use to get breaking/throwing things near to me when watching online live streaming of sports; this experiment guideline is clear and not confused about the grading or the attention check. Thank You.
