LOG OF original_videos_Sports_720P_Sports_720P-2c06_2_3000k_720 SURVEY RESULTS

########
#GRADES#
########

RAW GRADES:
[5 5 5 5 5 5 5 5 5 5 5 5 5 5 5 5 5 5 5 5 5 5 5 5 5 5 5 5 5 5 5 5 5 5 5 5 5
 5 5 5]
[1 1 1 1 1 1 1 1 1 1 1 1 1 1 1 1 1 1 1 1 1 1 1 1 1 1 1 1 1 1 1 1 1 1 1 1 1
 1 1 1]
[3 3 3 1 3 4 4 1 1 1 4 4 2 4 1 3 3 1 2 1 1 1 3 1 2 1 4 4 3 3 4 2 3 2 3 3 4
 3 3 4]
[3 3 3 1 3 3 4 1 1 1 3 3 2 4 1 3 3 1 2 1 1 1 3 1 3 1 4 4 3 3 4 2 3 2 1 2 3
 3 3 3]
[3 2 3 1 3 3 3 1 1 1 1 2 2 2 1 3 3 1 2 1 1 1 3 1 2 1 4 3 3 2 4 1 2 2 3 2 3
 2 2 3]
[3 3 3 1 3 4 3 1 2 1 1 3 2 4 1 3 3 1 2 1 1 1 2 1 2 1 4 4 3 2 4 1 2 2 2 3 4
 3 3 4]
[3 3 4 1 3 4 4 1 1 1 2 3 2 4 1 3 3 1 2 1 1 1 4 1 4 1 4 4 3 3 4 2 3 2 3 3 4
 3 3 3]
MEAN:
[5.    1.    2.575 2.4   2.1   2.35  2.575]
STANDARD ERROR:
[0.    0.    0.18  0.165 0.145 0.172 0.18 ]

STANDARDIZED GRADES:
[1.871 1.905 1.651 2.449 1.871 1.334 1.334 2.449 2.372 2.449 1.716 1.673
 2.339 1.215 2.449 1.871 1.871 2.449 2.339 2.449 2.449 2.449 1.673 2.449
 1.789 2.449 1.108 1.213 1.871 1.969 1.108 2.291 1.969 2.339 1.877 1.969
 1.334 1.905 1.905 1.477]
[-1.871 -1.651 -1.905 -0.408 -1.871 -2.062 -2.062 -0.408 -0.516 -0.408
 -0.953 -1.673 -1.108 -1.877 -0.408 -1.871 -1.871 -0.408 -1.108 -0.408
 -0.408 -0.408 -1.673 -0.408 -1.342 -0.408 -2.339 -2.183 -1.871 -1.477
 -2.339 -0.764 -1.477 -1.108 -1.215 -1.477 -2.062 -1.651 -1.651 -1.969]
[ 0.     0.127 -0.127 -0.408  0.     0.485  0.485 -0.408 -0.516 -0.408
  1.049  0.837 -0.246  0.442 -0.408  0.     0.    -0.408 -0.246 -0.408
 -0.408 -0.408  0.    -0.408 -0.559 -0.408  0.246  0.364  0.     0.246
  0.246  0.     0.246 -0.246  0.331  0.246  0.485  0.127  0.127  0.615]
[ 0.     0.127 -0.127 -0.408  0.    -0.364  0.485 -0.408 -0.516 -0.408
  0.381  0.    -0.246  0.442 -0.408  0.     0.    -0.408 -0.246 -0.408
 -0.408 -0.408  0.    -0.408  0.224 -0.408  0.246  0.364  0.     0.246
  0.246  0.     0.246 -0.246 -1.215 -0.615 -0.364  0.127  0.127 -0.246]
[ 0.    -0.762 -0.127 -0.408  0.    -0.364 -0.364 -0.408 -0.516 -0.408
 -0.953 -0.837 -0.246 -1.104 -0.408  0.     0.    -0.408 -0.246 -0.408
 -0.408 -0.408  0.    -0.408 -0.559 -0.408  0.246 -0.485  0.    -0.615
  0.246 -0.764 -0.615 -0.246  0.331 -0.615 -0.364 -0.762 -0.762 -0.246]
[ 0.     0.127 -0.127 -0.408  0.     0.485 -0.364 -0.408  0.206 -0.408
 -0.953  0.    -0.246  0.442 -0.408  0.     0.    -0.408 -0.246 -0.408
 -0.408 -0.408 -0.837 -0.408 -0.559 -0.408  0.246  0.364  0.    -0.615
  0.246 -0.764 -0.615 -0.246 -0.442  0.246  0.485  0.127  0.127  0.615]
[ 0.     0.127  0.762 -0.408  0.     0.485  0.485 -0.408 -0.516 -0.408
 -0.286  0.    -0.246  0.442 -0.408  0.     0.    -0.408 -0.246 -0.408
 -0.408 -0.408  0.837 -0.408  1.006 -0.408  0.246  0.364  0.     0.246
  0.246  0.     0.246 -0.246  0.331  0.246  0.485  0.127  0.127 -0.246]
MEAN:
[ 1.941 -1.327  0.017 -0.125 -0.37  -0.16   0.023]
STANDARD ERROR:
[0.068 0.104 0.062 0.054 0.051 0.061 0.061]

#############
#VIDEO ORDER#
#############

RAW ORDERS:
[1 2 4 5 3 6 7]
[1 2 5 6 4 7 3]
[1 2 6 4 5 7 3]
[1 2 4 3 5 7 6]
[1 2 3 4 7 5 6]
[1 2 4 3 7 5 6]
[1 2 5 6 3 7 4]
[1 2 6 4 5 7 3]
[1 2 7 4 5 3 6]
[1 2 7 3 6 5 4]
[1 2 3 4 7 5 6]
[1 2 7 6 4 5 3]
[1 2 4 5 6 7 3]
[1 2 6 3 5 7 4]
[1 2 3 5 6 7 4]
[1 2 3 5 7 4 6]
[1 2 6 4 5 3 7]
[1 2 5 3 7 6 4]
[1 2 4 5 3 7 6]
[1 2 6 5 7 3 4]
[1 2 6 3 4 7 5]
[1 2 4 7 6 5 3]
[1 2 6 4 7 5 3]
[1 2 3 6 5 4 7]
[1 2 4 6 5 7 3]
[1 2 7 3 6 4 5]
[1 2 4 3 5 6 7]
[1 2 4 6 5 7 3]
[1 2 5 3 4 6 7]
[1 2 6 4 5 7 3]
[1 2 5 4 6 3 7]
[1 2 6 4 3 5 7]
[1 2 4 3 5 7 6]
[1 2 5 7 6 3 4]
[1 2 6 4 7 5 3]
[1 2 6 5 4 7 3]
[1 2 4 5 3 6 7]
[1 2 4 7 6 3 5]
[1 2 7 6 4 5 3]
[1 2 3 5 4 6 7]

#################
#VIDEO VIEW TIME#
#################

RAW TIMES:
[ 36412  58493  45085  60472  40999  71517  95570  76856  46545  39832
  49515 242597  72798  73470 115653  17701  87397  76032  69364  49035
  48628  63971  84378  59761  51721  58659  39841  89690  40715  46049
  41541  35125  81795  60093 101574  46933  82146 123733  47895  49520]
[26656 45394 26590 49425 33839 36139 28103 50247 28460 36518 43113 31952
 37219 39889 43934 21885 67160 57707 43037 32204 35078 33691 30156 65657
 27840 34892 34952 49890 28909 31922 30488 33357 59684 26278 65472 37365
 34317 66134 36685 38273]
[26775 38358 26928 41000 34099 39288 28321 43803 79635 36357 35271 35922
 37004 71952 37797 25311 54115 58744 37079 33923 28525 40591 47884 54115
 27920 34437 36338 66688 29947 32992 30058 27213 57260 41271 44879 40982
 37919 46059 31136 53297]
[27017 38619 26498 37365 41690 40055 28070 38686 27412 34045 29571 32498
 35372 97361 36464 22233 82331 64070 38465 36278 29043 34406 51268 60605
 28689 42633 45082 61407 28994 41829 30433 27205 73698 34321 41748 43307
 37670 52858 34901 40730]
[ 26796  42013  26484  60528  33997  61971  28481  37279  27445  44848
  29838  34286  33758  54912  34029  25260  52075 161217  42974  41304
  27356  29817  28716  57634  25624 130697  49520  41269  29625  34852
  31564  26943  47794  41480  43139  39158  35876  59534  35298  60266]
[ 26598  45996  26421  37227  34378  39690  28108  87321  37307  42764
  30450  29511  34024 202837  47673  25180  78819  35981  65420  33362
  47363  31459  30697  67500  28554  48604  33198  55652  31570  54714
  30499  31233  59569  34253  81514  37015  36642  48970  34119  37225]
[27547 42929 31996 38364 33844 48868 28775 36300 84940 32360 29967 34273
 36773 94062 40763 25618 58073 62810 42034 39627 31092 31074 29907 63478
 26590 54168 35045 59063 30588 27648 30195 26653 68139 37762 40610 47340
 34207 72577 51454 36345]
MEAN:
[66977.775 39512.775 40779.825 41373.175 44391.425 46235.425 42596.45 ]

#################
#GRADE VIEW TIME#
#################

RAW TIMES:
[ 4851 11447  3517  7547 14351  8046  4066  6960  5048 10145  3588  6612
  5370  7050 42037  2860 11123 11081  3937  6196  6275 20500 21093  9375
  5639 19834  5705 25678  4865 20764  7309  6343 10721 12931 35857  7575
 10458  9739 10973  7270]
[  3970  10667   3938   7854   6039   8930   6506  20408   9715   5291
  52626   4668   8151   7101 159176   2970   6615   6413   3679   5268
   6103  21360  35828   9724   5765   7740   4440  16152   4772   4770
   6197  34430  19217   7712  17073  10131   8410  25556   5146   6686]
[  4400   7895   4676   8419  24411   9716   6883   8294   5335   6329
   5497   6272   7015   6652 110655   6572   8791   9650   4828   5034
   6885   7734  43303   9732   5630  11906   4935   6211   4703   4551
   7254   7206  14877   6671  12253   8538  15407   8681   7302  10588]
[ 6299 29706  3653 12267 12390 11200  5335 11828  5672 10821  6468  5393
 10555  7265  6158  2731  6460  9532 43006  7176  6040 11005 17548  7531
  6847  5994  8915 17848  4353  5232  6615  8607 15789  5807 20164  7651
 39216 51183  5730  7336]
[ 4898 11963  4165  7858  8028  7029  8762  7877  5147  4453 11564  5981
  6328  6821 17849  3156  5438 32300  5553  7183  7174  6807  8690  8256
  8120  5277  8824  9454 10302 12688 10073  6029 14140 10144 11064  7652
 30446  9456  5013  9190]
[ 7025  9011  9284  8306 10263  6558  4265 14389  7841  4606  3345 66280
  5625  8478  8727  4251 11032 11420  5917  9379  9430 10511 21459  8552
 10696  8434  5845  9360  6593  8640  6449 10451 16147  9437 15389 11325
 20451 25120  5431  7534]
[ 5542  6618  3359  6799  9232  6020  4772  8204  7684 27462  8846 12853
  5758  8153  7983  3041  8238 10584  4737  6560  9299  9899 21834  9802
  5974  6782  5135  8815  6057  4873  7576  6094 12212  6821 48982 18731
 21856  8987 13430  7473]
MEAN:
[10868.4   14929.925 11542.275 11833.15   9278.8   11081.4   10076.925]

###############
#DEVICE COUNTS#
###############

Desktop: 22
Laptop: 18
Tablet: 0
Smart phone: 0
Other device: 0

##################
#AGE GROUP COUNTS#
##################

18 - 24: 1
25 - 31: 6
32 - 38: 21
39 - 45: 6
46 - 52: 3
53 - 59: 2
60 and above: 1

################
#NETWORK COUNTS#
################

WiFi: 22
Cable network: 15
Cellular network: 2
Other: 1

###########
#REASONING#
###########

A2H8GNSEVUJXYL: a pause doesnt matter when we know what is about to happen. the mind fills in the blank
A1UM7U8DA3RMA9: Watching videos with frequent low resolution and pause issue will be annoying and disturbing thing  . Experiment guidelines are clear.
A3UUH3632AI3ZX: the pausing isn't that bad especially if it's at the end of the clip
AJZBAP861F6X1: video got paused, annoying.
A8FUMDQFBKMXR: Pauses are upsetting especialyl during important momments. 
A1L8RL58MYU4NC: The Quality damage slag annoyed me a lot no one will like this kind of annoying clips. The Guidelines for this experiment is very clear. Attention check and grading doesn't confused me
A219VCQZADQ45W: BRIEF PAUSE, OR A LITTLE BLURRY CAN BE ANNOYING ESPECIALLY IF IT IS RIGHT BEFORE A GOAL OR JUMPING OFF A CLIFF
A3N5RTXKN4I723: video pause for more than 1 second
A2BO8M77CS3SGZ: Poor quality at important times are very annoying to watch. However if the quality is poor at times when the game is not in play then its fine. The guidelines for the study is pretty clear.
ASPRULQHB8B1F: When the video stutters it is really annoying, because we feel frustrated without knowing what's going on or what is gonna happen next. I don't think the side-by-side comparison is really necessary, since it is clear that it is a fully working high definiton video
A31Z5TPD8QKE26: I thought the stalling damage was worse when it was a more important part of the video.
A26UIS59SY4NM6: Not really a problem if the action sequence is uninterrupted.
A1IU5OP7BBZHZ7: It annoys me when it get struck
A38NFX88VZDMJ3: If the pause was at a point that was not important it was preferred.
A122E99M2DQY1G: All videos i checked all of them are video paused more than 1 second. 
A3PGUPNMOU5BPW: These were all about the same level of annoyance. Thanks so much!
A1NOINYD1FZ55T: During the videos found paused some seconds.I grade easy to all videos Not confusing.
A30YUELTPFSF0T: Green color net looks video resolution was poor, But it was not, In this video i am able to see the video was pause and i am not seeing video affected by resolution.
A3169N2SCN3ENK: The quality makes me lose focus on what I am watching and it takes away from my concentration.  The experiment guideline is clear.  I am not confused about the grading.
A6DX45U3O1CR: video pause for more than one second
A3B67I3A0YR2D: video pause for more than 1 second
A1NJ6Q940T7HEB: Found both resolution decrease and video pause
A1AZAC9CPBEP6K: The damages to the video didn't really affect me much since the quality stayed the same. The pauses were just annoying. I was a little confused about the attention checks, but it seems simple.
A272A0JGRTBFCR: Starting Quality ok but in middle and end not good but overall its outstanding job. Thanks for your survey
A3OLRWACCCCUTU: Worse when it inturrups the athlete, particulary once he's already started the throw.  After it lands isn't bad, before he starts is a bit annoying but again not as much as when he's throwing.
A3UM3RQRAL4DP5: both video pausing and video resolution decrease
A1NH9LK567B862: The quality affects when it starts stuck. The guideline is so clear and there is no confusion while grading the video
A18LFH7XW61JO9: Quality damage at the crucial time affect the viewing experience a lot. Like, when the player was going to throw the ball, pause at that time was annoying. Or when the ball was in air.
A1IHI23KH87K5W: With discus, you know what's going to happen anyway, so the pause is much less annoying than with other sports
A2YHSU2IJZ9J14: More video examples will be helpful.
A2QD9PJUKW7PKK: video resolution was great. there is 2 sec video paused was there in every video. experiment guideline is clear
A3O7X46E3REM7I: It makes the viewing experience annoying. Everything was clear.
A3P2WQO8VESWF2: Quality damage is most annoying at the crucial point of a game. In these videos, there were no low resolution damage but definitely there were video pause issues. And these issues at crucial points like while attempting to throw the discus and at the point where it lands are more annoying and negatively affects viewing experience. The guidelines of the experiment were clear and so was the attention check.
ARTQWWNFA7IOD: In test videos observed extra video pause of more than 1 second compared with excellent grade reference.
A1S34BUFNQ33SQ: I have rated almost 7 samples of same video, Different time frame video resolution is fine, But the issue with only some of the time frames video is getting passed. 
A11SX02CICZN85: It just affect my eagerness to watch the clip. The guidelines for this HIT is very clear as always. I haven't confused in grading
A3QS7M912JGKFD: video quality is best but video paused some times
A4T7PYGN1BE2P: The Guidelines are clear and it is annoying when video get paused 
ASWZO1WY1UHEP: Attention checks was clear and instruction was understandable. I can clearly find the damage or quality of the video. Video quality was slightly poor. All videos, paused more than 1 second.
AVPD36WUJKJFS: Video getting pause or low resolution will be irritating, and I use to get breaking/throwing things near to me when watching online live streaming of sports; this experiment guideline is clear and not confused about the grading or the attention check. Thank You.
