LOG OF original_videos_Sports_480P_Sports_480P-44e5_0_200k_144 SURVEY RESULTS

########
#GRADES#
########

RAW GRADES:
[5 5 5 5 5 5 5 5 5 5 5 5 5 5 5 5 5 5 5 5 5 5 5 5 5 5 5 5 5 5 5 5 5]
[1 1 1 1 1 1 1 1 1 1 1 1 1 1 1 1 1 1 1 1 1 1 1 1 1 1 1 1 1 1 1 1 1]
[2 1 2 1 3 1 1 2 1 2 1 3 3 2 1 1 1 1 3 2 1 4 3 2 2 1 1 3 5 2 2 1 3]
[3 2 2 1 2 1 2 2 2 3 1 3 3 2 1 1 1 1 3 2 1 4 4 2 2 2 1 3 4 3 2 2 3]
[3 3 2 1 3 1 4 2 3 3 1 3 4 2 1 1 1 1 3 4 1 4 5 2 3 4 2 4 5 3 2 2 3]
[4 4 2 1 3 1 4 2 4 5 1 4 4 2 1 1 1 1 3 3 1 4 4 2 3 3 1 4 5 3 2 3 3]
[3 4 2 1 3 1 5 2 5 4 1 5 5 3 5 1 1 1 3 3 1 4 5 2 3 4 2 3 5 3 4 3 3]
MEAN:
[5.    1.    1.939 2.152 2.606 2.697 3.03 ]
STANDARD ERROR:
[0.    0.    0.176 0.161 0.21  0.225 0.244]

STANDARDIZED GRADES:
[1.673 1.471 2.339 2.449 1.905 2.449 1.132 2.339 1.247 1.238 2.449 1.215
 1.104 2.183 1.581 2.449 2.449 2.449 1.871 1.721 2.449 1.108 0.843 2.339
 1.969 1.471 2.319 1.477 0.516 1.905 1.877 1.988 1.871]
[-1.673 -1.275 -1.108 -0.408 -1.651 -0.408 -1.306 -1.108 -1.247 -1.65
 -0.408 -1.877 -1.988 -1.213 -0.632 -0.408 -0.408 -0.408 -1.871 -1.491
 -0.408 -2.339 -2.108 -1.108 -1.477 -1.275 -0.632 -1.969 -2.372 -1.651
 -1.215 -1.104 -1.871]
[-0.837 -1.275 -0.246 -0.408  0.127 -0.408 -1.306 -0.246 -1.247 -0.928
 -0.408 -0.331 -0.442 -0.364 -0.632 -0.408 -0.408 -0.408  0.    -0.688
 -0.408  0.246 -0.632 -0.246 -0.615 -1.275 -0.632 -0.246  0.516 -0.762
 -0.442 -1.104  0.   ]
[ 0.    -0.588 -0.246 -0.408 -0.762 -0.408 -0.696 -0.246 -0.624 -0.206
 -0.408 -0.331 -0.442 -0.364 -0.632 -0.408 -0.408 -0.408  0.    -0.688
 -0.408  0.246  0.105 -0.246 -0.615 -0.588 -0.632 -0.246 -0.206  0.127
 -0.442 -0.331  0.   ]
[ 0.     0.098 -0.246 -0.408  0.127 -0.408  0.522 -0.246  0.    -0.206
 -0.408 -0.331  0.331 -0.364 -0.632 -0.408 -0.408 -0.408  0.     0.918
 -0.408  0.246  0.843 -0.246  0.246  0.784  0.105  0.615  0.516  0.127
 -0.442 -0.331  0.   ]
[ 0.837  0.784 -0.246 -0.408  0.127 -0.408  0.522 -0.246  0.624  1.238
 -0.408  0.442  0.331 -0.364 -0.632 -0.408 -0.408 -0.408  0.     0.115
 -0.408  0.246  0.105 -0.246  0.246  0.098 -0.632  0.615  0.516  0.127
 -0.442  0.442  0.   ]
[ 0.     0.784 -0.246 -0.408  0.127 -0.408  1.132 -0.246  1.247  0.516
 -0.408  1.215  1.104  0.485  1.581 -0.408 -0.408 -0.408  0.     0.115
 -0.408  0.246  0.843 -0.246  0.246  0.784  0.105 -0.246  0.516  0.127
  1.104  0.442  0.   ]
MEAN:
[ 1.814 -1.275 -0.499 -0.349 -0.013  0.053  0.269]
STANDARD ERROR:
[0.094 0.105 0.075 0.044 0.072 0.081 0.102]

#############
#VIDEO ORDER#
#############

RAW ORDERS:
[1 2 3 4 6 5 7]
[1 2 4 6 5 3 7]
[1 2 4 7 6 5 3]
[1 2 3 6 7 5 4]
[1 2 7 6 4 5 3]
[1 2 4 5 3 6 7]
[1 2 7 4 3 6 5]
[1 2 6 4 7 3 5]
[1 2 7 3 4 5 6]
[1 2 3 6 4 5 7]
[1 2 7 6 5 4 3]
[1 2 7 6 5 4 3]
[1 2 4 3 7 6 5]
[1 2 6 5 7 3 4]
[1 2 6 4 7 3 5]
[1 2 3 7 5 4 6]
[1 2 4 5 3 6 7]
[1 2 3 7 6 4 5]
[1 2 5 6 3 4 7]
[1 2 5 3 4 6 7]
[1 2 6 4 7 5 3]
[1 2 6 4 3 7 5]
[1 2 7 5 4 3 6]
[1 2 7 4 3 6 5]
[1 2 6 4 7 5 3]
[1 2 5 6 3 7 4]
[1 2 5 6 7 4 3]
[1 2 5 3 6 4 7]
[1 2 3 4 6 7 5]
[1 2 4 7 6 3 5]
[1 2 3 7 4 6 5]
[1 2 6 5 7 4 3]
[1 2 4 5 3 7 6]

#################
#VIDEO VIEW TIME#
#################

RAW TIMES:
[ 94319  29809  46251  93034  43936  47634  83854  42946 129094  36035
  82555  16244 103453  72181 788443  48163  46814  75289  71960  61963
  71878  59750 198337  70154  42883  48963 114741  91610 127197  55383
  71309  97422  95013]
[ 76372  94791  35250  69345  28543  34792  30995  39484  86138  32020
  50625   6971  83602  51921  42105  36679  31361  45826  42142  34742
  39858  32848  37964  30948  35417  53867  59562  57708  68284  43078
 146543  60805  73259]
[73086 24708 32971 42279 36350 33002 27917 33716 38580 24375 63431 13163
 56965 54705 29382 55350 29597 60479 59518 26706 45121 36767 29306 35943
 27997 29293 61575 49878 76063 30923 49776 88332 73934]
[ 71059  36294  34271  34902  26161  34750  33255  32732  52517  23986
  44471  15584 117815  37154  31491  34195  92097  45034  57803  26154
  37012  32361  29742  31513  26786  25953  67245  97660  84604  35291
 121794  36547  71893]
[ 70871  24762  39818  33910  27020  32647  29643  31521  43844  23929
  49473  16177  66112  36739  35170  33193  64357  40158  63281  34544
  42221  33313  29511  29839  28030  30005  45529  50604 103743  35994
 100449  67712  70242]
[ 83801  24512  32095  66332  29816  30685  29856  32733  34826  34017
  42729  23143  71353  62951  31531  32492  27934  36135 109827  24391
 101602  51224  32089  25061  35590  27692  76096  49257  73422  32152
  69587  39114  80549]
[ 76478  25817  33085  59912  33262  31212  49844  55775  43525  24497
  45117  22721  89442  49020  57645  31137  27888  50052  86072  25119
  58081  29206  52362  45268  37635  29948  43947  49975  75268  62614
 114081  31173  69080]
MEAN:
[95715.667 51328.636 43975.394 47882.606 44374.576 47108.909 48977.515]

#################
#GRADE VIEW TIME#
#################

RAW TIMES:
[ 9226  4019  6806  8566 53903  5337  6364  8315  8661  5293  5683  3661
  9969 11763  4584  5626 10102 10981 10641  4939  7429  4661  4702 11273
  4798 11868  5000 12417 32923  5156  8101  7693 10837]
[ 9487  3387  6958 17742  5850  5496 16108  5302 10658  5670  6843  3752
  7957  8623  3794  5094 14130  9814 10904  4506  7847  4970  5005  9984
  5160 11366  6075 10837 19957 25257  8847  6522 12630]
[14593  3273  7375 14128  6637  4325  5030  6061  6366  7544  7334  3060
  6907  7475  3447 12144  6873 14819 22185  4720 15377  6942  5570 12616
  7837 14091  5294 13922 21269  6917  9081  5668  9733]
[12088  7056  9318  8080  6785 10881  7559  5277 11012  6800  7963  3909
 20391 55240  3412  8894 20262 18600 11893  4090  7416  8035  5476 17699
 42382 18376  6315 25440 35580 16959  7655  5910 22726]
[ 9028  7290  6877 11448  5597  4876  2952  5387  8581  7461  7875  2851
  7054  8017  3613  9576  9018 11051  9871  9749 20682  5853  4397 33039
  5064 14157  6760 14254  9316  6189 12089 11071 11341]
[10026  3353  9493  6622  6640  4587  6301  7615  4801  6025  7468  5975
  8288 11673  7584  7293  7218 22037 14562  4373 68213  8195 11552  9228
 16143 47521  6018 12254  8967  4917  8653 16170  9233]
[  8627   3562   7323   8054   7681   4813   6509   6718   9468   4053
  15660   3874   8874  11034   3336   6323   7448   7389   9173   7241
   5950   6466   8783 180233  10786  46843   6846  20524   8592   6431
   6417   5790   9703]
MEAN:
[ 9736.273  8985.818  9048.879 13923.606  9163.152 11787.818 14258.303]

###############
#DEVICE COUNTS#
###############

Desktop: 15
Laptop: 17
Tablet: 1
Smart phone: 0
Other device: 0

##################
#AGE GROUP COUNTS#
##################

18 - 24: 1
25 - 31: 6
32 - 38: 19
39 - 45: 3
46 - 52: 2
53 - 59: 2
60 and above: 0

################
#NETWORK COUNTS#
################

WiFi: 14
Cable network: 15
Cellular network: 3
Other: 1

###########
#REASONING#
###########

A1UM7U8DA3RMA9: Watching videos with low resolution and pause issue will be annoying and disturbing. The Annoying rate % is according to the timing where the video got disturbed. Experiment guidelines are clear.
A3UUH3632AI3ZX: everything after the goal was only slightly annoying
A1L8RL58MYU4NC: The Quality damages blur and slag annoyed me a lot no one will like this kind of annoying clips. The Guidelines for this experiment is very clear. Attention check and grading doesn't confused me
A3N5RTXKN4I723: resolution decrease
A2BO8M77CS3SGZ: Poor quality at important times are very annoying to watch. However if the quality is poor at times when the game is not in play then its fine. The guidelines for the study is pretty clear.
ASPRULQHB8B1F: The resolution was decreasing a lot, making the quality of the video even worse
A31Z5TPD8QKE26: If the picture became blurry when there was important action going on, then I thought it was more annoying.  
A1IU5OP7BBZHZ7: got struck in between videos makes loose patience, Blurring for very few seconds makes no difference from the good one
A38NFX88VZDMJ3: If the low quality was at less important points.
A1F1BIPJR11LSR: It affects the experience more when it happens at points in the game that are important.
A122E99M2DQY1G: resolution decrease
A3PGUPNMOU5BPW: These all had blurs in them. The 3/7 video I wasn't sure if the blur was there 100%
A1NOINYD1FZ55T: The last 3 videos are little damage during the video.
A30YUELTPFSF0T: Video Resolution Decreased and No Pause. it affects the Quality of Entertainment. Overall it is Poor.
A3169N2SCN3ENK: The quality makes me lose focus on what I am watching and it takes away from my concentration.  The experiment guideline is clear.  I am not confused about the grading.
A6DX45U3O1CR: resolution decrease
A3B67I3A0YR2D: Video resolution decreas
AH22ILXQFI4R2: resolution decrease
A272A0JGRTBFCR: Thanks for your ​OUTSTANDING HITS and i would thank you for giving me the chance to participate and you are helping make me better.
A3OLRWACCCCUTU: It was still possible to make out the action when it was fuzzy, so that was annoying but not horrible.  When the resolution issues happened after the action at the goal it was only a slight annoyance.
A3UM3RQRAL4DP5: resolution decrease
A1NH9LK567B862: The quality affects when it starts blurred. The guideline is so clear and there is no confusion while grading the video
A1IHI23KH87K5W: Only very minor blur and no pausing so hardly affected the action
A2YHSU2IJZ9J14: Grading guidelines need more examples, unclear as to whether all blurred scenes should be graded as very annoying or based on the extent of or scene where blurring happens.
A2QD9PJUKW7PKK: ranking i had given based on the video resolution. 
A2MCG5W6LHSRG9: when a goal is being scored or the camera zooms in on a players face is the worst for it to go blurry.
A3N5P5VO81FIJ6: a little
A3P2WQO8VESWF2: These video clips had decrease in resolution damage. But only at critical points of the video, like when the goal is made or when the camera focusses the score board these matters. Otherwise it is ignorable. The experiment guidelines, grading and attention checks were clear.
A1DRFDGG2KCOI2: Videos are mostly good so grading is confusing.
A1S34BUFNQ33SQ: I found all the video's blur, But didn't observe any pauses. All other videos also fine, except one video which is not visible while kicking  the goal 
A11SX02CICZN85: It just affect my eagerness to watch the clip. The guidelines for this HIT is very clear as always. I haven't confused in grading
ASWZO1WY1UHEP:  I can't confuse attention checks and instruction was clear. I can clearly find the damage or quality of the video. It was slightly annoying. All videos resolution was decreased. 
AVPD36WUJKJFS: Video getting pause or low resolution will be irritating, missing a 1 second video on a thrilling moment will break my heart, The experiment guideline is clear and not confused about the grading or the attention check. Thank You.
