LOG OF original_videos_Sports_720P_Sports_720P-07d0_2_1000k_720 SURVEY RESULTS

########
#GRADES#
########

RAW GRADES:
[5 5 5 5 5 5 5 5 5 5 5 5 5 5 5 5 5 5 5 5 5 5 5 5 5 5 5 5 5 5]
[1 1 1 1 1 1 1 1 1 1 1 1 1 1 1 1 1 1 1 1 1 1 1 1 1 1 1 1 1 1]
[4 3 2 1 2 2 3 2 4 1 4 2 1 1 1 1 4 2 1 4 3 4 3 3 2 4 2 3 4 4]
[4 3 2 1 1 2 3 2 2 1 3 2 1 1 1 1 4 2 1 4 2 4 2 2 2 4 2 3 3 3]
[4 3 2 1 2 2 2 2 2 1 4 2 1 1 1 1 4 3 1 4 2 4 2 3 2 4 2 3 3 3]
[5 3 2 1 4 4 4 4 5 1 4 2 1 5 1 1 4 4 1 4 3 5 5 4 5 4 2 4 4 4]
[4 3 2 1 2 2 2 2 3 1 4 2 1 1 1 1 4 2 1 4 2 4 3 3 1 4 2 3 4 3]
[4 3 2 1 2 3 2 2 3 1 3 2 1 1 1 1 4 3 1 4 2 4 2 3 2 4 2 3 4 3]
MEAN:
[5.    1.    2.567 2.267 2.367 3.333 2.4   2.433]
STANDARD ERROR:
[0.    0.    0.209 0.188 0.191 0.26  0.203 0.193]

STANDARDIZED GRADES:
[0.965 2.    2.524 2.646 1.993 1.949 1.877 2.041 1.375 2.646 1.342 2.524
 2.646 1.732 2.646 2.646 1.147 1.877 2.646 1.147 2.236 0.965 1.558 1.789
 1.667 1.147 2.524 1.78  1.342 1.606]
[-2.466 -2.    -1.147 -0.378 -1.044 -1.334 -1.46  -1.225 -1.558 -0.378
 -2.236 -1.147 -0.378 -0.577 -0.378 -0.378 -2.524 -1.46  -0.378 -2.524
 -1.342 -2.466 -1.375 -1.789 -1.    -2.524 -1.147 -2.018 -2.236 -2.065]
[ 0.107  0.    -0.229 -0.378 -0.285 -0.513  0.209 -0.408  0.642 -0.378
  0.447 -0.229 -0.378 -0.577 -0.378 -0.378  0.229 -0.626 -0.378  0.229
  0.447  0.107  0.092  0.    -0.333  0.229 -0.229 -0.119  0.447  0.688]
[ 0.107  0.    -0.229 -0.378 -1.044 -0.513  0.209 -0.408 -0.825 -0.378
 -0.447 -0.229 -0.378 -0.577 -0.378 -0.378  0.229 -0.626 -0.378  0.229
 -0.447  0.107 -0.642 -0.894 -0.333  0.229 -0.229 -0.119 -0.447 -0.229]
[ 0.107  0.    -0.229 -0.378 -0.285 -0.513 -0.626 -0.408 -0.825 -0.378
  0.447 -0.229 -0.378 -0.577 -0.378 -0.378  0.229  0.209 -0.378  0.229
 -0.447  0.107 -0.642  0.    -0.333  0.229 -0.229 -0.119 -0.447 -0.229]
[ 0.965  0.    -0.229 -0.378  1.234  1.129  1.043  1.225  1.375 -0.378
  0.447 -0.229 -0.378  1.732 -0.378 -0.378  0.229  1.043 -0.378  0.229
  0.447  0.965  1.558  0.894  1.667  0.229 -0.229  0.831  0.447  0.688]
[ 0.107  0.    -0.229 -0.378 -0.285 -0.513 -0.626 -0.408 -0.092 -0.378
  0.447 -0.229 -0.378 -0.577 -0.378 -0.378  0.229 -0.626 -0.378  0.229
 -0.447  0.107  0.092  0.    -1.     0.229 -0.229 -0.119  0.447 -0.229]
[ 0.107  0.    -0.229 -0.378 -0.285  0.308 -0.626 -0.408 -0.092 -0.378
 -0.447 -0.229 -0.378 -0.577 -0.378 -0.378  0.229  0.209 -0.378  0.229
 -0.447  0.107 -0.642  0.    -0.333  0.229 -0.229 -0.119  0.447 -0.229]
MEAN:
[ 1.899 -1.431 -0.065 -0.313 -0.228  0.514 -0.2   -0.176]
STANDARD ERROR:
[0.102 0.134 0.066 0.06  0.056 0.126 0.061 0.053]

#############
#VIDEO ORDER#
#############

RAW ORDERS:
[1 2 6 7 3 5 4 8]
[1 2 8 7 5 6 4 3]
[1 2 7 8 3 5 4 6]
[1 2 7 6 3 5 8 4]
[1 2 7 3 8 5 6 4]
[1 2 5 7 3 8 6 4]
[1 2 7 4 6 5 8 3]
[1 2 3 6 4 5 8 7]
[1 2 6 4 8 7 5 3]
[1 2 3 8 6 4 7 5]
[1 2 5 8 6 3 7 4]
[1 2 4 5 3 8 7 6]
[1 2 4 3 7 5 8 6]
[1 2 4 8 7 3 5 6]
[1 2 4 7 3 5 6 8]
[1 2 4 5 3 7 6 8]
[1 2 8 6 3 5 7 4]
[1 2 5 4 3 7 6 8]
[1 2 3 6 5 8 7 4]
[1 2 7 6 5 3 4 8]
[1 2 6 5 4 8 3 7]
[1 2 7 3 8 6 5 4]
[1 2 7 3 5 4 6 8]
[1 2 6 3 4 8 7 5]
[1 2 8 5 3 7 6 4]
[1 2 7 8 6 5 3 4]
[1 2 4 7 5 8 6 3]
[1 2 7 3 6 4 5 8]
[1 2 6 8 7 3 4 5]
[1 2 6 8 4 3 7 5]

#################
#VIDEO VIEW TIME#
#################

RAW TIMES:
[ 33025  54301  44623  62717 118664  35795  90276  56860  96719 171508
  76050  49870  40966  42246  41538  49918  32333  39975  49732  73082
  40207  37296  37774  93651 247868  51326  70234  64519  40257  47889]
[26609 59939 31993 54609 71935 25983 29143 29421 59167 33501 35712 44949
 31303 29542 30461 33956 16242 33759 38372 29281 30711 28507 28125 36991
 41263 31494 54867 40801 51997 40487]
[26337 50486 29176 42385 41613 27572 28462 30182 36472 29651 32689 36567
 32659 29608 31470 33215 15673 56111 41688 42374 31216 29141 27993 34262
 26356 33002 60094 44491 32496 38586]
[26022 46585 34494 41280 47350 31827 27429 29778 51886 40368 39122 40118
 30887 37476 33239 38378 16906 25814 38462 50738 31866 28442 26740 38999
 22086 33415 45857 39540 30847 40907]
[ 26437 103117  31378  52332  53767 136614  28529  29468  54486  39582
  33428  49162  31594  28370  30699  30603  17727  26763  33949  31195
  27877  27768  34250  34819  29642  32513  91983  40004  34972  38883]
[ 26911  49005  34246  83616  93226  52755  46989  55356  61010  36828
  97685  49793  35207  52831  31939  35931  48671  26512  30027 118820
  29590  52557  13184  30849  78939  83369  97690  61946  58703  55124]
[ 25942  39764  32708 124185  76677  29079  31811  29935  60100  43218
  42685 137052  33281  27741  31080  35714  18733  27189  35736 102026
  28395  27350  27927  46003  36838  32149  45865  39506  30701  41341]
[28382 45876 41099 32976 68081 74248 28624 29534 48702 33499 43598 58100
 32035 31715 31159 34910 36791 26639 31653 83565 27617 29011 26901 37175
 29783 33068 62469 52544 33950 36724]
MEAN:
[66373.967 37704.    35067.567 35561.933 42063.7   54310.3   44691.033
 40347.6  ]

#################
#GRADE VIEW TIME#
#################

RAW TIMES:
[ 3954  9941  7903 15588 25038  3384  4526  5067  7430 10694  9929  4541
  5600  7053  6149 15658 12570  5221  8926  6803  4315  5587  7877 15050
 11516 11922  6200  7700  7635  8854]
[ 4682 10225  6980 10266  8371  2976  4175  6729  7557  7603 10164  6550
 11275  5865  5930 15367  7967 10410  6063 12467  7953  5519  4811 11442
  6537  5952  8738 13489  5245  9298]
[ 5570  8923  6751  9022 13118  4066  6555  6774  9119 45618  9835  5312
  6330  6251  5810 13063  8406  9369  8223 15340  4357  5354  5244 10252
  8881 12640  7684  8599  5384 11144]
[39126  7960  7117 28922  8801  6493 51444  4925  8917  6728  7266  9462
  8928 15853 12272 11005  7696  6202  9964 11700  4434  5062  5625 16186
  6093  6729 35168 11262 19453  8893]
[ 5548 15368  6817 11789  9276  5357  7203  5518  7758  6065 12253  6399
  7482  8003  6852 11334 10602  5946  8886  6753  6217  4662  6446 22631
  9892 11504  6875 11661  6947 22648]
[  5613   9518   7893  28162  13882   6179   6241   7055   8528   6889
  11039   5856   6044   4851   5320  10953   7475   5661  15592   7161
   6711   6305  67155 169274   8638   5838  10118   8248  18542  13955]
[ 12149  12221  14991  29888   7661   4328   6081   5012   9663  10753
  12281   4910   5951   8231   7440   6795   7652   4262  10515  17303
   4230   5849  10368  17505 131566  16230   8782  28014   7484   9562]
[ 5310 11792  7582 10242  8152  4242  4745  4761  9064  9595 11186  5340
  7740 18265  8751 18659 10416  4472 14555 37750  5337  5179  4764 15562
  9014  7180  8446  8502 23375  9076]
MEAN:
[ 8754.367  8020.2    9433.133 12989.533  9156.4   16489.867 14589.233
 10301.8  ]

###############
#DEVICE COUNTS#
###############

Desktop: 15
Laptop: 15
Tablet: 0
Smart phone: 0
Other device: 0

##################
#AGE GROUP COUNTS#
##################

18 - 24: 0
25 - 31: 5
32 - 38: 17
39 - 45: 3
46 - 52: 3
53 - 59: 2
60 and above: 0

################
#NETWORK COUNTS#
################

WiFi: 16
Cable network: 11
Cellular network: 3
Other: 0

###########
#REASONING#
###########

A2H8GNSEVUJXYL: pause doesn't matter when the resolution remains good
A1UM7U8DA3RMA9: Watching videos with low resolution and pause issue will be annoying and disturbing.  Will be missing some great expressions when we are watching these type of animation videos. Experiment guidelines are clear.Watching videos with low resolution and pause issue will be annoying and disturbing. Experiment guidelines are clear.
A1L8RL58MYU4NC: The Quality damage slag annoyed me a lot no one will like this kind of annoying clips. The Guidelines for this experiment is very clear. Attention check and grading doesn't confused me
A3N5RTXKN4I723: video pause for more than 1 second
A2BO8M77CS3SGZ: Poor quality at important times are very annoying to watch. The car video was boring to watch.
A31Z5TPD8QKE26: when the cars were all out of view and it stalled, I almost didn't notice because nothing was moving anyway.  So it wasn't as bad as the other times.
A26UIS59SY4NM6: Better when the cars aren't in the frame during the pauses.
A1IU5OP7BBZHZ7: got struck in between videos makes loose patience, Blurring for very few seconds makes no difference from the good one
A38NFX88VZDMJ3: It was better when pauses were not during action sequences.
A122E99M2DQY1G: Video pause more than 1 second
A30YUELTPFSF0T: Video Paused and No Resolution Decrease. Overall it is Fair. Smoke from the car even paused in One test video.
A3169N2SCN3ENK: The quality makes me lose focus on what I am watching and it takes away from my concentration.  The experiment guideline is clear.  I am not confused about the grading.
A6DX45U3O1CR: video pause for more than one second
A3B67I3A0YR2D: video pause for more than 1 second
AH22ILXQFI4R2: video pause for more than 1 second
A1NJ6Q940T7HEB: Found both resolution decrease and video pause
A272A0JGRTBFCR:  http://ec2-54-202-116-26.us-west-2.compute.amazonaws.com:3011/
A3OLRWACCCCUTU: The number of cars on screen when it paused was important in the experience.  When no cars were on, it was barely noticable.  
A3UM3RQRAL4DP5: both video pausing and video resolution decrease
A1NH9LK567B862: The quality affects when it starts stuck. The guideline is so clear and there is no confusion while grading the video
A1IHI23KH87K5W: It takes you right out of the moment when a car suddenly "stops", not good.
A2QD9PJUKW7PKK: test video 4 i have some doubt. the video was not paused but i think i has paused when no car were there in track, i was in doubt so had select no as video was not paused. remaining all video were paused for 2 sec and video resolution was same in every video
A3O7X46E3REM7I: It makes the viewing experience annoying. Everything was clear.
A3P2WQO8VESWF2: The quality damage in the video clips are video pause only. In my opinion the video pause of 1 second causes slight annoyance only compared to decrease in resolution. The experiment guidelines and attention checks were clear.
ARTQWWNFA7IOD: Observed the Quality Damages due to extra video pause more than 1 second compared with excellent grade reference.
A1S34BUFNQ33SQ: I found all the video's paused, But didn't notice any blurs, Also all the video's which were pause all those are in different time frames
A11SX02CICZN85: It just affect my eagerness to watch the clip. The guidelines for this HIT is very clear as always. I haven't confused in grading
A4T7PYGN1BE2P: Guideline is clear.. and it is slightly annoying when video get paused.
ASWZO1WY1UHEP: Attention checks was clear and instruction was understandable. I can clearly find the damage or quality of the video. Video quality was slightly poor.  All videos, paused more than 1 second.
AVPD36WUJKJFS: Video getting pause or low resolution will be irritating, missing a 1 second video on a thrilling moment will break my heart,  this experiment guideline is clear and not confused about the grading or the attention check. Thank You.
