LOG OF original_videos_Sports_720P_Sports_720P-3072_0_100k_90 SURVEY RESULTS

########
#GRADES#
########

RAW GRADES:
[5 5 5 5 5 5 5 5 5 5 5 5 5 5 5 5 5 5 5 5 5 5 5 5 5 5 5 5 5 5 5 5]
[1 1 1 1 1 1 1 1 1 1 1 1 1 1 1 1 1 1 1 1 1 1 1 1 1 1 1 1 1 1 1 1]
[3 3 2 1 2 1 1 2 1 1 3 1 3 2 1 1 1 1 1 1 3 3 4 3 2 2 1 2 2 2 1 3]
[2 3 2 2 2 1 1 3 2 1 1 1 3 2 1 1 1 1 1 1 2 3 4 2 2 2 1 1 2 2 1 3]
[3 3 2 1 2 1 2 2 1 2 3 1 3 2 1 1 1 1 1 1 3 3 4 2 2 2 1 2 2 2 1 3]
[3 3 2 1 2 1 1 3 3 2 3 1 4 2 1 1 1 1 1 1 4 4 4 2 2 2 1 2 2 2 1 3]
[3 3 2 1 2 1 1 2 2 1 3 1 3 2 1 1 1 1 1 1 3 4 4 2 2 2 1 3 2 2 1 3]
[3 3 2 1 2 1 2 3 2 1 3 1 4 2 1 1 1 1 1 1 2 4 4 3 2 2 1 3 2 2 1 3]
MEAN:
[5.    1.    1.875 1.781 1.906 2.062 1.938 2.031]
STANDARD ERROR:
[0.    0.    0.158 0.145 0.149 0.182 0.165 0.174]

STANDARDIZED GRADES:
[2.018 2.    2.524 2.563 2.524 2.646 2.502 2.138 2.266 2.502 1.877 2.646
 1.606 2.524 2.646 2.646 2.646 2.646 2.646 2.646 1.823 1.463 1.147 2.236
 2.524 2.524 2.646 2.155 2.524 2.524 2.646 2.   ]
[-1.78  -2.    -1.147 -0.475 -1.147 -0.378 -0.577 -1.463 -0.887 -0.577
 -1.46  -0.378 -2.065 -1.147 -0.378 -0.378 -0.378 -0.378 -0.378 -0.378
 -1.608 -2.138 -2.524 -1.342 -1.147 -1.147 -0.378 -1.129 -1.147 -1.147
 -0.378 -2.   ]
[ 0.119  0.    -0.229 -0.475 -0.229 -0.378 -0.577 -0.563 -0.887 -0.577
  0.209 -0.378 -0.229 -0.229 -0.378 -0.378 -0.378 -0.378 -0.378 -0.378
  0.107 -0.338  0.229  0.447 -0.229 -0.229 -0.378 -0.308 -0.229 -0.229
 -0.378  0.   ]
[-0.831  0.    -0.229  0.285 -0.229 -0.378 -0.577  0.338 -0.099 -0.577
 -1.46  -0.378 -0.229 -0.229 -0.378 -0.378 -0.378 -0.378 -0.378 -0.378
 -0.75  -0.338  0.229 -0.447 -0.229 -0.229 -0.378 -1.129 -0.229 -0.229
 -0.378  0.   ]
[ 0.119  0.    -0.229 -0.475 -0.229 -0.378  0.192 -0.563 -0.887  0.192
  0.209 -0.378 -0.229 -0.229 -0.378 -0.378 -0.378 -0.378 -0.378 -0.378
  0.107 -0.338  0.229 -0.447 -0.229 -0.229 -0.378 -0.308 -0.229 -0.229
 -0.378  0.   ]
[ 0.119  0.    -0.229 -0.475 -0.229 -0.378 -0.577  0.338  0.69   0.192
  0.209 -0.378  0.688 -0.229 -0.378 -0.378 -0.378 -0.378 -0.378 -0.378
  0.965  0.563  0.229 -0.447 -0.229 -0.229 -0.378 -0.308 -0.229 -0.229
 -0.378  0.   ]
[ 0.119  0.    -0.229 -0.475 -0.229 -0.378 -0.577 -0.563 -0.099 -0.577
  0.209 -0.378 -0.229 -0.229 -0.378 -0.378 -0.378 -0.378 -0.378 -0.378
  0.107  0.563  0.229 -0.447 -0.229 -0.229 -0.378  0.513 -0.229 -0.229
 -0.378  0.   ]
[ 0.119  0.    -0.229 -0.475 -0.229 -0.378  0.192  0.338 -0.099 -0.577
  0.209 -0.378  0.688 -0.229 -0.378 -0.378 -0.378 -0.378 -0.378 -0.378
 -0.75   0.563  0.229  0.447 -0.229 -0.229 -0.378  0.513 -0.229 -0.229
 -0.378  0.   ]
MEAN:
[ 2.325 -1.057 -0.257 -0.343 -0.237 -0.1   -0.207 -0.125]
STANDARD ERROR:
[0.069 0.112 0.047 0.062 0.044 0.068 0.05  0.062]

#############
#VIDEO ORDER#
#############

RAW ORDERS:
[1 2 5 7 3 8 6 4]
[1 2 5 8 7 4 6 3]
[1 2 8 5 6 7 4 3]
[1 2 5 4 8 7 3 6]
[1 2 4 3 6 8 7 5]
[1 2 6 5 3 8 4 7]
[1 2 6 5 4 7 3 8]
[1 2 5 3 8 7 6 4]
[1 2 4 7 5 3 8 6]
[1 2 6 5 4 7 8 3]
[1 2 4 6 7 5 8 3]
[1 2 7 6 8 4 3 5]
[1 2 8 6 3 5 4 7]
[1 2 3 5 6 7 8 4]
[1 2 5 3 8 6 7 4]
[1 2 7 4 3 8 6 5]
[1 2 4 5 8 3 6 7]
[1 2 8 7 6 4 3 5]
[1 2 8 6 5 3 7 4]
[1 2 6 4 5 7 3 8]
[1 2 6 5 7 3 8 4]
[1 2 3 4 7 6 8 5]
[1 2 5 8 4 3 6 7]
[1 2 5 8 6 4 3 7]
[1 2 8 5 4 7 6 3]
[1 2 8 4 5 3 6 7]
[1 2 6 8 4 3 5 7]
[1 2 5 7 4 6 8 3]
[1 2 5 4 3 7 6 8]
[1 2 8 3 4 7 5 6]
[1 2 7 8 6 5 4 3]
[1 2 7 4 8 3 6 5]

#################
#VIDEO VIEW TIME#
#################

RAW TIMES:
[ 30499  47320 137880  64378 135199  60574 187997  69641  34677  61866
  72829  82047  14491  76685 158686  50238  45727  42956  66140  43805
  35552  42119  74760 152878  59571  56843  45729  80910  48964 114464
  53660  89966]
[ 28274  42512  58562  44411  32517  77056 133480  49107  26466  33013
  39092  41903   9963  49809 134655  34999  35262  28487  49730  16603
  32596  32170  34305  49101  31334  30146  73885  46849  28562  38439
  44957  62925]
[26901 45478 59426 45206 34978 41021 91620 48126 27584 32218 38799 36012
 10320 46018 34028 35341 34129 27309 40732 27153 50002 48506 34271 34766
 35190 27373 27565 46419 19086 42131 35206 36537]
[ 25548  36885  53070  41215  31624  39969  93512  46913  25103  33198
 360450  58814  11311  54571  63453  31798  31864  26984  35300  31874
  38955  65717  40392  31884  37414  26732  28594  51527  20064  32653
  32874  51560]
[26918 47058 69495 37729 36170 40654 89277 54422 25552 31042 42227 59177
 16617 49298 59136 33460 31881 29703 41229 15674 50279 39898 52718 28686
 39663 36645 26908 48149 48189 37980 31169 55199]
[25613 45070 50167 61006 30159 51554 72735 51898 25920 57501 79328 61700
 24714 51793 30503 34953 30681 29480 42579 29350 53362 29868 62831 30669
 28370 28031 36901 46021 29792 35221 32316 36448]
[25682 35459 60795 81299 38657 32017 85487 51814 25588 39629 63436 81173
 20943 55261 35199 35917 32630 29673 57559 30570 46229 39487 39739 31224
 30525 26348 27121 54957 31011 39998 62029 36114]
[ 25867  51822  63145 121566  33195  41804  98377  54984  25498  57180
  43413  44242  24253  44126  44137  34869  31501  48785  45665  27077
  43455  28984  33512  60126  31224  38418  27636  45775  33142  34600
  66844  37094]
MEAN:
[73095.344 45974.062 38107.844 49744.438 41631.312 41766.688 43236.562
 45072.375]

#################
#GRADE VIEW TIME#
#################

RAW TIMES:
[ 4120  8608 21987 10996  8397 44408  6105  7069  2756  7692  9963  7041
  3443  9581 42355  3802  6493  9659  6809  6604  7526 17296  5535  5443
  6162  4122  6977 17110  6576  7969  5320 17042]
[  5094  10801  15207   9659   7204  34659   6241   7184 288303   6999
   5691   6267   3101   7406  16340   4174   5684   6401   7388   9277
   6646  13248   5640   6633   5531   3945   9209  14102   8324   6599
   6536  16287]
[ 4745  6361  9262  7559  6255  9491  6041 13054  3832  6506 12175  8022
  3036  9829 93094  4052  6182  6079  5651  4520  8904  9311  8282 11749
  4333  3345  6126 15199  7546 38225  5327  9284]
[ 4324  6721  8621  9733  9708  8038  6823 11535  3995  7608  8722  9919
  2932  7753  7593  3954  7110  7951  6480  5017  8697  7258  4870  6344
  4418  3971  5570 14594  8793 28559  5634  8139]
[  5554  14549  11258 107644   6623   6021   7192  14576   3336   5379
   4873   7202   4245   7319  15045   5328   5516   7752   5540   7891
   8740   7000  12022  10169   5072   4390   5331  17608  26366   7881
   4890  29937]
[ 4142  5751 10503  9139  6344 16178  9266 13647  3184 10082  4830  9948
  3553  5760  6095  3845  6271  8026  6940  6966 12895  5943  8008 30353
  7242  3742  8484 10299  6190  6762  5696  7208]
[ 4525  5365 15834  8395  5681  8922  7044 16184  2794 24065  4811  9749
  5635  7065 13736  6065  5371  7823  6750  4977  7937  5188  6337  6746
  4719 42169  5217 14914  7250 15043 12301 14397]
[  5015   7731  18222   7384   7243  21156  10326  18112   3726 146331
   5079   5753  20793   5574   8581   5158   6337  10298  11087   5717
   9289  10417   5475   7522  14221   9383   5165  15955   7271  12288
   5801   7468]
MEAN:
[10467.688 17680.625 11043.031  7855.75  12257.781  8227.875  9781.531
 13746.188]

###############
#DEVICE COUNTS#
###############

Desktop: 17
Laptop: 15
Tablet: 0
Smart phone: 0
Other device: 0

##################
#AGE GROUP COUNTS#
##################

18 - 24: 2
25 - 31: 4
32 - 38: 16
39 - 45: 6
46 - 52: 3
53 - 59: 1
60 and above: 0

################
#NETWORK COUNTS#
################

WiFi: 14
Cable network: 14
Cellular network: 3
Other: 1

###########
#REASONING#
###########

A2H8GNSEVUJXYL: the only part worth seeing in full resolution is when the redhead gets thrown to the mat
A1UM7U8DA3RMA9: Watching videos with frequent low resolution and pause issue will be annoying and disturbing thing  . Experiment guidelines are clear.
AJZBAP861F6X1: No confusion. Clear in job. 
A3SKQPPOKCZU88: Annoying resolution decrease in this video but no pausing of video.
A1L8RL58MYU4NC: The Quality damages blur and slag annoyed me a lot no one will like this kind of annoying clips. The Guidelines for this experiment is very clear. Attention check and grading doesn't confused me
A3N5RTXKN4I723: resolution decrease
A2BO8M77CS3SGZ: Poor quality at important times are very annoying to watch. However if the quality is poor at times when the game is not in play then its fine. The guidelines for the study is pretty clear.
A21D966T20TNKX: MOSTLY PAUSING AND BLURRED IMAGE 
A31Z5TPD8QKE26: When it was only the part showing the crowd that was blurry, I didn't think it was as bad as when the wrestling had a blurry part.
A1IU5OP7BBZHZ7: I cannot concentrate on the video as it got blurred in between
A38NFX88VZDMJ3: If the low quality was in the middle of an action.
A122E99M2DQY1G: resolution decrease
A3PGUPNMOU5BPW: This video footage is pretty shaky so it's tough to say what's more annoying. The blur at the start is probably the worst but middle is mildly annoying.
A1NOINYD1FZ55T: During the videos found blurry some seconds.
A30YUELTPFSF0T: Quality Damage
A3169N2SCN3ENK: The quality makes me lose focus on what I am watching and it takes away from my concentration.  The experiment guideline is clear.  I am not confused about the grading.
A6DX45U3O1CR: resolution decrease
A3B67I3A0YR2D: Video resolution decrease
AH22ILXQFI4R2: resolution decrease
A1NJ6Q940T7HEB: Found resolution decrease
A272A0JGRTBFCR: Thanks for your ​OUTSTANDING HITS and i would thank you for giving me the chance to participate and you are helping make me better.
A31XT6RPLN6359: The resolution gets really grainy at different moments making it very hard to see the video.
A1NH9LK567B862: The quality affects when it starts blurred. The guideline is so clear and there is no confusion while grading the video
A18LFH7XW61JO9: Quality damage at the crucial time affect the viewing experience a lot. Quality damage at the beginning is not that crucial. It is annoying after the video starts.
A1IHI23KH87K5W: the blurring is really pretty bad when the camera is moving around as well
A2YHSU2IJZ9J14: You may want to consider using 2 dor 3 different videos for each task, For example 2 different wrestling videos instead of 4 or 5 of the same. At times, the grader already know what to expect for each scene, thus some video damages may not be as annoyingng because he/she already know what's coming up next in the video and isn't missing any part of the scene in theory.
A2QD9PJUKW7PKK: video quality was too bad in every test video and there was no paused in any video.
A3P2WQO8VESWF2: The resolution damage which occurs in these videos are quite annoying. They destroy the viewing experience. The rate of annoyance is directly propotional to the importance of the time point at which it occurs. The ratings were given accordingly. The experiment guidelines were clear and attention checks were also clear.
ARTQWWNFA7IOD: Noticed extra resolution decreased when compared with excellent grade reference
A11SX02CICZN85: It just affect my eagerness to watch the clip. The guidelines for this HIT is very clear as always. I haven't confused in grading
ASWZO1WY1UHEP: Attention checks was clear and instruction was understandable. I can clearly find the damage or quality of the video. Video quality was very bad. Already videos are shaked, I had some disturbance to watch the video. All videos resolution was decreased.
AVPD36WUJKJFS: Video getting pause or low resolution will be irritating; Mainly when I use to watch online streaming of sports program and video get struck at the time of some thrilling moments. The experiment guideline is clear and not confused about the grading or the attention check. Thank You.
