LOG OF original_videos_Gaming_1080P_Gaming_1080P-57ca_2_3000k_720 SURVEY RESULTS

########
#GRADES#
########

RAW GRADES:
[5 5 5 5 5 5 5 5 5 5 5 5 5 5 5 5 5 5 5 5 5 5 5 5 5 5 5 5 5 5]
[1 1 1 1 1 1 1 1 1 1 1 1 1 1 1 1 1 1 1 1 1 1 1 1 1 1 1 1 1 1]
[4 3 2 3 1 3 1 2 2 1 3 3 1 1 1 1 4 3 1 4 3 2 4 3 4 4 5 3 3 3]
[4 4 2 2 1 2 1 1 2 1 3 4 1 1 1 1 4 3 1 4 3 2 4 3 2 4 5 3 3 3]
[5 3 4 3 1 3 1 4 5 1 3 4 1 1 1 1 4 4 1 4 3 2 4 3 4 4 4 3 3 3]
[4 3 2 3 1 2 1 3 2 1 3 4 1 1 1 1 4 3 1 4 4 2 4 3 3 4 5 3 3 3]
[4 3 2 3 1 2 1 1 2 1 3 4 1 1 1 1 4 3 1 4 4 2 4 3 3 4 5 3 3 3]
MEAN:
[5.    1.    2.6   2.5   2.9   2.633 2.567]
STANDARD ERROR:
[0.    0.    0.214 0.225 0.237 0.218 0.225]

STANDARDIZED GRADES:
[0.918 1.651 1.877 1.905 2.449 2.062 2.449 1.716 1.54  2.449 1.871 1.213
 2.449 2.449 2.449 2.449 1.108 1.651 2.449 1.108 1.477 2.339 1.108 1.871
 1.491 1.108 0.516 1.871 1.871 1.871]
[-2.294 -1.905 -1.215 -1.651 -0.408 -1.334 -0.408 -0.953 -1.155 -0.408
 -1.871 -2.183 -0.408 -0.408 -0.408 -0.408 -2.339 -1.905 -0.408 -2.339
 -1.969 -1.108 -2.339 -1.871 -1.721 -2.339 -2.372 -1.871 -1.871 -1.871]
[ 0.115 -0.127 -0.442  0.127 -0.408  0.364 -0.408 -0.286 -0.481 -0.408
  0.    -0.485 -0.408 -0.408 -0.408 -0.408  0.246 -0.127 -0.408  0.246
 -0.246 -0.246  0.246  0.     0.688  0.246  0.516  0.     0.     0.   ]
[ 0.115  0.762 -0.442 -0.762 -0.408 -0.485 -0.408 -0.953 -0.481 -0.408
  0.     0.364 -0.408 -0.408 -0.408 -0.408  0.246 -0.127 -0.408  0.246
 -0.246 -0.246  0.246  0.    -0.918  0.246  0.516  0.     0.     0.   ]
[ 0.918 -0.127  1.104  0.127 -0.408  0.364 -0.408  1.049  1.54  -0.408
  0.     0.364 -0.408 -0.408 -0.408 -0.408  0.246  0.762 -0.408  0.246
 -0.246 -0.246  0.246  0.     0.688  0.246 -0.206  0.     0.     0.   ]
[ 0.115 -0.127 -0.442  0.127 -0.408 -0.485 -0.408  0.381 -0.481 -0.408
  0.     0.364 -0.408 -0.408 -0.408 -0.408  0.246 -0.127 -0.408  0.246
  0.615 -0.246  0.246  0.    -0.115  0.246  0.516  0.     0.     0.   ]
[ 0.115 -0.127 -0.442  0.127 -0.408 -0.485 -0.408 -0.953 -0.481 -0.408
  0.     0.364 -0.408 -0.408 -0.408 -0.408  0.246 -0.127 -0.408  0.246
  0.615 -0.246  0.246  0.    -0.115  0.246  0.516  0.     0.     0.   ]
MEAN:
[ 1.791 -1.458 -0.097 -0.173  0.127 -0.073 -0.117]
STANDARD ERROR:
[0.099 0.134 0.059 0.073 0.095 0.059 0.064]

#############
#VIDEO ORDER#
#############

RAW ORDERS:
[1 2 3 5 4 7 6]
[1 2 5 6 3 4 7]
[1 2 5 4 6 3 7]
[1 2 4 6 5 3 7]
[1 2 7 4 6 5 3]
[1 2 3 5 6 7 4]
[1 2 6 4 7 3 5]
[1 2 6 3 4 7 5]
[1 2 4 3 7 5 6]
[1 2 5 3 4 7 6]
[1 2 7 6 3 4 5]
[1 2 3 6 4 5 7]
[1 2 7 4 6 5 3]
[1 2 5 3 7 4 6]
[1 2 4 5 7 3 6]
[1 2 5 4 3 6 7]
[1 2 6 3 4 7 5]
[1 2 7 6 4 5 3]
[1 2 5 6 4 7 3]
[1 2 7 4 5 3 6]
[1 2 4 5 3 6 7]
[1 2 4 3 7 6 5]
[1 2 7 6 4 3 5]
[1 2 3 4 6 7 5]
[1 2 7 3 4 6 5]
[1 2 7 4 5 3 6]
[1 2 3 5 7 4 6]
[1 2 5 4 7 3 6]
[1 2 4 6 5 7 3]
[1 2 6 3 5 7 4]

#################
#VIDEO VIEW TIME#
#################

RAW TIMES:
[30108 60560 66443 65026 79196 56903 47637 37588 50610 60719 20443 73699
 82079 52359 11119 47392 62254 42759 46081 40775 38611 51609 33643 46287
 81440 64255 74955 59313 69991 95951]
[25073 39336 45420 36616 38583 27819 29500 26140 32254 39220  8344 52171
 38978 31219 30602 35176 28755 26661 32384 28122 28768 29481 34600 26916
 42189 47622 29997 35905 44128 61099]
[26041 45593 58786 62967 51095 83339 29615 27516 37618 45767 12388 64014
 47819 43176  1381 31421 31183 26709 35879 44979 29319 37481 28903 34999
 46305 34557 32094 35780 75826 38762]
[ 25407  37964  91956  37799  50323  78175  29563  31633  56548  37807
  12408 157518  30425  29498      0  35050  31342  34446  31011  29187
  28740  62062  29725  28434  46932  33314  37570  47523  30833  60197]
[ 25575  36612  59160  43977  60415  28238  31962  27380  84671  83718
  24713  41183  40313  73287  34994  56904  61945  26245 104238  61840
  33011  29899  27503  26514  73066 215916  31628  39618  32138  47059]
[25471 45310 72144 34695 43406 68937 31679 27850 35203 36728 23811 72488
 59048 35439 28671 33943 43524 26374 51537 33018 31933 29330 29881 26359
 46584 39799 29885 42205 31872 58385]
[25184 44468 70502 53137 51870 27815 32069 25739 36798 38283 25627 43521
 37363 32707 42181 35298 45115 27918 31330 43294 29095 38457 27769 28816
 51368 36644 31122 44529 30234 48681]
MEAN:
[54993.5   34435.933 40043.733 42446.333 52124.067 39850.3   37897.8  ]

#################
#GRADE VIEW TIME#
#################

RAW TIMES:
[ 5036  8124  6687 11802  9927  8174  5630  3204  8777  6710  3621  9688
 16393  5315 11099  5191  7517  5401  6615  5784  4973  8273  5820  5735
 17045 10107 25615  9899 29353  6158]
[ 4147  6229 13030  7224 17508  7523  6109  2958  6957  7517  3151  7860
  4419  7101  7555  6711 15041  4189  5402  5306  4959  5473  4615  5609
 12517  6861 28323 17240  9035  7224]
[ 6286  7891  7443 24003  9299  9109  4703 31389 12580  5718  4395 35293
 18195  5431  6486  7570  9582  6751  6243 49253  6261  6748  7931 10384
 18303  8660 30908  7921 24348  7425]
[ 5877 11960 14174 60829 17791  9489  9162  5446 10060  7655  9312  7879
 15512  5283 11942  8720 13536  5389  5938  5465  7713 16442  8710  5122
 10394  6834  9357 10317 11582 10828]
[ 4396 11029  9457  8258 56554 11829  4833  4164 15267 43070  7976  7644
 10572  8534  7123 11525 11681  6504  7467  7820 11336  4736 12297 16586
 11518  9733 21777 11954  8122  7080]
[ 5282  5775 12881 59000 16874  8238 11491  4975 12031  6989  3327 53428
  5168  6774  6290  7517 13809  5585  5857  6434  6278  4773  7978  4468
 16377  6282 11925  7895 12160 12924]
[ 5079  9543  6903 10250 22056 11413  9258  3097 12981  8425  6864  8259
 13809  6961  6396  8449  8365  7688  5449  7744  6298  4207  7993  6197
 17382 10615 17198 17280  8415  5508]
MEAN:
[ 9122.433  8259.767 13216.967 11290.6   12361.4   11626.167  9336.067]

###############
#DEVICE COUNTS#
###############

Desktop: 15
Laptop: 15
Tablet: 0
Smart phone: 0
Other device: 0

##################
#AGE GROUP COUNTS#
##################

18 - 24: 1
25 - 31: 5
32 - 38: 14
39 - 45: 4
46 - 52: 3
53 - 59: 3
60 and above: 0

################
#NETWORK COUNTS#
################

WiFi: 16
Cable network: 11
Cellular network: 2
Other: 1

###########
#REASONING#
###########

A2H8GNSEVUJXYL: doesn't matter if the pause happens on the replay
A1UM7U8DA3RMA9: Watching videos with low resolution and pause issue will be annoying thing, mostly occur because of poor internet connection, And I have given grading accordingly. Experiment guideline is clear.
AJZBAP861F6X1: Very interesting Survey. Video got paused is affects the video watching experience.
A1L8RL58MYU4NC: The Quality damages blur and slag annoyed me a lot no one will like this kind of annoying clips. The Guidelines for this experiment is very clear. Attention check and grading doesn't confused me
A3N5RTXKN4I723: video pause for more than 1 second
A2BO8M77CS3SGZ: Poor quality at important times are very annoying to watch. However if the quality is poor at times when the game is not in play then its fine. The guidelines for the study is pretty clear.
ASPRULQHB8B1F: When the video stutters it is really annoying, because we feel frustrated without knowing what's going on or what is gonna happen next.
A31Z5TPD8QKE26: The stalling damage being in the screen transition part wasn't very noticeable.
A1IU5OP7BBZHZ7: got struck in between videos makes loose patience, Blurring for very few seconds makes no difference from the good one
A122E99M2DQY1G: Video pause more than 1 second
A3PGUPNMOU5BPW: The pause on 6/7 was probably the most annoying. The pause on 7/7 was probably the least annoying due to the natural pause in video. Six had a goal so the action was interupted heavilly.
A30YUELTPFSF0T: Video was paused, But resolution remains same. Overall it was Good.
A3169N2SCN3ENK: The quality makes me lose focus on what I am watching and it takes away from my concentration.  The experiment guideline is clear.  I am not confused about the grading.
A6DX45U3O1CR: video pause for more than one second
A3B67I3A0YR2D: video pause for more than 1 second
AH22ILXQFI4R2: video pause for more than 1 second
A272A0JGRTBFCR: Thanks for your ​OUTSTANDING HITS and i would thank you for giving me the chance to participate and you are helping make me better.
A3OLRWACCCCUTU: None of the delays were when they were on goal so they weren't that effective of the experience.  When it was a pause in the logo loading it wasn't an issue even though it was still noticeable.
A3UM3RQRAL4DP5: both video pausing and video resolution decrease
A1NH9LK567B862: The quality affects when it starts stuck. The guideline is so clear and there is no confusion while grading the video
A1IHI23KH87K5W: I find pauses during eFootball much less annoying than pauses during real football. Why? Because I'm used to pausing video games. They aren't "live" in same way real football games are. A different beast.
A2YHSU2IJZ9J14: More grading examples will be helpful.
A2QD9PJUKW7PKK: video resolution was great just 2 sec video paused was there in every video
A3O7X46E3REM7I: It makes the viewing experience annoying. Everything was clear.
A3P2WQO8VESWF2: Video clips shown are those which have only video pause quality damage. The most among them are quite tolerable and does not affect the watching experience.But those at the time periods of attempting a goal near the goal post and such crucial moments are much annoying. The experiment guidelines and grading instructions are quite clear.
A1S34BUFNQ33SQ: In my observation, I found all the videos are looking good quality wise, The main observation from my side is all the videos got paused some places in the all videos; Even though it's not effecting the video performance. 
A36H3PO6JZD414: quality was fine, pauses affect my capability of grading
A11SX02CICZN85: It just affect my eagerness to watch the clip. The guidelines for this HIT is very clear as always. I haven't confused in grading
A28P3ZGZB3XG9P: No I think everything was fone
AVPD36WUJKJFS: Video getting pause for a second or more will be irritating thing, mainly when we are watching some live sports; this experiment guideline is clear and not confused.
