LOG OF original_videos_Sports_360P_Sports_360P-32d3_2_100k_88 SURVEY RESULTS

########
#GRADES#
########

RAW GRADES:
[5 5 5 5 5 5 5 5 5 5 5 5 5 5 5 5 5 5 5 5 5 5 5 5 5 5 5 5 5 5 5 5 5]
[1 1 1 1 1 1 1 1 1 1 1 1 1 1 1 1 1 1 1 1 1 1 1 1 1 1 1 1 1 1 1 1 1]
[3 1 2 1 1 1 1 1 1 1 1 1 1 1 1 1 1 1 2 1 1 1 1 3 1 1 1 1 1 1 1 1 2]
[2 1 2 1 1 1 1 1 1 1 3 1 1 1 1 1 1 1 2 1 1 1 1 2 2 1 1 1 1 1 1 1 2]
[2 1 1 1 1 1 1 1 1 1 1 1 1 1 1 1 1 1 1 1 1 1 1 1 2 1 1 1 1 1 1 1 1]
[3 1 2 1 1 1 1 1 1 1 2 1 1 1 1 1 1 1 1 1 1 1 1 2 2 2 1 1 2 1 1 1 2]
[2 1 2 1 1 1 1 1 1 1 1 1 1 1 1 1 1 1 1 1 1 1 1 2 3 2 1 1 1 1 1 1 2]
MEAN:
[5.    1.    1.212 1.242 1.061 1.273 1.212]
STANDARD ERROR:
[0.    0.    0.093 0.086 0.042 0.089 0.083]

STANDARDIZED GRADES:
[2.062 2.449 2.294 2.449 2.449 2.449 2.449 2.449 2.449 2.449 2.121 2.449
 2.449 2.449 2.449 2.449 2.449 2.449 2.319 2.449 2.449 2.449 2.449 2.124
 2.124 2.319 2.449 2.449 2.372 2.449 2.449 2.449 2.294]
[-1.334 -0.408 -0.918 -0.408 -0.408 -0.408 -0.408 -0.408 -0.408 -0.408
 -0.707 -0.408 -0.408 -0.408 -0.408 -0.408 -0.408 -0.408 -0.632 -0.408
 -0.408 -0.408 -0.408 -1.006 -1.006 -0.632 -0.408 -0.408 -0.516 -0.408
 -0.408 -0.408 -0.918]
[ 0.364 -0.408 -0.115 -0.408 -0.408 -0.408 -0.408 -0.408 -0.408 -0.408
 -0.707 -0.408 -0.408 -0.408 -0.408 -0.408 -0.408 -0.408  0.105 -0.408
 -0.408 -0.408 -0.408  0.559 -1.006 -0.632 -0.408 -0.408 -0.516 -0.408
 -0.408 -0.408 -0.115]
[-0.485 -0.408 -0.115 -0.408 -0.408 -0.408 -0.408 -0.408 -0.408 -0.408
  0.707 -0.408 -0.408 -0.408 -0.408 -0.408 -0.408 -0.408  0.105 -0.408
 -0.408 -0.408 -0.408 -0.224 -0.224 -0.632 -0.408 -0.408 -0.516 -0.408
 -0.408 -0.408 -0.115]
[-0.485 -0.408 -0.918 -0.408 -0.408 -0.408 -0.408 -0.408 -0.408 -0.408
 -0.707 -0.408 -0.408 -0.408 -0.408 -0.408 -0.408 -0.408 -0.632 -0.408
 -0.408 -0.408 -0.408 -1.006 -0.224 -0.632 -0.408 -0.408 -0.516 -0.408
 -0.408 -0.408 -0.918]
[ 0.364 -0.408 -0.115 -0.408 -0.408 -0.408 -0.408 -0.408 -0.408 -0.408
  0.    -0.408 -0.408 -0.408 -0.408 -0.408 -0.408 -0.408 -0.632 -0.408
 -0.408 -0.408 -0.408 -0.224 -0.224  0.105 -0.408 -0.408  0.206 -0.408
 -0.408 -0.408 -0.115]
[-0.485 -0.408 -0.115 -0.408 -0.408 -0.408 -0.408 -0.408 -0.408 -0.408
 -0.707 -0.408 -0.408 -0.408 -0.408 -0.408 -0.408 -0.408 -0.632 -0.408
 -0.408 -0.408 -0.408 -0.224  0.559  0.105 -0.408 -0.408 -0.516 -0.408
 -0.408 -0.408 -0.115]
MEAN:
[ 2.388 -0.529 -0.359 -0.342 -0.48  -0.316 -0.361]
STANDARD ERROR:
[0.02  0.041 0.047 0.039 0.03  0.036 0.037]

#############
#VIDEO ORDER#
#############

RAW ORDERS:
[1 2 5 6 4 7 3]
[1 2 3 4 6 5 7]
[1 2 5 4 3 6 7]
[1 2 7 5 4 6 3]
[1 2 7 6 4 3 5]
[1 2 5 6 4 7 3]
[1 2 4 7 6 3 5]
[1 2 4 6 7 3 5]
[1 2 6 4 5 7 3]
[1 2 7 4 3 6 5]
[1 2 3 7 6 5 4]
[1 2 4 5 6 3 7]
[1 2 5 4 3 6 7]
[1 2 4 7 6 3 5]
[1 2 6 3 7 5 4]
[1 2 7 3 4 5 6]
[1 2 5 6 7 4 3]
[1 2 5 3 6 4 7]
[1 2 4 6 3 5 7]
[1 2 7 4 3 5 6]
[1 2 4 3 7 6 5]
[1 2 3 5 7 6 4]
[1 2 7 4 3 5 6]
[1 2 7 4 3 5 6]
[1 2 5 3 7 6 4]
[1 2 7 5 3 6 4]
[1 2 4 3 6 5 7]
[1 2 6 3 4 5 7]
[1 2 6 3 7 5 4]
[1 2 3 6 4 7 5]
[1 2 5 7 4 6 3]
[1 2 5 3 6 4 7]
[1 2 7 5 4 6 3]

#################
#VIDEO VIEW TIME#
#################

RAW TIMES:
[114985 108200  74822  69775  47512  60116  77439  43911  68137  48947
  72470  81802  63560  50769  76335  50099  50239  68929  53344  66402
  45797  39561  63333 154420  44408  62133  59215 179474  30685  53031
 295884 193189  73512]
[30609 28154 57563 48649 46214 34972 39902 55212 31699 31495 47630 44189
 83848 30508 38212 36108 34475 38985 27840 38370 33516 44977 34113 30728
 30479 42168 36059 32300 59368 59401 43081 33387 62818]
[30162 33174 60262 48833 44774 32533 49560 34501 33042 35426 48265 35590
 57400 31273 34854 44302 33384 32141 67895 33031 20787 29007 31779 43591
 28974 45802 36168 33548 28804 40252 50553 42100 58684]
[27115 32940 57277 30659 40621 32143 63267 32773 72441 32252 43839 60381
 70069 28713 44639 35878 37335 32724 27689 36144 35100 44391 40652 44109
 35533 47912 35865 31991 28242 35087 38461 34612 74698]
[31181 29119 61032 42829 47115 32344 62801 33669 33695 34173 42119 43523
 67128 30318 36405 35979 32425 32819 30289 38416 33876 36313 50613 43503
 30334 39491 38342 37035 30008 38634 41264 34936 57779]
[30179 29329 63023 42933 39317 31397 45800 33700 35311 31722 43320 44757
 78559 29916 50168 66993 38681 67399 37196 58493 30723 39331 39510 47900
 30905 46550 37976 38182 59816 35518 44422 34237 61909]
[ 52081  67842  58590  40996  42744  33962  50650  32201  30256  35355
  54455  47376  61098  32674  36444  33950  36654  37632  26843  33239
  31903  43780 110528  32787  30801  46510  36939  39482 179062  38430
  43331  39077  69196]
MEAN:
[80073.788 41425.121 39710.636 41380.364 39682.03  43793.091 48086.909]

#################
#GRADE VIEW TIME#
#################

RAW TIMES:
[10711 12473 10867  4607  5384  7960  7877  6201  4291  4733 14227 11084
  7864  6911  7844  4598  7273  6545 30905 10898 14057  7287  6836  5550
  8875 11259  9786  8303  3643 11762 10060 83206  8597]
[ 3815  5744  9082 20389  5691  7846 56082  5227  3582  5255  9383 11223
  6035 16349  7126  3858  5419  7004 10751 10000 11450  8516  6966  6569
  5515  9181  8315  6681  5743 13485 15180  9567 30769]
[ 5119  5050  8638  5585  5432  6502 29579  4179  3065  6307 12661 13030
  6595  7688  8991  4633  5611  5883 10435  6843  6983  9535  5268  7940
  6046 12638  8817  4590 10230 61413  6351  6993 12220]
[ 3403  2296 10648  9184  6284  8014 23448  9139  3560  5111  5270  9496
 16741 16555  7712 10209  7524  7216 14481  7346  8809 10622  5301  6088
  4782  9397 13299  5129  6534  7827  6140  5184 15225]
[25136 13533 24624  5192  4926 18953 13015  4993  3466  4924  6531 10898
  9617  7505  7715  3411  6166  9914  3765  6170  7192  7032  6204  6520
  7415  9279  9918  5398  6260  8453  9421 15767  8218]
[ 6467  3241 12558  5172  9551  6803 28069  4765 26417  5017  4662 10148
  8126  6069 12427  3814  5424  8102 16530  6320  8026  8755  9270 11023
  4271  9091  8484 10370 15377  7962  7827  5142  7686]
[ 4716  2911  8615  6602  5271  6345 16118  5216  3129  7046  5789  6597
  7404  5946 13985  5791  6032  5922  7146 10262  6999  6837  7877  7367
  4532 53319  9566  4754  8973  7360  6504  8476 19183]
MEAN:
[11287.091 10539.333  9722.727  8726.485  9016.091  9180.788  8866.364]

###############
#DEVICE COUNTS#
###############

Desktop: 14
Laptop: 19
Tablet: 0
Smart phone: 0
Other device: 0

##################
#AGE GROUP COUNTS#
##################

18 - 24: 0
25 - 31: 6
32 - 38: 20
39 - 45: 4
46 - 52: 3
53 - 59: 0
60 and above: 0

################
#NETWORK COUNTS#
################

WiFi: 20
Cable network: 10
Cellular network: 3
Other: 0

###########
#REASONING#
###########

A1T79J0XQXDDGC: Quality damage for a second on a players face is not a big deal but when the action is happening that is frustrating.
A320BT7PLIQVZT: Durung the action times it was more annoying. and when the resolution dropped quality after the pause.
A1UM7U8DA3RMA9: Watching videos with low resolution and pause issue will be annoying and disturbing. Experiment guidelines are clear.
A3PYEW6693PCHT: Quality damage right before play after the free throw is the most annoying because the game is starting to pick up. It would be frustrating to see that while watching a live game because you could miss something exciting. I have done a few HITS of this already and understand all guidelines.
A8FUMDQFBKMXR: Quality is already mediocre to begin with the and the pauses and lower resolution just make it unwatchable
A1L8RL58MYU4NC: The Quality damages blur and slag annoyed me a lot no one will like this kind of annoying clips. The Guidelines for this experiment is very clear. Attention check and grading doesn't confused me
A3N5RTXKN4I723: resolution decrease and video pause for more than 1 second
ASPRULQHB8B1F: The resolution was decreasing a lot and the videos were also stuttering a lo. Unacceptable for a sports event
A31Z5TPD8QKE26: the extreme blurry damage and stalling was equally bad every time it happened.
A1IU5OP7BBZHZ7: got struck in between videos makes loose patience, Blurring for very few seconds makes no difference from the good one
A38NFX88VZDMJ3: If the low quality wasn't at important times
A122E99M2DQY1G: resolution decrease and video pause
A1NOINYD1FZ55T: During the videos found blurry and paused some seconds.Not confusing.I grade easy to all videos.
A22VLXXVIEJSD1: When they're moving down the court and get a video pause is the most annoying to me.
A30YUELTPFSF0T: Video Paused and Resolution decrease which damages the quality. It was considered as an Bad
A3169N2SCN3ENK: The quality makes me lose focus on what I am watching and it takes away from my concentration.  The experiment guideline is clear.  I am not confused about the grading.
A6DX45U3O1CR: found both resolution decrease and video pause for more than one second
A3B67I3A0YR2D: found both bad resolution and video pause
A1ZRK6K5JUPJAV: It was more bothersome to me when the frames froze during a more action packed time like bringing the ball up court rather than when the player was just shooting a free throw.  It is more annoying when the action is really happening for me.  The guidelines seemed clear and I think I understood the attention checks correctly.
AH22ILXQFI4R2: resolution decrease and video pause for more than 1 second.
A1NJ6Q940T7HEB: Found both resolution decrease and video pause
A272A0JGRTBFCR: Thanks for your ​OUTSTANDING HITS and i would thank you for giving me the chance to participate and you are helping make me better.
A3UM3RQRAL4DP5: both video pausing and video resolution decrease
A18LFH7XW61JO9: Quality damage at the crucial time affect the viewing experience a lot. Like, when the player was going to throw the ball, pause at that time was annoying. Or when the ball was in air.
A1IHI23KH87K5W: I just don't like long, "hard" blurs -  ruin the enjoyment - whatever stage of match
A3P2WQO8VESWF2: The quality damage of both video pause and decrease in resolution are encountered in these clips. They are most annoying when they occur at the moment of free throw and when the goal occurs. At other times also these quality damages cause much concern since the extent of decrease in resolution is slightly higher. The experiment guidelines, grading and attention checks are quite clear.
ARTQWWNFA7IOD: Observed the Quality Damages due to resolution decrease and video pause more than 1sec
A1S34BUFNQ33SQ: I found all the video's paused and blur, Some of the video's while passing ball to other player and one of the video while throwing to the net also blur, which is little bother to watch 
A1USDMJVT10CE4: if the resolution or pausing occurs during moments of action.
A11SX02CICZN85: It just affect my eagerness to watch the clip. The guidelines for this HIT is very clear as always. I haven't confused in grading
A4T7PYGN1BE2P: Guideline is clear and it is annoying when video quality decreased and video get paused.
ASWZO1WY1UHEP: When I watch the video I will identified damages easily. There was no difficult at all.
AVPD36WUJKJFS: Video getting pause or low resolution will be irritating; The experiment guideline is clear and not confused about the grading or the attention check. Thank You.
