LOG OF original_videos_Sports_720P_Sports_720P-07d0_0_200k_180 SURVEY RESULTS

########
#GRADES#
########

RAW GRADES:
[5 5 5 5 5 5 5 5 5 5 5 5 5 5 5 5 5 5 5 5 5 5 5 5 5 5 5 5 5 5 5 5 5]
[1 1 1 1 1 1 1 1 1 1 1 1 1 1 1 1 1 1 1 1 1 1 1 1 1 1 1 1 1 1 1 1 1]
[2 3 2 3 4 1 2 1 2 3 1 3 2 1 1 1 1 1 2 1 2 4 3 4 2 2 4 3 3 2 3 4 3]
[2 3 1 3 4 1 2 1 3 3 1 2 2 1 1 1 1 1 3 1 1 4 3 4 2 2 5 4 3 3 3 4 3]
[3 3 2 4 4 1 3 1 3 3 1 2 2 2 1 1 1 1 3 1 2 4 4 3 2 2 5 4 3 3 3 4 3]
[3 4 2 3 4 1 3 1 3 3 1 3 2 1 1 1 1 1 3 1 2 4 2 4 2 2 5 4 3 3 3 3 3]
[3 3 2 3 4 1 2 1 3 2 1 3 2 1 1 1 1 1 3 1 3 4 4 4 2 2 5 4 3 3 3 4 4]
[2 3 2 3 4 1 2 1 2 3 1 2 2 1 1 1 1 1 2 1 2 4 3 4 2 2 5 4 3 2 3 3 3]
MEAN:
[5.    1.    2.303 2.364 2.545 2.485 2.545 2.303]
STANDARD ERROR:
[0.    0.    0.179 0.205 0.197 0.197 0.206 0.189]

STANDARDIZED GRADES:
[2.138 1.78  2.466 1.78  1.147 2.646 2.236 2.646 2.065 2.018 2.646 2.138
 2.524 2.563 2.646 2.646 2.646 2.646 2.065 2.646 2.294 1.147 1.608 1.238
 2.524 2.524 0.475 1.238 2.    2.065 2.    1.342 1.78 ]
[-1.463 -2.018 -0.965 -2.018 -2.524 -0.378 -1.342 -0.378 -1.606 -1.78
 -0.378 -1.463 -1.147 -0.475 -0.378 -0.378 -0.378 -0.378 -1.606 -0.378
 -1.043 -2.524 -1.823 -2.363 -1.147 -1.147 -2.563 -2.363 -2.    -1.606
 -2.    -2.236 -2.018]
[-0.563 -0.119 -0.107 -0.119  0.229 -0.378 -0.447 -0.378 -0.688  0.119
 -0.378  0.338 -0.229 -0.475 -0.378 -0.378 -0.378 -0.378 -0.688 -0.378
 -0.209  0.229 -0.107  0.338 -0.229 -0.229 -0.285 -0.563  0.    -0.688
  0.     0.447 -0.119]
[-0.563 -0.119 -0.965 -0.119  0.229 -0.378 -0.447 -0.378  0.229  0.119
 -0.378 -0.563 -0.229 -0.475 -0.378 -0.378 -0.378 -0.378  0.229 -0.378
 -1.043  0.229 -0.107  0.338 -0.229 -0.229  0.475  0.338  0.     0.229
  0.     0.447 -0.119]
[ 0.338 -0.119 -0.107  0.831  0.229 -0.378  0.447 -0.378  0.229  0.119
 -0.378 -0.563 -0.229  0.285 -0.378 -0.378 -0.378 -0.378  0.229 -0.378
 -0.209  0.229  0.75  -0.563 -0.229 -0.229  0.475  0.338  0.     0.229
  0.     0.447 -0.119]
[ 0.338  0.831 -0.107 -0.119  0.229 -0.378  0.447 -0.378  0.229  0.119
 -0.378  0.338 -0.229 -0.475 -0.378 -0.378 -0.378 -0.378  0.229 -0.378
 -0.209  0.229 -0.965  0.338 -0.229 -0.229  0.475  0.338  0.     0.229
  0.    -0.447 -0.119]
[ 0.338 -0.119 -0.107 -0.119  0.229 -0.378 -0.447 -0.378  0.229 -0.831
 -0.378  0.338 -0.229 -0.475 -0.378 -0.378 -0.378 -0.378  0.229 -0.378
  0.626  0.229  0.75   0.338 -0.229 -0.229  0.475  0.338  0.     0.229
  0.     0.447  0.831]
[-0.563 -0.119 -0.107 -0.119  0.229 -0.378 -0.447 -0.378 -0.688  0.119
 -0.378 -0.563 -0.229 -0.475 -0.378 -0.378 -0.378 -0.378 -0.688 -0.378
 -0.209  0.229 -0.107  0.338 -0.229 -0.229  0.475  0.338  0.    -0.688
  0.    -0.447 -0.119]
MEAN:
[ 2.07  -1.402 -0.218 -0.163 -0.006 -0.054 -0.006 -0.222]
STANDARD ERROR:
[0.098 0.13  0.052 0.064 0.064 0.064 0.069 0.053]

#############
#VIDEO ORDER#
#############

RAW ORDERS:
[1 2 8 3 7 6 4 5]
[1 2 6 3 4 8 5 7]
[1 2 8 6 7 4 3 5]
[1 2 5 7 6 8 4 3]
[1 2 3 7 5 8 6 4]
[1 2 5 8 3 7 6 4]
[1 2 8 7 5 6 4 3]
[1 2 5 3 6 7 4 8]
[1 2 4 6 8 5 7 3]
[1 2 4 7 3 8 6 5]
[1 2 6 7 3 8 5 4]
[1 2 6 7 5 3 4 8]
[1 2 3 6 5 7 4 8]
[1 2 8 4 7 5 3 6]
[1 2 3 5 6 4 8 7]
[1 2 7 6 4 5 3 8]
[1 2 7 3 6 4 5 8]
[1 2 5 8 3 4 7 6]
[1 2 6 4 5 3 8 7]
[1 2 6 8 3 4 7 5]
[1 2 7 6 4 3 8 5]
[1 2 6 3 7 8 4 5]
[1 2 5 4 7 3 8 6]
[1 2 7 8 5 3 4 6]
[1 2 8 7 5 4 3 6]
[1 2 7 3 5 8 4 6]
[1 2 3 8 6 7 4 5]
[1 2 7 3 4 5 8 6]
[1 2 7 5 6 3 4 8]
[1 2 5 7 8 6 3 4]
[1 2 5 4 7 8 3 6]
[1 2 7 8 4 6 3 5]
[1 2 7 6 5 3 4 8]

#################
#VIDEO VIEW TIME#
#################

RAW TIMES:
[ 29754  68811  55507  72383  44757  55359  88389  38166  73162 187323
  65421  71434  50538  57362  46319  48918  49041  53827  49859  44296
  71761  67200  84410  69856  40165  36727  46119  80040  64110  58156
 101138  60848  41161]
[25420 47510 44664 11006 31694 42144 52581 30894 43154 47804 35747 56853
 39541 33924 31699 53143 28419 30507 28872 31822 74415 19119 48017 31086
 30284 28676 27865 46049 53866 55762 37502 32559 36900]
[ 23887  43578  29915  23921  29251  33075  45844  30230  29186  42625
  29893  61725  52665  28395  28787  29511  26044  76629  24028  34220
 153190  71762  27610  27122  27935  25547  47993  35080  30345  42881
  85758  30124  40822]
[ 23754  37471  35505  24188  37005  40227  46417  40039  56132  55812
  38397  69257  36768  25025  29140  28569  27288  20426  23718  38980
  53726 186514  49047  26855  36033  33694  26189  35235  34063  48199
  29821  30299  38435]
[23490 45236 32542 23719 34437 65493 62934 28930 36871 76010 29521 66014
 49576 31833 28242 29700 30019 42953 25234 82779 54573 56446 27352 27903
 37199 31201 35316 34094 33133 41913 28779 31854 37077]
[ 24084  42401  34895  24501  30251  28796  48370  27524  34996  48209
  26340  64764  30424  27846  27092  30038  26843  17459  24402 102596
  38638  43598  29441  25994  29766  25297  26092  34511  31907  38668
  44935  29634  35522]
[24399 39883 36458 23587 36005 52876 54221 29776 27424 75660 26632 84561
 44398 30128 32316 30221 49659 13444 24978 27583 50992 38134 51066 28013
 46693 31428 34803 33376 48903 34431 30351 28830 65038]
[24176 40982 30184 23769 51110 43720 51630 28384 34096 45977 27446 67544
 45002 25438 28708 28459 30449 55292 26404 27462 76352 59867 28621 29258
 42011 25361 26505 35320 29336 29252 45129 29337 40785]
MEAN:
[62797.485 38469.636 41502.364 41279.636 40071.909 35025.273 38977.788
 37374.727]

#################
#GRADE VIEW TIME#
#################

RAW TIMES:
[  4478  12819   6241   4682   7274   8891   8300   4337   6864 100695
   5705   6935  14625   5130   6900  11779  37506  10231   6216   6604
   8551   7668  11859  13321   4174   4500   7219  33121  35529   6180
  12558   5890   8580]
[ 3935 12848 12739  6499  6542  9513 20838  4293  3393 19711  5685  6742
  6626  3772  9106  8289  9350 11305  6400  8024 13729  5550 22071 11998
  7166  4347  6319 11409 22364  6600  9626  5197 28747]
[ 4782  8353 17779  4082 17159 13585 11938  4635  7661  9278  4969  8730
 17918  4486  7730  7560  7832  8360  4361  6311  7100  6838  5623  4211
  3538  4748  8342 10604  6158  7610  6565  4798  8731]
[ 4285 12040 22014  5058  7585 10806  6502  6964 10434 36719  5608 11540
  9810  3487  5586  6321  7934  7658  3995  5884 13378  6335  7478  5220
 10859  6178  5200 13549  5817 13707 16510  6796 20362]
[ 4085  9380  8238  6175  6913  8295  8218  7240  3763  8691  4721  7300
 10170  4931  4923  5819  6596 42985  6838 10440  7507  7754 11692  4646
  3691  4429  5448 10639  8154 40358  9602  5359  8121]
[ 3746 14881 11620  4036  7150 12502  8677  5275  3651  8239  6520  9490
  7974  5648  7424  7472 10875  9851 10671  9649  8179  8956  5997  4478
  5453 16763  4856 12159  6207  8747  6560  4902  9198]
[ 7422  9181  7169  4504  6598  9314  5743  4618  5016 15272  4998  8419
  7309  3380  6303 10550  7724  7765  4746  5841 14628  5535  6082  9630
 15895  6901  5431 12468  7875  6868  5278  8438 16437]
[ 5747  9894  8250  4233 18396  6614 25035  7414  7337 11592  6816  5904
  6692  6977  5114  6011 11317  7650  6701  6168 11659  6798  5973  4545
 11237  4521  6634 10367 10599  5880  7026  5178  9859]
MEAN:
[13192.788 10022.212  7950.758  9746.03   9185.485  8115.333  7979.939
  8307.212]

###############
#DEVICE COUNTS#
###############

Desktop: 16
Laptop: 17
Tablet: 0
Smart phone: 0
Other device: 0

##################
#AGE GROUP COUNTS#
##################

18 - 24: 0
25 - 31: 5
32 - 38: 20
39 - 45: 5
46 - 52: 1
53 - 59: 2
60 and above: 0

################
#NETWORK COUNTS#
################

WiFi: 19
Cable network: 11
Cellular network: 2
Other: 1

###########
#REASONING#
###########

A2H8GNSEVUJXYL: sometimes there are no cars in the shot and the resolution decreases and it doesn't make a difference
A1UM7U8DA3RMA9: Watching videos with low resolution and pause issue will be annoying and disturbing. Experiment guidelines are clear.
AJZBAP861F6X1: video resolution decreased but not paused
A8FUMDQFBKMXR: The quality decreases are more tolerable in these clips probably because the camera is stationary
A1L8RL58MYU4NC: The Quality damages blur annoyed me a lot no one will like this kind of annoying clips. The Guidelines for this experiment is very clear. Attention check and grading doesn't confused me
A3N5RTXKN4I723: resolution decrease
A2BO8M77CS3SGZ: Poor quality at important times are very annoying to watch. This car video was boring to watch.
ASPRULQHB8B1F: The resolution was decreasing a lot, so the image wasn't sharp as it normally is in sports events
A31Z5TPD8QKE26: The blurry screen wasn't so bad when the cars were almost out of view and it was only the track showing.
A2CR34HRTDZ0KJ: If the quality damage occurs very first, I get frustrated to watch the video until it ends. The guideline are not very hard to understand.
A122E99M2DQY1G: resolution decrease
A1NOINYD1FZ55T: During the videos found blurry some seconds.
A30YUELTPFSF0T: Video Resolution Decreased and No Pause. it affects the Quality of Entertainment. Overall it is Poor.
A3169N2SCN3ENK: The quality makes me lose focus on what I am watching and it takes away from my concentration.  The experiment guideline is clear.  I am not confused about the grading.
A6DX45U3O1CR: resolution decrease
AH22ILXQFI4R2: resolution decrease
A1NJ6Q940T7HEB: Found resolution decrease
A272A0JGRTBFCR: Thanks for your ​OUTSTANDING HITS and i would thank you for giving me the chance to participate and you are helping make me better.
A3OLRWACCCCUTU: It's most distracting when the video ends and it's poor resolution.  If the vehicle is farther away bad resolution isn't as noticable as if it's up close, or if there are multiple vehicles when the resolution is off that is more noticable as well.
A3UM3RQRAL4DP5: resolution decrease
A3QZMGTVA4VO44: Quality damage in car racing is highly distracting. It has severe impact on my watching experience. Guidelines are very clear and easily understandable. There is no confusion in grading or attention check.
A1NH9LK567B862: The quality affects when it starts blurred. The guideline is so clear and there is no confusion while grading the video
A18LFH7XW61JO9: Experiment guideline is clear and I was not confused about the grading or the attention check. Quality damage at different moments affected my viewing experience differently.
A1IHI23KH87K5W: The blurring is much better here, feels like just the cars are blurred, unlike a previous selection where the whole frame got blurred. Blurry cars are not very annoying at all.
A2YHSU2IJZ9J14: More video examples will be helpful.
A2QD9PJUKW7PKK: ranking i had given based on the video resolution. there was no paused in any videos test videos
A3O7X46E3REM7I: It makes the viewing experience annoying. Everything was clear.
A3P2WQO8VESWF2: In these video clips the only quality damage was decrease in resolution but also slightly. Hence most of these video clips does not have an annoyable watching experience. Only those occuring when the car dashes off ,causes a slight bit of annoyance. Otherwise these are good video clips and does not affect watching experience much. The experiment guidelines, grading and attention checks are clear.
A1S34BUFNQ33SQ: I found all the video's were blur very slightly, But didn't notice any pauses, Also the video's which were blur all those are in different time frames
A11SX02CICZN85: It just affect my eagerness to watch the clip. The guidelines for this HIT is very clear as always. I haven't confused in grading
ASWZO1WY1UHEP: Attention checks was clear and instruction was understandable. I can clearly find the damage or quality of the video. Video quality was slightly poor.  Some cars I can't see clear. All videos, resolution was decreased.
AVQGY7FCU80XP: When the visual quality decrease it reduces the enjoyment of the content and makes it hard to see details.
AVPD36WUJKJFS: Video getting pause or low resolution will be irritating, and I use to get breaking/throwing things near to me when watching online live streaming of sports; this experiment guideline is clear and not confused about the grading or the attention check. Thank You.
