LOG OF original_videos_Sports_480P_Sports_480P-44e5_0_100k_72 SURVEY RESULTS

########
#GRADES#
########

RAW GRADES:
[5 5 5 5 5 5 5 5 5 5 5 5 5 5 5 5 5 5 5 5 5 5 5 5 5 5 5 5 5 5]
[1 1 1 1 1 1 1 1 1 1 1 1 1 1 1 1 1 1 1 1 1 1 1 1 1 1 1 1 1 1]
[2 1 1 1 1 1 1 2 1 2 1 2 2 1 1 1 1 1 1 4 2 1 1 1 1 2 1 2 1 3]
[3 2 2 1 2 1 2 2 3 3 1 3 2 1 1 1 1 2 1 4 2 1 3 2 2 2 2 2 1 3]
[3 3 2 1 1 1 4 2 3 3 1 3 2 1 1 1 1 2 1 4 3 1 3 3 3 2 2 2 2 3]
[3 3 2 1 2 1 4 2 4 3 1 4 2 1 1 1 1 3 1 4 4 1 3 3 3 2 2 2 2 3]
[3 4 2 1 3 1 2 2 4 2 1 4 2 2 1 1 1 3 1 4 4 2 2 2 3 2 2 2 3 3]
MEAN:
[5.    1.    1.433 1.933 2.133 2.3   2.3  ]
STANDARD ERROR:
[0.    0.    0.131 0.149 0.175 0.195 0.183]

STANDARDIZED GRADES:
[1.905 1.65  2.294 2.449 2.108 2.449 1.54  2.339 1.414 1.969 2.449 1.491
 2.339 2.372 2.449 2.449 2.449 1.988 2.449 1.108 1.528 2.372 1.877 1.988
 1.877 2.339 2.294 2.339 2.108 1.871]
[-1.651 -1.238 -0.918 -0.408 -0.843 -0.408 -1.155 -1.108 -1.414 -1.477
 -0.408 -1.721 -1.108 -0.516 -0.408 -0.408 -0.408 -1.104 -0.408 -2.339
 -1.528 -0.516 -1.215 -1.104 -1.215 -1.108 -0.918 -1.108 -0.843 -1.871]
[-0.762 -1.238 -0.918 -0.408 -0.843 -0.408 -1.155 -0.246 -1.414 -0.615
 -0.408 -0.918 -0.246 -0.516 -0.408 -0.408 -0.408 -1.104 -0.408  0.246
 -0.764 -0.516 -1.215 -1.104 -1.215 -0.246 -0.918 -0.246 -0.843  0.   ]
[ 0.127 -0.516 -0.115 -0.408 -0.105 -0.408 -0.481 -0.246  0.     0.246
 -0.408 -0.115 -0.246 -0.516 -0.408 -0.408 -0.408 -0.331 -0.408  0.246
 -0.764 -0.516  0.331 -0.331 -0.442 -0.246 -0.115 -0.246 -0.843  0.   ]
[ 0.127  0.206 -0.115 -0.408 -0.843 -0.408  0.866 -0.246  0.     0.246
 -0.408 -0.115 -0.246 -0.516 -0.408 -0.408 -0.408 -0.331 -0.408  0.246
  0.    -0.516  0.331  0.442  0.331 -0.246 -0.115 -0.246 -0.105  0.   ]
[ 0.127  0.206 -0.115 -0.408 -0.105 -0.408  0.866 -0.246  0.707  0.246
 -0.408  0.688 -0.246 -0.516 -0.408 -0.408 -0.408  0.442 -0.408  0.246
  0.764 -0.516  0.331  0.442  0.331 -0.246 -0.115 -0.246 -0.105  0.   ]
[ 0.127  0.928 -0.115 -0.408  0.632 -0.408 -0.481 -0.246  0.707 -0.615
 -0.408  0.688 -0.246  0.206 -0.408 -0.408 -0.408  0.442 -0.408  0.246
  0.764  0.206 -0.442 -0.331  0.331 -0.246 -0.115 -0.246  0.632  0.   ]
MEAN:
[ 2.075e+00 -1.029e+00 -6.551e-01 -2.694e-01 -1.234e-01  2.757e-03
 -1.014e-03]
STANDARD ERROR:
[0.068 0.09  0.074 0.05  0.064 0.075 0.082]

#############
#VIDEO ORDER#
#############

RAW ORDERS:
[1 2 3 4 5 7 6]
[1 2 6 5 3 7 4]
[1 2 6 4 3 5 7]
[1 2 4 7 5 3 6]
[1 2 6 4 7 3 5]
[1 2 6 4 7 5 3]
[1 2 5 3 6 7 4]
[1 2 5 7 3 6 4]
[1 2 5 3 7 4 6]
[1 2 6 5 4 7 3]
[1 2 6 3 7 5 4]
[1 2 4 6 7 3 5]
[1 2 4 7 6 3 5]
[1 2 7 6 4 3 5]
[1 2 4 7 3 5 6]
[1 2 4 5 7 3 6]
[1 2 6 4 7 3 5]
[1 2 4 5 3 7 6]
[1 2 5 4 7 3 6]
[1 2 4 6 7 5 3]
[1 2 7 5 4 6 3]
[1 2 6 4 7 3 5]
[1 2 5 7 3 6 4]
[1 2 3 7 6 4 5]
[1 2 4 7 3 5 6]
[1 2 7 6 4 5 3]
[1 2 4 3 5 6 7]
[1 2 5 7 6 4 3]
[1 2 7 6 5 3 4]
[1 2 3 5 7 4 6]

#################
#VIDEO VIEW TIME#
#################

RAW TIMES:
[ 94066  29812 203170  72637 150588  40501  36598  71468  59587  18280
  82531 102495 128184  79914  50765 131509  76319  56255  58200 110797
  44930  39900  42914  70042  41105  96912  72929  72816  35909 104333]
[ 75854  31302 149948  37102 109610  33874  27271  37201  76818   6439
  47503  93195  58248  46019  35582  92326  56049  26494  44108 111210
  31863  29430  57808  54344  29120  44092  78860  54916  32606 105384]
[ 70720  25374 110694  36510  89571  33555  25820  32844  53476  19495
  40326  57103  63319  49096  35426  29766  43640  25229  36013  49860
  28541  27325  27044  56301  38262  37419  62785  85620  37022  77240]
[ 74460  25003 124031  57835  98898  34920  25986  32150  39186  19139
  63412  87238  60034  62833  55111 131908  45964  30577  35788  56632
  28103  27840  24680  57570  35871  51982  68784  70772  46885  76045]
[106920  24442  48051  33348  73594  32769  26225  32784  61949  23296
  39275  90215  67870  70145  34799  27554  36847  23911 149389  44908
  30749  27674 140038  44831  34283  32372  64938  86780  35463  78578]
[ 69115  29120 100676  40985 102569  31789  27378  33431  45518  23675
  44388 100655  58569  65954  34407  27760  63708  26343  35951  44824
  28530  31477  67138  61058  36356  31433  78727  63718  34674  82345]
[ 69967  25495  50872  54842  78639  35019  25346  34010  54273  23356
  45461  52449  61618  38154  74272  29249  38029  24709  40276  77453
  30625  28796 105189  48831  29778  45175  58780  76209  56210  77402]
MEAN:
[75848.867 57152.533 46846.533 54987.9   54133.233 50742.367 49682.8  ]

#################
#GRADE VIEW TIME#
#################

RAW TIMES:
[13964  2797  8530  9432 11816  4455  3393  5199  8543  4265  8608  9525
 11835  9648  6844 64194 18571  6696  5151  6580  4917  5587 82105  9830
  7690  5936  6860  6764  5457 20718]
[  8408   2646   8013  18867   6525   4574 158407   8167   8455   3461
   9560   6761   6492   3888  19080  16727   9731   3976   6096   8228
   4997   4097   5761   9885   6106   7648   8033   6770   5567  23399]
[13351  4954  8024  5564  5068  4124  2888  6744  6450  8260 11134  8443
 24156  4938  5543 11146 19539  5575  8420  6479  5288  4395 17636 12721
  7699  5540  5835  7304  5715 17498]
[11312  7225 15766 12784  6132  6261  2733  5011 14984 10563  9891 11475
 10256  4344  9445 39457 18259  6478  6613 19252  4699  4832  5228  8834
 12503  6020  8863 13335  5431 11138]
[10485  2865  6655  8611  4851  4683  7494 10370 14881  4586  9648  9089
  7186  4824  5566  7674 19582  6084 13446  7109  6620  5471 53529  8962
  7665  7040  8316 13806 10599 12582]
[ 8532  4248 11241  7472  8504  9423  2752  5571  5166  6445 16335  7145
  7507 12313  5209  6836 30029  6310  7809  9118  4144  6037  4741 11685
 16699  4897  6740 17741  7149 15108]
[  9467   3918   6702   8391   8120   6129   2575   6270   5721   4314
  11417   6204   6229   5885   5492   6723  24422   5487  14146   6025
   8086  10722   4876  13505 120180   8895   7004  24415  26844  10716]
MEAN:
[12530.333 13344.167  8681.033 10304.133 10009.3    9096.867 12962.667]

###############
#DEVICE COUNTS#
###############

Desktop: 14
Laptop: 16
Tablet: 0
Smart phone: 0
Other device: 0

##################
#AGE GROUP COUNTS#
##################

18 - 24: 0
25 - 31: 5
32 - 38: 19
39 - 45: 3
46 - 52: 2
53 - 59: 1
60 and above: 0

################
#NETWORK COUNTS#
################

WiFi: 14
Cable network: 13
Cellular network: 3
Other: 0

###########
#REASONING#
###########

A1UM7U8DA3RMA9: Watching videos with low resolution and pause issue will be annoying and disturbing. The Annoying rate % is according to the timing where the video got disturbed. Experiment guidelines are clear.
A3UUH3632AI3ZX: every disturbance before and a little after the goal was very annoying
A1L8RL58MYU4NC: The Quality damages blur and slag annoyed me a lot no one will like this kind of annoying clips. The Guidelines for this experiment is very clear. Attention check and grading doesn't confused me
A3N5RTXKN4I723: resolution decrease
A2BO8M77CS3SGZ: very annoying
ASPRULQHB8B1F: The resolution was decreasing a lot, making it dificut to see the information on the screen, like the score board
A31Z5TPD8QKE26: it was more frustrating when it got blurry during the shot at the goal and when it was showing the score board.  During lulls it wasn't very irritating.
A1IU5OP7BBZHZ7: got struck in between videos makes loose patience, Blurring for very few seconds makes no difference from the good one
A38NFX88VZDMJ3: If the low quality wasn't during important points in the game.
A1F1BIPJR11LSR: If the quality degrades during a replay than it is not as disruptive as if it were doing actual gameplay.
A122E99M2DQY1G: resolution decrease
A1NOINYD1FZ55T: Not confusing. I grade easy to all videos. 
A30YUELTPFSF0T: Video Resolution Decreased and No Pause. it affects the Quality of Entertainment. Overall it is Poor.
A3169N2SCN3ENK: The quality makes me lose focus on what I am watching and it takes away from my concentration.  The experiment guideline is clear.  I am not confused about the grading.
A6DX45U3O1CR: resolution decrease
A3B67I3A0YR2D: Video resolution decrease
AH22ILXQFI4R2: resolution decrease
A3OLRWACCCCUTU: The worse was when the resolution issue occured while the goal was being scored - that's the action in the video.  The other resolution issues weren't as bad, particulary just showing the scoreboard.
A3UM3RQRAL4DP5: resolution decrease
A1NH9LK567B862: Blurring in the middle or at the start time of the video is really annoying. Guidelines are clear enough to understand better and grading
A1IHI23KH87K5W: It's football, so blur only annoying during "action." Also, because video is fairly poor quality anyway, the added blur is less distracting than normal
A2QD9PJUKW7PKK: ranking i had given based on the video resolution. 
A2MCG5W6LHSRG9: The worst time for a quality issue was during the goal and the view of the scoreboard
A3P2WQO8VESWF2: In the video clips, the quality damage was caused by decrease in resolution, The decrease in resolution which occurs during the moments of the goal and also when the camera goes up to the score board are most annoying when compared to the other moments. The experiment guide lines, grading and attention checks were not confusing at all.
ARTQWWNFA7IOD: Noticed extra resolution decrease when compared with excellent grade reference
A1S34BUFNQ33SQ: I found all the video's blur, But didn't notice any pauses in the given video's, Also in one of the video goal kick not visible because of blur, which is somewhat annoying to me 
A11SX02CICZN85: It just affect my eagerness to watch the clip. The guidelines for this HIT is very clear as always. I haven't confused in grading
A4T7PYGN1BE2P: Guideline is clear.. and it is annoying when video quality decreased.
ASWZO1WY1UHEP: I can't confuse attention checks and instruction was clear. I can clearly find the damage or quality of the video. It was poor video quality. When I see the video, sometimes disgusting the quality. All videos resolution decreased.
AVPD36WUJKJFS: Video getting pause or low resolution will be irritating, missing a 1 second video on a thrilling moment will break my heart, The experiment guideline is clear and not confused about the grading or the attention check. Thank You.
