LOG OF original_videos_Sports_360P_Sports_360P-32d3_0_100k_88 SURVEY RESULTS

########
#GRADES#
########

RAW GRADES:
[5 5 5 5 5 5 5 5 5 5 5 5 5 5 5 5 5 5 5 5 5 5 5 5 5 5 5 5 5 5 5 5 5 5]
[1 1 1 1 1 1 1 1 1 1 1 1 1 1 1 1 1 1 1 1 1 1 1 1 1 1 1 1 1 1 1 1 1 1]
[3 3 3 2 1 2 1 1 3 2 2 1 2 2 2 1 1 1 1 1 2 4 2 2 1 3 1 2 3 2 4 2 3 3]
[3 2 3 2 1 2 1 1 2 2 2 1 2 3 2 1 1 1 1 1 2 4 2 3 1 3 1 2 3 2 4 2 4 3]
[2 1 2 2 1 2 1 1 3 1 2 1 2 2 2 1 1 1 1 1 1 4 1 1 1 2 1 2 3 2 4 2 3 2]
[2 2 3 2 1 1 1 1 2 2 2 1 2 3 2 1 1 1 1 1 2 4 3 2 1 3 1 2 3 2 4 2 3 3]
[2 2 3 2 1 2 1 1 2 1 2 1 2 2 2 1 1 1 1 1 2 4 3 1 1 2 1 1 3 2 3 2 3 3]
MEAN:
[5.    1.    2.029 2.059 1.735 1.971 1.824]
STANDARD ERROR:
[0.    0.    0.153 0.161 0.146 0.153 0.141]

STANDARDIZED GRADES:
[2.062 2.124 1.905 2.339 2.449 2.294 2.449 2.449 2.062 2.291 2.339 2.449
 2.339 2.062 2.339 2.449 2.449 2.449 2.449 2.449 2.294 1.108 1.988 2.108
 2.449 1.969 2.449 2.294 1.871 2.339 1.213 2.339 1.651 1.905]
[-1.334 -1.006 -1.651 -1.108 -0.408 -0.918 -0.408 -0.408 -1.334 -0.764
 -1.108 -0.408 -1.108 -1.334 -1.108 -0.408 -0.408 -0.408 -0.408 -0.408
 -0.918 -2.339 -1.104 -0.843 -0.408 -1.477 -0.408 -0.918 -1.871 -1.108
 -2.183 -1.108 -1.905 -1.651]
[ 0.364  0.559  0.127 -0.246 -0.408 -0.115 -0.408 -0.408  0.364  0.
 -0.246 -0.408 -0.246 -0.485 -0.246 -0.408 -0.408 -0.408 -0.408 -0.408
 -0.115  0.246 -0.331 -0.105 -0.408  0.246 -0.408 -0.115  0.    -0.246
  0.364 -0.246 -0.127  0.127]
[ 0.364 -0.224  0.127 -0.246 -0.408 -0.115 -0.408 -0.408 -0.485  0.
 -0.246 -0.408 -0.246  0.364 -0.246 -0.408 -0.408 -0.408 -0.408 -0.408
 -0.115  0.246 -0.331  0.632 -0.408  0.246 -0.408 -0.115  0.    -0.246
  0.364 -0.246  0.762  0.127]
[-0.485 -1.006 -0.762 -0.246 -0.408 -0.115 -0.408 -0.408  0.364 -0.764
 -0.246 -0.408 -0.246 -0.485 -0.246 -0.408 -0.408 -0.408 -0.408 -0.408
 -0.918  0.246 -1.104 -0.843 -0.408 -0.615 -0.408 -0.115  0.    -0.246
  0.364 -0.246 -0.127 -0.762]
[-0.485 -0.224  0.127 -0.246 -0.408 -0.918 -0.408 -0.408 -0.485  0.
 -0.246 -0.408 -0.246  0.364 -0.246 -0.408 -0.408 -0.408 -0.408 -0.408
 -0.115  0.246  0.442 -0.105 -0.408  0.246 -0.408 -0.115  0.    -0.246
  0.364 -0.246 -0.127  0.127]
[-0.485 -0.224  0.127 -0.246 -0.408 -0.115 -0.408 -0.408 -0.485 -0.764
 -0.246 -0.408 -0.246 -0.485 -0.246 -0.408 -0.408 -0.408 -0.408 -0.408
 -0.115  0.246  0.442 -0.843 -0.408 -0.615 -0.408 -0.918  0.    -0.246
 -0.485 -0.246 -0.127  0.127]
MEAN:
[ 2.182 -1.02  -0.146 -0.121 -0.385 -0.195 -0.314]
STANDARD ERROR:
[0.057 0.094 0.049 0.056 0.058 0.05  0.048]

#############
#VIDEO ORDER#
#############

RAW ORDERS:
[1 2 6 7 3 4 5]
[1 2 7 6 4 3 5]
[1 2 4 3 5 6 7]
[1 2 3 7 6 4 5]
[1 2 3 5 4 7 6]
[1 2 7 6 5 3 4]
[1 2 7 3 5 6 4]
[1 2 6 4 5 3 7]
[1 2 6 3 5 4 7]
[1 2 4 3 6 5 7]
[1 2 6 5 4 3 7]
[1 2 5 7 4 3 6]
[1 2 4 6 5 7 3]
[1 2 3 5 4 7 6]
[1 2 7 5 6 3 4]
[1 2 4 5 6 7 3]
[1 2 3 4 6 7 5]
[1 2 7 6 3 5 4]
[1 2 7 3 4 5 6]
[1 2 3 5 6 4 7]
[1 2 5 3 4 7 6]
[1 2 4 7 3 5 6]
[1 2 4 5 3 7 6]
[1 2 3 7 4 6 5]
[1 2 5 3 6 7 4]
[1 2 3 5 7 6 4]
[1 2 6 7 3 5 4]
[1 2 7 6 4 3 5]
[1 2 7 5 3 4 6]
[1 2 5 7 4 3 6]
[1 2 4 7 5 3 6]
[1 2 7 6 5 3 4]
[1 2 6 5 4 3 7]
[1 2 3 6 4 7 5]

#################
#VIDEO VIEW TIME#
#################

RAW TIMES:
[ 54480  31389  70313  91348  22221  51489  75253  47313  58463  53363
  86804  83675 104438  58276 124351  53053  53686  59418  53770  57319
 108156 110529  70853  42314  39184  73491  78791  47633 108474  82814
  79560  64294  66704  84074]
[28231 27984 55239 66966 14905 32216 51459 31997 47697 43478 35166 44193
 43264 29158 32330 47649 33938 32352 38649 33235 58581 30332 33305 29984
 29137 43220 34109 56777 29161 39308 33213 41532 44042 58896]
[25833 33734 55598 67315 63780 31765 37468 29588 44931 27910 29750 38034
 55791 28698 34481 34874 31312 43541 35162 46382 65589 37370 34178 29639
 26266 49716 36736 58622 28272 33521 37377 58158 39883 84445]
[25586 31852 55712 45601 54880 32395 50408 30033 43431 26876 29387 47984
 44246 28087 34910 35321 29914 48808 34490 48524 60379 28858 37815 54661
 27251 49066 43056 48483 68542 47965 30265 60750 34153 65289]
[32567 31854 55067 46686 31467 33423 50851 31931 40791 30647 29752 60308
 45994 27313 32989 35281 31984 30290 32974 62223 64817 28355 30770 29091
 32132 47226 37324 94205 29378 36214 32047 36465 64792 57162]
[ 25799  42672  66994  40731  32206  31420  42897  31906  41879  30992
  31263  44926  53091  25818  33569  31847  29734  29758  30775  66206
  53425  28345  71412  61188 105235  48733  38326  28604  25359  37131
  31295  50814  34477  55925]
[ 26300  27036  55307  71404  32011  30912  38499  38040  45160  29872
  30482  37084  42087  34590 119669  36695  37996  34422  35501  66065
  55433  26721  66972  26145  30604  45190  37441  61378  28203  36097
  32042  42092  33372  57387]
MEAN:
[69038.029 39167.735 41638.794 42205.235 41010.882 42198.588 42594.382]

#################
#GRADE VIEW TIME#
#################

RAW TIMES:
[ 4902  9286  8638  4956  4560  7926 23191 76849  8241  3936  6975 11069
  7031 28935 48912  4573  8892  6762  6010 31263  8973  5205  7495  6663
  7996 13690  7785  5319 11511  8608 13272  7383 32302  8144]
[  6450   5466   7814   3880   4326   7048  16129   5255   7634   4206
   5028  11146   8045  11825   8910   4126   6425   6373  13401  21291
   8373   5650   7752   4894   5606  34426  44898 147155   5084  22342
  54471   6574   9598   8321]
[ 4120  6221 17556  9780 13061  6887 19041  5279 11871  4295  5424 10759
  9996 16443  8385  4393  7644  9475  6347 17416  8017  5840  7833 11983
  5784 22323  8328  6998  8271  9823  5119 36216  8310 10848]
[ 6417  4514 11943 10161  4679  6104 12270  7228 18865 65739  6305  6737
  8246  6631  7881  6380  4884  7055  6951 22653  7904  8324 27587  4744
  4492 11860  9155  6779 12786  8993 15219 47443  6759  9665]
[ 5120  8038 14611  6431  4743  7192 25378  4757 10337  4168  4968 14137
  9813  9091  8300  3858  5630  9229  7673 23791 23597  5400  6866  4284
  7197 14760  8675  5218  3271 12740 11475 16820  7867  7749]
[ 5660  7779 10201  5072  4887  6962 65560  9038 10133  6841  7174  5239
  6070  8186  7928  5560  5923  6384  5909 16822  9058  5590  6690  5033
  6911 18042 23228  4976  8033  7602 22808  6361 25625  7967]
[ 4112 11560  7862  5718  8779 10354 13679  6211  9052  3982  4991  7850
 10632 15152  7597  4193  5426  8951 10529  7670 10065  4960  7636  4685
  4304 14369  9292 14002 10725  5766  6712  8905  8155 12373]
MEAN:
[13448.618 15585.941 10296.647 12157.441  9505.412 10742.706  8419.088]

###############
#DEVICE COUNTS#
###############

Desktop: 17
Laptop: 17
Tablet: 0
Smart phone: 0
Other device: 0

##################
#AGE GROUP COUNTS#
##################

18 - 24: 1
25 - 31: 7
32 - 38: 19
39 - 45: 4
46 - 52: 3
53 - 59: 0
60 and above: 0

################
#NETWORK COUNTS#
################

WiFi: 20
Cable network: 12
Cellular network: 2
Other: 0

###########
#REASONING#
###########

A1T79J0XQXDDGC: Quality damage for a second on a players face is not a big deal but when the action is happening that is frustrating.
A320BT7PLIQVZT: Durung the action times it was more annoying. and when the resolution dropped quality after the pause.
A1UM7U8DA3RMA9: Watching videos with low resolution and pause issue will be annoying and disturbing. Experiment guidelines are clear.
A3PYEW6693PCHT: Pixel quality degraded in the videos, not as annoying as a pause but still bad. The flow of the game is affected and enjoyment is downgraded.
A8FUMDQFBKMXR: The quality is already poor so further decreases make it practically unwatchable
A1L8RL58MYU4NC: The Quality damages blur and slag annoyed me a lot no one will like this kind of annoying clips. The Guidelines for this experiment is very clear. Attention check and grading doesn't confused me
A3N5RTXKN4I723: resolution decrease
ASPRULQHB8B1F: When the resolution drops it is really annoying, because we feel frustrated without knowing what's going on during the match
A21D966T20TNKX: BECAUSE MOSTLY OF THE SCREEN RESOLUTION AND THE QUALITY CHANGES
A31Z5TPD8QKE26: I thought it seemed worse when the slurry damage blocked out the details such as the scores on the bottom of the screen.
A1IU5OP7BBZHZ7: got struck in between videos makes loose patience, Blurring for very few seconds makes no difference from the good one
A122E99M2DQY1G: resolution decrease
A1NOINYD1FZ55T: During the videos found blurry some seconds.Not confusing.I grade easy to all videos.
A1R0689JPSQ3OF: When there is degradation of the video during the action then it severely affects the enjoyment of the watching. bad quality at the beginning put you in a kind of bad mood but as long as the actual game play is decent then it isn't as annoying. But during the free throw or when the ball is in play is unacceptable and really hurts the watching experience. I was annoyed but not as much when the quality went down when it was only inbounding the ball or before the free throw but during the actual shot and dribbling up the court was very annoying.
A30YUELTPFSF0T: Video Resolution Decreased and No Pause. it affects the Quality of Entertainment. Overall it is Poor.
A3169N2SCN3ENK: The quality makes me lose focus on what I am watching and it takes away from my concentration.  The experiment guideline is clear.  I am not confused about the grading.
A6DX45U3O1CR: resolution decrease
A3B67I3A0YR2D: Video resolution decrease
AH22ILXQFI4R2: resolution decrease
A272A0JGRTBFCR: Thanks for your ​OUTSTANDING HITS and i would thank you for giving me the chance to participate and you are helping make me better.
A3QZMGTVA4VO44: quality damage in Basketball game is always annoying. It affects my experience severely. Guidelines are very clear and nothing is confusing.
A1NH9LK567B862: The quality affects when it starts blurred. The guideline is so clear and there is no confusion while grading the video
A18LFH7XW61JO9: Quality damage at the crucial time affect the viewing experience a lot. Like, when the player was going to throw the ball, quality damage at that time was annoying. Or when the ball was in air.
A1IHI23KH87K5W: retake of HIT: 3ZTE0JGGCE5AZ3MMM8A75HHPE1ICON
A2QD9PJUKW7PKK: ranking i had given based on the video resolution. 
A3P2WQO8VESWF2: In these video clips the quality damage is actually due to decrease in resolution. Particuarly at times when the player is going to put the ball into basket, when the low resolution occurs it is most frustrating. The degree of frustration varies with the moment the low resolution occurs and also based on the time period for wihich the decrease in resolution occurs. The experiment guidelines were clear and attention checks were easy to understand.
ARTQWWNFA7IOD: Noticed extra resolution decrease when compared with excellent grade reference
A1S34BUFNQ33SQ: I found all the video's blur, But didn't notice any pauses, Also I found couple of videos having quality or resolution issues, which is mainly blocking the main activity in the videos 
A1USDMJVT10CE4: if the resolution or pausing occurs during moments of action.
A11SX02CICZN85: It just affect my eagerness to watch the clip. The guidelines for this HIT is very clear as always. I haven't confused in grading
A1TXOZQU1O4F0N: I notice extra resolution decrease when compared with excellent grade reference.So I explain quality damage at different moments.
A4T7PYGN1BE2P: Guideline is clear and it is annoying when video quality decreased.
ASWZO1WY1UHEP: I can't confuse anymore. I can clearly find the damage or quality of the video. It was nice.
AVPD36WUJKJFS: Video getting pause or low resolution will be irritating; The experiment guideline is clear and not confused about the grading or the attention check. Thank You.
