LOG OF original_videos_Sports_720P_Sports_720P-3072_0_300k_180 SURVEY RESULTS

########
#GRADES#
########

RAW GRADES:
[5 5 5 5 5 5 5 5 5 5 5 5 5 5 5 5 5 5 5 5 5 5 5 5 5 5 5 5 5 5 5]
[1 1 1 1 1 1 1 1 1 1 1 1 1 1 1 1 1 1 1 1 1 1 1 1 1 1 1 1 1 1 1]
[3 2 1 3 4 1 1 3 2 4 1 3 1 1 1 1 1 3 1 4 4 3 2 3 3 3 2 3 2 2 3]
[3 3 2 2 3 1 2 4 2 2 1 4 1 1 1 1 1 4 1 4 3 3 2 3 3 3 2 3 2 2 3]
[3 2 1 3 3 1 1 3 2 2 1 4 1 1 1 1 1 3 1 4 4 3 2 3 3 3 3 3 2 2 3]
[3 3 2 3 4 1 1 4 2 4 1 4 1 1 1 1 1 5 1 4 4 4 4 3 5 3 3 3 4 2 3]
[3 3 2 3 3 1 1 4 2 4 1 3 1 1 1 1 1 3 1 4 4 4 2 3 3 3 2 3 3 2 3]
[3 3 1 3 3 1 1 3 2 4 1 3 1 1 1 1 1 3 1 4 4 4 2 3 3 3 3 3 2 2 3]
MEAN:
[5.    1.    2.29  2.323 2.258 2.742 2.419 2.355]
STANDARD ERROR:
[0.    0.    0.189 0.179 0.182 0.237 0.192 0.191]

STANDARDIZED GRADES:
[2.    2.065 2.463 2.018 1.606 2.646 2.563 1.463 2.524 1.347 2.646 1.463
 2.646 2.646 2.646 2.646 2.646 1.334 2.646 1.147 1.238 1.463 2.041 2.
 1.46  2.    2.138 2.    1.949 2.524 2.   ]
[-2.    -1.606 -0.69  -1.78  -2.065 -0.378 -0.475 -2.138 -1.147 -1.732
 -0.378 -2.138 -0.378 -0.378 -0.378 -0.378 -0.378 -1.949 -0.378 -2.524
 -2.363 -2.138 -1.225 -2.    -1.877 -2.    -1.463 -2.    -1.334 -1.147
 -2.   ]
[ 0.    -0.688 -0.69   0.119  0.688 -0.378 -0.475 -0.338 -0.229  0.577
 -0.378 -0.338 -0.378 -0.378 -0.378 -0.378 -0.378 -0.308 -0.378  0.229
  0.338 -0.338 -0.408  0.    -0.209  0.    -0.563  0.    -0.513 -0.229
  0.   ]
[ 0.     0.229  0.099 -0.831 -0.229 -0.378  0.285  0.563 -0.229 -0.962
 -0.378  0.563 -0.378 -0.378 -0.378 -0.378 -0.378  0.513 -0.378  0.229
 -0.563 -0.338 -0.408  0.    -0.209  0.    -0.563  0.    -0.513 -0.229
  0.   ]
[ 0.    -0.688 -0.69   0.119 -0.229 -0.378 -0.475 -0.338 -0.229 -0.962
 -0.378  0.563 -0.378 -0.378 -0.378 -0.378 -0.378 -0.308 -0.378  0.229
  0.338 -0.338 -0.408  0.    -0.209  0.     0.338  0.    -0.513 -0.229
  0.   ]
[ 0.     0.229  0.099  0.119  0.688 -0.378 -0.475  0.563 -0.229  0.577
 -0.378  0.563 -0.378 -0.378 -0.378 -0.378 -0.378  1.334 -0.378  0.229
  0.338  0.563  1.225  0.     1.46   0.     0.338  0.     1.129 -0.229
  0.   ]
[ 0.     0.229  0.099  0.119 -0.229 -0.378 -0.475  0.563 -0.229  0.577
 -0.378 -0.338 -0.378 -0.378 -0.378 -0.378 -0.378 -0.308 -0.378  0.229
  0.338  0.563 -0.408  0.    -0.209  0.    -0.563  0.     0.308 -0.229
  0.   ]
[ 0.     0.229 -0.69   0.119 -0.229 -0.378 -0.475 -0.338 -0.229  0.577
 -0.378 -0.338 -0.378 -0.378 -0.378 -0.378 -0.378 -0.308 -0.378  0.229
  0.338  0.563 -0.408  0.    -0.209  0.     0.338  0.    -0.513 -0.229
  0.   ]
MEAN:
[ 2.064 -1.381 -0.206 -0.181 -0.228  0.177 -0.096 -0.148]
STANDARD ERROR:
[0.09  0.132 0.059 0.066 0.058 0.098 0.058 0.057]

#############
#VIDEO ORDER#
#############

RAW ORDERS:
[1 2 7 8 5 6 4 3]
[1 2 7 5 8 4 6 3]
[1 2 7 3 8 4 5 6]
[1 2 8 3 5 7 6 4]
[1 2 5 3 7 6 8 4]
[1 2 3 8 5 7 4 6]
[1 2 4 5 6 8 3 7]
[1 2 7 6 8 4 5 3]
[1 2 4 5 7 8 3 6]
[1 2 4 5 6 3 7 8]
[1 2 6 4 5 8 3 7]
[1 2 6 7 5 8 3 4]
[1 2 4 8 3 7 5 6]
[1 2 5 8 4 3 6 7]
[1 2 8 5 7 6 3 4]
[1 2 8 7 3 5 6 4]
[1 2 7 3 5 4 8 6]
[1 2 6 4 3 7 5 8]
[1 2 3 6 4 8 7 5]
[1 2 8 7 5 6 4 3]
[1 2 4 7 8 6 3 5]
[1 2 3 5 7 6 8 4]
[1 2 7 5 4 3 8 6]
[1 2 3 8 4 7 5 6]
[1 2 6 8 4 3 7 5]
[1 2 7 8 5 3 4 6]
[1 2 6 7 4 3 8 5]
[1 2 3 5 6 7 4 8]
[1 2 6 5 3 8 7 4]
[1 2 4 5 7 8 6 3]
[1 2 8 7 5 3 6 4]

#################
#VIDEO VIEW TIME#
#################

RAW TIMES:
[ 43555  69189 154341  57113  41060  62256 120265  41298  46973  59530
  52602  48118  60455  48333  48327  55449  87551  86204  64561 102312
  43268  43362  40066  67288  28157  49916  75852  55358  86954  67572
  75663]
[ 38542  39961  97838  38446  29743  51274  69208  27211  33699  33632
  44621  51033  39016  31786  31657  33326  33549  50044  38220  85420
  30636  31642  43355  50041  15356  35568  40268 125560  61856  33686
  39579]
[ 48541  40446  65303  32776  37236  65546 123795  25805  31366  50600
  38498  42535  61693  33487  32157  32554  35209  34384  63323  35644
  26853  30442  28706  41737  20106  31395  33892  53877  40799  57310
  48758]
[ 34875  61337 126056  32118  26933  40983 308085  25300  38244  34219
  30534  39466 106556  32936  33061  27928  34441  58294  47021  64963
  31352  29686  27372  48283  38642  33839  42141  68921  47227  70779
  58061]
[ 39785  61518  62567  45713  26158  36876 160157  25467  29846  31928
  37238  44736  31152  31123  31714  30988  36819  48571  34447  32694
  27036  30868  27217  42537 118230  29658  55848  37599  40708  71621
  33050]
[ 37371  48183  72404  33906  25500  64957  75639  24468  32838  41060
 149641  41933  40270  36225  34425  28096  32410  80875  36876  32285
  26563  28245  70386  41441  79715  31269  90671  34257  31748  38441
 118454]
[64409 62709 35541 33385 26331 31933 84951 25393 31777 44418 30578 40743
 48765 31886 31974 46155 55043 46329 40570 68028 25846 27261 26760 44064
 30486 54250 38480 31418 37259 46415 39276]
[ 31555  38800 101771  38191  26612  39826  89554  27374  32539  35090
  29510  41360  56871  31016  54444  49675  35319  45391  39499  46027
  25433  29731  27728  44639  41802  34667  36985  34092  45448  37834
  41418]
MEAN:
[63966.065 45347.516 43379.774 54827.516 44963.516 50340.387 41368.806
 41619.387]

#################
#GRADE VIEW TIME#
#################

RAW TIMES:
[ 7909  8005 12124  7354  5311 18146  6018  3726  6235 11468  5370 12761
 11517  3692  5451  7367  6041 19865  6472 20416  9961  4091  5930 17287
  7340  6172 11054  6069 12581 30161  7427]
[ 8920 18047  9780  8093  4929 11936  5886 96170  8265  8926 16627  7291
 11213  4643  7335  6738  7205 26586  6846  5001 29307  5188  5156 13079
  5881  6551 11116  6604 10138  5038  8614]
[ 14074   6354  12533  11059   5455  22261   6330   3295   6808   6932
   5053   6655   9560   4305   7565   6710   5080  22556   8649   5559
   5892   6692   4569  18147   7178   5641   7923  11054   8824 248379
   7756]
[ 9224  7022 20317  6576  3924 14180 11956  3107  6750  7554  5405  6101
 15470  3478  7489 12094  9141 15267  8138  9034 10132  4799  4733 12807
  7695  6120  6336  6346 12721 15942  6775]
[ 6788  7360 18338  7271  6723  7720  5259  3638  5221  7143  5561  5540
  8189  6534  6756  8390  5700 36340  6170  5480  7338  4816  5831 11241
  7185  8731  6074  7657  8983  6051  6421]
[  5681   7307  11773   7676   4185   6913   5997  39965   6764   4990
  14297   9165   7183   3728   7046  17956   8011  67932   9767   6497
   5920   5566 104825  11606   8218   7571  10375   5867  75974   9048
   7205]
[10296 43350 21482  6779  4679  8814  7214  6443  4876  4847  6837  7202
  5950  4097  6609  5157  7972 40983  6388  5750  5544  5581  8056 16531
  6811 15619  7982  5314  8079 18169  5065]
[30149  6245 35409 12317  4486  9354  4877 13588  6298 12181 16020  6275
  6136  5193 22117  8706  6250 11801  8533  8709  5593  4595 12673 14527
 15251  8101  6764 15247  6133  5652 21622]
MEAN:
[ 9784.548 12487.387 16414.452  8923.645  8079.    16290.581 10273.419
 11316.194]

###############
#DEVICE COUNTS#
###############

Desktop: 14
Laptop: 17
Tablet: 0
Smart phone: 0
Other device: 0

##################
#AGE GROUP COUNTS#
##################

18 - 24: 0
25 - 31: 5
32 - 38: 16
39 - 45: 5
46 - 52: 3
53 - 59: 1
60 and above: 1

################
#NETWORK COUNTS#
################

WiFi: 18
Cable network: 10
Cellular network: 3
Other: 0

###########
#REASONING#
###########

A1UM7U8DA3RMA9: Watching videos with frequent low resolution and pause issue will be annoying and disturbing thing  . Experiment guidelines are clear.
AJZBAP861F6X1: No confusion. Clear in job. Bad quality sometimes makes irritation in watching sports interesting.
A3SKQPPOKCZU88: In this test video there is not much of video pause effect. But resolution dimming is a big problem for eyes.
A1L8RL58MYU4NC: The Quality damages blur and slag annoyed me a lot no one will like this kind of annoying clips. The Guidelines for this experiment is very clear. Attention check and grading doesn't confused me
A219VCQZADQ45W: BRIEF PAUSE, OR A LITTLE BLURRY CAN BE ANNOYING ESPECIALLY IF IT IS RIGHT BEFORE A GOAL OR JUMPING OFF A CLIFF
A3N5RTXKN4I723: resolution decrease
A2BO8M77CS3SGZ: Poor quality at important times are very annoying to watch. However if the quality is poor at times when the game is not in play then its fine. The guidelines for the study is pretty clear.
A31Z5TPD8QKE26: when it panned to the crowd during the blurry part, it didn't matter as much.
A1IU5OP7BBZHZ7: got struck in between videos makes loose patience, Blurring for very few seconds makes no difference from the good one
A38NFX88VZDMJ3: It was better when low quality were not during action sequences.
A122E99M2DQY1G: resolution decrease
A1NOINYD1FZ55T: During the videos found blurry some seconds.
A30YUELTPFSF0T: Quality of the video was affected by resolution and it was not pause.
A3169N2SCN3ENK: The quality makes me lose focus on what I am watching and it takes away from my concentration.  The experiment guideline is clear.  I am not confused about the grading.
A6DX45U3O1CR: resolution decrease
A3B67I3A0YR2D: Video resolution decrease
AH22ILXQFI4R2: resolution decrease
A272A0JGRTBFCR:  http://ec2-54-189-36-205.us-west-2.compute.amazonaws.com:3008/ 
A3UM3RQRAL4DP5: resolution decrease
A1NH9LK567B862: The quality affects when it starts blurred. The guideline is so clear and there is no confusion while grading the video
A3G5IPGLH1IIZN: this was a very annoying and jittery video to begin with.
A1IHI23KH87K5W: retake of HIT: 3AJA9FLWSCB76TVTFFN3TQ66Z5BFI6
A2QD9PJUKW7PKK: i had given rating first 5 test videos poor as there is low quality. Have some doubt in last test video. i had watched training video again as i think there is minor video quality issue. That's why given good rating for last video and there was no pause in any video
A3P2WQO8VESWF2: I think slight decrease in extra resollution does not affect viewing experience much. But it depends on the time period for which it occurs, the points at which it occurs and also the extent. Otherwise it is tolerable. The ratings were given based on it. The experiment guide lines, grading and attention check were clear.
ARTQWWNFA7IOD: Noticed extra resolution decreased when compared with excellent grade reference
A1S34BUFNQ33SQ: I have noticed very slightly blurs in all the videos, But those blurs does not effect any video viewings. Moreover I didn't see any specific pauses in the videos 
A11SX02CICZN85: It just affect my eagerness to watch the clip. The guidelines for this HIT is very clear as always. I haven't confused in grading
A3QS7M912JGKFD: i noticed extra resolution was decreased, your guideline is very clear
A4T7PYGN1BE2P: Guideline is clear.. and it is annoying when video quality decreased.
ASWZO1WY1UHEP: Attention checks was clear and instruction was understandable. I can clearly find the damage or quality of the video. Video quality was very bad. Already videos are shaked, I had some disturbance to watch the video. All videos, resolution was decreased.
AVPD36WUJKJFS: Video getting pause or low resolution will be irritating, and I use to get breaking/throwing things near to me when watching online live streaming of sports; this experiment guideline is clear and not confused about the grading or the attention check. Thank You.
