LOG OF original_videos_Sports_720P_Sports_720P-3072_2_100k_90 SURVEY RESULTS

########
#GRADES#
########

RAW GRADES:
[5 5 5 5 5 5 5 5 5 5 5 5 5 5 5 5 5 5 5 5 5 5 5 5 5 5 5 5 5 5 5 5]
[1 1 1 1 1 1 1 1 1 1 1 1 1 1 1 1 1 1 1 1 1 1 1 1 1 1 1 1 1 1 1 1]
[1 2 1 1 1 1 1 1 1 1 1 2 1 1 1 1 1 1 1 1 1 1 1 1 2 1 1 2 1 1 1 3]
[1 2 1 1 1 1 1 1 1 1 1 1 1 1 1 1 1 1 1 1 3 1 1 1 1 1 1 2 1 1 1 3]
[1 2 1 1 1 1 1 1 1 1 1 1 1 1 1 1 1 1 1 1 3 2 1 1 1 2 1 2 1 1 1 3]
[1 2 1 1 1 1 1 1 1 1 1 1 1 1 1 1 1 1 1 1 2 2 1 1 1 1 1 2 1 1 1 3]
[1 2 1 1 1 1 1 2 1 2 1 1 1 1 1 1 1 1 1 1 1 1 1 1 1 1 1 1 1 1 1 2]
[1 2 1 1 1 1 1 2 1 3 1 1 1 1 1 1 1 1 1 1 4 1 1 1 1 2 1 2 1 1 1 3]
MEAN:
[5.    1.    1.188 1.188 1.25  1.188 1.125 1.344]
STANDARD ERROR:
[0.    0.    0.082 0.093 0.099 0.082 0.058 0.13 ]

STANDARDIZED GRADES:
[2.646 2.524 2.646 2.646 2.646 2.646 2.646 2.502 2.646 2.292 2.646 2.563
 2.646 2.646 2.646 2.646 2.646 2.646 2.646 2.646 1.768 2.502 2.646 2.646
 2.563 2.502 2.646 2.466 2.646 2.646 2.646 2.018]
[-0.378 -1.147 -0.378 -0.378 -0.378 -0.378 -0.378 -0.577 -0.378 -0.642
 -0.378 -0.475 -0.378 -0.378 -0.378 -0.378 -0.378 -0.378 -0.378 -0.378
 -1.061 -0.577 -0.378 -0.378 -0.475 -0.577 -0.378 -0.965 -0.378 -0.378
 -0.378 -1.78 ]
[-0.378 -0.229 -0.378 -0.378 -0.378 -0.378 -0.378 -0.577 -0.378 -0.642
 -0.378  0.285 -0.378 -0.378 -0.378 -0.378 -0.378 -0.378 -0.378 -0.378
 -1.061 -0.577 -0.378 -0.378  0.285 -0.577 -0.378 -0.107 -0.378 -0.378
 -0.378  0.119]
[-0.378 -0.229 -0.378 -0.378 -0.378 -0.378 -0.378 -0.577 -0.378 -0.642
 -0.378 -0.475 -0.378 -0.378 -0.378 -0.378 -0.378 -0.378 -0.378 -0.378
  0.354 -0.577 -0.378 -0.378 -0.475 -0.577 -0.378 -0.107 -0.378 -0.378
 -0.378  0.119]
[-0.378 -0.229 -0.378 -0.378 -0.378 -0.378 -0.378 -0.577 -0.378 -0.642
 -0.378 -0.475 -0.378 -0.378 -0.378 -0.378 -0.378 -0.378 -0.378 -0.378
  0.354  0.192 -0.378 -0.378 -0.475  0.192 -0.378 -0.107 -0.378 -0.378
 -0.378  0.119]
[-0.378 -0.229 -0.378 -0.378 -0.378 -0.378 -0.378 -0.577 -0.378 -0.642
 -0.378 -0.475 -0.378 -0.378 -0.378 -0.378 -0.378 -0.378 -0.378 -0.378
 -0.354  0.192 -0.378 -0.378 -0.475 -0.577 -0.378 -0.107 -0.378 -0.378
 -0.378  0.119]
[-0.378 -0.229 -0.378 -0.378 -0.378 -0.378 -0.378  0.192 -0.378  0.092
 -0.378 -0.475 -0.378 -0.378 -0.378 -0.378 -0.378 -0.378 -0.378 -0.378
 -1.061 -0.577 -0.378 -0.378 -0.475 -0.577 -0.378 -0.965 -0.378 -0.378
 -0.378 -0.831]
[-0.378 -0.229 -0.378 -0.378 -0.378 -0.378 -0.378  0.192 -0.378  0.825
 -0.378 -0.475 -0.378 -0.378 -0.378 -0.378 -0.378 -0.378 -0.378 -0.378
  1.061 -0.577 -0.378 -0.378 -0.475  0.192 -0.378 -0.107 -0.378 -0.378
 -0.378  0.119]
MEAN:
[ 2.56  -0.518 -0.356 -0.359 -0.311 -0.357 -0.413 -0.243]
STANDARD ERROR:
[0.034 0.054 0.043 0.032 0.038 0.028 0.04  0.062]

#############
#VIDEO ORDER#
#############

RAW ORDERS:
[1 2 5 7 8 3 6 4]
[1 2 3 6 7 8 5 4]
[1 2 4 3 6 8 5 7]
[1 2 3 4 8 7 6 5]
[1 2 8 3 4 6 5 7]
[1 2 6 4 8 5 7 3]
[1 2 5 3 6 8 7 4]
[1 2 7 4 8 5 6 3]
[1 2 4 8 6 3 5 7]
[1 2 7 3 4 8 5 6]
[1 2 3 6 8 4 7 5]
[1 2 5 8 4 3 6 7]
[1 2 3 8 6 5 7 4]
[1 2 4 7 3 6 8 5]
[1 2 8 7 6 5 3 4]
[1 2 5 7 3 4 6 8]
[1 2 8 5 4 7 3 6]
[1 2 6 7 3 4 5 8]
[1 2 4 7 5 8 6 3]
[1 2 4 8 5 3 6 7]
[1 2 7 3 5 6 4 8]
[1 2 8 7 6 4 5 3]
[1 2 7 6 8 5 4 3]
[1 2 4 6 5 7 3 8]
[1 2 6 5 7 3 4 8]
[1 2 6 7 5 8 4 3]
[1 2 8 7 3 5 4 6]
[1 2 5 8 4 3 6 7]
[1 2 4 7 5 6 8 3]
[1 2 8 7 3 4 6 5]
[1 2 8 6 5 4 7 3]
[1 2 5 4 8 3 7 6]

#################
#VIDEO VIEW TIME#
#################

RAW TIMES:
[ 58138  44751  63082  41009  56386  54657  43956  36727  60410 104299
 109280  71332  92100  57905  49704  43799  68331  47500  46392  91152
  46922  48096  65937  41297  33052  75499  29729  49165  52371  62702
  38708  65555]
[28531 39694 43225 35006 39915 41396 26409 27644 36264 44714 36994 38003
 34830 44783 32740 30025 45742 38055 35337 39650 28736 32449 31801 29339
 27012 56546 19737 35667 40634 50455 31409 37170]
[ 28393  45895  43527  42512  37924  41789  21592  31757  32932  69923
  34187  35799  42011  86544  36322  30260  42361  35310  37403 160006
  29851  30800  29969  32247  32134  62221  21109  55650  40977  41161
  12684  41084]
[29115 34580 60016 55710 32430 46376 27812 27522 34025 54632 39660 47842
 60710 73443 33045 31695 43058 35603 38824 34501 27276 32890 39428 56611
 27403 48629 31389 61231 40400 42170 12852 38072]
[ 28062  37176  37951  43602  33699  33490  15441  27894  32929 115660
  34586  37122  80987  91309  37835  33569  45801  40450  38060  46799
  30540  44335  42456  30211  30886  49391  25742  40723  44372  40728
  16849  38828]
[29145 44965 36176 37764 40353 72473 27301 27285 34546 70395 37812 35481
 45834 44135 34256 31640 47620 43050 38479 40060 27830 30714 33183 30335
 28795 44503 35617 58929 40481 39868 57067 62760]
[29246 38696 39215 35508 36446 42768 67718 28598 35510 99839 33439 35958
 35775 34378 33026 32294 41510 44129 33120 36745 30306 29134 32246 29244
 30922 47276 31363 38282 38897 51732 26852 36766]
[27548 36040 38453 35801 39246 43771 29920 28044 34795 66250 37566 36083
 36007 49891 33176 30048 47700 50241 36036 39033 30120 31662 40754 29858
 28185 43092 36968 41402 43162 35976 34337 42707]
MEAN:
[57810.719 36247.25  42697.938 40592.188 41483.844 40901.625 38654.312
 37933.5  ]

#################
#GRADE VIEW TIME#
#################

RAW TIMES:
[31287  6680  6726  6790  6105  9348  6170  3284  8236  7623 20475  8928
 10203  6535  6553  7305  7516  7886  5524  6967 14480  5349 16946  5857
  4043 13621  6342 12806 11046 16083  4799  7593]
[  6070  11071   8054   4687   9162  23311   4903 359716   6097   8388
   6476   6759  10598   9572   6989   7315   8070   8212   5853  11892
   6215   6024   7162   6287   4598  11079   6622   9640   7743   6377
   4807  11003]
[ 4144  8099 11656  8984  9003 12820  5361  2875  5270  5589  7714  9493
  8346  3555  5733 12378  7499  7886  5845  5269  6438  4899  6701  5807
  4621 10166  6965  8841  8824  6414  5319 12669]
[ 4261  6281  8968  4920  5965  8906  6203  3430 19836  5189  5558  6090
 14577 28275  6317  8078  8200  9259  8057 13496  5488  6005 10585  9076
  4479 11982 11902  8727  8667 11357  5533 27493]
[  8176   7346   6733   4305   6790   9120   6626   3164   5564 119213
   7751   6358  12117   3682   6186  18620   8572   7850   9791   4866
   6323   5071   3800   5088   8158  11600   6017  13329   6972   7888
   4881  25809]
[ 3947  5760  6730  5766  6170 44952 10795  4157  4981  6095  9047  4751
  9248  8792  5906  6449  7511  9494  5829  5160  5445  4299  6774  6333
  9823 12112  7915  7810  6573  9886  5301  7438]
[ 4892  5744  7150  4908 10999 10044  6388  4358  5643 12785  5714  9446
  7279  5140  5836  6261  7419  9691  6266  6411 90478  5485 12246  5600
  8431  9718  7296 18726  6175  6525  5156  6879]
[ 4527  5792  8259  4536  8420  8773  6209 14665  4978 16631  5761  5309
 23860 10667  6771  5985 10680  9742 20410  5725  5963  6440  4034  9478
  4671 10118  9314  8243  7082  9960  9352  7615]
MEAN:
[ 9347.062 19086.     7349.469  9473.75  11492.688  8164.031 10159.031
  8749.062]

###############
#DEVICE COUNTS#
###############

Desktop: 15
Laptop: 17
Tablet: 0
Smart phone: 0
Other device: 0

##################
#AGE GROUP COUNTS#
##################

18 - 24: 0
25 - 31: 5
32 - 38: 16
39 - 45: 7
46 - 52: 2
53 - 59: 2
60 and above: 0

################
#NETWORK COUNTS#
################

WiFi: 18
Cable network: 10
Cellular network: 3
Other: 1

###########
#REASONING#
###########

A2H8GNSEVUJXYL: it's so action packed it all needs to be good resolution. even the crowd shot. 
A1UM7U8DA3RMA9: Watching videos with frequent low resolution and pause issue will be annoying and disturbing thing  . Experiment guidelines are clear.
AJZBAP861F6X1: Very interesting Survey. Video got Paused and resolution decreased  affects the video watching experience.
A8FUMDQFBKMXR: too blurry during the action.  pauses in the middle too.
A1L8RL58MYU4NC: The Quality damages blur and slag annoyed me a lot no one will like this kind of annoying clips. The Guidelines for this experiment is very clear. Attention check and grading doesn't confused me
A3N5RTXKN4I723: resolution decrease and video pause for more than 1 second
A2BO8M77CS3SGZ: Poor quality at important times are very annoying to watch. However if the quality is poor at times when the game is not in play then its fine. The guidelines for the study is pretty clear.
A31Z5TPD8QKE26: When it was blurry and frozen during a moment that was not important, I didn't mind the damage as much.
A1IU5OP7BBZHZ7: It annoys me when it get struck
A38NFX88VZDMJ3: It is worse when it happens at key moments 
A122E99M2DQY1G: found all videos pause and resolution decrease 
A70L26UXLTGLC: All the test videos were bad with both a pause and blur, the timing of the one I rated poor determined the rating.
A30YUELTPFSF0T: Quality of video was affected by both Resolution and Pause
A3169N2SCN3ENK: The quality makes me lose focus on what I am watching and it takes away from my concentration.  The experiment guideline is clear.  I am not confused about the grading.
A6DX45U3O1CR: found both resolution decrease and video pause for more than one second
A3B67I3A0YR2D:  found both bad resolution and video pause
AH22ILXQFI4R2: resolution decrease and video pause for more than 1 second.
A272A0JGRTBFCR: Thanks for your ​OUTSTANDING HITS and i would thank you for giving me the chance to participate and you are helping make me better.
A3UM3RQRAL4DP5: both video pausing and video resolution decrease
A1NH9LK567B862: The video quality damaged at each and every video. It just blurred and paused for a second. The experiment guide is so clear which helps in grading the videos without any confusions.
A3G5IPGLH1IIZN: this was a very annoying and jittery video to begin with.
A1IHI23KH87K5W: Pause followed by bad blur is about as bad as it gets :(
A2YHSU2IJZ9J14: More grading examples will be helpful.
A2QD9PJUKW7PKK: video resolution was too low in every video for 3 sec maybe and there is paused for 2 sec in every video.
A3O7X46E3REM7I: It makes the viewing experience annoying. Everything was clear.
A3P2WQO8VESWF2: I feel that the viewing experience is affected adversely by two factors. The time point at which low resolution or video pause occurs and also the time extent for which these subsist. In these videos both these issues are there and most of them are rated as bad. Experiment guidelines and attention checks were quite clear.
ARTQWWNFA7IOD: In test videos observed quality damage due to resolution decreased and pause more than 1 sec.
A1S34BUFNQ33SQ: I found pauses and blurs in all the videos. But in some videos the pause/blurs occur before and after the Wrestlers fight or play each other, which makes more annoying.
A11SX02CICZN85: It just affect my eagerness to watch the clip. The guidelines for this HIT is very clear as always. I haven't confused in grading
A3QS7M912JGKFD: video paused and resolution got decreased, guideline is very clear
ASWZO1WY1UHEP: Attention checks was clear and instruction was understandable. I can clearly find the damage or quality of the video. Video quality was very bad. Already videos are shaked, I had some disturbance to watch the video. All videos, resolution was decreased and paused more than 1 second.
AVPD36WUJKJFS: Video getting pause or low resolution will be irritating, and I use to get breaking/throwing things near to me when watching online live streaming of sports; this experiment guideline is clear and not confused about the grading or the attention check. Thank You.
