LOG OF original_videos_Sports_360P_Sports_360P-50fd_2_1000k_360 SURVEY RESULTS

########
#GRADES#
########

RAW GRADES:
[5 5 5 5 5 5 5 5 5 5 5 5 5 5 5 5 5 5 5 5 5 5 5 5 5 5 5 5 5 5 5 5 5]
[1 1 1 1 1 1 1 1 1 1 1 1 1 1 1 1 1 1 1 1 1 1 1 1 1 1 1 1 1 1 1 1 1]
[1 4 2 1 1 2 2 3 2 1 3 4 1 1 1 1 1 3 3 1 4 4 4 4 2 1 4 2 4 2 3 3 3]
[1 4 2 1 2 2 2 3 3 1 3 4 1 1 1 1 1 3 3 1 4 3 3 4 2 2 4 2 4 2 3 3 4]
[1 3 2 1 2 1 2 2 2 1 4 2 1 1 1 1 1 3 2 1 4 3 2 4 2 1 3 2 4 2 3 3 3]
[1 3 2 1 2 1 2 3 3 1 3 3 1 1 1 1 1 3 2 1 4 3 4 4 2 2 3 2 4 2 3 3 4]
[1 3 2 1 2 2 2 4 3 1 3 3 1 1 1 1 1 3 3 1 4 4 4 4 2 1 4 2 4 2 3 3 3]
MEAN:
[5.    1.    2.364 2.424 2.121 2.303 2.394]
STANDARD ERROR:
[0.    0.    0.205 0.192 0.175 0.184 0.196]

STANDARDIZED GRADES:
[2.449 1.477 2.339 2.449 2.294 2.291 2.339 1.673 1.969 2.449 1.651 1.491
 2.449 2.449 2.449 2.449 2.449 1.871 1.969 2.449 1.108 1.477 1.342 1.108
 2.339 2.319 1.334 2.339 1.108 2.339 1.871 1.871 1.477]
[-0.408 -1.969 -1.108 -0.408 -0.918 -0.764 -1.108 -1.673 -1.477 -0.408
 -1.905 -1.721 -0.408 -0.408 -0.408 -0.408 -0.408 -1.871 -1.477 -0.408
 -2.339 -1.969 -1.789 -2.339 -1.108 -0.632 -2.062 -1.108 -2.339 -1.108
 -1.871 -1.871 -1.969]
[-0.408  0.615 -0.246 -0.408 -0.918  0.    -0.246  0.    -0.615 -0.408
 -0.127  0.688 -0.408 -0.408 -0.408 -0.408 -0.408  0.     0.246 -0.408
  0.246  0.615  0.559  0.246 -0.246 -0.632  0.485 -0.246  0.246 -0.246
  0.     0.    -0.246]
[-0.408  0.615 -0.246 -0.408 -0.115  0.    -0.246  0.     0.246 -0.408
 -0.127  0.688 -0.408 -0.408 -0.408 -0.408 -0.408  0.     0.246 -0.408
  0.246 -0.246 -0.224  0.246 -0.246  0.105  0.485 -0.246  0.246 -0.246
  0.     0.     0.615]
[-0.408 -0.246 -0.246 -0.408 -0.115 -0.764 -0.246 -0.837 -0.615 -0.408
  0.762 -0.918 -0.408 -0.408 -0.408 -0.408 -0.408  0.    -0.615 -0.408
  0.246 -0.246 -1.006  0.246 -0.246 -0.632 -0.364 -0.246  0.246 -0.246
  0.     0.    -0.246]
[-0.408 -0.246 -0.246 -0.408 -0.115 -0.764 -0.246  0.     0.246 -0.408
 -0.127 -0.115 -0.408 -0.408 -0.408 -0.408 -0.408  0.    -0.615 -0.408
  0.246 -0.246  0.559  0.246 -0.246  0.105 -0.364 -0.246  0.246 -0.246
  0.     0.     0.615]
[-0.408 -0.246 -0.246 -0.408 -0.115  0.    -0.246  0.837  0.246 -0.408
 -0.127 -0.115 -0.408 -0.408 -0.408 -0.408 -0.408  0.     0.246 -0.408
  0.246  0.615  0.559  0.246 -0.246 -0.632  0.485 -0.246  0.246 -0.246
  0.     0.    -0.246]
MEAN:
[ 1.983 -1.278 -0.106 -0.057 -0.303 -0.159 -0.081]
STANDARD ERROR:
[0.082 0.119 0.069 0.058 0.062 0.054 0.061]

#############
#VIDEO ORDER#
#############

RAW ORDERS:
[1 2 4 5 6 3 7]
[1 2 3 4 5 7 6]
[1 2 5 6 4 7 3]
[1 2 6 4 7 5 3]
[1 2 5 3 6 7 4]
[1 2 6 4 7 3 5]
[1 2 3 4 5 7 6]
[1 2 3 4 7 6 5]
[1 2 3 5 6 4 7]
[1 2 4 7 3 6 5]
[1 2 5 7 3 4 6]
[1 2 6 3 4 7 5]
[1 2 7 5 6 4 3]
[1 2 4 7 6 3 5]
[1 2 7 3 6 4 5]
[1 2 4 5 7 6 3]
[1 2 6 5 7 4 3]
[1 2 7 3 5 4 6]
[1 2 3 4 7 6 5]
[1 2 4 5 6 3 7]
[1 2 3 5 6 7 4]
[1 2 3 5 7 6 4]
[1 2 7 5 3 4 6]
[1 2 6 4 5 3 7]
[1 2 3 5 4 6 7]
[1 2 3 4 6 7 5]
[1 2 4 7 3 6 5]
[1 2 4 6 7 3 5]
[1 2 4 3 5 7 6]
[1 2 3 5 6 4 7]
[1 2 4 3 5 6 7]
[1 2 6 3 7 5 4]
[1 2 4 6 3 7 5]

#################
#VIDEO VIEW TIME#
#################

RAW TIMES:
[ 42814  72002  51910  98277 113387 116036  55568  69337  14254  88363
  20400  89305  92553  53786  50650 101636  47732 146396  53005  55497
 173272 280648  40753  39772  37847  85578  82122  29912  56437  52329
  53931  53413 108408]
[27271 60081 36630 40100 76619 38536 32944 36206  5752 47981 10801 54598
 43532 37400 38555 39682 34295 49372 25533 39588 50686 32031 29374 31651
 27239 69208 45560 18461 52413 71520 36205 42455 61565]
[ 27386  62986  39715  45320 120844  36182  37087  36272  25396  41401
  22801  56654  50281  36526  32062  37419  36120  39322  31955  35331
 108216  53188  32454  32964  27013  59678  45760  26737  35782  47313
  38060  47680  78152]
[ 28391  90730  66731 112024  97555  33292  32259  39950  25251  41309
  32302  39928  82019  35202  30533  63061  34473  48871  43558  54757
  56394  47379  29491  54299  39065  44699  50281  24856  53904  44387
  38015  33334  63483]
[ 27817  61834  60597  36753 175166  37238  32406  68890  25097 128772
  54456  40068  46289  35667  30534  34771  33064  43464  25697  34321
 129768  68692  29150  29709  38731  32404  44509  26150  35855  48218
  34754  36199  64259]
[28261 70058 38090 39595 85779 59563 53477 35961 25191 44952 25805 42421
 41256 33678 30929 35415 36653 38666 27309 49092 58109 55233 32420 29557
 26739 66398 47801 31358 40768 46092 36744 81864 63608]
[29878 64548 46280 37572 87649 45873 33245 39730 25055 41402 98102 40605
 43066 37747 67308 35391 44096 74380 50721 38531 55709 49462 29593 30878
 42644 63112 51091 32544 34323 42458 35551 36790 63854]
MEAN:
[76585.758 40722.545 44971.424 48841.909 50039.364 44207.333 46945.091]

#################
#GRADE VIEW TIME#
#################

RAW TIMES:
[ 8528 10192  7384 11474  7275  4492  4868  4673 17906 24108  3024  4994
  4415  6048  6394  6369  7735 15283  4590  9019  5980 24482  6450  4547
 10379  5991 22196  8036 12550  6992  7770  5118  8899]
[ 6315  9802  9867 16492 10149  3593  4947  5333  3867  7355  3045  6077
  6916  5333  5855  7119  9396  8769  7939 19543  6628 21441  6353  8027
  4555  5994 16079  6614  8196 12979  8011  6825 11534]
[ 6140 16211  5975 13696  7954  8185 22460 11596  8099 16679  5319  7122
  4710  5049  5568  9497  9087 11282  8153  6329  9083 25741  5147  7059
  9663  7960 10644  6781  8688 23756 17420 36585 11490]
[10699  8947  8397  7664  5751  5447  5161  5103  6147 12539  6283 14316
  5136  7404 19570 15940  9090  8088  5763  8419  6735  8085  4657  5911
  5340  7358 15913  9028 20271  8913 13473  5619 12567]
[ 7794  8221 10709 17131  8033  3748  4747  6934  9392 22240  6589  6423
  9701  5756  7462 18982  6150  8505  3814  8042  7070 15331  6700  6923
  4550  7691 12773  6358  6508  6541  8389 15708 10739]
[  6121  10298  11223 198191   7538  13053   5057   5710   6070   7986
   4576   7979   9862   5034   6650   9330   9282   8861   7045   6663
   7876  30082   4382   7456   5080  64974  11034   6869   8390   5871
  15366  36171  11329]
[ 5268  8469  8361 11214  8433  7155  5021  5909  5779 18549  9805  6962
 10966  6347 10515 10241  9667  9903  6359  6744  6628 20984  6475  8461
  4526 29418 11367  7878  5627 17322  7726  7340  9222]
MEAN:
[ 9035.182  8513.576 11185.697  9082.848  8959.212 17012.394  9534.576]

###############
#DEVICE COUNTS#
###############

Desktop: 14
Laptop: 19
Tablet: 0
Smart phone: 0
Other device: 0

##################
#AGE GROUP COUNTS#
##################

18 - 24: 1
25 - 31: 6
32 - 38: 17
39 - 45: 5
46 - 52: 2
53 - 59: 2
60 and above: 0

################
#NETWORK COUNTS#
################

WiFi: 17
Cable network: 14
Cellular network: 2
Other: 0

###########
#REASONING#
###########

A2H8GNSEVUJXYL: it interrupts my anticipation and affects my concentration
A1UM7U8DA3RMA9: Watching videos with low resolution and pause issue will be annoying and disturbing. The Annoying rate % is according to the timing where the video got disturbed. Experiment guidelines are clear.
A1L8RL58MYU4NC: The Quality damage slag annoyed me a lot no one will like this kind of annoying clips. The Guidelines for this experiment is very clear. Attention check and grading doesn't confused me
A3N5RTXKN4I723: resolution decrease and video pause for more than 1 second
A2BO8M77CS3SGZ: Poor quality at important times are very annoying to watch.
A31Z5TPD8QKE26: The stalling was the worst when it was clearly in the middle of the mascot taking the shot.
A1IU5OP7BBZHZ7: got struck in between videos makes loose patience, Blurring for very few seconds makes no difference from the good one
A38NFX88VZDMJ3: If the pause wasn't in the middle of an action.
A1F1BIPJR11LSR: If the quality damage happenes during a low action time in the game it is not as impactful if it is at a high point.
A122E99M2DQY1G: Video pause more than 1 second
A3PGUPNMOU5BPW: 7/7 is probably the least annoying because the pause happens after the action. They are all watchable. The pauses don't bother me much here.
A70L26UXLTGLC: I answered with the one poor because it was right at the beginning of the take off, the best action in the video. The other ratings were all intuitive.
A3169N2SCN3ENK: The quality makes me lose focus on what I am watching and it takes away from my concentration.  The experiment guideline is clear.  I am not confused about the grading.
A6DX45U3O1CR: video pause for more than one second
A3B67I3A0YR2D: video pause for more than 1 second
AH22ILXQFI4R2: video pause for more than 1 second
A1NJ6Q940T7HEB: Found both resolution decrease and video pause
A272A0JGRTBFCR: Thanks for your ​OUTSTANDING HITS and i would thank you for giving me the chance to participate and you are helping make me better.
A3OLRWACCCCUTU: When it stopped with just the kids in focus it was just a bit annoying, but if it stopped when the mascot was in motion, it was moreso.  The stops alone without any resolution issues isn't as bad as the combination, and these videos had pauses only.
A3UM3RQRAL4DP5: both video pausing and video resolution decrease
A1NH9LK567B862: The quality affects when it starts lagging. The guidelines are so clear and there is no confusion while grading the video
A18LFH7XW61JO9: Experiment guideline is clear and I was not confused about the grading or the attention check. Quality damage at different moments affected my viewing experience differently.
A1IHI23KH87K5W: Just pot luck really. If the pause happens at any time except when the mascot is jumping, it's not annoying
A2QD9PJUKW7PKK: video resolution was same just 2 sec video paused was there in every video. experiment guideline is clear.
A3O7X46E3REM7I: It makes the viewing experience annoying. Everything was clear.
A3N5P5VO81FIJ6: a little
A3P2WQO8VESWF2: In these video clips the important and exciting part is the process of jumping. If at that time quality damage of video pause occurs it is frustrating. At other moments the video pauses of 1 second are quite tolerable. The experiment guide lines, grading and attention checks are crystal clear.
ARTQWWNFA7IOD: Observed the Quality Damages due to video pause more than 1 second.
A1S34BUFNQ33SQ: As per my observation, All of the video's quality is good and no blurs, But all the video's paused in between different time frames, One of the video is paused at the time of jumping .
A11SX02CICZN85: It just affect my eagerness to watch the clip. The guidelines for this HIT is very clear as always. I haven't confused in grading
A3QS7M912JGKFD: video paused, rest ok
ASWZO1WY1UHEP: I can't confuse attention checks and instruction was clear. I can clearly find the damage or quality of the video. It was slightly annoying. More than 1 second paused for all videos.
AVPD36WUJKJFS: Video getting pause or low resolution will be irritating, missing a 1 second video on a thrilling moment will break my heart, The experiment guideline is clear and not confused about the grading or the attention check. Thank You.
