LOG OF original_videos_Sports_360P_Sports_360P-50fd_0_100k_90 SURVEY RESULTS

########
#GRADES#
########

RAW GRADES:
[5 5 5 5 5 5 5 5 5 5 5 5 5 5 5 5 5 5 5 5 5 5 5 5 5 5 5 5 5 5 5 5]
[1 1 1 1 1 1 1 1 1 1 1 1 1 1 1 1 1 1 1 1 1 1 1 1 1 1 1 1 1 1 1 1]
[3 2 2 3 1 1 2 2 2 1 4 2 1 1 1 1 3 2 1 4 4 4 1 3 1 2 2 2 3 4 3 3]
[3 2 3 3 1 1 1 2 2 1 3 2 1 1 1 1 3 2 1 4 2 3 1 2 1 2 2 2 2 3 2 3]
[2 2 2 3 1 1 1 2 2 1 3 2 1 1 1 1 2 1 1 4 2 2 1 1 1 1 2 2 2 3 3 3]
[3 2 2 3 1 1 2 2 2 1 4 2 1 1 1 1 3 2 1 4 4 4 1 3 1 2 2 2 2 3 3 3]
[3 2 2 3 1 2 2 2 3 1 3 2 1 1 1 1 5 1 1 4 3 4 1 3 1 3 2 2 2 4 4 3]
MEAN:
[5.    1.    2.219 1.969 1.781 2.156 2.281]
STANDARD ERROR:
[0.    0.    0.186 0.15  0.145 0.177 0.199]

STANDARDIZED GRADES:
[1.905 2.339 2.183 1.871 2.449 2.372 2.291 2.339 2.183 2.449 1.477 2.339
 2.449 2.449 2.449 2.449 1.37  2.291 2.449 1.108 1.528 1.342 2.449 1.877
 2.449 2.124 2.339 2.339 2.183 1.477 1.673 1.871]
[-1.651 -1.108 -1.213 -1.871 -0.408 -0.516 -0.764 -1.108 -1.213 -0.408
 -1.969 -1.108 -0.408 -0.408 -0.408 -0.408 -1.581 -0.764 -0.408 -2.339
 -1.528 -1.789 -0.408 -1.215 -0.408 -1.006 -1.108 -1.108 -1.213 -1.969
 -1.673 -1.871]
[ 0.127 -0.246 -0.364  0.    -0.408 -0.516  0.    -0.246 -0.364 -0.408
  0.615 -0.246 -0.408 -0.408 -0.408 -0.408 -0.105  0.    -0.408  0.246
  0.764  0.559 -0.408  0.331 -0.408 -0.224 -0.246 -0.246  0.485  0.615
  0.     0.   ]
[ 0.127 -0.246  0.485  0.    -0.408 -0.516 -0.764 -0.246 -0.364 -0.408
 -0.246 -0.246 -0.408 -0.408 -0.408 -0.408 -0.105  0.    -0.408  0.246
 -0.764 -0.224 -0.408 -0.442 -0.408 -0.224 -0.246 -0.246 -0.364 -0.246
 -0.837  0.   ]
[-0.762 -0.246 -0.364  0.    -0.408 -0.516 -0.764 -0.246 -0.364 -0.408
 -0.246 -0.246 -0.408 -0.408 -0.408 -0.408 -0.843 -0.764 -0.408  0.246
 -0.764 -1.006 -0.408 -1.215 -0.408 -1.006 -0.246 -0.246 -0.364 -0.246
  0.     0.   ]
[ 0.127 -0.246 -0.364  0.    -0.408 -0.516  0.    -0.246 -0.364 -0.408
  0.615 -0.246 -0.408 -0.408 -0.408 -0.408 -0.105  0.    -0.408  0.246
  0.764  0.559 -0.408  0.331 -0.408 -0.224 -0.246 -0.246 -0.364 -0.246
  0.     0.   ]
[ 0.127 -0.246 -0.364  0.    -0.408  0.206  0.    -0.246  0.485 -0.408
 -0.246 -0.246 -0.408 -0.408 -0.408 -0.408  1.37  -0.764 -0.408  0.246
  0.     0.559 -0.408  0.331 -0.408  0.559 -0.246 -0.246 -0.364  0.615
  0.837  0.   ]
MEAN:
[ 2.09  -1.105 -0.085 -0.286 -0.434 -0.139 -0.041]
STANDARD ERROR:
[0.071 0.102 0.064 0.048 0.056 0.058 0.081]

#############
#VIDEO ORDER#
#############

RAW ORDERS:
[1 2 3 4 7 5 6]
[1 2 5 4 3 7 6]
[1 2 4 7 5 6 3]
[1 2 7 4 3 5 6]
[1 2 4 5 6 7 3]
[1 2 4 7 6 3 5]
[1 2 5 3 6 4 7]
[1 2 3 4 5 6 7]
[1 2 4 5 6 3 7]
[1 2 4 3 7 5 6]
[1 2 5 3 4 7 6]
[1 2 6 5 3 4 7]
[1 2 3 5 4 7 6]
[1 2 7 5 6 4 3]
[1 2 3 5 7 4 6]
[1 2 6 4 7 5 3]
[1 2 7 4 3 6 5]
[1 2 4 7 5 6 3]
[1 2 5 4 3 6 7]
[1 2 6 5 7 4 3]
[1 2 3 4 6 5 7]
[1 2 7 3 4 6 5]
[1 2 7 4 3 6 5]
[1 2 5 3 4 6 7]
[1 2 7 3 5 6 4]
[1 2 4 6 7 5 3]
[1 2 3 6 7 5 4]
[1 2 7 4 3 6 5]
[1 2 6 7 3 5 4]
[1 2 7 5 3 6 4]
[1 2 3 7 4 5 6]
[1 2 4 5 3 6 7]

#################
#VIDEO VIEW TIME#
#################

RAW TIMES:
[ 72502  35179  87356  43848  67140 215097 101612  55889  14430  97714
  15312  92746  64011  47275 121791  95339  80421  51067  59752 114462
  40645  42156  37543  60308  82181  85818  84002  39405  63217  44146
  62625  91661]
[ 60833  25841  53989  29219  52558 120522  38497  47948   6896  51627
  12396 124074  35018  33255  30948  51660  31343  27510  33308  48120
  53502  29079  32793  26465  48795  53269  37057  31679  52070  29476
  41276  63227]
[  60687   24000   53736   28258   41431 1126346   47248   33464   23236
   47133   24558  145239   45085   32739   73756   48098   28239   23215
   41617   37399   36715   36172   26062   36865   32390   55861   59530
   37729   51421   33718   40817   62121]
[ 59492  25226  46808  27723  62542 120498  27027  26934  22673  46960
  17519  96772  34526  32055  34825  56930  27530  27607  34161  68886
  32548  29736  27582  24780  31121  63388  42920  33302  44470  29841
  44337  65831]
[ 69271  23660  33302  27975  38999  73967  32717  30738  17834  59437
  23921 104729  40916  32255  28281  46674  26240  23259  56565  50649
  38599  28678  26126  24058  32931  48105  36589  29351  34817  34863
  42895  61266]
[ 58558  46289 186390  26385  32738  95189  29499  35461  23095  40369
  24554 118395  57946  32268  32171  65890  26787  24800  37037  55442
  82583  28677  28437  70548  31930  53412  31310  33293  33297  35062
  38589  71339]
[ 60400  60704  44775  27818  34113  91736  25845  28512  23344  36198
  23681 150772  37477  31138  32110  53940  27831  27562  43667  79929
  39939  28381  32831  25878  33689  46602  38694  33249  35133  43750
  39431  66595]
MEAN:
[70832.812 44195.312 77965.156 42704.688 39989.594 49616.875 43928.875]

#################
#GRADE VIEW TIME#
#################

RAW TIMES:
[ 8358  3065  8360  7282 23814  7472  3942 25060  6132 52355  2738 63818
  3755  6852  7870 15781 45802  5149  8080 16638 12235  7294  4801  3869
  5592 22622  7470  7315 30341  6791  6408 10107]
[ 9613  2338 14552  4622 11861 10389  3828  7253  3790 22267  2937 73880
  3697  5139  5334 22560 18374  4486  6791  5891 11765  4810  4521  4550
  7218 21450  6716 12338  8691  5460 20649 11508]
[20420  2398  7559  5755  6876  6343  4289  8681 12483  8866 10197 71473
  6389  5451 14652 24856 11613 11727  7011  6654 20390  6000  4739  8954
  5033 11420 19871  7099  6106  6968 11694 14937]
[ 13004   3193   9446   4601  12090   9270  18769   8084   7040  13604
   3704 115225   5848   4818   6149  30210  12121   5435   6221   5280
  12508   4627   4634   5091   6324  23640   6599   6857   7421   6476
  13575  17762]
[10477  6153  7026  4309  9228  7615 47599 10436  4060  6969  4752 90907
  4980  5304  5736 19521 10983  3507 12794 19020 21454  5291  5605  7307
  6256 19519  6905  5238 17567 64098  7274  9206]
[  9846   3324  21378 160892  13276   6260  12445  12260   6721  13858
   5979  74449   5246   5489   6663  22010   7820   3649   6053  14542
  12401   6610   4248   5734   6213  19644   9068   6010  28575   7696
   5861  12668]
[ 9562  2573  7696 76729  7399  5956  3975  7914  4445 13887  4547 15869
  4744  6789  6874 28300 24172  4744  5896  6686  8832  6738  8705  4894
  8046 15888  8085  8031 50561  9654  6183 11790]
MEAN:
[13974.    11227.438 11778.25  12800.812 14596.75  16777.75  12380.125]

###############
#DEVICE COUNTS#
###############

Desktop: 15
Laptop: 16
Tablet: 0
Smart phone: 1
Other device: 0

##################
#AGE GROUP COUNTS#
##################

18 - 24: 1
25 - 31: 6
32 - 38: 16
39 - 45: 4
46 - 52: 2
53 - 59: 1
60 and above: 2

################
#NETWORK COUNTS#
################

WiFi: 15
Cable network: 15
Cellular network: 2
Other: 0

###########
#REASONING#
###########

A1UM7U8DA3RMA9: Watching videos with low resolution and pause issue will be annoying and disturbing. The Annoying rate % is according to the timing where the video got disturbed. Experiment guidelines are clear.
A3UUH3632AI3ZX: it was a very bad blur and pretty annoying.
A1L8RL58MYU4NC: The Quality damage blur annoyed me a lot no one will like this kind of annoying clips. The Guidelines for this experiment is very clear. Attention check and grading doesn't confused me
A219VCQZADQ45W: BRIEF PAUSE, OR A LITTLE BLURRY CAN BE ANNOYING ESPECIALLY IF IT IS RIGHT BEFORE A GOAL OR JUMPING OFF A CLIFF
A3N5RTXKN4I723: resolution decrease
A2BO8M77CS3SGZ: Poor quality at important times are very annoying to watch. However if the quality is poor at times when the game is not in play then its fine. The guidelines for the study is pretty clear.
A31Z5TPD8QKE26: I thought the blurry damage was worse when the mascot was in the middle of jumping.
A1IU5OP7BBZHZ7: got struck in between videos makes loose patience, Blurring for very few seconds makes no difference from the good one
A1F1BIPJR11LSR: If the quality degrades during a replay than it is not as disruptive as if it were doing actual gameplay.
A122E99M2DQY1G: resolution decrease
A3PGUPNMOU5BPW: When the blur happened at the end or when the important action wasn't happening it wasn't very annoying. 6 and 7 are both watchable. 
A1NOINYD1FZ55T: During the videos found blurry some seconds.
A3169N2SCN3ENK: The quality makes me lose focus on what I am watching and it takes away from my concentration.  The experiment guideline is clear.  I am not confused about the grading.
A6DX45U3O1CR: resolution decrease
A3B67I3A0YR2D: Video resolution decrease
AH22ILXQFI4R2: video pause for more than 1 second
A1Q2C5GJTB09WW: when it occurs at the beginning it sets the tome that I amy not want to watch it any more. If it occurs in the middle I am somewhat distracted. If it occurs at the end it may be bothersome but it is not as bad because the video has already got my attention. Experiment was easy to follow and I had no confusion
A3OLRWACCCCUTU: Poor resolution always impacts the viewing experience, but it is worse when it happens during action, in this case when the mascot was on the move, particularly when jumping and shooting.  
A3UM3RQRAL4DP5: resolution decrease
A1NH9LK567B862: The resolution issue is annoying but not that much. No confusion in grading. 
A18LFH7XW61JO9: Quality damage at the crucial time affect the viewing experience a lot. Quality damage at the beginning is not crucial. It is annoying at the crucial or important moments. No issues with the experiment.
A1IHI23KH87K5W: The blurring is only annoying if it happens when mascot is about to jump, otherwise fine
A2QD9PJUKW7PKK: video quality was bad in every test video for 3 seconds maybe  and there was no paused in any test video.
A2MCG5W6LHSRG9: the approach and the dunk where the most important part of the video. As long as that wasn't damaged the quality issues weren't as big of a deal.
A3N5P5VO81FIJ6: a little
A3P2WQO8VESWF2: In these video clips the quality damage is decrease in resolution. When this is encounterd at the moment of the event of jumping it is the most frustrating. At other moments the rate of annoyance is dependent on the extent and time period of the damage. The experiment guidelines, grading and attention checks are clear.
ARTQWWNFA7IOD: Noticed extra resolution decreased when compared with excellent grade reference
A1S34BUFNQ33SQ: I found all the video's blur, But didn't notice any pauses, Most of the video's were blur at the time of jumping, which is not visible because of blur, so little annoying to see that 
A11SX02CICZN85: It just affect my eagerness to watch the clip. The guidelines for this HIT is very clear as always. I haven't confused in grading
ASWZO1WY1UHEP:  I can't confuse attention checks and instructions was clear. I can clearly find the damage or quality of the video. It was slightly annoying.
AVQGY7FCU80XP: When the visual quality decrease it reduces the enjoyment of the content and makes it hard to see details.
AVPD36WUJKJFS: Video getting pause or low resolution will be irritating, missing a 1 second video on a thrilling moment will break my heart, The experiment guideline is clear and not confused about the grading or the attention check. Thank You.
