LOG OF original_videos_Sports_720P_Sports_720P-2c06_0_300k_180 SURVEY RESULTS

########
#GRADES#
########

RAW GRADES:
[5 5 5 5 5 5 5 5 5 5 5 5 5 5 5 5 5 5 5 5 5 5 5 5 5 5 5 5 5 5]
[1 1 1 1 1 1 1 1 1 1 1 1 1 1 1 1 1 1 1 1 1 1 1 1 1 1 1 1 1 1]
[3 3 1 4 1 3 3 4 2 1 4 1 2 1 1 4 3 4 1 4 4 5 2 2 3 3 2 2 3 3]
[3 4 1 4 1 3 2 3 2 1 4 1 1 1 1 3 2 3 1 4 4 4 2 2 4 2 2 3 2 3]
[3 3 1 4 1 2 2 4 2 1 4 1 1 1 1 3 1 3 1 4 4 5 2 3 4 2 2 2 2 3]
[3 4 1 4 1 2 3 4 2 1 4 1 2 1 1 2 3 4 1 4 4 5 3 3 4 2 2 2 3 3]
[4 4 3 4 1 2 4 4 2 1 4 1 1 1 1 4 4 3 1 4 4 5 3 3 3 3 2 4 3 4]
MEAN:
[5.    1.    2.633 2.433 2.4   2.633 2.9  ]
STANDARD ERROR:
[0.    0.    0.213 0.204 0.219 0.218 0.228]

STANDARDIZED GRADES:
[1.651 1.334 2.157 1.108 2.449 2.062 1.721 1.213 2.339 2.449 1.108 2.449
 2.319 2.449 2.449 1.491 1.65  1.477 2.449 1.108 1.108 0.516 2.062 1.969
 1.334 2.062 2.339 1.789 1.969 1.651]
[-1.905 -2.062 -0.588 -2.339 -0.408 -1.334 -1.491 -2.183 -1.108 -0.408
 -2.339 -0.408 -0.632 -0.408 -0.408 -1.721 -1.238 -1.969 -0.408 -2.339
 -2.339 -2.372 -1.334 -1.477 -2.062 -1.334 -1.108 -1.342 -1.477 -1.905]
[-0.127 -0.364 -0.588  0.246 -0.408  0.364  0.115  0.364 -0.246 -0.408
  0.246 -0.408  0.105 -0.408 -0.408  0.688  0.206  0.615 -0.408  0.246
  0.246  0.516 -0.485 -0.615 -0.364  0.364 -0.246 -0.559  0.246 -0.127]
[-0.127  0.485 -0.588  0.246 -0.408  0.364 -0.688 -0.485 -0.246 -0.408
  0.246 -0.408 -0.632 -0.408 -0.408 -0.115 -0.516 -0.246 -0.408  0.246
  0.246 -0.206 -0.485 -0.615  0.485 -0.485 -0.246  0.224 -0.615 -0.127]
[-0.127 -0.364 -0.588  0.246 -0.408 -0.485 -0.688  0.364 -0.246 -0.408
  0.246 -0.408 -0.632 -0.408 -0.408 -0.115 -1.238 -0.246 -0.408  0.246
  0.246  0.516 -0.485  0.246  0.485 -0.485 -0.246 -0.559 -0.615 -0.127]
[-0.127  0.485 -0.588  0.246 -0.408 -0.485  0.115  0.364 -0.246 -0.408
  0.246 -0.408  0.105 -0.408 -0.408 -0.918  0.206  0.615 -0.408  0.246
  0.246  0.516  0.364  0.246  0.485 -0.485 -0.246 -0.559  0.246 -0.127]
[ 0.762  0.485  0.784  0.246 -0.408 -0.485  0.918  0.364 -0.246 -0.408
  0.246 -0.408 -0.632 -0.408 -0.408  0.688  0.928 -0.246 -0.408  0.246
  0.246  0.516  0.364  0.246 -0.364  0.364 -0.246  1.006  0.246  0.762]
MEAN:
[ 1.808 -1.415 -0.053 -0.211 -0.237 -0.05   0.158]
STANDARD ERROR:
[0.097 0.126 0.071 0.065 0.073 0.073 0.091]

#############
#VIDEO ORDER#
#############

RAW ORDERS:
[1 2 7 3 5 6 4]
[1 2 6 3 4 7 5]
[1 2 3 6 4 7 5]
[1 2 3 7 5 6 4]
[1 2 6 5 4 3 7]
[1 2 3 5 6 7 4]
[1 2 3 4 7 6 5]
[1 2 5 4 6 7 3]
[1 2 7 5 3 4 6]
[1 2 7 3 4 6 5]
[1 2 6 3 5 4 7]
[1 2 5 7 6 4 3]
[1 2 6 3 5 4 7]
[1 2 5 3 4 7 6]
[1 2 5 7 6 3 4]
[1 2 6 4 5 7 3]
[1 2 7 5 4 3 6]
[1 2 4 5 3 7 6]
[1 2 4 3 6 7 5]
[1 2 4 3 5 7 6]
[1 2 3 5 6 7 4]
[1 2 4 7 6 3 5]
[1 2 5 7 6 4 3]
[1 2 6 5 4 7 3]
[1 2 5 6 4 3 7]
[1 2 4 6 5 7 3]
[1 2 4 5 3 7 6]
[1 2 7 4 3 5 6]
[1 2 7 3 6 4 5]
[1 2 7 6 3 5 4]

#################
#VIDEO VIEW TIME#
#################

RAW TIMES:
[ 55526 565125  54443  37360  73025 122845  39933  53157  47161  58938
  52345 135587  68272  46855 174989 137978  46050  62646  48898  99012
  49482  42189  41610  40572  47438  68601  49117  88458  33382  61469]
[ 38271  27054  37220  33058  53472 139985  37029  36887  45278  33470
  34567  53474  43747  32295  39328  31820  25457  35229  35074 114500
  27679  29923  29596  29347  26494  47647  38372  63246  29727  43552]
[ 36533  23932  44879  87068  27221  66098  28485  34398  30628 110830
  45316  31936  36387  30763  28421  28530  23805  49190 200714  99867
  28820 346863  28139  44640  27112  42383  34622  39347  29369  33715]
[36950 24102 34551 29232 36011 66875 27318 31854 29473 33926 47007 37027
 50607 31660 27405 29153 31293 32385 53970 57446 25862 29495 27720 27540
 26489 45329 31903 38235 33499 36202]
[ 59304  24242  39170  30723  54098  88014  29128 131176  49508  32968
  49333  35464  34834  29845  62227  28499  23959  35597  29943 109717
  26410  64518  28218  35642  24649  46264  57864  38856  31592  35563]
[ 35139  25625  35197  31063  58041 167133  26785  33356  29767  39781
  47727  32357  46049  31483  29732  29307  25271  34376  32169  39152
  25966  28320  28669  29503  26425  45576  34820  44050  29955  35459]
[ 32541  28928  38767  61717  31669 135894  26861  30663  57695  32396
  46634 123085  42778  33821  46200  29798  26775  31758  33605  34180
  25667  28026  29545  37336  52573  50533  52295  40174  37772  60120]
MEAN:
[83415.433 43093.267 57333.7   35683.967 45577.5   38608.433 44660.2  ]

#################
#GRADE VIEW TIME#
#################

RAW TIMES:
[28444  7242  8415  4422 24582 11998  4176  4347  5629  7696  6425  9297
  5126 10586  9615 26856  4303 17857  7358  5696  6575  4384  4434  5155
  6093 13272 18116  6535  4725  6549]
[ 7220  3222  6599  7114 14167 36530  3283  5124  5292  6443  7356  9938
  3989  7323 10828 14662  7368  5842  5855  6588  9606 17134  3961  4692
  5745 19965  7570 12668  5166  6794]
[ 7823  3473 15536  6088 64760 11086  7234  7021  6337 19560  7405  9345
  4178  5555  6353 77438  6084  8098  6650 14843  8977  5988  3779 12236
  7071 17889 11718  6570  5717  8212]
[ 9270  3637  8543  3711 11373  7401 47958  5454  5076  6077  5776 10981
 10964  7551  6465 19160  7487 13541  8569 23644  6239  7888  3623  6060
  5946 18107 15349  6712  7474  6863]
[ 6327  3393 10478  4079  9870  7228  3644  9685  5727 10011  7763  9528
  3607  6245 17057 12091  5971  9257  7080  7226  5945  4849  7589  8389
  8984 16287 16731  7113  5188  5942]
[ 5472  4257  6484  5173 19758 15826  3490  4862  5388  8279  7549 13693
 29753  5378  6672 16714  7888  7107  7060  8150  8071  4932  4369  7876
  6106 15023  7652 19252  5708  6927]
[47644  3133  7424  3502 10563  9871  3382  8906  7004 16139  5580 14242
  4506  6248  6567 11176  7781 10151  6868  6115  9260  5363 10415  6248
 27233 13282  7481 35152  8664  9425]
MEAN:
[ 9530.267  8934.8   12767.467 10229.967  8109.467  9162.3   10977.5  ]

###############
#DEVICE COUNTS#
###############

Desktop: 17
Laptop: 13
Tablet: 0
Smart phone: 0
Other device: 0

##################
#AGE GROUP COUNTS#
##################

18 - 24: 0
25 - 31: 5
32 - 38: 16
39 - 45: 4
46 - 52: 3
53 - 59: 2
60 and above: 0

################
#NETWORK COUNTS#
################

WiFi: 16
Cable network: 12
Cellular network: 1
Other: 1

###########
#REASONING#
###########

A1UM7U8DA3RMA9: Watching videos with frequent low resolution and pause issue will be annoying and disturbing thing  . Experiment guidelines are clear.
A3UUH3632AI3ZX: wasn't really too annoying except maybe a little when it happened during the throw
AJZBAP861F6X1: No Pause. Only video blur annoying
A8FUMDQFBKMXR: The quality changes aren't bad when they are at less exciting times
A3N5RTXKN4I723: resolution decrease
A2BO8M77CS3SGZ: Poor quality at important times are very annoying to watch. However if the quality is poor at times when the game is not in play then its fine. The guidelines for the study is pretty clear.
A31Z5TPD8QKE26: When it was blurry during a moment that was not important, I didn't mind the damage as much.
A26UIS59SY4NM6: Mild pixelation for a short time isn't really a bother.
A1IU5OP7BBZHZ7: got struck in between videos makes loose patience, Blurring for very few seconds makes no difference from the good one
A122E99M2DQY1G: resolution decrease
A1NOINYD1FZ55T: During the videos found littla blurry some seconds.
A30YUELTPFSF0T: In this video i am able to see the video was resolution was affected and i am not seeing video was paused.
A3169N2SCN3ENK: The quality makes me lose focus on what I am watching and it takes away from my concentration.  The experiment guideline is clear.  I am not confused about the grading.
A6DX45U3O1CR: resolution decrease
A3B67I3A0YR2D: Video resolution decrease
A1MIR0TP081SKT: The blurry images when the person is in motion is clearly disturbing.
A3OLRWACCCCUTU: It was all about when the resolution was messed up.  If it was while the athlete was in motion or when the object landed, it was worse because it made it hard to see the action.  After it landed it wasn't that annoying, and same when it was before he started moving becuase the net obscured the man a bit anyway.
A1P3Z24Y6GRNVA: I feel that with just a slight decrease in screen resolution a video can still be enjoyed. 
A3UM3RQRAL4DP5: resolution decrease
A1NH9LK567B862: The quality affects when it starts blurred. The guideline is so clear and there is no confusion while grading the video
A3G5IPGLH1IIZN: It doesn't matter when it happens, it takes me out of the experience and makes me want to stop watching/move on to something else. It was straightforward and pretty clear. I just didn't know when exactly to pick the gradations, not just the extreme ratings.
A1IHI23KH87K5W: Tiny bit of blur is not annoying at all in this context
A2YHSU2IJZ9J14: More grading examples will be helpful.
A2QD9PJUKW7PKK: some of the video the resolution was low but not too low so i had given poor rating. Some videos resolution was little low so i had given fairly rating.there was no pause in any video
A3O7X46E3REM7I: It makes the viewing experience annoying. Everything was clear.
A3P2WQO8VESWF2: In these videos, the quality damage occured is low resolution. It is most annoying when it occurs at the critical points of the video. Particularly at points where the discus throw is attempted and when the discus lands. At other points it is tolerable. Regarding the experiment guidelines and attention checks are clear.
A1S34BUFNQ33SQ: As per my observation, All of the videos got blued, But those blurs are very minimal and it does not block actions of the player, Also I didn't see any pauses in the videos  
A11SX02CICZN85: It just affect my eagerness to watch the clip. The guidelines for this HIT is very clear as always. I haven't confused in grading
ASWZO1WY1UHEP: Attention checks was clear and instruction was understandable. I can clearly find the damage or quality of the video. Video quality was slightly poor. All videos, resolution was decreased.
AVPD36WUJKJFS: Video getting pause or low resolution will be irritating, and I use to get breaking/throwing things near to me when watching online live streaming of sports; this experiment guideline is clear and not confused about the grading or the attention check. Thank You.
