LOG OF original_videos_Sports_480P_Sports_480P-44e5_2_200k_144 SURVEY RESULTS

########
#GRADES#
########

RAW GRADES:
[5 5 5 5 5 5 5 5 5 5 5 5 5 5 5 5 5 5 5 5 5 5 5 5 5 5 5 5 5 5 5 5 5 5]
[1 1 1 1 1 1 1 1 1 1 1 1 1 1 1 1 1 1 1 1 1 1 1 1 1 1 1 1 1 1 1 1 1 1]
[1 2 1 1 1 1 1 1 1 1 1 1 2 1 1 1 1 1 1 2 1 1 1 4 1 1 1 1 1 1 1 1 2 3]
[1 2 1 1 1 1 1 1 1 1 2 1 1 2 1 1 1 1 1 2 1 1 1 4 2 1 2 1 2 1 1 1 1 2]
[1 2 2 1 1 1 1 1 2 1 2 1 2 2 1 1 1 1 1 3 1 1 2 4 3 1 2 2 3 2 1 1 2 3]
[2 3 1 1 1 3 1 1 3 1 2 1 2 2 1 1 1 1 1 3 1 1 2 4 3 2 3 2 3 2 1 1 2 3]
[1 2 2 1 1 1 1 1 3 1 1 1 3 1 1 1 1 1 1 4 1 1 1 4 2 1 2 3 2 2 2 1 2 3]
MEAN:
[5.    1.    1.265 1.324 1.647 1.824 1.647]
STANDARD ERROR:
[0.    0.    0.112 0.108 0.137 0.153 0.155]

STANDARDIZED GRADES:
[2.372 2.183 2.319 2.449 2.449 2.157 2.449 2.449 1.96  2.449 2.291 2.449
 2.124 2.291 2.449 2.449 2.449 2.449 2.449 1.721 2.449 2.449 2.319 1.108
 1.988 2.372 2.124 2.108 1.988 2.291 2.372 2.449 2.294 1.905]
[-0.516 -1.213 -0.632 -0.408 -0.408 -0.588 -0.408 -0.408 -0.928 -0.408
 -0.764 -0.408 -1.006 -0.764 -0.408 -0.408 -0.408 -0.408 -0.408 -1.491
 -0.408 -0.408 -0.632 -2.339 -1.104 -0.516 -1.006 -0.843 -1.104 -0.764
 -0.516 -0.408 -0.918 -1.651]
[-0.516 -0.364 -0.632 -0.408 -0.408 -0.588 -0.408 -0.408 -0.928 -0.408
 -0.764 -0.408 -0.224 -0.764 -0.408 -0.408 -0.408 -0.408 -0.408 -0.688
 -0.408 -0.408 -0.632  0.246 -1.104 -0.516 -1.006 -0.843 -1.104 -0.764
 -0.516 -0.408 -0.115  0.127]
[-0.516 -0.364 -0.632 -0.408 -0.408 -0.588 -0.408 -0.408 -0.928 -0.408
  0.    -0.408 -1.006  0.    -0.408 -0.408 -0.408 -0.408 -0.408 -0.688
 -0.408 -0.408 -0.632  0.246 -0.331 -0.516 -0.224 -0.843 -0.331 -0.764
 -0.516 -0.408 -0.918 -0.762]
[-0.516 -0.364  0.105 -0.408 -0.408 -0.588 -0.408 -0.408 -0.206 -0.408
  0.    -0.408 -0.224  0.    -0.408 -0.408 -0.408 -0.408 -0.408  0.115
 -0.408 -0.408  0.105  0.246  0.442 -0.516 -0.224 -0.105  0.442  0.
 -0.516 -0.408 -0.115  0.127]
[ 0.206  0.485 -0.632 -0.408 -0.408  0.784 -0.408 -0.408  0.516 -0.408
  0.    -0.408 -0.224  0.    -0.408 -0.408 -0.408 -0.408 -0.408  0.115
 -0.408 -0.408  0.105  0.246  0.442  0.206  0.559 -0.105  0.442  0.
 -0.516 -0.408 -0.115  0.127]
[-0.516 -0.364  0.105 -0.408 -0.408 -0.588 -0.408 -0.408  0.516 -0.408
 -0.764 -0.408  0.559 -0.764 -0.408 -0.408 -0.408 -0.408 -0.408  0.918
 -0.408 -0.408 -0.632  0.246 -0.331 -0.516 -0.224  0.632 -0.331  0.
  0.206 -0.408 -0.115  0.127]
MEAN:
[ 2.252 -0.736 -0.512 -0.471 -0.221 -0.09  -0.222]
STANDARD ERROR:
[0.048 0.074 0.05  0.044 0.048 0.064 0.069]

#############
#VIDEO ORDER#
#############

RAW ORDERS:
[1 2 6 7 4 5 3]
[1 2 6 7 4 5 3]
[1 2 4 3 6 7 5]
[1 2 6 4 7 3 5]
[1 2 5 4 7 3 6]
[1 2 4 5 7 3 6]
[1 2 3 5 6 4 7]
[1 2 3 4 5 6 7]
[1 2 7 4 6 5 3]
[1 2 4 6 5 7 3]
[1 2 5 4 7 6 3]
[1 2 6 5 4 3 7]
[1 2 4 7 5 6 3]
[1 2 5 6 4 7 3]
[1 2 6 4 7 3 5]
[1 2 3 4 5 7 6]
[1 2 3 7 6 4 5]
[1 2 3 7 6 4 5]
[1 2 5 7 6 4 3]
[1 2 3 4 6 5 7]
[1 2 7 6 3 5 4]
[1 2 5 7 3 4 6]
[1 2 7 6 3 5 4]
[1 2 6 4 5 3 7]
[1 2 6 4 5 7 3]
[1 2 6 7 4 5 3]
[1 2 6 7 5 3 4]
[1 2 3 5 7 6 4]
[1 2 6 3 5 7 4]
[1 2 4 5 6 7 3]
[1 2 7 5 6 4 3]
[1 2 3 4 6 7 5]
[1 2 3 5 6 7 4]
[1 2 7 5 6 4 3]

#################
#VIDEO VIEW TIME#
#################

RAW TIMES:
[ 37168 106108  59854  85699 100210  43194  73643  43589  38941  47657
  21507  98300  11127  85332  71737  97441  49450  58438  51750  69044
  66706  58247  88293  52597  45629  44381  38038  67709 112004  70385
 109996  62057  69529 112760]
[ 27953  86053  44298  78544 108527  27821  35975  43169  29615  41506
   7638  50935   6315  93279  57065  51847  35093  30281  36019  35463
  35186  60203  36359  41092  34559  32859  29573  26808  54585  39514
 145088  38173  41223  77219]
[ 28132  88318  26862  36488 122049  29236  40388  41193  30744  35205
  19478  49511  12886  78178  40637  51174  34273  29109  40418  33755
  21216  41765  27705  42135  33043  30682  40342  27085  66285  41327
  95137  39461  33632  84122]
[ 28344  79288  26378  64110  98973  28071  38111  45113  29948  35397
  25991  49475  14473  70239  45465  52059  33619  31457  36221  37600
  26219  56745  25572 204058  30277  33669  29284  39581  59311  46300
  82394  35106  77857  87497]
[ 27572  92047  35938  43445  93469  27887  33648  37534  28511  36177
  25180  45202  24834  64619  40607  58767  33046  30913  60809  28330
  29289  48490  27092  33080  80018  30971  41116  33365  54799  31286
 145612  35791  33371  94330]
[ 29744  95570  29293  69355 109289  28560  42842  37704  29191  34827
  25480  43685  25722  73147  46677  48721  33130  29044  36247  38042
  36306  37806  28159  34714  34589  35549  36916  28871  61424  31789
 130315  34783  37776  99167]
[ 28543  73390  52234  65174 120508  28575  59247  61624  28651  36434
  40303  45624  25828  69882  70586  54419  59620  33430  38512  35183
  38526  64215  27750  38615  30876  32079  29958  33430  48116  46035
  78431  36142  43018  73709]
MEAN:
[66132.941 47642.265 43881.5   50123.588 46680.735 46306.882 48490.206]

#################
#GRADE VIEW TIME#
#################

RAW TIMES:
[ 4557 14306  3251 25271  9921  4180 13747  6775  3780  7299  4035  8046
  2701  7284 10428  4031 23725  8729 16012 17358 13531  8512  5398  5565
  6615  5199  4983 19649 13806  6142  6360  5262  8017 21450]
[ 5236 11377  3608 22613  9120  4469 25671  5102 62793  6066  7121  5627
  3701 74490  8639  8129 16857 17047  9895  5767  9221  9676  7784  8368
  8886  3428  4019 10282 10959 10176  6165 11178 11665  9392]
[ 5036 17176  2706 20982  7299  4710  9164  7426  2857  5034  3663  7367
  3027 13923 11333 13715  8984 11740 10960 16556 22202  9527  3765  7721
  4813  5572  4031 12197 22770  6280  7342  8570 18515  9119]
[ 4453  9344  5105 12753  6150  6264  5763 11317  3290  7856  3947  8328
  4413  6951  8364  4066  6803  8127  9931 16286 15689  9943  4160  7586
  4845  3765  4499 10122 11025  9331  6479  5095  6829  8665]
[ 5252 14607  3395 12927 10078  4871 11331  4675  3672  4901 12299  7504
  2656 12359  7626  3690  6499  7907 25025 59563  9298  8592  6843 17242
  4763  4943  4909 11417 10422  4735  6230  5011  6541 11632]
[ 8979 14996  9337 24318  6652  4923  6742  4968  3256  5035  4925 12019
  6209  7408 10686  9162  6679 12565  9440 16924  7888  8391  7945 10175
 12019  7465  8708  7483 15251  5002  6359  6639  7771 11421]
[ 6330 11580  3817  8770  6997  4143  6586  5828 31367  5071  4960  8065
  8118  8784  7256  4766  6374 10829 10024  7159 12886  9238  8716  9484
  4893  5951  4525 18367 16902  5021 12925  4626  5581 13861]
MEAN:
[ 9586.029 12780.206  9590.647  7574.824  9806.324  9051.176  8817.647]

###############
#DEVICE COUNTS#
###############

Desktop: 17
Laptop: 17
Tablet: 0
Smart phone: 0
Other device: 0

##################
#AGE GROUP COUNTS#
##################

18 - 24: 1
25 - 31: 5
32 - 38: 19
39 - 45: 4
46 - 52: 2
53 - 59: 2
60 and above: 1

################
#NETWORK COUNTS#
################

WiFi: 15
Cable network: 15
Cellular network: 3
Other: 1

###########
#REASONING#
###########

A2H8GNSEVUJXYL: worse when it happens during the action
A1UM7U8DA3RMA9: Watching videos with low resolution and pause issue will be annoying and disturbing. The Annoying rate % is according to the timing where the video got disturbed. Experiment guidelines are clear.
A3UUH3632AI3ZX: anything that happened after the goal was slightly less annoying
AMKGMVI25PC0B: found both resolution and video pause
A1L8RL58MYU4NC: The Quality damages blur and slag annoyed me a lot no one will like this kind of annoying clips. The Guidelines for this experiment is very clear. Attention check and grading doesn't confused me
A219VCQZADQ45W: BRIEF PAUSE, OR A LITTLE BLURRY CAN BE ANNOYING ESPECIALLY IF IT IS RIGHT BEFORE A GOAL OR JUMPING OFF A CLIFF
A3N5RTXKN4I723: resolution decrease and video pause for more than 1 second
ASPRULQHB8B1F: The resolution was decreasing a lot, making the quality of the video even worse
A31Z5TPD8QKE26: During the times I know there is nothing important happening, It's not so bad to experience the video damage.
A1IU5OP7BBZHZ7: got struck in between videos makes loose patience, Blurring for very few seconds makes no difference from the good one
A1F1BIPJR11LSR: If the quality damage happenes during a low action time in the game it is not as impactful if it is at a high point.
A122E99M2DQY1G: resolution decrease and video pause
A3PGUPNMOU5BPW: These all were pretty bad but watchable. Nothing was confusing. The first one is different because it doesn't really obscure any footage even though both annoyances are present.
A1NOINYD1FZ55T: During the videos found blurry and paused some seconds.
A30YUELTPFSF0T: Video Paused and Resolution decrease which damages the quality. It was considered as an Bad
A3169N2SCN3ENK: The quality makes me lose focus on what I am watching and it takes away from my concentration.  The experiment guideline is clear.  I am not confused about the grading.
A6DX45U3O1CR: found both resolution decrease and video pause for more than one second
A3B67I3A0YR2D:  found both bad resolution and video pause
AH22ILXQFI4R2: resolution decrease and video pause for more than 1 second.
A25CAT0W9W97Z8: When it pauses in a pivotal moment, like during the kick or if its going through the net or not, it affects it greatly. If its afterwards it affects it to a lot smaller degree.
A1NJ6Q940T7HEB: Found both resolution decrease and video pause
A272A0JGRTBFCR: Thanks for your ​OUTSTANDING HITS and i would thank you for giving me the chance to participate and you are helping make me better.
A3OLRWACCCCUTU: Worse when the issues were while they were at the goal, and when it stopped and caused people to appear double, even without blurriness.
A1NH9LK567B862: The quality affects when it starts stuck. The guideline is so clear and there is no confusion while grading the video
A1IHI23KH87K5W: The blur wasn't too prominent, so mainly scoring the pause on these videos. On one, it occurred on really "ugly" frame, not nice
A2YHSU2IJZ9J14: More video examples will be helpful.
A2QD9PJUKW7PKK: ranking i had given based on the video resolution and 2 sec paused in every video.experiment guideline is clear
A2MCG5W6LHSRG9: i think towards the end its better overall because its not as interesting and your not missing out on the action. Worst time is around the gold being scored
A3P2WQO8VESWF2: Both video pause and decrease in resolution occured in these video clips. The extent ot watching experience annoyance is dependent on at what point these disturbances occur. In these videos at the moments of making goal, at the moment score board is shown are the moments these disturbances will be quite annoying. The experiment guidelines and attention checks were clear.
A1S34BUFNQ33SQ: I found all the video's blur and pauses, One of the video is blur and pause at the time of goal kick, rest all videos not that much important and no need to worry I feel
A11SX02CICZN85: It just affect my eagerness to watch the clip. The guidelines for this HIT is very clear as always. I haven't confused in grading
A3QS7M912JGKFD: your guideline is very clear, video paused and resolution got reduced
ASWZO1WY1UHEP:  I can't confuse attention checks and instruction was clear. I can clearly find the damage or quality of the video. It was poor video quality. When I see the video, sometimes irritating the quality. All videos resolution decreased and paused more than one second. 
AVPD36WUJKJFS: Video getting pause or low resolution will be irritating, missing a 1 second video on a thrilling moment will break my heart, The experiment guideline is clear and not confused about the grading or the attention check. Thank You.
