LOG OF original_videos_Sports_720P_Sports_720P-07d0_0_100k_90 SURVEY RESULTS

########
#GRADES#
########

RAW GRADES:
[5 5 5 5 5 5 5 5 5 5 5 5 5 5 5 5 5 5 5 5 5 5 5 5 5 5 5 5 5 5]
[1 1 1 1 1 1 1 1 1 1 1 1 1 1 1 1 1 1 1 1 1 1 1 1 1 1 1 1 1 1]
[2 3 1 2 1 2 2 3 2 1 4 2 1 1 1 1 4 2 1 4 3 2 1 2 2 2 2 3 2 2]
[2 3 1 3 1 1 1 2 2 1 3 2 1 1 1 1 4 2 1 4 2 2 1 2 2 2 2 3 2 2]
[2 3 1 2 1 2 3 2 2 1 3 2 1 1 1 1 4 2 1 4 2 2 1 2 3 2 2 3 1 2]
[2 3 1 3 1 2 2 1 2 1 3 2 1 1 1 1 4 2 1 4 3 2 1 2 3 2 2 2 2 2]
[2 3 1 3 1 2 3 1 2 1 2 2 1 1 1 1 4 2 1 4 2 2 1 2 3 2 2 3 2 2]
[1 3 1 3 1 1 2 1 2 1 3 2 1 1 1 1 4 2 1 4 2 2 1 2 3 2 2 3 2 2]
MEAN:
[5.    1.    2.033 1.9   1.967 1.967 1.967 1.9  ]
STANDARD ERROR:
[0.    0.    0.167 0.159 0.16  0.16  0.16  0.166]

STANDARDIZED GRADES:
[2.466 2.    2.646 2.065 2.646 2.449 2.155 2.268 2.524 2.646 1.789 2.524
 2.646 2.646 2.646 2.646 1.147 2.524 2.646 1.147 2.236 2.524 2.646 2.524
 2.065 2.524 2.524 2.018 2.466 2.524]
[-0.965 -2.    -0.378 -1.606 -0.378 -0.816 -1.129 -0.756 -1.147 -0.378
 -1.789 -1.147 -0.378 -0.378 -0.378 -0.378 -2.524 -1.147 -0.378 -2.524
 -1.342 -1.147 -0.378 -1.147 -1.606 -1.147 -1.147 -1.78  -0.965 -1.147]
[-0.107  0.    -0.378 -0.688 -0.378  0.    -0.308  0.756 -0.229 -0.378
  0.894 -0.229 -0.378 -0.378 -0.378 -0.378  0.229 -0.229 -0.378  0.229
  0.447 -0.229 -0.378 -0.229 -0.688 -0.229 -0.229  0.119 -0.107 -0.229]
[-0.107  0.    -0.378  0.229 -0.378 -0.816 -1.129  0.    -0.229 -0.378
  0.    -0.229 -0.378 -0.378 -0.378 -0.378  0.229 -0.229 -0.378  0.229
 -0.447 -0.229 -0.378 -0.229 -0.688 -0.229 -0.229  0.119 -0.107 -0.229]
[-0.107  0.    -0.378 -0.688 -0.378  0.     0.513  0.    -0.229 -0.378
  0.    -0.229 -0.378 -0.378 -0.378 -0.378  0.229 -0.229 -0.378  0.229
 -0.447 -0.229 -0.378 -0.229  0.229 -0.229 -0.229  0.119 -0.965 -0.229]
[-0.107  0.    -0.378  0.229 -0.378  0.    -0.308 -0.756 -0.229 -0.378
  0.    -0.229 -0.378 -0.378 -0.378 -0.378  0.229 -0.229 -0.378  0.229
  0.447 -0.229 -0.378 -0.229  0.229 -0.229 -0.229 -0.831 -0.107 -0.229]
[-0.107  0.    -0.378  0.229 -0.378  0.     0.513 -0.756 -0.229 -0.378
 -0.894 -0.229 -0.378 -0.378 -0.378 -0.378  0.229 -0.229 -0.378  0.229
 -0.447 -0.229 -0.378 -0.229  0.229 -0.229 -0.229  0.119 -0.107 -0.229]
[-0.965  0.    -0.378  0.229 -0.378 -0.816 -0.308 -0.756 -0.229 -0.378
  0.    -0.229 -0.378 -0.378 -0.378 -0.378  0.229 -0.229 -0.378  0.229
 -0.447 -0.229 -0.378 -0.229  0.229 -0.229 -0.229  0.119 -0.107 -0.229]
MEAN:
[ 2.342 -1.079 -0.149 -0.258 -0.204 -0.199 -0.2   -0.253]
STANDARD ERROR:
[0.072 0.112 0.065 0.053 0.053 0.051 0.054 0.053]

#############
#VIDEO ORDER#
#############

RAW ORDERS:
[1 2 4 3 8 5 6 7]
[1 2 8 3 5 4 7 6]
[1 2 3 7 4 8 5 6]
[1 2 6 8 3 7 5 4]
[1 2 3 6 5 8 4 7]
[1 2 5 6 3 7 4 8]
[1 2 3 4 8 7 5 6]
[1 2 8 4 5 7 3 6]
[1 2 8 6 5 3 4 7]
[1 2 6 7 3 8 5 4]
[1 2 5 4 3 6 8 7]
[1 2 3 6 4 5 8 7]
[1 2 4 8 5 3 7 6]
[1 2 4 8 3 6 7 5]
[1 2 5 4 7 3 6 8]
[1 2 4 7 8 5 3 6]
[1 2 4 5 7 6 8 3]
[1 2 3 5 4 8 6 7]
[1 2 4 5 7 8 3 6]
[1 2 7 5 4 6 3 8]
[1 2 6 7 8 4 5 3]
[1 2 4 8 5 7 3 6]
[1 2 5 8 6 7 4 3]
[1 2 5 8 7 4 3 6]
[1 2 5 3 8 4 6 7]
[1 2 8 6 4 3 7 5]
[1 2 4 7 6 8 3 5]
[1 2 3 7 8 4 5 6]
[1 2 5 6 7 8 3 4]
[1 2 4 3 6 7 5 8]

#################
#VIDEO VIEW TIME#
#################

RAW TIMES:
[ 32641  80761  60010  68500 123386  79886  82030  39335  47271  84915
   8765  54383  49042  46462  42033  60409  28090  48010  59034  33425
  54015  45507  40327  37308  65815  62747  49247  63022  50520  33753]
[26810 45344 26654 43936 39029 43708 38008 32990 29905 32448 12845 35526
 36369 31809 27853 31650 13638 42152 58279 65124 34073 29381 95621 28470
 37324 33531 33033 91230 43030 29529]
[28647 40972 23705 33870 46110 62339 34335 27057 27198 30461 24078 48287
 28815 30752 24727 31099 17577 26453 38685 36109 26861 26799 25756 24799
 34283 32834 29493 37618 36972 27324]
[42239 41142 24243 32872 36594 75978 42929 42719 27542 30849 19846 44057
 26150 30042 26879 29251 26045 24252 34972 21733 26005 51797 30070 24604
 35691 39981 29857 45610 38130 33376]
[29796 38378 25282 31593 33882 82119 30711 28516 28204 27728 22197 34555
 27783 30908 24997 30765 25085 24896 36170 24961 26656 28910 27101 25116
 34468 48557 31801 49129 69350 27079]
[23576 39101 23788 28417 36287 29500 27786 26763 27423 36765 54288 36690
 30066 28871 25584 28780 19196 25551 32541 39422 27865 25704 39421 26324
 34556 27926 28382 55616 33874 30297]
[50658 41225 24288 28022 34195 83947 26638 26326 26781 28081 35207 34530
 25978 28839 26240 28719 13924 24684 40250 49355 26353 26046 26281 26175
 31709 29944 29927 56039 34739 27768]
[23805 37219 24384 32137 39400 52926 34493 29274 28021 27086 23596 64428
 27333 31962 27386 29649 13750 24839 35462 42704 29347 29660 25982 29083
 33067 28413 30903 56161 38491 29622]
MEAN:
[54354.967 38976.633 32133.833 34515.167 33556.433 31678.667 33095.6
 32686.1  ]

#################
#GRADE VIEW TIME#
#################

RAW TIMES:
[30918  9754  5582  8717 28940  9912  5521  4851  5291  6054  4122  7064
  5245  7283  7263 14371  7535  5511 20067 26172  5650  4696  4534  5637
 12074  9608  5986  7302 10237  5182]
[ 5684 19919  7595  6801  9855 19192  4104 12471  6699  6091  4047 12170
  4580  7359 10235  7490  6713  5018 18453 10258  4020  3678 15483  4870
 20302  8154  5886  6973 12934  8576]
[ 6195 10901 12079  7260 28764  8357 19615  7027  5101  6347  7438 21925
  3787  5528 10229  5311  6955  7862  9398  7469  7317  3991  4005  4890
 11928  9623  6746 11565  9367  5470]
[ 8677  9834  6704  7102 24372  8935  6036 15553  5269  5094 23247  7122
  7939  7675  8976  7899  8510  5315 15189  5810  4503  7126  3785  4478
 11399  8533 11257  7464 15493 25589]
[ 8003 11276  7996  8215  9101  8641  8114  8844  4689  5476 21114  9265
  4010  6869  8669  5730  8863  4502 17030  6996  4976  3467  8574  8285
 12792 11130  4942  7890 11490  6279]
[ 3854  9813  4450 10165 27416  9736 10269  4783  5079  8689 10954  6961
  6042  5723  7621  6341  6803  5211 18700  7112 11328  4552  5731  5379
  9390  7981  8658  8944 19441  5032]
[ 4358  9857  9341  7962  9762 20166  8352  5794  4739  6527 12291 24555
  4482  5679  6080  7101 10248  7086 11457 11960  6014  3781  4584  5168
 11916  7343  7726  6723  8430  5352]
[ 5221 18641  4420  8751  9514 20616 15446  8940  6785  5532 28629 13685
  5208  7146  7701  7376  7432  7860 10229  8437  4553  4202  4481  7293
  8390 28878  5154  5825  9309  6332]
MEAN:
[9702.633 9187.    9081.667 9829.5   8440.933 8738.6   8494.467 9732.867]

###############
#DEVICE COUNTS#
###############

Desktop: 17
Laptop: 13
Tablet: 0
Smart phone: 0
Other device: 0

##################
#AGE GROUP COUNTS#
##################

18 - 24: 1
25 - 31: 6
32 - 38: 15
39 - 45: 3
46 - 52: 3
53 - 59: 2
60 and above: 0

################
#NETWORK COUNTS#
################

WiFi: 16
Cable network: 11
Cellular network: 2
Other: 1

###########
#REASONING#
###########

A2H8GNSEVUJXYL: there isn't much detail in the image such as numbers on cars so it doesn't matter much if the resolution is bad for a few seconds..
A1UM7U8DA3RMA9: Watching videos with low resolution and pause issue will be annoying and disturbing. Experiment guidelines are clear.
A8FUMDQFBKMXR: The quality decreases are more tolerable in these clips probably because the camera is stationary 
A1L8RL58MYU4NC: The Quality damage blur annoyed me a lot no one will like this kind of annoying clips. The Guidelines for this experiment is very clear. Attention check and grading doesn't confused me
A3N5RTXKN4I723: resolution decrease
A2BO8M77CS3SGZ: Poor quality at important times are very annoying to watch. The car video was boring to watch.
A31Z5TPD8QKE26: The blurry screen wasn't so bad when the cars were almost out of view and it was only the track showing.
A26UIS59SY4NM6: These strong pixelations make me sick to my stomach unless they occur right at the beginning.
A1IU5OP7BBZHZ7: got struck in between videos makes loose patience, Blurring for very few seconds makes no difference from the good one
A122E99M2DQY1G: resolution decrease
A3PGUPNMOU5BPW: These blurs seemed longer than the other videos. It was quite an annoyance for these videos. 
A30YUELTPFSF0T: Video Resolution Decreased and No Pause. it affects the Quality of Entertainment. Overall it is Poor.
A3169N2SCN3ENK: The quality makes me lose focus on what I am watching and it takes away from my concentration.  The experiment guideline is clear.  I am not confused about the grading.
A6DX45U3O1CR: resolution decrease
A3B67I3A0YR2D: Video resolution decrease
AH22ILXQFI4R2: resolution decrease
A272A0JGRTBFCR: http://ec2-34-222-77-243.us-west-2.compute.amazonaws.com:3011/
A3OLRWACCCCUTU: These were all very similar, probably because the action was so similar within the video.  The fuzziness made it difficult to follow the cars which resulted in a poor - but not terrible - experience.
A3UM3RQRAL4DP5: resolution decrease
A1NH9LK567B862: The quality affects when it starts blurred. The guideline is so clear and there is no confusion while grading the video
A1IHI23KH87K5W: I was surprised when the blur happens, it's not just the moving parts, the cars, it's the stationary road as well, so overall the effect is pretty bad
A2YHSU2IJZ9J14: More grading examples will be helpful.
A2QD9PJUKW7PKK: video quality was too bad in every test video and there was no paused in any video.
A3O7X46E3REM7I: It makes the viewing experience annoying. Everything was clear.
A3P2WQO8VESWF2: Quality damges of decrease in resolution which occurs in these video clips affects watching experience negatively. But some of them are quite tolerable. But those which occur when a car dashes off in the video, it is a little bit annoying. It also depends on the extent of damage. The experiment guidelines and attention checks were easy.
ARTQWWNFA7IOD: Noticed extra resolution decreased when compared with excellent grade reference.
A1S34BUFNQ33SQ: I found all the video's blur, But didn't notice any pauses, Also the video's which were blur all those are in different time frames and some of the video's even car stunts not visible 
A11SX02CICZN85: It just affect my eagerness to watch the clip. The guidelines for this HIT is very clear as always. I haven't confused in grading
A4T7PYGN1BE2P: Guideline is clear and annoying when video quality decreased.
ASWZO1WY1UHEP: Attention checks was clear and instruction was understandable. I can clearly find the damage or quality of the video. Video quality was poor.  I can't see clear car. All videos, resolution was decreased.
