LOG OF original_videos_Sports_480P_Sports_480P-44e5_2_100k_72 SURVEY RESULTS

########
#GRADES#
########

RAW GRADES:
[5 5 5 5 5 5 5 5 5 5 5 5 5 5 5 5 5 5 5 5 5 5 5 5 5 5 5 5 5 5 5 5 5 5 5 5]
[1 1 1 1 1 1 1 1 1 1 1 1 1 1 1 1 1 1 1 1 1 1 1 1 1 1 1 1 1 1 1 1 1 1 1 1]
[1 1 1 1 1 1 1 1 1 1 1 1 1 1 1 1 1 1 1 1 1 1 1 1 1 1 1 1 1 1 1 1 1 1 1 3]
[1 1 1 1 1 1 1 1 2 1 1 1 1 1 1 1 1 1 1 1 1 1 1 1 3 2 1 1 1 2 1 2 1 1 1 2]
[1 2 2 1 1 2 2 1 2 1 1 1 1 1 1 1 1 1 1 1 1 1 1 1 3 2 1 1 2 2 1 2 1 2 1 2]
[2 2 3 1 1 3 2 1 2 1 1 1 2 1 1 1 1 1 1 1 1 2 1 1 4 3 1 1 3 2 1 2 1 2 1 2]
[1 2 3 1 1 3 2 1 1 1 3 1 2 1 1 1 1 1 1 1 1 1 1 1 2 2 1 1 2 1 1 1 1 2 1 3]
MEAN:
[5.    1.    1.056 1.194 1.361 1.583 1.417]
STANDARD ERROR:
[0.    0.    0.055 0.077 0.089 0.132 0.114]

STANDARDIZED GRADES:
[2.372 2.291 1.96  2.449 2.449 1.96  2.291 2.449 2.291 2.449 2.157 2.449
 2.319 2.449 2.449 2.449 2.449 2.449 2.449 2.449 2.449 2.372 2.449 2.449
 1.65  2.124 2.449 2.449 2.108 2.291 2.449 2.291 2.449 2.291 2.449 2.062]
[-0.516 -0.764 -0.928 -0.408 -0.408 -0.928 -0.764 -0.408 -0.764 -0.408
 -0.588 -0.408 -0.632 -0.408 -0.408 -0.408 -0.408 -0.408 -0.408 -0.408
 -0.408 -0.516 -0.408 -0.408 -1.238 -1.006 -0.408 -0.408 -0.843 -0.764
 -0.408 -0.764 -0.408 -0.764 -0.408 -1.334]
[-0.516 -0.764 -0.928 -0.408 -0.408 -0.928 -0.764 -0.408 -0.764 -0.408
 -0.588 -0.408 -0.632 -0.408 -0.408 -0.408 -0.408 -0.408 -0.408 -0.408
 -0.408 -0.516 -0.408 -0.408 -1.238 -1.006 -0.408 -0.408 -0.843 -0.764
 -0.408 -0.764 -0.408 -0.764 -0.408  0.364]
[-0.516 -0.764 -0.928 -0.408 -0.408 -0.928 -0.764 -0.408  0.    -0.408
 -0.588 -0.408 -0.632 -0.408 -0.408 -0.408 -0.408 -0.408 -0.408 -0.408
 -0.408 -0.516 -0.408 -0.408  0.206 -0.224 -0.408 -0.408 -0.843  0.
 -0.408  0.    -0.408 -0.764 -0.408 -0.485]
[-0.516  0.    -0.206 -0.408 -0.408 -0.206  0.    -0.408  0.    -0.408
 -0.588 -0.408 -0.632 -0.408 -0.408 -0.408 -0.408 -0.408 -0.408 -0.408
 -0.408 -0.516 -0.408 -0.408  0.206 -0.224 -0.408 -0.408 -0.105  0.
 -0.408  0.    -0.408  0.    -0.408 -0.485]
[ 0.206  0.     0.516 -0.408 -0.408  0.516  0.    -0.408  0.    -0.408
 -0.588 -0.408  0.105 -0.408 -0.408 -0.408 -0.408 -0.408 -0.408 -0.408
 -0.408  0.206 -0.408 -0.408  0.928  0.559 -0.408 -0.408  0.632  0.
 -0.408  0.    -0.408  0.    -0.408 -0.485]
[-0.516  0.     0.516 -0.408 -0.408  0.516  0.    -0.408 -0.764 -0.408
  0.784 -0.408  0.105 -0.408 -0.408 -0.408 -0.408 -0.408 -0.408 -0.408
 -0.408 -0.516 -0.408 -0.408 -0.516 -0.224 -0.408 -0.408 -0.105 -0.764
 -0.408 -0.764 -0.408  0.    -0.408  0.364]
MEAN:
[ 2.328 -0.591 -0.544 -0.442 -0.318 -0.155 -0.279]
STANDARD ERROR:
[0.031 0.042 0.045 0.04  0.033 0.064 0.058]

#############
#VIDEO ORDER#
#############

RAW ORDERS:
[1 2 3 7 5 6 4]
[1 2 4 6 3 7 5]
[1 2 6 4 7 5 3]
[1 2 3 7 6 4 5]
[1 2 3 4 5 7 6]
[1 2 4 5 6 3 7]
[1 2 7 6 4 5 3]
[1 2 5 3 6 4 7]
[1 2 6 3 4 7 5]
[1 2 7 5 4 3 6]
[1 2 7 3 6 5 4]
[1 2 6 3 4 5 7]
[1 2 6 5 7 4 3]
[1 2 7 3 6 4 5]
[1 2 7 3 4 5 6]
[1 2 5 3 6 4 7]
[1 2 7 4 3 6 5]
[1 2 5 7 6 4 3]
[1 2 6 7 5 4 3]
[1 2 4 6 7 3 5]
[1 2 6 3 7 4 5]
[1 2 6 4 7 3 5]
[1 2 6 4 5 3 7]
[1 2 3 5 4 6 7]
[1 2 6 3 4 7 5]
[1 2 6 3 5 7 4]
[1 2 3 4 5 6 7]
[1 2 5 6 4 3 7]
[1 2 4 3 5 6 7]
[1 2 4 7 5 3 6]
[1 2 3 6 7 4 5]
[1 2 5 7 3 6 4]
[1 2 6 7 3 5 4]
[1 2 4 7 6 5 3]
[1 2 7 4 5 6 3]
[1 2 4 5 3 7 6]

#################
#VIDEO VIEW TIME#
#################

RAW TIMES:
[ 39057  93849  29893 140142  64073 262234  40273  51180  65364  97914
  13854 427377  94788 109040 100049  46316  52317  74400  50010  59481
 123010  62988 144346  46668  79431  41677  40149  38219  44703  74284
  38539  49895 131532  85417 115845 161884]
[ 28069  78606  28257 110092  35116  99222  29575  37418  26050  48035
   7883 105905  58551  56655  51524  33381  53189  47210  28055  42361
  56833  28936  38416  36742  39535  32317  31442  29050  28002 109963
  30917  42368 153904  32062  81929  78497]
[ 28039  70526  27900 135012  33287  95598  28222  35982  15093  50022
  15249  48577  62252  54147  61832  34301  29981  50298  21024  51840
  47454  41973  44236  48820  41789  31949  30193  29721  28304  50176
 136957  37035 147619  32651  69542  82315]
[ 52162  81014  27539  70020  41142 103103 101300  36510  25742  45203
  15945  48874  39121  44954  44582  44095  43305  47110  26689  83053
  51049  33256  43688  45690  32323  32366  28916  30049  29691  58489
  55097  39405 118071  32078  96842  75932]
[ 28034  69246  26542 130639  32676  94696  28064  63345  25577  42640
  18853  54483  41394  46368  63977  46889  29445  50328  30495  42578
  36578  29153  41632  41792  31929  31974  31031  29764  29973  51863
  47804  38981 126857  31963  56078  72724]
[ 28012  89418  26673  67142  47749 109437  28029  41784  25225  48064
  23839  62525  46054  37893  69619  31648  30764  44818  31041  56668
 138742  27893  69676  45595  32760  30122  37585  33506  28083  46664
  38503  36081 141347  31538  61494  70893]
[ 27624  75160  26973 119438  46841  80718  29391  35220  36599  43576
  25132  67144  43170  54478 100175  36037  42708  48439  36211  40981
  51891  27729  46036  75679  43159  30945  30852  29682  47292  46511
  84096  38664 123024  30928  63309  69299]
MEAN:
[88616.611 51557.417 51386.556 50677.917 47121.25  50469.    51530.861]

#################
#GRADE VIEW TIME#
#################

RAW TIMES:
[ 4434  8642  3276  7866 12963  6122  3273  5366 13371 11089  2892 10092
 35297 27548  4733  8245 16034 13111  7468  6159 11815 10295 77064  9096
  6208  5446  4663  4224  6536  9758  9323  6386  7368  9814  9958 11373]
[ 4069 10664  3412  6990  6834  7645 25478  8091  3720  8621  3302  8770
 31726 14757  4743 14762 13256 13491 11024  5308 11093  5604 16987 14590
 11283  5032  4055  4223 14035 41440 10054  5454  7099  6078  5491 12172]
[ 5515  7844  3113 10359  7671  4820  3792  5346  3538  6869  2761  6410
 10435  6777 13174  6165  7641 14252 13541  5037 10139  4842  9145 10991
 12255  5088  5557  4233 10102 10756 12131  7391  7010  4137  5125  8743]
[ 5919 35163  3311  7508  5163  7723  2951  4805 11566  5947  2720  6811
  6288  8219  4748  6077  9564 13250  9280  6055  6823  3856 10939 13244
  6487  4224  4668  4100 12539 20092  7607  6300  7047 17701  4892 11743]
[ 4644  8575  8272  7250  8956  7702  2576 51554  6508 10236  2495  6030
 15652  7204  4060  8068  7212 21171  8493  4992 13513  4765  7914  5525
  5650  4597  5566  7637 13644 10526  7819  9327  6794  5139  6615  8580]
[19765  8814  4046  5980  5832  5935  2817  4821  5738  9614  2439 71923
 30490  7313  3635  5286 10183 12523 14163  5149 10785  6637 63268  4795
 12794  6102  5605 16807  9892 13760  8655  5695 10117  8042  5619 11274]
[ 4579 11028  3176  5714  5670  5918 22317  5709  4444 11530  4289  5605
  7420  7696  6757  6077 37024 20800  6287  4737  8503  5507  6880  7335
  6045  4556  4359  4172  6755 10639  8899  8955  6286  8288  9158  9108]
MEAN:
[11314.111 10593.139  7575.139  8481.389  9035.028 12119.806  8395.056]

###############
#DEVICE COUNTS#
###############

Desktop: 19
Laptop: 17
Tablet: 0
Smart phone: 0
Other device: 0

##################
#AGE GROUP COUNTS#
##################

18 - 24: 1
25 - 31: 7
32 - 38: 20
39 - 45: 4
46 - 52: 2
53 - 59: 2
60 and above: 0

################
#NETWORK COUNTS#
################

WiFi: 16
Cable network: 17
Cellular network: 2
Other: 1

###########
#REASONING#
###########

A2H8GNSEVUJXYL: mostly happened after the action
A1UM7U8DA3RMA9: Watching videos with low resolution and pause issue will be annoying and disturbing. The Annoying rate % is according to the timing where the video got disturbed. Experiment guidelines are clear.
A3UUH3632AI3ZX: if it happened far after the goal, then it was only slightly annoying. 
A1L8RL58MYU4NC: The Quality damages blur and slag annoyed me a lot no one will like this kind of annoying clips. The Guidelines for this experiment is very clear. Attention check and grading doesn't confused me
A3N5RTXKN4I723: resolution decrease and video pause for more than 1 second
A2BO8M77CS3SGZ: Poor quality at important times are very annoying to watch.
A31Z5TPD8QKE26: when it was blurry while showing the score board and when it was blurry and stalled while shooting the goal, I thought it was worse than when it stalled during just watching a player walking.
A1IU5OP7BBZHZ7: got struck in between videos makes loose patience, Blurring for very few seconds makes no difference from the good one
A1F1BIPJR11LSR: It affects the experience more when it happens at points in the game that are important.
A122E99M2DQY1G: resolution decrease and video pause
A3PGUPNMOU5BPW: These ones were pretty bad. I think the bad video quality makes the damage feel even worse. 
A1NOINYD1FZ55T: Not confusing. I grade easy to all videos. but the last video is finishing blurry its little confusing.
A3OOGICWSLXYB0: The blur effect and the pause affects my watching experience a lot. I am not confused about grading.
A30YUELTPFSF0T: Video Paused and Resolution decrease which damages the quality. It was considered as an Bad
A3169N2SCN3ENK: The quality makes me lose focus on what I am watching and it takes away from my concentration.  The experiment guideline is clear.  I am not confused about the grading.
A6DX45U3O1CR: found both resolution decrease and video pause for more than one second
A3B67I3A0YR2D:  found both bad resolution and video pause
AH22ILXQFI4R2: resolution decrease and video pause for more than 1 second.
A1NJ6Q940T7HEB: Found both resolution decrease and video pause
A1AZAC9CPBEP6K: Some of the pauses didn't really come at important parts of the video so it wasn't too much of an issue. It was just annoying to look at. The guideline was clear and there was nothing confusing about the attention check.
A272A0JGRTBFCR: Thanks for your ​OUTSTANDING HITS and i would thank you for giving me the chance to participate and you are helping make me better.
A3OLRWACCCCUTU: It was at its worst when it stopped/was fuzzy while the action at the goal was going on.  Also, it stopped at one point at a point that made it seem like the people were doubled. 
A3UM3RQRAL4DP5: both video pausing and video resolution decrease
A1NH9LK567B862: The video quality damaged at each and every video. It just blurred and paused for a second. The experiment guide is so clear which helps in grading the videos without any confusions.
A18LFH7XW61JO9: Quality damage at the crucial time affect the viewing experience a lot. Like, when the match is intense and full attention is diverted to the match, quality decrease is annoying at that time. Grading and attention check is clear.
A1IHI23KH87K5W: Quite a lot of blur on these, so combined with the pauses, made for some nasty moments
A2YHSU2IJZ9J14: More video examples will be helpful.
A2QD9PJUKW7PKK: ranking i had given based on the video resolution and 2 sec paused in every video. experiment guideline is clear
A2MCG5W6LHSRG9: after the goal and before the scoreboard view was the best time for blurriness /interruption 
A3P2WQO8VESWF2: In these clips, both video pause and decrease in resolution quality damages are there. Those occuring at moments of taking the goal and when the camera focusses the scoreboard are the most annoying. Experiment guidelines,grading and attention checks were clear.
ARTQWWNFA7IOD: In 3 of 7 video resolution decrease and pause at 0.02.  In 4 of 7 video resolution decrease and pause at 0.13.   In 5 of 7 video resolution decrease and pause at 0.16.   In 6 of 7 video resolution decrease and pause at 0.05.   In 7 of 7 video resolution decrease and pause at 0.09.
A1S34BUFNQ33SQ: I found pauses and blurs in all the videos. But in some videos the pause/blurs occur before and after the goal kick to the goal court, Also all the videos quality is not good and it's too blur 
A11SX02CICZN85: It just affect my eagerness to watch the clip. The guidelines for this HIT is very clear as always. I haven't confused in grading
A1OKNQ2JEXW34Q: I don't want to watch a video if it keeps pausing or looks bad.
ASWZO1WY1UHEP:   I can't confuse attention checks and instruction was clear. I can clearly   find the damage or quality of the video. It was bad video quality. When I see the video, sometimes irritating the quality. All videos resolution decreased and paused more than one second. 
AVPD36WUJKJFS: Video getting pause or low resolution will be irritating, missing a 1 second video on a thrilling moment will break my heart, The experiment guideline is clear and not confused about the grading or the attention check. Thank You.
