LOG OF original_videos_Gaming_1080P_Gaming_1080P-57ca_2_100k_90 SURVEY RESULTS

########
#GRADES#
########

RAW GRADES:
[5 5 5 5 5 5 5 5 5 5 5 5 5 5 5 5 5 5 5 5 5 5 5 5 5 5 5 5 5 5 5 5 5]
[1 1 1 1 1 1 1 1 1 1 1 1 1 1 1 1 1 1 1 1 1 1 1 1 1 1 1 1 1 1 1 1 1]
[1 2 1 1 1 1 1 1 1 1 1 1 1 1 1 1 1 1 1 1 1 1 2 1 1 2 1 1 1 1 1 1 1]
[1 2 1 1 1 1 1 1 1 1 1 1 1 1 1 1 1 1 2 1 1 1 3 1 1 3 1 1 1 1 1 1 2]
[1 2 1 1 1 1 2 1 3 1 1 1 1 1 1 1 1 1 2 1 1 1 3 1 1 3 3 2 2 1 1 1 2]
[1 2 1 1 1 1 1 1 1 2 1 1 1 1 1 1 1 1 1 3 1 1 2 1 1 3 1 2 1 1 1 1 2]
[1 2 1 1 1 1 1 1 1 1 1 1 1 1 1 1 1 1 1 1 1 1 3 1 1 1 1 1 1 1 1 1 2]
MEAN:
[5.    1.    1.091 1.212 1.424 1.273 1.121]
STANDARD ERROR:
[0.    0.    0.05  0.093 0.121 0.098 0.071]

STANDARDIZED GRADES:
[2.449 2.339 2.449 2.449 2.449 2.449 2.372 2.449 2.157 2.372 2.449 2.449
 2.449 2.449 2.449 2.449 2.449 2.449 2.319 2.157 2.449 2.449 1.969 2.449
 2.449 1.877 2.157 2.319 2.372 2.449 2.449 2.449 2.294]
[-0.408 -1.108 -0.408 -0.408 -0.408 -0.408 -0.516 -0.408 -0.588 -0.516
 -0.408 -0.408 -0.408 -0.408 -0.408 -0.408 -0.408 -0.408 -0.632 -0.588
 -0.408 -0.408 -1.477 -0.408 -0.408 -1.215 -0.588 -0.632 -0.516 -0.408
 -0.408 -0.408 -0.918]
[-0.408 -0.246 -0.408 -0.408 -0.408 -0.408 -0.516 -0.408 -0.588 -0.516
 -0.408 -0.408 -0.408 -0.408 -0.408 -0.408 -0.408 -0.408 -0.632 -0.588
 -0.408 -0.408 -0.615 -0.408 -0.408 -0.442 -0.588 -0.632 -0.516 -0.408
 -0.408 -0.408 -0.918]
[-0.408 -0.246 -0.408 -0.408 -0.408 -0.408 -0.516 -0.408 -0.588 -0.516
 -0.408 -0.408 -0.408 -0.408 -0.408 -0.408 -0.408 -0.408  0.105 -0.588
 -0.408 -0.408  0.246 -0.408 -0.408  0.331 -0.588 -0.632 -0.516 -0.408
 -0.408 -0.408 -0.115]
[-0.408 -0.246 -0.408 -0.408 -0.408 -0.408  0.206 -0.408  0.784 -0.516
 -0.408 -0.408 -0.408 -0.408 -0.408 -0.408 -0.408 -0.408  0.105 -0.588
 -0.408 -0.408  0.246 -0.408 -0.408  0.331  0.784  0.105  0.206 -0.408
 -0.408 -0.408 -0.115]
[-0.408 -0.246 -0.408 -0.408 -0.408 -0.408 -0.516 -0.408 -0.588  0.206
 -0.408 -0.408 -0.408 -0.408 -0.408 -0.408 -0.408 -0.408 -0.632  0.784
 -0.408 -0.408 -0.615 -0.408 -0.408  0.331 -0.588  0.105 -0.516 -0.408
 -0.408 -0.408 -0.115]
[-0.408 -0.246 -0.408 -0.408 -0.408 -0.408 -0.516 -0.408 -0.588 -0.516
 -0.408 -0.408 -0.408 -0.408 -0.408 -0.408 -0.408 -0.408 -0.632 -0.588
 -0.408 -0.408  0.246 -0.408 -0.408 -1.215 -0.588 -0.632 -0.516 -0.408
 -0.408 -0.408 -0.115]
MEAN:
[ 2.368 -0.541 -0.466 -0.37  -0.22  -0.332 -0.439]
STANDARD ERROR:
[0.025 0.045 0.02  0.037 0.061 0.05  0.036]

#############
#VIDEO ORDER#
#############

RAW ORDERS:
[1 2 7 4 3 5 6]
[1 2 4 5 3 7 6]
[1 2 5 4 6 3 7]
[1 2 4 7 3 6 5]
[1 2 5 7 6 4 3]
[1 2 7 5 3 4 6]
[1 2 6 7 3 4 5]
[1 2 7 4 5 3 6]
[1 2 3 4 6 5 7]
[1 2 4 6 3 5 7]
[1 2 7 4 6 3 5]
[1 2 3 4 6 5 7]
[1 2 5 6 3 4 7]
[1 2 5 4 6 3 7]
[1 2 3 4 7 5 6]
[1 2 6 4 7 3 5]
[1 2 3 4 6 5 7]
[1 2 4 6 5 3 7]
[1 2 7 6 5 3 4]
[1 2 6 7 5 4 3]
[1 2 6 4 3 5 7]
[1 2 6 5 3 7 4]
[1 2 6 5 4 3 7]
[1 2 6 4 7 3 5]
[1 2 4 7 5 3 6]
[1 2 7 3 6 5 4]
[1 2 3 6 4 7 5]
[1 2 6 3 4 5 7]
[1 2 6 7 5 4 3]
[1 2 4 3 6 7 5]
[1 2 4 7 3 5 6]
[1 2 7 6 3 5 4]
[1 2 4 6 7 5 3]

#################
#VIDEO VIEW TIME#
#################

RAW TIMES:
[ 28968  92210  87342  27503  91375  49438 147179  46313  36117  82963
  66185  15339 122213 106088  50353  56390  49134  42121  49987  32772
  70422  59539  73317  35737  54144  37130  36438  69166  43518  74323
  59015 109308  48276]
[ 25330  36075  68647  14112  38737  46041  75692  32399  26982  55130
  39153  73229  37721  36197  32198  30292  29730  31614  28799  26111
  33648  34525  28154  27881  30032  28132  27215  46236  34959 120665
  32857  44976  54458]
[ 25481  67789  86318  30147  45809  46079 114532  35410  49672  65797
  39100   9693  50119  37494  36347  28540  32540  31114  25406  30191
  44453  39323  50055  28271  27863  27280  33418  47976  40837  39290
  48429  44678  45492]
[ 25011  37903  85390  30116  38744  32041  96754  50761  28509 165907
  44750  40066  50245  54943  32928  30036  31799  35521  37221  32695
  37188  59029  34631  28489  26961  25492  25697  49873  36509  40346
  38123  40432  45379]
[ 25517  40647  81009  30313  46236  37261 106136  32871  30979  86356
  53986  27985  30490  43962  31098  31159  33731  38519  52773  26783
  56088  63815  46501  28153  37345  25256  27948  42249  39572  39950
  32255  47916  64178]
[ 25600  35624  71259  35223  62263  34288 146393  35431  26888 144840
  35406  30749  34810  44708  31125  50503  34088  40844  41303  26698
  32269  60995  39769  27842  27214  26233  27682  47060  32804  55245
  32105  40375  56889]
[26384 37296 88807 49424 42381 31414 87049 31293 28484 39298 33849 23710
 43295 39739 31342 46824 32280 49622 26796 26257 48439 38021 48299 32156
 26819 27070 25661 42067 40882 36473 31358 44781 36535]
MEAN:
[62131.    40240.212 42574.03  44529.97  43607.182 45288.636 39215.303]

#################
#GRADE VIEW TIME#
#################

RAW TIMES:
[ 4600 21724  7493  3524 12778 15242  7505  6528  3191  7830 43707 21201
 13417  5791  6807  6828 11617  7456  4564  4368 12638  9059  6429  4036
 15821  6100  6171 12040  7415  8127  6355  4861  8997]
[ 4649  6290 12810  3644  9766 16599 10184  5038  3206 13328  6365  3100
  8992  4258  6033  6563  8092  9234  4467  4321  7685 10912  7213  4430
  9613  9347  7236 15099 11328  8036  6496  5358  8252]
[ 5255 15105  7582  5210  7705  7969  6377  4886  5546  7560  7797  5199
 11321  4553  7455  6348 10988  7238  4063  5192  7222  7373  6485  3476
  4537  4142  8011 11005  7065  6771  6391  4823  6666]
[ 4048 13509 34667  9906  7164  7303  7644  5086  3630 43455  5745 20801
  9770  5194  6094  6631  5861  9620  4265  4808 25191 11506  4442  3884
  6238  4112  5785 13082  9704  8891  9189  5171  9111]
[ 3615  6770 14781  5694 10848  8496  9446  6767  3083  7761  7022  4236
 22297 11350  5893  8574 14582  8749  4458  4416  7145  6020  6093  3713
  5622 11275  5889 13321  7677  6940  6623  5345  6822]
[ 4106  8554 25610  4893 10865 19303 11969  6707  2885 13434  5993  3731
  9824  4918  6151 13963  5810 11605  4319  8305  9590  6835 14509  5266
  7903 11188  7580 15360  8364  6393  6112  5174  9340]
[ 5091  7122  7031  6645  7944 17063  7523  5951  5993  7204  8177  4470
  7223  3984  6351  8523  6078  7682  7950  4224  7584 10187  5080 23177
  4575 29984  5525 11612 16054  7660  6838  6838  5854]
MEAN:
[ 9824.848  7816.485  6888.364 10045.667  7918.879  8986.636  8581.727]

###############
#DEVICE COUNTS#
###############

Desktop: 16
Laptop: 16
Tablet: 0
Smart phone: 1
Other device: 0

##################
#AGE GROUP COUNTS#
##################

18 - 24: 2
25 - 31: 5
32 - 38: 18
39 - 45: 5
46 - 52: 1
53 - 59: 2
60 and above: 0

################
#NETWORK COUNTS#
################

WiFi: 18
Cable network: 11
Cellular network: 3
Other: 1

###########
#REASONING#
###########

A2H8GNSEVUJXYL: with hd video the blurring is even more dramatic
A1UM7U8DA3RMA9: Watching videos with low resolution and pause issue will be annoying and disturbing , Experiment guidelines is clear.
AJZBAP861F6X1: very annoying quality damage in test series.
A8FUMDQFBKMXR: Pauses and quality decrease during the most important part of the match are extremely annoying
A1L8RL58MYU4NC: The Quality damages blur and slag annoyed me a lot no one will like this kind of annoying clips. The Guidelines for this experiment is very clear. Attention check and grading doesn't confused me
A3N5RTXKN4I723: resolution decrease and video pause for more than 1 second
A2BO8M77CS3SGZ: Poor quality at important times are very annoying to watch.
ASPRULQHB8B1F: Sometimes we don't know if the game is pausing or if the video stoped playing. It is really frustrating
A31Z5TPD8QKE26: When the blurry damage and stalling was during the screen transition, I didn't think it was as bad as when it happens during a goal shot.
A38NFX88VZDMJ3: When the poor quality broke up the video too much
A122E99M2DQY1G: resolution decrease and video pause
A3PGUPNMOU5BPW: 6 is a little less annoying than the rest because of the natural pause I think. It was clear.
A30YUELTPFSF0T: Video Paused and Resolution decrease which damages the quality. It was considered as an Bad
A3169N2SCN3ENK: The quality makes me lose focus on what I am watching and it takes away from my concentration.  The experiment guideline is clear.  I am not confused about the grading.
A6DX45U3O1CR: found both resolution decrease and video pause for more than one second
A3B67I3A0YR2D: found both bad resolution and video pause
AH22ILXQFI4R2: resolution decrease and video pause for more than 1 second.
A272A0JGRTBFCR: Thanks for your ​OUTSTANDING HITS and i would thank you for giving me the chance to participate and you are helping make me better.
A3OLRWACCCCUTU: The worst was the delay and blur during peak action, it made it seem like things were wrong longer than they probably were.  When it cut to the logo and that was delayed that wasnt a big deal.  When there are resolution issues during action that keeps you from seeing what's going on clearly that's a bad experience in general.
A1N62PWMUOG2YY: Since this involves a soccer video game, it feels like every second is crucial. Each second that the game is paused or the quality is bad, it feels like I am missing out on the action of the game. For example, when the ball is kicked but there is no one near the ball and the game play freezes, it is annoying because I want to know what happens next. When the quality is blurry, then I am annoyed because I cannot clearly see the movements of the individual players.
A3UM3RQRAL4DP5: both video pausing and video resolution decrease
A1NH9LK567B862: The video quality damaged at each and every video. It just blurred and paused for a second. The experiment guide is so clear which helps in grading the videos without any confusions.
A1IHI23KH87K5W: Much like watching the real football clips, it's annoying when the pause and/or blur occurs at crucial moment of game. During logo transition or replay it's much less annoying.
A2YHSU2IJZ9J14: More video examples will be helpful.
A2QD9PJUKW7PKK: ranking i had given based on the video resolution and 2 sec paused in every video
A2MCG5W6LHSRG9: if the damage happened turning the transition from regular play to replay it was the best time. During the shot was the worst.
A3O7X46E3REM7I: It makes the viewing experience annoying. Everything was clear.
A3P2WQO8VESWF2: These video clips have both video pause and decrease in resolution damages. Those occuring at moments of the match near the goal post when a goal is expected is most annoying and disturbing. The extent and time period of the damage affects the watching experience. The experiment guide lines and grading instructions are quite clear.
A1S34BUFNQ33SQ: As per my observation, All of the videos blur and paused, Couple of the video's not even visible properly goal kick, Which is really annoying to see those videos 
A11SX02CICZN85: It just affect my eagerness to watch the clip. The guidelines for this HIT is very clear as always. I haven't confused in grading
A3QS7M912JGKFD: video paused and resolution got decreased, guideline is very clear
ASWZO1WY1UHEP: Attention check was clear and also instruction was clear. I can clearly find the damage or quality of the video. Video quality was poor. All videos, resolution was decreased and paused more than 1 second. 
AVPD36WUJKJFS: Video getting pause for a second or more will be irritating thing, mainly when we are watching some live sports; this experiment guideline is clear and not confused.
