LOG OF original_videos_Sports_720P_Sports_720P-3072_2_300k_180 SURVEY RESULTS

########
#GRADES#
########

RAW GRADES:
[5 5 5 5 5 5 5 5 5 5 5 5 5 5 5 5 5 5 5 5 5 5 5 5 5 5 5 5 5 5 5 5 5 5 5]
[1 1 1 1 1 1 1 1 1 1 1 1 1 1 1 1 1 1 1 1 1 1 1 1 1 1 1 1 1 1 1 1 1 1 1]
[3 3 2 1 1 1 1 1 2 1 1 1 1 1 1 1 1 2 1 1 1 3 1 3 3 1 2 1 2 1 2 1 1 2 2]
[3 3 2 1 1 1 1 1 2 1 1 1 1 1 1 1 1 3 1 1 1 2 1 2 2 1 2 2 2 2 2 1 2 2 2]
[3 2 1 1 1 1 1 1 1 1 1 1 1 1 1 1 1 2 1 1 1 2 1 2 2 1 2 1 1 2 1 1 1 2 2]
[4 3 1 1 1 1 1 1 1 1 1 2 1 1 1 1 1 2 1 1 1 1 1 2 2 1 2 1 1 1 2 1 3 1 3]
[3 2 1 1 1 1 1 1 1 1 1 1 1 1 1 1 1 1 1 1 1 1 1 3 2 1 2 1 1 1 1 1 1 1 2]
[3 3 2 1 1 1 1 2 1 1 2 1 1 1 1 1 1 2 1 1 1 2 1 2 3 1 2 1 2 2 1 1 2 2 2]
MEAN:
[5.    1.    1.514 1.543 1.314 1.429 1.229 1.514]
STANDARD ERROR:
[0.    0.    0.124 0.109 0.088 0.13  0.091 0.11 ]

STANDARDIZED GRADES:
[1.78  2.065 2.463 2.646 2.646 2.646 2.646 2.563 2.502 2.646 2.563 2.563
 2.646 2.646 2.646 2.646 2.646 2.294 2.646 2.646 2.646 2.266 2.646 2.236
 2.236 2.646 2.524 2.563 2.463 2.463 2.463 2.646 2.268 2.449 2.363]
[-2.018 -1.606 -0.69  -0.378 -0.378 -0.378 -0.378 -0.475 -0.577 -0.378
 -0.475 -0.475 -0.378 -0.378 -0.378 -0.378 -0.378 -1.043 -0.378 -0.378
 -0.378 -0.887 -0.378 -1.342 -1.342 -0.378 -1.147 -0.475 -0.69  -0.69
 -0.69  -0.378 -0.756 -0.816 -1.238]
[-0.119  0.229  0.099 -0.378 -0.378 -0.378 -0.378 -0.475  0.192 -0.378
 -0.475 -0.475 -0.378 -0.378 -0.378 -0.378 -0.378 -0.209 -0.378 -0.378
 -0.378  0.69  -0.378  0.447  0.447 -0.378 -0.229 -0.475  0.099 -0.69
  0.099 -0.378 -0.756  0.    -0.338]
[-0.119  0.229  0.099 -0.378 -0.378 -0.378 -0.378 -0.475  0.192 -0.378
 -0.475 -0.475 -0.378 -0.378 -0.378 -0.378 -0.378  0.626 -0.378 -0.378
 -0.378 -0.099 -0.378 -0.447 -0.447 -0.378 -0.229  0.285  0.099  0.099
  0.099 -0.378  0.     0.    -0.338]
[-0.119 -0.688 -0.69  -0.378 -0.378 -0.378 -0.378 -0.475 -0.577 -0.378
 -0.475 -0.475 -0.378 -0.378 -0.378 -0.378 -0.378 -0.209 -0.378 -0.378
 -0.378 -0.099 -0.378 -0.447 -0.447 -0.378 -0.229 -0.475 -0.69   0.099
 -0.69  -0.378 -0.756  0.    -0.338]
[ 0.831  0.229 -0.69  -0.378 -0.378 -0.378 -0.378 -0.475 -0.577 -0.378
 -0.475  0.285 -0.378 -0.378 -0.378 -0.378 -0.378 -0.209 -0.378 -0.378
 -0.378 -0.887 -0.378 -0.447 -0.447 -0.378 -0.229 -0.475 -0.69  -0.69
  0.099 -0.378  0.756 -0.816  0.563]
[-0.119 -0.688 -0.69  -0.378 -0.378 -0.378 -0.378 -0.475 -0.577 -0.378
 -0.475 -0.475 -0.378 -0.378 -0.378 -0.378 -0.378 -1.043 -0.378 -0.378
 -0.378 -0.887 -0.378  0.447 -0.447 -0.378 -0.229 -0.475 -0.69  -0.69
 -0.69  -0.378 -0.756 -0.816 -0.338]
[-0.119  0.229  0.099 -0.378 -0.378 -0.378 -0.378  0.285 -0.577 -0.378
  0.285 -0.475 -0.378 -0.378 -0.378 -0.378 -0.378 -0.209 -0.378 -0.378
 -0.378 -0.099 -0.378 -0.447  0.447 -0.378 -0.229 -0.475  0.099  0.099
 -0.69  -0.378  0.     0.    -0.338]
MEAN:
[ 2.498 -0.671 -0.228 -0.212 -0.395 -0.297 -0.462 -0.233]
STANDARD ERROR:
[0.034 0.069 0.054 0.046 0.031 0.066 0.042 0.045]

#############
#VIDEO ORDER#
#############

RAW ORDERS:
[1 2 6 7 4 8 5 3]
[1 2 7 8 5 3 6 4]
[1 2 7 6 4 8 3 5]
[1 2 5 3 4 6 7 8]
[1 2 4 7 8 3 6 5]
[1 2 8 7 4 5 3 6]
[1 2 8 6 5 7 4 3]
[1 2 3 5 7 4 6 8]
[1 2 7 6 5 4 3 8]
[1 2 3 4 8 7 6 5]
[1 2 3 5 8 4 7 6]
[1 2 4 3 7 8 5 6]
[1 2 5 6 8 7 3 4]
[1 2 3 8 4 5 6 7]
[1 2 8 4 6 5 7 3]
[1 2 4 5 8 3 6 7]
[1 2 5 3 8 4 7 6]
[1 2 6 5 8 7 4 3]
[1 2 7 8 6 3 4 5]
[1 2 4 8 3 6 5 7]
[1 2 4 5 3 8 7 6]
[1 2 4 3 5 6 7 8]
[1 2 4 6 3 8 5 7]
[1 2 7 8 3 5 6 4]
[1 2 8 6 4 3 7 5]
[1 2 8 5 6 4 3 7]
[1 2 8 3 7 5 4 6]
[1 2 5 3 8 6 4 7]
[1 2 5 6 8 7 3 4]
[1 2 3 6 8 7 5 4]
[1 2 7 5 3 4 8 6]
[1 2 3 5 7 6 4 8]
[1 2 6 8 5 4 7 3]
[1 2 7 4 5 6 3 8]
[1 2 6 8 5 7 3 4]

#################
#VIDEO VIEW TIME#
#################

RAW TIMES:
[ 30652  56204  57427 111677  63251  76312 185665  38015  90359  65197
  10685  40571  54119  50307  50973  50056  81200  81113  47275  36316
  47627 153144  45546  80048  63258  43299  96100 116286  71768  48851
  44760  54018  88843  48011  57794]
[ 43935  40690  48689  52487  34683  76299 110525  26473  38010  39878
  11466  20525  34626  36257  32531  37929  47249  34666  20790  24599
  38826  56750  45296  51540  31555  33413 137798  26700  59865  44341
  27319  41842  51132  40995  60380]
[ 28852  46144  44229  31074  40093  62600 105569  27778  41874 137334
  11233  39995  50282  36730  35904  28562  41089  53593  17946  32060
  33874  67162  47445  38296  34089  35931  37053  27206  43803  34897
  33242  42082  39942  40738  40369]
[28651 41469 72095 56589 46450 50762 70672 28265 35770 77793 21414 40416
 39179 34427 33955 36017 49887 36498 27115 39840 34131 83281 67815 32243
 66741 39132 30720 27458 44734 33193 28409 43842 38862 65750 39326]
[ 28135  61573  49085  46673  49854  45115  76916  31656  69512 117299
  25278  51914  59921  38517  32109  29347  41481  35912  32390  34514
  39094  67532  53426  35051  33974  30140  29285  27106  61933  35133
  27462  39139  42058  41607  41792]
[ 29190  46722  46813  68337  33067  48479 111061  27935  52405  46697
  20615  49313  60277  32943  33401  69959  40001  37163  58379  55053
  36099  56503  70487  40925  32777  68552  30123  29282  77590  37390
  28029  36346  40814  46919  40003]
[29069 38516 45000 75742 49638 37497 71048 27065 55827 43928 21928 39404
 35617 34745 32574 44638 41092 33310 81173 47883 34731 58361 48004 33257
 30379 30215 32384 30144 47032 36833 30526 42027 42439 34247 40339]
[ 26653  38823  46931  84696  40392  40680 161987  26540 113946  46128
  25527  40103  58351  35064  34982  28243  39868  32706  37360  46953
  34161  58666  37343  31484 115323  53850  72131  29857  44323  39019
  27215  35594  43045  35271  37947]
MEAN:
[66763.629 44573.114 43116.286 44082.886 44626.657 46847.114 41617.486
 48604.629]

#################
#GRADE VIEW TIME#
#################

RAW TIMES:
[ 5150  6365  8996 40786  8441 10913  6010  3710 47158  8992  5209  6180
  6072  3850  5547 14451  6270 20665 15171  9515  6601  7593  5105 17885
  5034  3986 12735  5625 13353  8936  4812  7258  8068  5030 20085]
[ 5526  6195  6620  9302  6648  9278  4584  2967 20207  9095  5878  6763
  5445  4331  7531  7439  5321  9773 25880 13143  6783  6851  4786  5347
  6265  3732 10233  5046 18077  8520  4734 11554 61913  5532  9357]
[ 4184  6859  8303  6643  6075 12759  7405 41613 13000 10041  5267  5840
  8265  5054  6094  7996  6401  5769 10923  8041  5828  9149  5280  7919
  6596  3794  5226  4833 12442 12953  2959  9432 10655  5385  7171]
[ 5939 45368  7103  9691 20390 10921  8259  3120 23564  7467  2924  8228
 76164  4011  5471 22524  5797 15519  6760  9844  8192 13098 19509 14339
  4577  9427  6502  4672 14089  7511  3541  6447  6692  4686 73810]
[ 4196  6416  6778  8261  6085 27137  8463  3292 10492  9797  2997  5892
 11315  3713  5276  6406 14310 12601 10195  7200  6754  7652  4731  6900
  4172  4910  5443  5987 19280  6575  3687  6742  6610 11671 15243]
[ 6147  5925  6130  5420  6582 16161  6873  5504 46155  9959  2975  5525
  6610  4392  5589  7791  7089 18809  9048 17572  6385  6108 24887  7035
  5534  4376  6431  4707 12615  5876 10554  8567  8771  7043  9635]
[ 4839  7846  9072  5736  6605  8915  6214  2820 40487  6216  3278  5985
 11567  4966  6200  6658  5260 30310 36536  7819  7388  6870  6400  9813
  5312  4400  5058  4384 12688  5870 10153  8927  5565  7050  7216]
[ 4415  6651  6406  5899  7488 13017  6682  3156 56187  6239  4997  6157
  7474  4720  7792  7079  6275  5957  9173 12450  6465  9159  5540  7738
 10171 20868  9336  4795 13898 13119  9968 16492  6572  6510  8548]
MEAN:
[10615.914  9733.029  8461.543 14175.886  8205.114  9393.714  9269.229
  9639.8  ]

###############
#DEVICE COUNTS#
###############

Desktop: 17
Laptop: 18
Tablet: 0
Smart phone: 0
Other device: 0

##################
#AGE GROUP COUNTS#
##################

18 - 24: 1
25 - 31: 5
32 - 38: 21
39 - 45: 5
46 - 52: 2
53 - 59: 1
60 and above: 0

################
#NETWORK COUNTS#
################

WiFi: 18
Cable network: 14
Cellular network: 2
Other: 1

###########
#REASONING#
###########

A2H8GNSEVUJXYL: too much camera movement makes you expect bad resolution anyway
A1UM7U8DA3RMA9: Watching videos with low resolution and pause issue will be annoying and disturbing. The Annoying rate % is according to the timing where the video got disturbed. Experiment guidelines are clear.
AJZBAP861F6X1: No confusion. Clear in job. Bad quality sometimes makes irritation in watching sports interesting.
A3PYEW6693PCHT: Quality damage in certain moments is more annoying because they came at different parts of the video. Sometimes they came during the middle of action and it interrupts the viewing enjoyment. The experiment guidelines were clear after doing the example videos.
A1L8RL58MYU4NC: The Quality damages blur and slag annoyed me a lot no one will like this kind of annoying clips. The Guidelines for this experiment is very clear. Attention check and grading doesn't confused me
A3N5RTXKN4I723: resolution decrease and video pause for more than 1 second
A2BO8M77CS3SGZ: Poor quality at important times are very annoying to watch. However if the quality is poor at times when the game is not in play then its fine. The guidelines for the study is pretty clear.
A31Z5TPD8QKE26: when the kids were just standing there during the damaged part, I didn't grade it as bad as when there was a lot of action going on during the damaged part.
A1IU5OP7BBZHZ7: It annoys me when it get struck
A122E99M2DQY1G: resolution decrease and video pause
A3PGUPNMOU5BPW: These are all pretty bad. Maybe because of the shaky footage it doesn't matter as much as I think it does. Everything was clear.
A1NOINYD1FZ55T: During the videos found blurry and paused some seconds.Not confusing.I grade easy to all videos.
A30YUELTPFSF0T: Quality of video was affected by both Resolution and Pause
A3169N2SCN3ENK: The quality makes me lose focus on what I am watching and it takes away from my concentration.  The experiment guideline is clear.  I am not confused about the grading.
A6DX45U3O1CR: found both resolution decrease and video pause for more than one second
A3B67I3A0YR2D: found both bad resolution and video pause
AH22ILXQFI4R2: resolution decrease and video pause for more than 1 second.
ADD5IHZ1P6TLH: It gets very annoying when the video quality reduction happens at the same time as the pause.
A1NJ6Q940T7HEB: Found both resolution decrease and video pause
A272A0JGRTBFCR: Thanks for your ​OUTSTANDING HITS and i would thank you for giving me the chance to participate and you are helping make me better.
A3UM3RQRAL4DP5: both video pausing and video resolution decrease
A3QZMGTVA4VO44: The quality damage didn't cause serious affect in my watching experience. The guidelines are clear and nothing is confusing. Side-by-side comparison is highly helpful in grading. 
A1NH9LK567B862: The video quality damaged at each and every video. It just blurred and paused for a second. The experiment guide is so clear which helps in grading the videos without any confusions.
A18LFH7XW61JO9: Quality damage at the crucial time affect the viewing experience a lot. Quality damage at the beginning is not crucial. It is annoying after the video starts.
A1IHI23KH87K5W: I don't like pauses during live, exciting sports events. Also, the pause seemed to coincide with the blur on some vids, and that was super annoying / confusing
A2YHSU2IJZ9J14: More grading examples will be helpful.
A2QD9PJUKW7PKK: ranking i had given based on the video resolution and video resolution was low in every video but not too low and 2 sec paused in every video. experiment guideline is clear
A3O7X46E3REM7I: It makes the viewing experience annoying. Everything was clear.
A3P2WQO8VESWF2: I personaly feel that these videos having both low resolution damage and video pause create lot ot annoyance, irrespective of the time point it appears. Particularly at the critical points it is really annoying. Experiment guidelines and attention check were clear.
A1S34BUFNQ33SQ: I found pauses and blurs in all the videos. But in some videos the pause/blurs occur before and after the Wrestlers fight or play each other, which makes me more annoying.
A124E03UMDZAA9: It is hard to see with this level of degradation what is happening fully.
A11SX02CICZN85: It just affect my eagerness to watch the clip. The guidelines for this HIT is very clear as always. I haven't confused in grading
A4T7PYGN1BE2P: Guideline is clear and it is annoying when video quality decreased and video get paused.
ASWZO1WY1UHEP: Attention checks was clear and instruction was understandable. I can clearly find the damage or quality of the video. Video quality was very bad. Already videos are shaked, I had some disturbance to watch the video. All videos, resolution was decreased and paused more than 1 second.
AVPD36WUJKJFS: Video getting pause or low resolution will be irritating; Mainly when I use to watch online streaming of sports program and video get struck at the time of some thrilling moments. The experiment guideline is clear and not confused about the grading or the attention check. Thank You.
