LOG OF poke5 SURVEY RESULTS

########
#GRADES#
########

RAW GRADES:
[5. 1. 1. 2. 2. 4. 4. 4. 4. 2. 1. 1. 4. 1. 4. 3. 4. 3. 4. 3. 4. 2. 4. 1.
 2. 5. 2. 2. 2. 3. 4. 3. 3. 4. 3. 3. 2. 2. 5. 4. 2.]
[5. 1. 3. 2. 2. 4. 4. 5. 2. 4. 2. 1. 4. 2. 4. 4. 5. 4. 5. 3. 5. 2. 3. 1.
 2. 5. 2. 2. 2. 3. 4. 2. 2. 4. 4. 2. 4. 1. 5. 4. 2.]
[4. 2. 1. 2. 2. 4. 4. 5. 4. 2. 2. 1. 4. 1. 2. 3. 4. 3. 4. 2. 3. 2. 4. 1.
 2. 4. 2. 2. 2. 4. 4. 2. 2. 5. 3. 4. 4. 2. 4. 5. 2.]
[4. 2. 1. 2. 1. 4. 3. 4. 5. 2. 2. 1. 5. 1. 3. 4. 5. 4. 5. 4. 3. 2. 3. 2.
 1. 4. 2. 2. 2. 4. 4. 1. 3. 4. 3. 3. 4. 2. 4. 4. 2.]
[5. 5. 5. 5. 5. 4. 5. 5. 5. 5. 5. 5. 5. 5. 5. 5. 5. 5. 5. 5. 5. 5. 5. 5.
 5. 5. 5. 5. 5. 5. 4. 5. 5. 5. 5. 5. 4. 5. 5. 5. 5.]
MEAN:
[2.902 3.098 2.902 2.951 4.927]
STANDARD ERROR:
[0.188 0.203 0.185 0.195 0.041]

STANDARDIZED GRADES:
[ 0.816 -0.816 -0.75  -0.5   -0.295  0.     0.    -1.225  0.    -0.791
 -1.032 -0.5   -0.816 -0.645  0.392 -1.069 -1.225 -1.069 -1.225 -0.392
  0.    -0.5    0.267 -0.645 -0.295  0.816 -0.5   -0.5   -0.5   -1.069
  0.     0.295  0.    -0.816 -0.75  -0.392 -2.    -0.295  0.816 -0.816
 -0.5  ]
[ 0.816 -0.816  0.5   -0.5   -0.295  0.     0.     0.816 -1.826  0.791
 -0.295 -0.5   -0.816  0.     0.392  0.267  0.816  0.267  0.816 -0.392
  1.118 -0.5   -1.069 -0.645 -0.295  0.816 -0.5   -0.5   -0.5   -1.069
  0.    -0.442 -0.913 -0.816  0.5   -1.373  0.5   -1.032  0.816 -0.816
 -0.5  ]
[-1.225 -0.136 -0.75  -0.5   -0.295  0.     0.     0.816  0.    -0.791
 -0.295 -0.5   -0.816 -0.645 -1.569 -1.069 -1.225 -1.069 -1.225 -1.373
 -1.118 -0.5    0.267 -0.645 -0.295 -1.225 -0.5   -0.5   -0.5    0.267
  0.    -0.442 -0.913  1.225 -0.75   0.588  0.5   -0.295 -1.225  1.225
 -0.5  ]
[-1.225 -0.136 -0.75  -0.5   -1.032  0.    -1.581 -1.225  0.913 -0.791
 -0.295 -0.5    1.225 -0.645 -0.588  0.267  0.816  0.267  0.816  0.588
 -1.118 -0.5   -1.069  0.    -1.032 -1.225 -0.5   -0.5   -0.5    0.267
  0.    -1.18   0.    -0.816 -0.75  -0.392  0.5   -0.295 -1.225 -0.816
 -0.5  ]
[0.816 1.905 1.75  2.    1.917 0.    1.581 0.816 0.913 1.581 1.917 2.
 1.225 1.936 1.373 1.604 0.816 1.604 0.816 1.569 1.118 2.    1.604 1.936
 1.917 0.816 2.    2.    2.    1.604 0.    1.769 1.826 1.225 1.75  1.569
 0.5   1.917 0.816 1.225 2.   ]
MEAN:
[-0.452 -0.175 -0.439 -0.391  1.457]
STANDARD ERROR:
[0.093 0.11  0.104 0.105 0.086]

#############
#VIDEO ORDER#
#############

RAW ORDERS:
[1. 2. 4. 3. 5.]
[3. 4. 1. 2. 5.]
[4. 3. 1. 2. 5.]
[1. 2. 4. 3. 5.]
[4. 3. 2. 1. 5.]
[3. 4. 1. 2. 5.]
[4. 3. 2. 1. 5.]
[2. 1. 3. 4. 5.]
[1. 2. 3. 4. 5.]
[3. 4. 1. 2. 5.]
[1. 2. 4. 3. 5.]
[4. 3. 2. 1. 5.]
[3. 4. 1. 2. 5.]
[3. 4. 1. 2. 5.]
[1. 2. 4. 3. 5.]
[4. 3. 2. 1. 5.]
[3. 4. 1. 2. 5.]
[2. 1. 3. 4. 5.]
[3. 4. 1. 2. 5.]
[4. 3. 2. 1. 5.]
[2. 1. 4. 3. 5.]
[1. 2. 4. 3. 5.]
[3. 4. 1. 2. 5.]
[4. 3. 1. 2. 5.]
[3. 4. 1. 2. 5.]
[3. 4. 2. 1. 5.]
[1. 2. 4. 3. 5.]
[1. 2. 4. 3. 5.]
[2. 1. 4. 3. 5.]
[2. 1. 3. 4. 5.]
[3. 4. 2. 1. 5.]
[3. 4. 2. 1. 5.]
[4. 3. 2. 1. 5.]
[3. 4. 2. 1. 5.]
[2. 1. 4. 3. 5.]
[4. 3. 1. 2. 5.]
[2. 1. 4. 3. 5.]
[3. 4. 2. 1. 5.]
[2. 1. 4. 3. 5.]
[2. 1. 3. 4. 5.]
[2. 1. 3. 4. 5.]

#################
#VIDEO VIEW TIME#
#################

RAW TIMES:
[34746. 13670. 15189. 14620. 15453. 12245. 16635. 17126. 40471. 16151.
 22116. 15669. 16013. 20480. 19036. 16124. 18570. 21794. 15606. 16578.
 12206. 15421. 19422. 35418. 16242. 20517. 21280. 17915. 17040. 19273.
 15001. 14649. 22683. 12766. 19302. 20116. 15884. 14141. 16947. 20662.
 12367.]
[22619. 13751. 13726. 13373. 12494. 14330. 16972. 17546. 22872. 16069.
 23819. 14681. 15641. 18093. 17735. 18080. 16522. 40405. 15360. 20340.
 19710. 13045. 18402. 40183. 16998. 10871. 18470. 31635. 18210. 21054.
 16239. 15693. 30165. 14391. 35035. 19176. 14943. 13846. 17400. 44371.
 15470.]
[ 19535.  17684.  15243.  16835.  15366.  27825.  18679.  17503.  22493.
  49743.  17623.  16270.  16603.  20609.  17662.  17202.  25103.  20953.
  17098.  20024.  18814.  11677.  44888.  27901.  17057.  21235.  21914.
  24652.  22260.  18892. 134078.  16830.  28505.  14272.  17119.  20148.
  15442.  20457.  24250.  20387.  13284.]
[21958. 15461. 18494. 14381. 12386. 27561. 24464. 23102. 18145. 17974.
 17676. 18827. 16570. 20235. 17335. 17821. 18197. 20169. 31374. 23269.
 17600. 13227. 16583. 49667. 17716. 18864. 16790. 35090. 16838. 34990.
 22700. 13931. 85474. 14487. 19949. 19657. 17608. 14945. 20669. 30719.
 12927.]
[16037. 10827. 13227.  9816. 10005. 39912. 14409. 12842. 15747. 12257.
 14631. 12280. 13009. 19727. 14354. 12758. 14763. 22661. 26649. 13434.
 10549. 10691. 14793. 52516. 15955. 19083. 12693. 29777. 13979. 15738.
 18503. 10779. 16409. 11716. 13691. 13448. 17845. 11141. 17006. 14839.
  9064.]
MEAN:
[18476.683 19749.634 23515.    22093.415 16330.732]

#################
#GRADE VIEW TIME#
#################

RAW TIMES:
[21.777 13.28  13.441 13.21  15.014 10.571 14.437 15.262 38.405 13.585
 21.776 14.351 14.13  18.503 17.271 14.4   18.297 20.217 12.633 15.496
 10.381 14.395 16.478 33.412 15.429 18.227 15.514 16.003 15.406 16.458
 13.3   14.256 21.42  11.399 17.614 18.737 13.689 13.85  14.983 18.578
  2.406]
[19.852 13.395 12.031 11.98  12.073 12.644 14.761 15.191 21.036 13.763
 23.488 13.349 13.783 15.452 15.747 16.403 16.201 24.576 12.267 19.346
 12.469 12.347 16.431 38.485 16.256  8.076 14.644 21.107 16.561 18.485
 14.498 15.341 28.898 12.712 33.509 17.686 12.978 13.496 15.408 41.985
 15.017]
[ 16.534  13.992  13.53   12.258  14.954  26.402  15.49   15.674  20.616
  44.59   17.3    15.107  14.583  18.563  14.84   15.514  24.779  19.177
  14.811  19.013  16.736  10.963  24.382  25.758  16.301  19.171  18.795
  21.799  19.536  16.072 116.578  16.518  27.155  12.396  15.635  18.552
  13.557  20.123  21.259  17.949  12.847]
[19.438 15.055 16.732 12.972 11.943 25.896 19.533 21.453 16.273 13.924
 17.337 17.226 13.99  18.319 15.694 15.359 17.928 18.441 29.112 22.044
 15.558 12.564 14.528 46.838 17.04  15.814 14.345 32.116 15.29  32.744
 20.97  13.559 81.578 12.879 17.922 18.241 15.963 14.615 16.929 28.654
  4.074]
[11.727 10.457  8.956  7.75   9.575 38.506 12.283 11.074 13.788 10.204
 14.305 11.233 11.138 17.823 12.706 10.012 14.47  14.718 23.612 12.076
  8.747 10.103 12.828 47.263 15.154 17.27   9.225 27.895 12.307 13.338
 16.798 10.459 15.133 10.056 12.247 12.029 15.583 10.751 15.186 12.983
  8.629]
MEAN:
[16.292 17.408 20.727 20.022 14.4  ]

###############
#DEVICE COUNTS#
###############

Desktop: 0
Laptop: 0
Tablet: 0
Smart phone: 0
Other device: 0

##################
#AGE GROUP COUNTS#
##################

18 - 24: 0
25 - 31: 0
32 - 38: 0
39 - 45: 0
46 - 52: 0
53 - 59: 0
60 and above: 0

################
#NETWORK COUNTS#
################

WiFi: 0
Cable network: 0
Cellular network: 0
Other: 0

###########
#REASONING#
###########

11320,7291,6274,6672,5526: undefined
1610,1899,6419,3611,2757: undefined
4027,4620,3064,14980,3363: undefined
4075,4156,3720,5209,3287: undefined
1673,2382,2519,5068,2598: undefined
7218,7821,6801,4243,5042: undefined
4343,6589,5696,12254,5727: undefined
4057,5605,3840,4047,6282: undefined
10226,5811,3687,4440,4211: undefined
5949,4129,11317,5593,4047: undefined
7428,4948,3818,3401,6229: undefined
3182,3409,2993,5671,3316: undefined
3823,5408,6513,4710,3678: undefined
3765,4655,11021,3810,3931: undefined
9470,7349,4430,3735,4862: undefined
4338,4498,4357,10655,3339: undefined
6245,4310,11430,7494,5359: undefined
8597,13275,5436,4019,8438: undefined
5138,4643,5315,18457,4607: undefined
3655,12247,4282,9303,3314: undefined
6384,7179,4701,6541,4905: undefined
3929,3349,2794,2744,3196: undefined
13527,10985,11648,8156,4500: undefined
12387,12266,14840,31943,17394: undefined
4509,3708,9241,5275,4370: undefined
3961,5435,8730,4680,3520: undefined
4355,3718,4568,4435,4690: undefined
11173,21146,5186,6792,8307: undefined
3329,6291,4583,3712,4233: undefined
10159,14304,4384,4213,4292: undefined
3983,4156,41028,4455,4904: undefined
4285,5084,7243,4730,3884: undefined
25333,3666,4704,124652,21612: undefined
2844,2719,3206,2838,2789: undefined
11618,13470,6358,7743,4762: undefined
7732,3740,6372,8451,6170: undefined
4069,4085,5319,4069,3614: undefined
2504,3919,12431,2764,3194: undefined
5886,4441,4456,4481,4576: undefined
8587,10194,11804,4884,5237: undefined
2397,1812,2404,2260,1565: undefined
