LOG OF poke_deviant_paper SURVEY RESULTS

########
#GRADES#
########

RAW GRADES:
[5. 2. 4. 4. 2. 4. 5. 4. 5. 5. 4. 4. 5. 4. 4. 2. 5. 4. 5. 5. 4. 4. 2. 2.
 5. 3. 5. 2. 4. 4. 3. 2. 4. 4. 5. 4. 4. 4. 4.]
[4. 2. 4. 4. 2. 4. 4. 4. 5. 5. 4. 4. 4. 5. 5. 2. 4. 3. 4. 5. 4. 4. 2. 2.
 5. 3. 5. 1. 4. 3. 2. 1. 4. 4. 5. 5. 4. 4. 4.]
[5. 2. 4. 4. 2. 4. 5. 4. 4. 5. 4. 5. 4. 5. 4. 2. 3. 2. 3. 5. 4. 4. 3. 2.
 5. 2. 5. 2. 4. 4. 2. 1. 4. 4. 4. 5. 4. 4. 4.]
[5. 3. 4. 4. 2. 4. 4. 4. 5. 5. 4. 4. 4. 5. 4. 2. 4. 4. 4. 5. 4. 4. 3. 1.
 5. 4. 4. 2. 4. 4. 2. 1. 4. 3. 4. 4. 5. 4. 4.]
[4. 1. 3. 3. 4. 4. 4. 4. 1. 4. 3. 5. 4. 3. 4. 3. 4. 2. 1. 5. 2. 4. 2. 1.
 2. 4. 5. 3. 3. 3. 2. 2. 4. 4. 5. 3. 3. 2. 4.]
[5. 1. 4. 4. 4. 4. 5. 4. 1. 3. 3. 4. 2. 3. 4. 3. 4. 1. 1. 5. 2. 4. 2. 1.
 2. 2. 4. 3. 3. 4. 2. 2. 3. 4. 5. 5. 3. 2. 3.]
[5. 1. 4. 4. 2. 4. 5. 4. 2. 3. 3. 4. 2. 3. 2. 3. 5. 1. 2. 4. 4. 4. 2. 1.
 2. 4. 5. 3. 3. 4. 3. 1. 4. 3. 5. 5. 3. 2. 3.]
[5. 2. 4. 4. 2. 4. 4. 4. 4. 3. 3. 5. 4. 5. 3. 3. 3. 2. 2. 4. 4. 4. 2. 1.
 2. 4. 5. 2. 3. 4. 3. 2. 4. 4. 5. 4. 2. 2. 4.]
[4. 1. 1. 2. 1. 3. 5. 2. 1. 2. 1. 4. 1. 4. 2. 1. 5. 1. 1. 2. 1. 3. 1. 1.
 3. 1. 5. 2. 2. 4. 1. 1. 2. 2. 5. 4. 1. 2. 3.]
[5. 1. 2. 2. 1. 4. 5. 2. 1. 2. 1. 4. 2. 4. 2. 1. 4. 3. 1. 1. 1. 4. 1. 1.
 1. 2. 4. 1. 2. 4. 1. 1. 2. 3. 5. 4. 1. 1. 2.]
[4. 1. 1. 1. 1. 3. 4. 2. 1. 2. 1. 5. 2. 4. 1. 1. 4. 2. 1. 2. 4. 4. 1. 1.
 1. 1. 5. 2. 2. 4. 1. 2. 2. 3. 5. 5. 2. 1. 2.]
[5. 1. 3. 1. 1. 4. 5. 2. 1. 2. 1. 4. 2. 5. 1. 1. 5. 2. 1. 2. 1. 4. 2. 1.
 1. 1. 5. 2. 2. 4. 1. 1. 2. 2. 5. 4. 1. 1. 2.]
[5. 5. 5. 5. 5. 5. 5. 5. 5. 5. 5. 5. 5. 5. 5. 5. 5. 5. 5. 5. 5. 5. 5. 5.
 5. 5. 5. 5. 5. 4. 5. 5. 5. 5. 5. 5. 5. 4. 5.]
MEAN:
[3.872 3.692 3.667 3.744 3.179 3.103 3.179 3.359 2.256 2.282 2.333 2.333
 4.949]
STANDARD ERROR:
[0.163 0.182 0.179 0.165 0.184 0.198 0.195 0.172 0.22  0.22  0.225 0.239
 0.035]

STANDARDIZED GRADES:
[ 0.667  0.206  0.576  0.615 -0.185  0.162  0.791  0.534  1.237  1.144
  0.855 -0.791  1.429 -0.289  0.627 -0.206  1.104  1.265  1.692  0.791
  0.667  0.    -0.15   0.426  1.202  0.176  0.548 -0.31   0.892  0.426
  0.77   0.289  0.614  0.639  0.426 -0.615  0.778  1.202  0.667]
[-1.5    0.206  0.576  0.615 -0.185  0.162 -1.265  0.534  1.237  1.144
  0.855 -0.791  0.655  0.962  1.368 -0.206 -0.331  0.443  1.045  0.791
  0.667  0.    -0.15   0.426  1.202  0.176  0.548 -1.319  0.892 -2.345
 -0.14  -0.65   0.614  0.639  0.426  0.985  0.778  1.202  0.667]
[ 0.667  0.206  0.576  0.615 -0.185  0.162  0.791  0.534  0.682  1.144
  0.855  1.265  0.655  0.962  0.627 -0.206 -1.767 -0.379  0.398  0.791
  0.667  0.     0.824  0.426  1.202 -0.587  0.548 -0.31   0.892  0.426
 -0.14  -0.65   0.614  0.639 -2.345  0.985  0.778  1.202  0.667]
[ 0.667  1.099  0.576  0.615 -0.185  0.162 -1.265  0.534  1.237  1.144
  0.855 -0.791  0.655  0.962  0.627 -0.206 -0.331  1.265  1.045  0.791
  0.667  0.     0.824 -0.497  1.202  0.94  -1.826 -0.31   0.892  0.426
 -0.14  -0.65   0.614 -0.548 -2.345 -0.615  1.5    1.202  0.667]
[-1.5   -0.687 -0.256 -0.185  1.416  0.162 -1.265  0.534 -0.981  0.361
  0.114  1.265  0.655 -1.54   0.627  0.687 -0.331 -0.379 -0.896  0.791
 -0.778  0.    -0.15  -0.497 -0.601  0.94   0.548  0.699 -0.162 -2.345
 -0.14   0.289  0.614  0.639  0.426 -2.216  0.056 -0.443  0.667]
[ 0.667 -0.687  0.576  0.615  1.416  0.162  0.791  0.534 -0.981 -0.421
  0.114 -0.791 -0.893 -1.54   0.627  0.687 -0.331 -1.202 -0.896  0.791
 -0.778  0.    -0.15  -0.497 -0.601 -0.587 -1.826  0.699 -0.162  0.426
 -0.14   0.289 -0.383  0.639  0.426  0.985  0.056 -0.443 -0.417]
[ 0.667 -0.687  0.576  0.615 -0.185  0.162  0.791  0.534 -0.426 -0.421
  0.114 -0.791 -0.893 -1.54  -0.855  0.687  1.104 -1.202 -0.249  0.105
  0.667  0.    -0.15  -0.497 -0.601  0.94   0.548  0.699 -0.162  0.426
  0.77  -0.65   0.614 -0.548  0.426  0.985  0.056 -0.443 -0.417]
[ 0.667  0.206  0.576  0.615 -0.185  0.162 -1.265  0.534  0.682 -0.421
  0.114  1.265  0.655  0.962 -0.114  0.687 -1.767 -0.379 -0.249  0.105
  0.667  0.    -0.15  -0.497 -0.601  0.94   0.548 -0.31  -0.162  0.426
  0.77   0.289  0.614  0.639  0.426 -0.615 -0.667 -0.443  0.667]
[-1.5   -0.687 -1.921 -0.985 -0.985 -1.947  0.791 -1.449 -0.981 -1.204
 -1.368 -0.791 -1.667 -0.289 -0.855 -1.099  1.104 -1.202 -0.896 -1.265
 -1.5   -2.55  -1.124 -0.497  0.    -1.351  0.548 -0.31  -1.217  0.426
 -1.05  -0.65  -1.381 -1.734  0.426 -0.615 -1.389 -0.443 -0.417]
[ 0.667 -0.687 -1.088 -0.985 -0.985  0.162  0.791 -1.449 -0.981 -1.204
 -1.368 -0.791 -0.893 -0.289 -0.855 -1.099 -0.331  0.443 -0.896 -1.95
 -1.5    0.    -1.124 -0.497 -1.202 -0.587 -1.826 -1.319 -1.217  0.426
 -1.05  -0.65  -1.381 -0.548  0.426 -0.615 -1.389 -1.265 -1.5  ]
[-1.5   -0.687 -1.921 -1.785 -0.985 -1.947 -1.265 -1.449 -0.981 -1.204
 -1.368  1.265 -0.893 -0.289 -1.595 -1.099 -0.331 -0.379 -0.896 -1.265
  0.667  0.    -1.124 -0.497 -1.202 -1.351  0.548 -0.31  -1.217  0.426
 -1.05   0.289 -1.381 -0.548  0.426  0.985 -0.667 -1.265 -1.5  ]
[ 0.667 -0.687 -0.256 -1.785 -0.985  0.162  0.791 -1.449 -0.981 -1.204
 -1.368 -0.791 -0.893  0.962 -1.595 -1.099  1.104 -0.379 -0.896 -1.265
 -1.5    0.    -0.15  -0.497 -1.202 -1.351  0.548 -0.31  -1.217  0.426
 -1.05  -0.65  -1.381 -1.734  0.426 -0.615 -1.389 -1.265 -1.5  ]
[0.667 2.885 1.408 1.416 2.216 2.271 0.791 1.525 1.237 1.144 1.595 1.265
 1.429 0.962 1.368 2.472 1.104 2.087 1.692 0.791 1.389 2.55  2.773 3.198
 1.202 1.703 0.548 2.717 1.947 0.426 2.591 3.103 1.611 1.826 0.426 0.985
 1.5   1.202 1.75 ]
MEAN:
[ 0.535  0.28   0.365  0.294 -0.099 -0.083  0.02   0.138 -0.872 -0.785
 -0.752 -0.676  1.635]
STANDARD ERROR:
[0.089 0.132 0.119 0.139 0.139 0.117 0.105 0.101 0.124 0.108 0.129 0.128
 0.118]

#############
#VIDEO ORDER#
#############

RAW ORDERS:
[ 4.  3.  2.  1.  7.  8.  5.  6. 10.  9. 11. 12. 13.]
[ 2.  1.  4.  3.  6.  5.  7.  8. 11. 12. 10.  9. 13.]
[ 1.  2.  3.  4.  5.  6.  7.  8.  9. 10. 11. 12. 13.]
[ 2.  1.  4.  3.  5.  6.  7.  8. 12. 11. 10.  9. 13.]
[ 2.  1.  3.  4.  6.  5.  8.  7. 12. 11.  9. 10. 13.]
[ 1.  2.  3.  4.  5.  6.  8.  7. 12. 11.  9. 10. 13.]
[ 1.  2.  3.  4.  7.  8.  6.  5. 12. 11. 10.  9. 13.]
[ 2.  1.  4.  3.  6.  5.  7.  8.  9. 10. 11. 12. 13.]
[ 2.  1.  3.  4.  8.  7.  5.  6.  9. 10. 12. 11. 13.]
[ 2.  1.  3.  4.  5.  6.  7.  8. 11. 12.  9. 10. 13.]
[ 1.  2.  3.  4.  5.  6.  8.  7. 12. 11. 10.  9. 13.]
[ 4.  3.  2.  1.  8.  7.  5.  6. 12. 11.  9. 10. 13.]
[ 1.  2.  4.  3.  5.  6.  7.  8.  9. 10. 12. 11. 13.]
[ 3.  4.  1.  2.  5.  6.  7.  8. 12. 11.  9. 10. 13.]
[ 4.  3.  2.  1.  8.  7.  6.  5. 12. 11.  9. 10. 13.]
[ 2.  1.  4.  3.  5.  6.  7.  8. 11. 12. 10.  9. 13.]
[ 2.  1.  4.  3.  7.  8.  5.  6. 12. 11. 10.  9. 13.]
[ 1.  2.  3.  4.  7.  8.  6.  5. 12. 11.  9. 10. 13.]
[ 1.  2.  4.  3.  7.  8.  5.  6. 10.  9. 12. 11. 13.]
[ 3.  4.  2.  1.  6.  5.  8.  7. 11. 12. 10.  9. 13.]
[ 4.  3.  1.  2.  7.  8.  6.  5. 11. 12. 10.  9. 13.]
[ 3.  4.  2.  1.  5.  6.  7.  8.  9. 10. 12. 11. 13.]
[ 4.  3.  2.  1.  5.  6.  7.  8.  9. 10. 11. 12. 13.]
[ 1.  2.  4.  3.  7.  8.  6.  5. 10.  9. 11. 12. 13.]
[ 2.  1.  4.  3.  8.  7.  5.  6. 12. 11. 10.  9. 13.]
[ 3.  4.  2.  1.  6.  5.  7.  8. 11. 12.  9. 10. 13.]
[ 3.  4.  2.  1.  5.  6.  7.  8. 10.  9. 12. 11. 13.]
[ 3.  4.  1.  2.  8.  7.  5.  6. 10.  9. 12. 11. 13.]
[ 3.  4.  2.  1.  6.  5.  8.  7. 12. 11.  9. 10. 13.]
[ 3.  4.  2.  1.  8.  7.  5.  6. 11. 12. 10.  9. 13.]
[ 1.  2.  4.  3.  7.  8.  5.  6. 10.  9. 11. 12. 13.]
[ 1.  2.  4.  3.  8.  7.  6.  5. 10.  9. 12. 11. 13.]
[ 4.  3.  2.  1.  6.  5.  7.  8. 12. 11.  9. 10. 13.]
[ 2.  1.  3.  4.  7.  8.  6.  5. 10.  9. 12. 11. 13.]
[ 3.  4.  2.  1.  7.  8.  6.  5. 11. 12. 10.  9. 13.]
[ 4.  3.  2.  1.  6.  5.  7.  8. 10.  9. 12. 11. 13.]
[ 1.  2.  4.  3.  5.  6.  7.  8.  9. 10. 11. 12. 13.]
[ 1.  2.  4.  3.  5.  6.  8.  7. 10.  9. 11. 12. 13.]
[ 4.  3.  1.  2.  6.  5.  7.  8. 11. 12. 10.  9. 13.]

#################
#VIDEO VIEW TIME#
#################

RAW TIMES:
[16084. 13126. 12505. 12495. 14694. 20695. 20255. 15134. 15963. 18926.
 17032. 17318. 22380. 28019. 11630. 12686. 13512. 36860. 14688. 16516.
 12483. 12181. 13095. 14668. 12963. 12825. 13107. 13151. 18291. 15529.
 14368. 20132. 15935. 16636. 13221. 27311. 16177. 13335. 12051.]
[15980. 17148. 12739. 14139. 16938. 17941. 19245. 13166. 20231. 34991.
 20999. 20081. 17443. 28594. 11342. 15205. 15148. 18872. 23972. 15979.
 14531. 18584. 14948. 13411. 21043. 29348. 14374. 13517. 14002. 14493.
 12381. 11828. 16618. 22398. 20331. 17037. 28152. 11583. 13559.]
[44660. 14337. 11534. 12137. 10827. 23941. 31004. 11855. 17594. 13251.
 20852. 18851. 13619. 22939. 12516. 13227. 12161. 13880. 18433. 35788.
 15546. 21442. 19462. 28806. 12221. 15469. 12169. 16997. 24699. 36454.
 11948. 15293. 18190. 17423. 15622. 27007. 17651. 14514. 10069.]
[14841. 19444. 10814. 12737. 10175. 17990. 16172. 14972. 16972. 12939.
 14847. 50382. 16975. 21186. 12140. 13149. 14532. 10527. 16960. 24099.
 19994. 23094. 13134. 12665. 13489. 16012. 14220. 15412. 33178. 15047.
 12079. 13173. 29918. 28967. 23123. 57370. 16222. 18528. 10985.]
[19992. 11800. 12779. 14510. 13565. 29022. 54731. 11294. 17380. 15463.
 22590. 16928. 20041. 19800. 10959. 13358. 12133. 15355. 15738. 19421.
 12354. 13028. 26261. 11459. 13206. 14288. 16807. 13335. 14918. 17852.
 12055. 12091. 16486. 15586. 13617. 24154. 15929. 14144. 15482.]
[17675. 15226. 11152. 13805. 28329. 14661. 14277. 13411. 16018. 15530.
 46019. 15512. 18067. 17776. 10663. 11301. 14672. 10096. 16852. 18550.
 12136. 15239. 46177. 12029. 15691. 39332. 12689. 13468. 15780. 14351.
 12389. 12348. 17396. 30360. 32601. 22498. 17039. 13157. 13111.]
[30279. 12791. 11847. 13518. 12305. 16673. 20680. 12787. 17260. 14177.
 13686. 17677. 16105. 19095. 10840. 11366. 12828. 11813. 17137. 18230.
 12478. 13945. 21701. 12376. 13857. 33366. 13469. 13326. 13646. 14267.
 13073. 12147. 17490. 16104. 18779. 23059. 15977. 13539. 20089.]
[14274. 12944. 12113. 12554. 13602. 15306. 14059. 11384. 28350. 15523.
 13819. 19580. 15171. 18040. 13881. 12139. 11802. 13037. 16578. 17600.
 14033. 12151. 13443. 16831. 12876. 13026. 14302. 13751. 13800. 15075.
 12380. 12362. 16734. 15948. 18506. 20383. 17951. 14086. 13153.]
[18460. 18507. 15969. 17949. 18617. 37490. 18811. 15632. 18349. 21166.
 17102. 29337. 26657. 20726. 16275. 17004. 16328. 16159. 21913. 27015.
 21444. 19859. 17081. 17624. 13727. 17108. 18133. 17867. 17974. 17782.
 17082. 19463. 18929. 21891. 27776. 44882. 20915. 18362. 16505.]
[16315. 23054. 15873. 16712. 18933. 18628. 19125. 15630. 21781. 28844.
 17799. 25678. 20989. 19485. 15842. 17317. 16634. 19593. 18455. 32570.
 16839. 10381. 22399. 16851. 10960. 17514. 18440. 18624. 18327. 22912.
 16843. 17558. 24395. 20787. 26155. 37070. 20865. 19743. 15975.]
[18223. 18849. 15489. 17584. 18166. 18010. 18869. 15358. 19140. 19173.
 19459. 25148. 22540. 20541. 15390. 18025. 16842. 16373. 22001. 40975.
 11894. 12143. 42837. 16256. 12118. 16369. 19283. 19020. 19328. 19334.
 17948. 16064. 21401. 21086. 27284. 24915. 22455. 18300. 15283.]
[20306. 17290. 16990. 17669. 47461. 19046. 18806. 13837. 16789. 22531.
 18494. 23633. 21721. 20718. 15035. 14612. 16685. 15230. 21548. 21561.
 17212.  8133. 23390. 17130. 13090. 16705. 18047. 19514. 19221. 18551.
 16940. 18415. 21928. 20916. 23043. 25770. 21332. 19169. 33224.]
[10877. 11368.  8052.  8187.  8893. 13625. 10199. 11433. 13379. 18562.
 17182. 14843. 20267. 12429.  8361.  9063.  9162. 14057. 13096. 16840.
  9602.  9551. 10299. 10221.  9490.  9357. 11969. 10649. 11095. 23052.
 16063.  9463. 28505. 12816. 16522.  9890. 15296. 11138.  8092.]
MEAN:
[16358.385 17751.051 18574.051 18678.538 16920.795 18138.026 15994.41
 14937.103 20355.641 19792.179 19730.077 19786.974 12639.615]

#################
#GRADE VIEW TIME#
#################

RAW TIMES:
[13.381 12.872 11.09  12.078 14.143 19.025 12.267 14.589 13.731 17.318
 13.038 15.374 17.913 25.188 11.291 12.216 11.788 33.284 12.295 14.536
 11.786  8.783 12.737 14.182 12.709 12.524 11.395 11.506 17.648 13.886
 14.031 19.674 13.624 14.594 11.602 24.469 14.725  9.041 11.619]
[13.25  14.574 11.391 13.676 16.185 16.007 17.135 12.645 18.488 33.112
 20.034 16.962 15.622 15.893 10.949 14.741 12.114 16.983 13.497 14.158
 14.052 14.989 13.544 12.92  20.661 28.995 12.675 11.881 13.447 12.846
 12.067 11.308 14.426 20.266 18.684 14.177 14.254  9.842 13.121]
[ 9.189 14.117 10.144 11.768 10.306 22.255 17.205 11.495 15.174 11.319
 19.858 16.415 12.121 20.281 12.149 12.652 10.482 10.732 12.847 34.195
 15.151 18.141 19.121 21.651 11.966 14.599 10.705 15.326 20.886 34.548
 11.626 14.786 15.723 15.457 13.945 25.175 16.227 12.803  9.61 ]
[ 7.59  19.239  9.417 12.343  4.136 16.286 14.352 14.59  14.99  10.731
 13.849 38.573 12.653 18.49  11.788 12.539 12.814  7.892 13.223 22.593
 19.623 18.886 12.802 12.236 13.212 15.476 12.51  13.82  31.514 13.389
 11.767 12.688 26.681 18.114 21.495 43.005 14.488 16.776 10.564]
[13.727 11.592 11.403 14.155 12.988 25.701 22.203 10.958 15.491 13.132
 21.761 14.612 18.269 16.245  3.704 12.381 10.359 10.912 12.877 17.284
 11.904 10.369 25.629 10.957 12.964 13.956 15.083 11.661 14.138 16.435
 11.675 11.582 13.96  13.772 12.015 22.164 14.533 12.179 15.046]
[15.407 14.985  9.759 13.237 11.514 13.018 12.438 13.018 13.875 13.319
 40.893 13.573 16.315 15.096  4.401 10.789 10.598  7.918 13.555 16.623
 11.626 13.269 45.633 11.587 15.423 39.009 11.009 11.907 15.157 12.7
 11.978 11.836 15.073 24.123 31.162 20.692 15.626 11.118 12.68 ]
[27.801 12.579 10.443 13.083 11.768  5.327 18.846 12.371 15.266 11.95
 12.738 15.838 14.331 16.226 10.499 10.758 11.061  9.51  14.257 16.387
 11.363  9.903 21.282 11.956 13.505 24.131 11.738 11.713 13.023 12.582
 12.737 11.619 14.842 14.096 17.162 21.217 14.584 11.842 19.647]
[11.606 12.697 10.69  12.138 13.081 13.638 11.022 10.981 26.29   8.584
 12.994 17.932 13.242 15.365 13.527 11.695 10.316  9.955 13.214 15.643
 13.448  9.024 13.031  7.281 12.567 12.709 12.601 12.174 13.147 13.382
 11.947 11.769 13.106 14.153 17.128 18.558 16.289 12.258 12.715]
[15.975 18.237 14.549 17.563 18.088 34.135 16.839 15.301 15.841 19.172
 16.395 27.345 14.845 17.383  5.201 16.329 13.973  9.799 19.542 25.432
 20.924 16.728 16.539 17.106 13.521 16.755 16.434 16.486 17.297 16.091
 16.669 18.969 16.669 20.034 26.36  34.948 19.488 16.642 16.072]
[14.05  20.162 14.472 16.319  6.052 16.945 17.285 15.066 19.784 24.744
 16.895 23.183 19.209 16.633 15.499 16.701 15.166 15.722 15.679 30.877
 16.289  7.219 21.786 16.416 10.749 17.185 16.524 16.972 17.606 21.217
 16.444 17.053 22.027 18.945 24.539 31.825 19.521 17.974 15.541]
[15.93  18.563 14.03  17.208 10.78  16.365 16.958 14.953 16.925 17.034
 18.436 22.671 20.764 17.884 15.021 17.552 15.155 14.155 19.62  37.655
 11.186  8.427 42.31  15.833 11.902 16.03  17.593 17.311 18.669 17.637
 17.571 15.562 16.646 19.074 25.239 23.117 21.074 16.469 14.127]
[18.014 17.033 15.565 17.181 30.892 17.337 17.03  13.388 14.729 20.578
 17.533 21.726 19.622 16.896 14.67  14.004 15.182 13.009 19.228 19.695
 16.627  5.414 22.955  2.499 12.842 16.367 16.328 17.928 18.479 16.849
 16.574 17.795 17.863 19.144 21.383 23.951 19.835 17.125 32.794]
[ 8.18  11.097  6.707  7.818  8.352 11.904  8.391 10.932 11.153 13.719
 16.168 12.858 18.469 10.269  8.028  8.428  7.462  8.996 10.746 15.199
  9.01   6.28   9.67   9.787  9.262  8.965 10.03   8.967 10.438 21.399
 15.672  8.865 26.202 11.06  15.142  8.128 13.008  9.184  7.658]
MEAN:
[14.563 15.425 15.696 16.08  14.353 15.947 14.102 13.126 18.094 17.853
 18.037 17.591 11.118]

###############
#DEVICE COUNTS#
###############

Desktop: 0
Laptop: 0
Tablet: 0
Smart phone: 0
Other device: 0

##################
#AGE GROUP COUNTS#
##################

18 - 24: 0
25 - 31: 0
32 - 38: 0
39 - 45: 0
46 - 52: 0
53 - 59: 0
60 and above: 0

################
#NETWORK COUNTS#
################

WiFi: 0
Cable network: 0
Cellular network: 0
Other: 0

###########
#REASONING#
###########

5122,9806,6540,6784,5594,5365,4175,4575,4441,4600,4376,4254,5760: undefined
2930,4114,3410,5121,1719,2012,1955,1644,1827,1878,2006,2590,2838: undefined
6992,2581,3226,2771,2988,2504,2536,2672,2544,2550,2560,2906,2699: undefined
5252,9246,3622,7830,11646,4378,3574,4703,9878,3370,2528,4394,4355: undefined
1979,7867,2104,1932,2627,2759,1887,2099,1728,1781,1992,1924,2435: undefined
10587,4511,6958,4456,4558,3964,3927,4231,8657,3466,4752,7178,4924: undefined
8911,5323,5858,6666,17261,4701,5147,5694,3934,3987,4739,4294,5288: undefined
3040,12183,2074,2083,3070,2939,2992,2294,2515,2095,2279,2408,2741: undefined
6571,15415,14616,4440,4730,7922,7480,3639,4581,3129,4541,3841,5931: undefined
8993,11028,13641,5512,8935,16071,4829,5326,4059,4508,3997,4359,6241: undefined
6396,4813,3141,9936,3617,3973,5193,3504,3798,2617,3506,4412,5850: undefined
4318,5010,4817,9288,4729,4321,7038,4890,6306,5085,4695,5733,4617: undefined
10462,5151,4831,4881,8685,4275,4145,3818,4749,3965,5553,3905,4520: undefined
14273,9172,54826,12916,15889,15049,8347,6029,5904,4742,5129,8165,3440: undefined
1645,2057,3013,5631,2067,1911,2599,2808,1636,2146,1388,2156,2067: undefined
2412,8295,1973,4549,4204,2202,2144,2223,2609,2346,2203,3338,2468: undefined
3353,7826,3496,3143,2883,2666,2889,3907,2915,2989,2740,2901,2953: undefined
21189,5320,3244,4697,4123,5576,4665,4278,3872,4385,6306,3661,4543: undefined
12158,9097,7279,7877,5626,5755,8748,9060,6533,6353,7611,5622,6375: undefined
5265,4440,13523,9141,4788,5550,5360,4306,4391,5450,10164,6975,11864: undefined
4461,3115,7022,9680,2700,2718,5848,2772,3373,2724,4316,2513,3634: undefined
5403,6118,8214,10184,5202,5681,4928,4974,7581,7355,5838,5350,12401: undefined
2823,3646,5845,8403,3387,2547,4807,2685,3192,2597,2129,3135,5204: undefined
8353,2829,3659,2695,2102,2039,2827,2413,2200,2505,2479,2094,4675: undefined
4154,5420,2760,6374,3285,2756,4284,2759,3070,3946,2809,2473,2358: undefined
2005,2039,7318,1940,1877,2632,1786,1605,1990,2404,1472,2400,2512: undefined
3443,3600,3281,3318,3397,3660,3161,3558,3588,3655,3631,3762,3724: undefined
3167,3203,8648,3887,3020,3127,2826,2820,2918,2737,2625,2687,4855: undefined
6892,4936,7699,11592,5892,3679,4911,3283,6119,3261,2831,2784,2640: undefined
3978,4673,4529,11701,4301,3462,3739,3650,3169,3459,3726,3357,6746: undefined
8245,3482,4515,5376,4146,4254,4171,4751,2520,2763,2047,3015,3451: undefined
6943,2364,2678,3789,3337,2718,2130,2823,3964,3884,2920,2591,4420: undefined
5300,6337,8456,11417,5905,5343,7201,6312,7004,8540,5338,8405,8001: undefined
7346,13804,4921,6824,7942,3843,4137,3387,3941,6976,3564,5318,5899: undefined
3716,4350,10445,4083,4478,3907,3301,4364,4680,3188,3308,3954,3142: undefined
3892,3556,5559,5818,3719,4674,3742,3717,3527,5280,8589,3705,8012: undefined
14406,14952,7631,4195,4221,3535,6003,4221,3831,3164,3105,5203,5496: undefined
3261,3109,3465,2931,3414,3219,3127,3439,3260,3370,2921,3271,3830: undefined
1629,1581,1853,4849,2209,1742,2576,1679,1744,6062,2259,1461,1801: undefined
