LOG OF separate_poke2 SURVEY RESULTS

########
#GRADES#
########

RAW GRADES:
[1. 1. 1. 3. 5. 2. 4. 4. 3. 5. 3. 4. 3. 2.]
[1. 2. 1. 3. 4. 3. 4. 4. 3. 4. 3. 3. 2. 2.]
[5. 5. 5. 5. 5. 5. 5. 5. 4. 5. 5. 5. 5. 5.]
MEAN:
[2.929 2.786 4.929]
STANDARD ERROR:
[0.357 0.271 0.069]

STANDARDIZED GRADES:
[-0.707 -0.981 -0.707 -0.707  0.707 -1.069 -0.707 -0.707 -0.707  0.707
 -0.707  0.    -0.267 -0.707]
[-0.707 -0.392 -0.707 -0.707 -1.414 -0.267 -0.707 -0.707 -0.707 -1.414
 -0.707 -1.225 -1.069 -0.707]
[1.414 1.373 1.414 1.414 0.707 1.336 1.414 1.414 1.414 0.707 1.414 1.225
 1.336 1.414]
MEAN:
[-0.469 -0.817  1.286]
STANDARD ERROR:
[0.145 0.088 0.065]

#############
#VIDEO ORDER#
#############

RAW ORDERS:
[3. 4. 5.]
[4. 3. 5.]
[4. 3. 5.]
[3. 4. 5.]
[4. 3. 5.]
[4. 3. 5.]
[4. 3. 5.]
[3. 4. 5.]
[4. 3. 5.]
[4. 3. 5.]
[3. 4. 5.]
[3. 4. 5.]
[3. 4. 5.]
[3. 4. 5.]

#################
#VIDEO VIEW TIME#
#################

RAW TIMES:
[14784. 15078. 15620. 19019. 14707. 16373. 15720. 24596. 25257. 21974.
 13588. 18585. 29899. 32869.]
[14465. 45042. 13347. 18716. 15217. 18737. 10983. 19373. 21285. 19826.
 13107. 18069. 32217. 23148.]
[10085. 10839.  8567. 16119.  8145. 11365. 12230. 13454. 13886. 16287.
  8913. 13806. 12046. 18630.]
MEAN:
[19862.071 20252.286 12455.143]

#################
#GRADE VIEW TIME#
#################

RAW TIMES:
[14.515 14.783 12.75  17.35  13.019 14.6   13.354 23.741 22.662 20.608
 13.114 16.604 28.629 30.315]
[14.183 38.153 11.941 16.74  11.391 16.957  8.224 18.504 18.923 17.901
 12.542 16.061 28.341 21.317]
[ 9.81  10.532  7.125 11.742  6.377  9.582 10.009 12.625 11.829 14.875
  8.451 12.054 10.782 16.791]
MEAN:
[18.289 17.941 10.899]

###############
#DEVICE COUNTS#
###############

Desktop: 0
Laptop: 0
Tablet: 0
Smart phone: 0
Other device: 0

##################
#AGE GROUP COUNTS#
##################

18 - 24: 0
25 - 31: 0
32 - 38: 0
39 - 45: 0
46 - 52: 0
53 - 59: 0
60 and above: 0

################
#NETWORK COUNTS#
################

WiFi: 0
Cable network: 0
Cellular network: 0
Other: 0

###########
#REASONING#
###########

6983,2972,2495: undefined
2519,17914,2818: undefined
2767,2496,3964: undefined
3623,3981,3762: undefined
3084,3729,2962: undefined
4032,8210,4112: undefined
3270,3407,3693: undefined
6607,5710,4443: undefined
4366,6141,4394: undefined
3166,3641,3634: undefined
2017,1487,1555: undefined
3829,3809,8126: undefined
11551,3478,5364: undefined
37008,11137,10280: undefined
