LOG OF Soccer_720p_0_500k_360 SURVEY RESULTS

########
#GRADES#
########

RAW GRADES:
[5 5 5 5 5 5 5 5 5 5 5 5 5 5 5 5 5 5 5 5 5 5 5 5 5 5 5 5 5 5]
[1 1 1 1 1 1 1 1 1 1 1 1 1 1 1 1 1 1 1 1 1 1 1 1 1 1 1 1 1 1]
[2 3 3 2 4 3 3 1 3 1 1 3 4 1 3 3 1 1 3 2 3 1 4 2 3 2 1 3 2 3]
[3 3 3 3 5 4 3 2 4 1 1 4 4 1 4 3 1 1 3 2 2 4 4 4 3 3 2 4 2 3]
[2 4 3 2 2 1 2 2 4 1 1 5 3 1 4 3 1 1 3 3 2 3 4 3 2 3 3 3 1 3]
[4 4 2 2 2 3 2 2 4 1 1 4 3 1 4 3 1 1 3 2 2 3 4 2 2 2 2 4 1 3]
[3 4 2 2 2 1 3 2 4 1 1 3 4 1 4 3 1 1 3 2 3 3 4 3 2 2 2 4 2 3]
MEAN:
[5.    1.    2.367 2.867 2.5   2.467 2.5  ]
STANDARD ERROR:
[0.    0.    0.179 0.204 0.199 0.193 0.187]

STANDARDIZED GRADES:
[1.721 1.334 1.969 2.183 1.323 1.621 1.969 2.294 1.213 2.449 2.449 1.104
 1.334 2.449 1.213 1.871 2.449 2.449 1.871 2.183 2.062 1.581 1.108 1.721
 2.062 2.062 2.124 1.334 2.291 1.871]
[-1.491 -2.062 -1.477 -1.213 -1.323 -1.049 -1.477 -0.918 -2.183 -0.408
 -0.408 -1.988 -2.062 -0.408 -2.183 -1.871 -0.408 -0.408 -1.871 -1.213
 -1.334 -1.37  -2.339 -1.491 -1.334 -1.334 -1.006 -2.062 -0.764 -1.871]
[-0.688 -0.364  0.246 -0.364  0.661  0.286  0.246 -0.918 -0.485 -0.408
 -0.408 -0.442  0.485 -0.408 -0.485  0.    -0.408 -0.408  0.    -0.364
  0.364 -1.37   0.246 -0.688  0.364 -0.485 -1.006 -0.364  0.     0.   ]
[ 0.115 -0.364  0.246  0.485  1.323  0.953  0.246 -0.115  0.364 -0.408
 -0.408  0.331  0.485 -0.408  0.364  0.    -0.408 -0.408  0.    -0.364
 -0.485  0.843  0.246  0.918  0.364  0.364 -0.224  0.485  0.     0.   ]
[-0.688  0.485  0.246 -0.364 -0.661 -1.049 -0.615 -0.115  0.364 -0.408
 -0.408  1.104 -0.364 -0.408  0.364  0.    -0.408 -0.408  0.     0.485
 -0.485  0.105  0.246  0.115 -0.485  0.364  0.559 -0.364 -0.764  0.   ]
[ 0.918  0.485 -0.615 -0.364 -0.661  0.286 -0.615 -0.115  0.364 -0.408
 -0.408  0.331 -0.364 -0.408  0.364  0.    -0.408 -0.408  0.    -0.364
 -0.485  0.105  0.246 -0.688 -0.485 -0.485 -0.224  0.485 -0.764  0.   ]
[ 0.115  0.485 -0.615 -0.364 -0.661 -1.049  0.246 -0.115  0.364 -0.408
 -0.408 -0.442  0.485 -0.408  0.364  0.    -0.408 -0.408  0.    -0.364
  0.364  0.105  0.246  0.115 -0.485 -0.485 -0.224  0.485  0.     0.   ]
MEAN:
[ 1.855 -1.377 -0.239  0.151 -0.119 -0.156 -0.116]
STANDARD ERROR:
[0.08  0.107 0.085 0.085 0.087 0.077 0.072]

#############
#VIDEO ORDER#
#############

RAW ORDERS:
[1 2 3 5 4 7 6]
[1 2 5 4 7 6 3]
[1 2 4 3 5 6 7]
[1 2 3 7 6 5 4]
[1 2 3 6 7 4 5]
[1 2 5 7 6 4 3]
[1 2 6 5 4 3 7]
[1 2 3 6 5 4 7]
[1 2 4 5 6 7 3]
[1 2 6 7 4 5 3]
[1 2 4 5 6 3 7]
[1 2 6 3 4 5 7]
[1 2 7 4 3 6 5]
[1 2 7 4 6 5 3]
[1 2 7 3 6 4 5]
[1 2 7 6 3 4 5]
[1 2 7 6 4 5 3]
[1 2 7 3 5 6 4]
[1 2 5 4 7 6 3]
[1 2 7 4 5 3 6]
[1 2 6 4 3 5 7]
[1 2 4 6 7 3 5]
[1 2 4 3 5 7 6]
[1 2 4 7 5 6 3]
[1 2 7 4 5 6 3]
[1 2 7 5 4 6 3]
[1 2 3 6 5 7 4]
[1 2 7 4 6 3 5]
[1 2 7 3 5 6 4]
[1 2 6 7 3 4 5]

#################
#VIDEO VIEW TIME#
#################

RAW TIMES:
[ 68619  46863  41673 186153 133447 192998  63490 120527  58720  79645
 107376  81700  54885  56877  24072  78790  49393  72178  37017  48349
  64820 118320 130785  61926 113290  67500  69318  41002  87547 165462]
[ 37078  93267  40625  49049  35003  42534  39046  54185  37622  41958
  48250  40713  30456 169538  11852  53632  46660  35084  24708  32503
  37066  67902 121546  35280  33510  60666  71765  34189  54728  83259]
[35405 29637 31917 33938 30602 35801 31694 55103 36740 49345 38363 40244
 28918 60936 37177 49737 35419 31211 29362 31292 32726 72902 64036 47959
 41764 47550 77710 29741 67669 90291]
[ 37221  32320  86404  31872  30319  36196  30006  72104  36731  41300
  50903  66464  37683  39007  17073  38882  37519  32490  33240  52393
  34482  76582 142017  97212  31311  50442  35956  39529  78897  81635]
[ 41825  29629  39884  90969  30758  35961  36887  80010  34959  43370
  36897  35790  29081  51924  26401  60158  35358  36002  65613  29769
  31953  72826 118229  76654  66109  43118  62709  29988  73346  90272]
[33962 31077 32786 60225 30684 37079 40073 67424 37707 69290 38179 42386
 28038 47576 25395 44375 35313 32735 26207 29660 33175 66680 82433 33111
 35349 50742 49098 29456     0 75499]
[ 36469  35559  33225 180559  30730  36039  32536  62524  37245  40409
  40276  46502  28761  84562  32018  15552  37342  33586  27125  33216
  36672  67824  86106  32454  92196  70334  41258  30259  72173 106468]
MEAN:
[84091.4   52122.467 44172.967 50273.    51214.967 41523.8   51332.633]

#################
#GRADE VIEW TIME#
#################

RAW TIMES:
[ 26811   3389   6235 126427  39176  31813  19874  18646   7298  20901
   8422   7003   9069  30748   4287  42855   5507   6722  10919   5113
   9589   7914   8671   5141   5348  13452   7095   4031  12520   8381]
[12106  6634 15197  3992 20118  8234  9128  7792  6703 16642  5452  6008
  8296 12735  3075  6080  4674  5111  8459  4879  8005  7557 19028  6143
  6623 17723  7268  3501 14536  9358]
[13087  8001  6948  7454 10539  5525  6604 11547  7790 13434  5351  7636
  4987 15287  9898 17926  4572  5851  7022  5335 10584 19923  9776 10245
  9041 24125 10198  3334  7736  9133]
[ 9094 14164 11909  5292  8061  7870  4965  8008 10260 24490  7561  6443
  4738  5545  2724  6879  4559  6117  6953  6745  7135 13827 66043  7043
  4967 18469 10081  3183 13304  9036]
[ 8554  8467  8177  3175  6043 10336  7190 10336  7126  9071  5293  6831
  8450 21407  3985  7789  4562 11406  8748  4875  5384  9080 64313  6494
 23728 16457 28013  3761 10095 13961]
[  8455   3833   7130   5676   9255   5772  13061  10163   8289  29079
   6825   8243   5335   9814   3953   7280   5431   5840   7280   4571
  51433  10879  18295   4729   6476  11902   7243   4458 114335  13944]
[  8165   3665   7729   3930   6597  15787   4349   8395   7418  21931
   5281  10948   8868   7487   5465 103347   6215  13462   6573  10503
   5163  10188  23145   6888  62582  17781   9489   6047  11923   8807]
MEAN:
[17111.9    9035.233  9629.633 10515.5   11436.9   13632.633 14270.933]

###############
#DEVICE COUNTS#
###############

Desktop: 17
Laptop: 13
Tablet: 0
Smart phone: 0
Other device: 0

##################
#AGE GROUP COUNTS#
##################

18 - 24: 1
25 - 31: 3
32 - 38: 15
39 - 45: 6
46 - 52: 3
53 - 59: 2
60 and above: 0

################
#NETWORK COUNTS#
################

WiFi: 16
Cable network: 12
Cellular network: 2
Other: 0

###########
#REASONING#
###########

A314XJY8V1YL12: If the distortion is brief and only happens once, I'm fine with that. If it happens several times or happens for more than 15 seconds then it really detracts from my video experience. The experiment guidelines were clear and the grading scale was clear.
A1T79J0XQXDDGC: Quality damage for a second on a players face is not a big deal but when the action is happening that is frustrating.
A320BT7PLIQVZT: Durung the action times it was more annoying. and when the resolution dropped quality after the pause.
A3GLUDQZGEJL5G: The pauses and blurriness at key moments, like during a goal, are annoying. 
A2H8GNSEVUJXYL: damage when the ball is in play is worse than damage when the ball is not in play
A1IU5OP7BBZHZ7: I cannot concentrate on the video when it got blurred
A2RK1FNF8QT7LA: I never noticed the video pause except in the test videos.   If the resolution goes blurry during a key point in the game, that would be more annoying than if it happened when there's just text or something on the screen.
AJZBAP861F6X1: No video pause, only resolution decreased, yet its annoying.
A1Y0ABOUJUMCWW: I have no confution about grading or the attention check
AMKGMVI25PC0B: resolution decrease
A3N5RTXKN4I723: resolution decrease
A38NFX88VZDMJ3: If there was only a small resolution difference or it was at an unimportant time, that was less annoying.
A1F1BIPJR11LSR: If the quality damage happenes during a low action time in the game it is not as impactful if it is at a high point.
A122E99M2DQY1G: resolution decrease
A3PGUPNMOU5BPW: The blurs arn't too bad. They're a little annoying. In the beginning it's a bit more annoying.
A1NOINYD1FZ55T: During the videos found blurry some seconds.
A6DX45U3O1CR: resolution decrease
A3B67I3A0YR2D: Video resolution decrease
A272A0JGRTBFCR: Thanks for your ​OUTSTANDING HITS and i would thank you for giving me the chance to participate and you are helping make me better.
A3OLRWACCCCUTU: The resolution issues were more impactful when they were moving the ball.  Also, the resolution itself was worse in the last video compared to the others.
A21EZISIJ3JPSW: Hard to grade the video when it's just a brief second it gets fuzzy. 
A3QZMGTVA4VO44: The quality damage didn't cause serious affect in my watching experience. The guidelines are clear and nothing is confusing. Side-by-side comparison is highly helpful in grading. 
A1NH9LK567B862: The quality affects when it starts blurred. The guideline is so clear and there is no confusion while grading the video
A1IHI23KH87K5W: Blurring not too severe, but if occurs during important moment, can still be quite annoying
A2QD9PJUKW7PKK: ranking i had given based on the video resolution. 
A3P2WQO8VESWF2: Quality damage has adverse effect on viewing experience. The crucial point to be noted is when and at what point of the match this quality damage occurs. It is based on this aspect the rate of  frustration and annoyance can be determined. The experiment guide lines were clear, easy to follow and there was no confusion about grading or attention check questions.
ARTQWWNFA7IOD: Noticed extra resolution decrease when compared with excellent grade reference
A124E03UMDZAA9: It is fairly easy to watch soccer at this level of degradation, it wasn't much far off the excellent grade and I could follow it easy.
A4T7PYGN1BE2P: guideline is very clear and it is annoying when video quality reduced.
AVPD36WUJKJFS: This experiment guideline is clear and not confused, Blurry and stall in online Videos will be irritating thing when we are watching some live sports, Instead of giving same 27 second soccer video, You can give us different videos for analysis, Thank You.
