LOG OF Soccer_720p_2_100k_90 SURVEY RESULTS

########
#GRADES#
########

RAW GRADES:
[5 5 5 5 5 5 5 5 5 5 5 5 5 5 5 5 5 5 5 5 5 5 5 5 5 5 5 5 5 5 5 5 5 5 5 5]
[1 1 1 1 1 1 1 1 1 1 1 1 1 1 1 1 1 1 1 1 1 1 1 1 1 1 1 1 1 1 1 1 1 1 1 1]
[2 1 1 1 1 1 1 1 1 1 2 1 1 1 1 1 1 1 1 1 1 2 1 2 1 1 1 1 1 1 3 1 2 1 1 1]
[2 2 1 1 1 1 1 1 2 1 1 1 1 1 1 1 1 1 1 1 1 2 1 2 1 1 2 1 1 1 3 1 3 1 1 2]
[2 2 1 1 1 1 1 1 1 1 3 2 1 1 1 1 1 1 1 1 1 1 1 3 1 1 1 2 1 1 3 1 4 1 1 2]
[2 1 1 1 1 1 1 1 2 1 2 1 1 1 1 1 1 1 1 1 1 2 2 2 1 1 1 2 1 1 3 1 2 1 1 2]
[1 1 1 1 1 1 1 1 1 1 1 1 1 1 1 1 1 1 1 1 1 1 1 1 1 1 1 1 1 1 2 1 1 1 1 1]
MEAN:
[5.    1.    1.194 1.306 1.389 1.306 1.028]
STANDARD ERROR:
[0.    0.    0.077 0.095 0.126 0.086 0.027]

STANDARDIZED GRADES:
[2.294 2.319 2.449 2.449 2.449 2.449 2.449 2.449 2.319 2.449 2.108 2.372
 2.449 2.449 2.449 2.449 2.449 2.449 2.449 2.449 2.449 2.291 2.372 2.124
 2.449 2.449 2.372 2.319 2.449 2.449 1.905 2.449 1.735 2.449 2.449 2.291]
[-0.918 -0.632 -0.408 -0.408 -0.408 -0.408 -0.408 -0.408 -0.632 -0.408
 -0.843 -0.516 -0.408 -0.408 -0.408 -0.408 -0.408 -0.408 -0.408 -0.408
 -0.408 -0.764 -0.516 -1.006 -0.408 -0.408 -0.516 -0.632 -0.408 -0.408
 -1.651 -0.408 -1.123 -0.408 -0.408 -0.764]
[-0.115 -0.632 -0.408 -0.408 -0.408 -0.408 -0.408 -0.408 -0.632 -0.408
 -0.105 -0.516 -0.408 -0.408 -0.408 -0.408 -0.408 -0.408 -0.408 -0.408
 -0.408  0.    -0.516 -0.224 -0.408 -0.408 -0.516 -0.632 -0.408 -0.408
  0.127 -0.408 -0.408 -0.408 -0.408 -0.764]
[-0.115  0.105 -0.408 -0.408 -0.408 -0.408 -0.408 -0.408  0.105 -0.408
 -0.843 -0.516 -0.408 -0.408 -0.408 -0.408 -0.408 -0.408 -0.408 -0.408
 -0.408  0.    -0.516 -0.224 -0.408 -0.408  0.206 -0.632 -0.408 -0.408
  0.127 -0.408  0.306 -0.408 -0.408  0.   ]
[-0.115  0.105 -0.408 -0.408 -0.408 -0.408 -0.408 -0.408 -0.632 -0.408
  0.632  0.206 -0.408 -0.408 -0.408 -0.408 -0.408 -0.408 -0.408 -0.408
 -0.408 -0.764 -0.516  0.559 -0.408 -0.408 -0.516  0.105 -0.408 -0.408
  0.127 -0.408  1.021 -0.408 -0.408  0.   ]
[-0.115 -0.632 -0.408 -0.408 -0.408 -0.408 -0.408 -0.408  0.105 -0.408
 -0.105 -0.516 -0.408 -0.408 -0.408 -0.408 -0.408 -0.408 -0.408 -0.408
 -0.408  0.     0.206 -0.224 -0.408 -0.408 -0.516  0.105 -0.408 -0.408
  0.127 -0.408 -0.408 -0.408 -0.408  0.   ]
[-0.918 -0.632 -0.408 -0.408 -0.408 -0.408 -0.408 -0.408 -0.632 -0.408
 -0.843 -0.516 -0.408 -0.408 -0.408 -0.408 -0.408 -0.408 -0.408 -0.408
 -0.408 -0.764 -0.516 -1.006 -0.408 -0.408 -0.516 -0.632 -0.408 -0.408
 -0.762 -0.408 -1.123 -0.408 -0.408 -0.764]
MEAN:
[ 2.366 -0.553 -0.398 -0.316 -0.255 -0.316 -0.528]
STANDARD ERROR:
[0.027 0.044 0.027 0.04  0.061 0.034 0.032]

#############
#VIDEO ORDER#
#############

RAW ORDERS:
[1 2 7 4 3 6 5]
[1 2 6 3 5 4 7]
[1 2 3 7 5 6 4]
[1 2 6 5 7 4 3]
[1 2 5 4 3 6 7]
[1 2 5 4 7 3 6]
[1 2 5 7 3 6 4]
[1 2 7 6 3 5 4]
[1 2 7 5 6 4 3]
[1 2 4 6 3 7 5]
[1 2 6 7 3 4 5]
[1 2 4 6 7 3 5]
[1 2 4 3 6 5 7]
[1 2 6 7 3 5 4]
[1 2 5 7 6 3 4]
[1 2 5 7 3 4 6]
[1 2 6 4 7 3 5]
[1 2 4 6 3 7 5]
[1 2 6 5 4 3 7]
[1 2 3 7 5 4 6]
[1 2 6 4 5 3 7]
[1 2 6 3 4 5 7]
[1 2 5 3 4 7 6]
[1 2 3 5 4 6 7]
[1 2 3 6 5 7 4]
[1 2 4 3 6 7 5]
[1 2 3 6 4 5 7]
[1 2 5 4 3 6 7]
[1 2 3 4 5 7 6]
[1 2 7 5 6 4 3]
[1 2 4 6 7 3 5]
[1 2 5 3 6 7 4]
[1 2 7 4 6 3 5]
[1 2 4 5 6 3 7]
[1 2 7 3 4 6 5]
[1 2 7 3 6 5 4]

#################
#VIDEO VIEW TIME#
#################

RAW TIMES:
[ 52341 144103  35548  63277 121670  34936 121151  89659 100112 759528
  81249  13526  64198  62442  17208  75346  51622  51599  53364  55825
  46212  70805  60190  65926  49324  45235  79531 104365 213191  53701
  82372 143060  81379 203718  69284 136070]
[38340 83004 30713 69682 80512 13483 51813 75533 70568 44839 44426 30588
 38821 40221 27991 46239 37583 38516 35412 27406 43738 35289 40570 35297
 33407 33906 52114 45240 41211 40581 35710 46879 40125 56678 37458 57301]
[ 35697  75670  30885  42083  53478  36441  64637  37132  81253  37750
  55024  14382  46498  46474  13003  80576  54551  35182  20136  29755
  31831  35406  33784  36948  39083  31915  89612  44789  46328  65376
  36534  51304  31097 100836  39012 114183]
[ 33549  84261  33934  43876  41419  63142  57804  56131  70582  33580
  77742  20024  37031  53809  24509  71268  62483  38294  21973  26325
  50558  38655  33217  35869  33310  32095  58456  39564  68455  43287
  31875  44253  31212  72585  52125 169702]
[ 35029  79996  50185  44107  52000  38308 138902  38721  68674  37791
  68452  30451  33229  49675  27255  97640  39137  34199  26923  54406
  31300  36068  35586  35770  33725  31103  56839  43776  44596  81957
  34309  47656  30657  58546  73008 116797]
[ 32291  84190  67287  43620  60037  36733  85962  35296  67967  39183
  53926  25443  35766  46669  24946  79783  36426  33635  35053  23600
  31959  39400  35064  35297  33045  32002  55010  40903  38264  81348
  36819  75944  31974 137088  46843 167410]
[ 32536  97814  30976  50051  48419  37382  45215  37873  70948  37628
  42803  29489  35704  41555  30995  65431  52084  32758  37993  47283
  32404  36617  35835  35114  33270  33035  55275  38552  42549 142646
  42490  46468 174700  54730  39697  75719]
MEAN:
[98696.306 44477.611 47740.139 49637.611 51021.472 51838.417 50667.722]

#################
#GRADE VIEW TIME#
#################

RAW TIMES:
[ 4026 10148  2760  8594 77597  4150  9069  7033  6794  6295 14485  9638
 17668  7041  3758 12787  6534  6875 10940  7645  4499 13507 24460 12452
  4774  8602 14282 47792 21755  7189  9985 10466  4127 11440 23914 11048]
[ 3260  8670  2587  7259  9827 34915  7577 11220  7634  6351  5916  3656
 30130  6666  3587 12030 11309  6220  8777  8261  5151 15606 17331  6017
  5231  7981 10673 28450 17195  5859  6279  7721  3396 15017  8696 35030]
[13551 10009  6561  7989  8374  4084 22152  5255  5351  9101  8874  4118
 19576  9876  2935 11677 10696  4747  6306 10537  3581 10308  8079 13306
  7811  5058 29103 15752 14361  9510  7546  6732  3483  9091  5472  7179]
[ 3650  8458  2720  8406 15813  6879  9668  5349  7915 98499  5980  7936
  8659  7917  3263 18825  5800  6725  6818  8677  3957  7016  6736  9633
 10783  9231 13441 25459  8679  5613 40482  7089  2784 15628  6373  9223]
[  4665   8875   2604   8161  14409  16119 384801   6262   5217   7204
   6108   3960   6878   8291   4437  29987  10726   5181   6673   6541
   3309   7174  17945   7761   4353   4465  14710  44455   8511   8705
   6046  10300   3579  13232  16578   7519]
[ 5864 16256  2756 13346  8062  8497 34765  5563 33416  5220  7002  6101
 13303  9776  3188 24242  7500  4548 10113  8877  7151 16321  6072  6268
  4923  4712 12994 12852  8341  5867 13755  6344  6678  9111  7272  7093]
[ 4686 13161  3124  7317  7935  5447  8858  7832 12403  7488  6127  5967
  5737  7373  3068 15724  6796  4307  9762  6738  3714  8105  7897  7504
  3973  4826 10595  8492 11527 16456  6345  6850 28182  8385  6558 12356]
MEAN:
[12892.472 10874.583  9392.806 11946.778 20159.472 10115.25   8378.194]

###############
#DEVICE COUNTS#
###############

Desktop: 20
Laptop: 16
Tablet: 0
Smart phone: 0
Other device: 0

##################
#AGE GROUP COUNTS#
##################

18 - 24: 1
25 - 31: 5
32 - 38: 19
39 - 45: 6
46 - 52: 3
53 - 59: 2
60 and above: 0

################
#NETWORK COUNTS#
################

WiFi: 19
Cable network: 13
Cellular network: 3
Other: 1

###########
#REASONING#
###########

A1T79J0XQXDDGC: It is hard to watch soccer with a level of degradation that is seen here.
A1UM7U8DA3RMA9: It is very much annoying when the online streaming video got blurry or struck in-between, And the guidelines are very clear. Thank You.
A3UUH3632AI3ZX: Regardless of when it happened, it was still such horrible quality.
A1Y0ABOUJUMCWW: I have no confution about grading or the attention check
AMKGMVI25PC0B: found both resolution and video pause
A8FUMDQFBKMXR: The quality decrease is too much to make this enjoyable
A1L8RL58MYU4NC: The Quality damages blur and slag annoyed me a lot no one will like this kind of annoying clips. The Guidelines for this experiment is very clear. Attention check and grading doesn't confused me
A3N5RTXKN4I723: resolution decrease and video pause for more than 1 second
A2BO8M77CS3SGZ: Poor quality makes the watching experience annoying.
A1IU5OP7BBZHZ7: disturbed the view when getting paused and blurred
A38NFX88VZDMJ3: When the video was low quality at important points in the game or lasted a couple seconds.
A1F1BIPJR11LSR: If the quality damage happenes during a low action time in the game it is not as impactful if it is at a high point.
A163J5TEJBO43B: It annoyed me most when it happened during a play that could result in a goal or a significant action, but no matter where the decrease happened I found it very annoying. The pause on a graphic wasn't so bad, but the resulting loss in resolution was very bad no matter where it occured.
A122E99M2DQY1G: resolution decrease and video pause
A3PGUPNMOU5BPW: I think these were all very annoying. I think it could be seen that the goal damage video is more annoying. I didn't see it that way though. I felt like these were all pretty damaging. The blurs felt like they lasted a long time.
A1NOINYD1FZ55T: During the videos found blurry and paused some seconds.Not confusing.I grade easy to all videos.
A30YUELTPFSF0T: Video's resolution was affected and it was also pause. Soccer was very game and while with this disturbance was giving frustration. I think i am good with the attention check.
A6DX45U3O1CR: found both resolution decrease and video pause for more than one second
A1NJ6Q940T7HEB: Found both resolution decrease and video pause
A272A0JGRTBFCR: Thanks for your ​OUTSTANDING HITS and i would thank you for giving me the chance to participate and you are helping make me better.
A3OLRWACCCCUTU: All of these were bad, particularly the resolution issues which seemed extreme and blocked the ability to see play in action.  The resolution issues were far more impactful than the freezes.
ASDKBXZBSJNZD: I feel like it is more bothersome when the video quality is at the very end or at a crucial point in the game, like when someone is trying to score a goal. I am not confused about anything.
A3G5IPGLH1IIZN: It doesn't matter when it happens, it takes me out of the experience and makes me want to stop watching/move on to something else. It was straightforward and pretty clear. I just didn't know when exactly to pick the gradations, not just the extreme ratings.
A1IHI23KH87K5W: If blurring or pause happens at crucial moment, then obviously very annoying. If during replay or dull moment, less annoying.
A2QD9PJUKW7PKK: after video paused and then video resume the quality of resolution is too low and can't find watchable. So based on this i had given bad rating in last 5 videos.
A3O7X46E3REM7I: It makes the viewing experience annoying. Everything was clear.
A3P2WQO8VESWF2: Quality damage depicted in these videos are both caused due to low resolution and video pause. They both are very annoying and frustrating. Especially based on the occurence of these at crucial events of the match is the determinant of the rate of annoyance. The experiment guidelines are very clear, the experiment quite interesting and there is not at all any confusion regarding grading or attention checks.
A9EVF0SO2IUJ0: Some videos struck at the middle or end with low quality and also pause in between more than 1 sec. Nice instructions.
ARTQWWNFA7IOD: In test video observed poor quality like dim resolution and pause more than 1 sec.
A1S34BUFNQ33SQ: I could see all the video's blur and pauses, But couple of video's were not able to visible the football goal shots, which is really annoying to watch the videos 
A124E03UMDZAA9: It makes it so that I cannot watch the videos due to the loss of quality.  
A4T7PYGN1BE2P: guideline is very clear and it is annoying when video paused and quality reduced.
A320QA9HJFUOZO: If the damage is during an important moment of the video, like a soccer shot, it is more annoying. If it happens during an unimportant moment, it is more forgivable.  The guidelines are clear. The popup saying the videos are loading is annoying and unnecessary. 
A3DZGDF9HCTAOB: The quality damage at different times was very bad. I did not like it when the video clarity was bad at the beginning. Since all the videos had resolution clarity and were paused, they were all very bad to look at. The resolution usually became bad after the pause. The guideline is very clear. I am not confused about the grading or the attention check.
ASWZO1WY1UHEP: Attention check was clear and also instruction was clear. I can clearly find the damage or quality of the video. Video quality was poor. It was worst quality. All videos, resolution was decreased and paused more than 1 second.  Overall I like this gaming video.
AVPD36WUJKJFS: Video getting pause for a second or more will be irritating thing, Mainly when we are watching some live sports, This experiment guideline is clear and not confused about the grading or the attention check.
