LOG OF Soccer_720p_2_500k_360 SURVEY RESULTS

########
#GRADES#
########

RAW GRADES:
[5 5 5 5 5 5 5 5 5 5 5 5 5 5 5 5 5 5 5 5 5 5 5 5 5 5 5 5 5 5 5 5 5 5 5 5]
[1 1 1 1 1 1 1 1 1 1 1 1 1 1 1 1 1 1 1 1 1 1 1 1 1 1 1 1 1 1 1 1 1 1 1 1]
[1 1 2 3 1 1 1 1 2 1 1 2 1 1 1 2 1 2 1 1 2 1 1 2 1 1 4 2 1 1 1 3 1 3 1 1]
[1 2 3 3 2 1 3 1 1 3 1 2 4 2 1 2 2 1 1 1 3 1 1 2 2 1 2 3 3 2 3 3 1 3 1 2]
[1 2 2 4 3 1 3 1 2 1 1 2 3 2 1 2 2 1 1 1 2 1 2 2 1 1 3 3 2 1 2 3 1 4 1 2]
[1 2 2 2 2 1 2 1 1 2 1 3 3 1 1 2 2 1 1 1 3 1 1 2 2 1 3 3 2 1 1 3 1 3 1 2]
[1 2 2 3 3 1 1 1 1 2 1 3 2 2 1 2 2 1 1 1 2 1 1 1 2 1 3 4 1 2 1 3 1 1 1 1]
MEAN:
[5.    1.    1.472 1.944 1.861 1.722 1.639]
STANDARD ERROR:
[0.    0.    0.127 0.147 0.148 0.128 0.137]

STANDARDIZED GRADES:
[2.449 2.294 2.183 1.673 1.988 2.449 1.96  2.449 2.319 2.108 2.449 2.062
 1.65  2.291 2.449 2.339 2.294 2.372 2.449 2.449 2.062 2.449 2.372 2.294
 2.291 2.449 1.673 1.673 2.108 2.319 2.121 1.871 2.449 1.581 2.449 2.291]
[-0.408 -0.918 -1.213 -1.673 -1.104 -0.408 -0.928 -0.408 -0.632 -0.843
 -0.408 -1.334 -1.238 -0.764 -0.408 -1.108 -0.918 -0.516 -0.408 -0.408
 -1.334 -0.408 -0.516 -0.918 -0.764 -0.408 -1.673 -1.673 -0.843 -0.632
 -0.707 -1.871 -0.408 -1.37  -0.408 -0.764]
[-0.408 -0.918 -0.364  0.    -1.104 -0.408 -0.928 -0.408  0.105 -0.843
 -0.408 -0.485 -1.238 -0.764 -0.408 -0.246 -0.918  0.206 -0.408 -0.408
 -0.485 -0.408 -0.516 -0.115 -0.764 -0.408  0.837 -0.837 -0.843 -0.632
 -0.707  0.    -0.408  0.105 -0.408 -0.764]
[-0.408 -0.115  0.485  0.    -0.331 -0.408  0.516 -0.408 -0.632  0.632
 -0.408 -0.485  0.928  0.    -0.408 -0.246 -0.115 -0.516 -0.408 -0.408
  0.364 -0.408 -0.516 -0.115  0.    -0.408 -0.837  0.     0.632  0.105
  0.707  0.    -0.408  0.105 -0.408  0.   ]
[-0.408 -0.115 -0.364  0.837  0.442 -0.408  0.516 -0.408  0.105 -0.843
 -0.408 -0.485  0.206  0.    -0.408 -0.246 -0.115 -0.516 -0.408 -0.408
 -0.485 -0.408  0.206 -0.115 -0.764 -0.408  0.     0.    -0.105 -0.632
  0.     0.    -0.408  0.843 -0.408  0.   ]
[-0.408 -0.115 -0.364 -0.837 -0.331 -0.408 -0.206 -0.408 -0.632 -0.105
 -0.408  0.364  0.206 -0.764 -0.408 -0.246 -0.115 -0.516 -0.408 -0.408
  0.364 -0.408 -0.516 -0.115  0.    -0.408  0.     0.    -0.105 -0.632
 -0.707  0.    -0.408  0.105 -0.408  0.   ]
[-0.408 -0.115 -0.364  0.     0.442 -0.408 -0.928 -0.408 -0.632 -0.105
 -0.408  0.364 -0.516  0.    -0.408 -0.246 -0.115 -0.516 -0.408 -0.408
 -0.485 -0.408 -0.516 -0.918  0.    -0.408  0.     0.837 -0.843  0.105
 -0.707  0.    -0.408 -1.37  -0.408 -0.764]
MEAN:
[ 2.198 -0.854 -0.464 -0.109 -0.17  -0.271 -0.33 ]
STANDARD ERROR:
[0.045 0.072 0.067 0.07  0.065 0.048 0.068]

#############
#VIDEO ORDER#
#############

RAW ORDERS:
[1 2 7 6 3 4 5]
[1 2 4 6 5 3 7]
[1 2 4 6 3 7 5]
[1 2 5 4 3 7 6]
[1 2 3 6 4 7 5]
[1 2 6 5 4 7 3]
[1 2 4 6 7 3 5]
[1 2 3 6 5 7 4]
[1 2 4 7 3 5 6]
[1 2 7 3 5 4 6]
[1 2 5 3 4 6 7]
[1 2 3 4 6 7 5]
[1 2 5 4 7 3 6]
[1 2 7 5 6 4 3]
[1 2 7 4 3 5 6]
[1 2 4 3 5 6 7]
[1 2 3 4 7 5 6]
[1 2 4 5 6 3 7]
[1 2 3 6 7 4 5]
[1 2 7 4 6 3 5]
[1 2 7 5 3 6 4]
[1 2 3 5 6 7 4]
[1 2 5 7 6 4 3]
[1 2 7 5 3 6 4]
[1 2 5 4 7 6 3]
[1 2 6 5 3 4 7]
[1 2 6 5 4 7 3]
[1 2 5 7 6 3 4]
[1 2 3 7 6 5 4]
[1 2 4 5 6 3 7]
[1 2 5 6 7 4 3]
[1 2 7 6 5 4 3]
[1 2 5 4 3 7 6]
[1 2 6 4 7 3 5]
[1 2 4 3 5 6 7]
[1 2 3 4 6 7 5]

#################
#VIDEO VIEW TIME#
#################

RAW TIMES:
[ 55545 107125  43464  39491  55977  72003 131465  77983 104593  75205
  87376  47950  63170  16382  58643  26518 126281 172160  68917  47198
 205748  43095  64710  82189  86017  84530  71573 108030  57243 167603
 104976 266931 258729 197987 112157 119902]
[44403 77060 36357 33950 45722 42163 38580 66092 70046 42487 35068 37589
 40390  8839 93617  5896 56836 41630 38266 35995 38363 25966 35958 52036
 73719 42552 35914 72926 36076 60418 38809 52781 49677 31694 38416 83349]
[ 32754 125084  33838  33174  47952  60510  40265  46884  81500  42099
  35409  40625  39114  14203  50080  15124 434838  41291  51973  35069
  36149  41538  31017  53726  73528  71426  44429  75345  40051  58615
  41484  49245  53554  30715  49607  94656]
[ 39975 105260  35625  34822  43368  41852  38051  38852 114585  35976
  36913  37440  39268  18541  42454  14111  40617  38906  40538  45611
  38400  29448  32047  53360  79030  48519  39338  63254  34291  60501
  40027  50056  50133  31370  59828  80333]
[ 49402 108556  32139  33148  45377  47257  37670  35580  82971  37275
  37696  35329  38987  21118  45419  22809  16117  38302  41108  33988
  36207  39568  32432  53432  72446  61753  58369  68474  34771  48591
  37980  50127  56364  31250  58718  82968]
[ 36340 101610  35779  33155  40392  45595  46627  38216  86710  36443
  35368  34976  39548  30509  62250  23496  26526  41083  53731  35100
  48582  59885  43455  52219  68374  98496  37798  91170  34023  50095
  37880  73952  45862  32043  33219  81405]
[ 34014 121274  34621  33345  46694  52560  37692  63700  74349  37968
  35550  35174  40019  30832  84581  35154  40404  40809  43327  37681
  37885  34211  34191  53180  71663  66035  37443  61536  35676  51861
  40177  59771  54211  30206  36385  83591]
MEAN:
[97468.5   46101.111 59635.306 46463.889 46213.833 49219.778 48549.167]

#################
#GRADE VIEW TIME#
#################

RAW TIMES:
[ 37281  12018   7274   5234   7801  10820  25681  10003   6078  27640
  35583   9768  14226   4752  10682   3936   8239  76842   4803   6386
  57974   8987   4245  14582   8057   6813  20371  40291   9407 102689
   7988   6008  38891  11557  21616   9174]
[ 5765 16906  3924  7483  7666 14939 18294  7517  7127 32026 14559  4309
 10834  5375 12341  3033  6646 41327  5019  5928 17148  7986  4265  5816
 12495  7582 36598 51653  9926 38134  9179  8799 11659  7917 44485 13115]
[ 4434 10591  4227  6303  9139 25881  7244 22057  5404 11201  7256 19898
  6759  4759  6317  8377  8454 16108  6857  6646  9690  9713  5359  4032
  9046  6510 19549 14046  8404 12078 10880  6451  8043  3994 10173 11061]
[ 9145 11679 11629 19640  6807 26655 18022  5051  8209 10511  7808 31905
 17613  3804  6732  5292  5940 27153  6758  6388  9287  9202  4444  7634
 13423 15579 15680 13496  7140 32132 53906  5455 16002  3690 15684  8477]
[ 5008  8994  5089  8686  8008 22834  7153  6814  5410  8255 11328  8237
 12983  3641 13974  2970  5580 48733  9383  6329 14938  8076  5649  4628
 16028  7326  7631 43070  5255 20799 17142  5386 14211  3140  7294 20138]
[  6722   8895   4890   6330   7555  15817   9566   6633   5655  11949
   7706  31473  27592   4373  11718   3757   6061  54167   6220   6069
   6409   8306   4074   3753   8187   9338  11926  16416   6328  16563
   5737   5901   7424 229710  99895  10740]
[14493  9149  4606  4639  8386 27020  6935  5943  6617 20491  7271  9726
 13269 13376 10576  3151  6145 17965  6560  8551 17552  6777  3998  6699
 11239  6308 10256 15950  6835 14013  6724  9465  8570  4257  6006 11241]
MEAN:
[19269.361 14382.639  9637.25  13277.    11392.222 19273.75   9743.306]

###############
#DEVICE COUNTS#
###############

Desktop: 21
Laptop: 14
Tablet: 0
Smart phone: 1
Other device: 0

##################
#AGE GROUP COUNTS#
##################

18 - 24: 1
25 - 31: 4
32 - 38: 21
39 - 45: 6
46 - 52: 2
53 - 59: 2
60 and above: 0

################
#NETWORK COUNTS#
################

WiFi: 18
Cable network: 16
Cellular network: 2
Other: 0

###########
#REASONING#
###########

A3GLUDQZGEJL5G: The pausing isn't bad and I can still follow the action but the resolution decrease makes it so that I can barely even see who is on the field. 
A1UM7U8DA3RMA9: It is very much annoying when the online streaming video got blurry or struck in-between, And the guidelines are very clear. Thank You.
A2RK1FNF8QT7LA: If the resolution goes blurry during a key point in the game, that would be more annoying than if it happened when there's just text or something on the screen.
A2SKH7WZUEDGGI: no
A1Y0ABOUJUMCWW: I have no confution about grading or the attention check
AMKGMVI25PC0B: found both resolution and video pause
A8FUMDQFBKMXR: The lower in quality isn't that bad as long as it improves quickly but the buffering pauses are really annoying
A3N5RTXKN4I723: resolution decrease and video pause for more than 1 second
A2BO8M77CS3SGZ: Poor quality makes the watching experience annoying.
A31RS26HTX0W37: For the most part the videos were not too bad. A couple of them had bad spots that made viewing annoying. It was too blurry at that point. Several of the bad parts were near the end of the video. It was all pretty clear on the instructions, no problems with that. 
A1Y3VYHOYKZ1D7: Bad quality damage effects my watching experience every time but when the damage happens in an exciting time it  is worse. Everything is clear.
A26UIS59SY4NM6: It really depends on what the action is. If it is the broadcasters logo being displayed slightly before the corner then that is ok. I don't really want pauses right before the key moment. Pixilation is ok.
A1IU5OP7BBZHZ7: I cannot concentrate on the video when it got blurred 
A1F1BIPJR11LSR: It affects the experience more when it happens at points in the game that are important.
A122E99M2DQY1G: resolution decrease and video pause
A3PGUPNMOU5BPW: All of these videos seemed to have both of the glitches. It doesn't matter much when they happen. They are pretty poor quality. It was noticable.
A1NOINYD1FZ55T: During the videos found blurry and paused some seconds.Not confusing.I grade easy to all videos.
A30YUELTPFSF0T: I am confused with attention check question assigned for me. Task Videos watched was bad quality which has at the different timing.
A6DX45U3O1CR: found both resolution decrease and video pause for more than one second
A3B67I3A0YR2D: found both bad resolution and video pause
A2SJC9VRBGNC58: It depends on how long the damage lasts. If it's only for a second, it doesn't really bother me. If it's longer than a second, it diminishes my viewing pleasure. When the damage occurs doesn't really affect me though. 
A272A0JGRTBFCR: Thanks for your ​OUTSTANDING HITS and i would thank you for giving me the chance to participate and you are helping make me better.
A3OLRWACCCCUTU: Worse when the resolution and freezing issues are during action at the goal, not as impactful when the ball isn't moving.
A33CFLCMJNHHNC: It is always annoying in general for me but it's super annoying if it's at an exciting part of the video.  Like right before they take a shot is exciting.  Stalling or blurring when the players standing around is less annoying but still not good for me.  The guidelines were clear and I had no problems.
A3QZMGTVA4VO44: Some timestamps at the end time make my attention getting diverted. The guidelines are clear and nothing is confusing. Side-by-side comparison is highly helpful in grading. 
A1NH9LK567B862: The video quality damaged at each and every video. It just blurred and paused for a second. The experiment guide is so clear which helps in grading the videos without any confusions.
A18LFH7XW61JO9: Quality damage at the crucial time affect the viewing experience a lot. Like, when the match is intense and full attention is diverted to the match, quality decrease is annoying at that time. Grading and attention check is clear. Although pause is in every video but measuring that it is more than one second or not is difficult.
A2AO7QP5THYKQF: it was more annoying if resolution damage lasted longer and if it happened during important part of the video (such as: player is hitting goal). If video damage was only slightly below the excellent I was okay with it)
A2QD9PJUKW7PKK: when there is interesting moment and video paused it is frustrating and low resolution also frustrates. Based on my mood i had given ranking.
A3P2WQO8VESWF2: Quality damage definitely damages watching experience. Especially at times of crucial point of a match, if there is quality damage either by low resolution or pause, it creates a lot of frustration. In the videos which were shown the quality damage at the crucial points of the match, especially near the goal post were more frustrating than those at other junctures of the match. Actually when the excitement is at the highest point, when quality damage occurs, it is highly frustrating and disappointing. The experiment guide lines were clear and there was  no confusion regarding grading or attention check.
ARTQWWNFA7IOD: Observed the Quality Damages due to resolution decrease and video pause. 
A1S34BUFNQ33SQ: I could see all the video's blur and pauses, But couple of video's were not able to visible the football goal shots, which is really annoying to watch the videos
A4T7PYGN1BE2P: guideline is very clear it is very annoying when video paused
A320QA9HJFUOZO: If the damage happens at an important time it is worse. If it pauses before a big part of the action, it is worse. Everything was clear, mostly.
ASWZO1WY1UHEP: I think no doubt at all. When I watch the video, I clearly identify the grade of quality.
AVPD36WUJKJFS: While watching online video streaming, blurry & struck problem will be there due to several reasons, Which will make us irritating, for example if we watch a Soccer game and video getting blurry when the ball near to Net area and possibility for a goal. The HIT explanation is very clear and understandable.
