LOG OF Soccer_720p_2_3000k_720 SURVEY RESULTS

########
#GRADES#
########

RAW GRADES:
[5 5 5 5 5 5 5 5 5 5 5 5 5 5 5 5 5 5 5 5 5 5 5 5 5 5 5 5 5 5]
[1 1 1 1 1 1 1 1 1 1 1 1 1 1 1 1 1 1 1 1 1 1 1 1 1 1 1 1 1 1]
[1 4 4 3 4 3 4 1 1 2 3 2 5 2 1 2 1 1 1 3 3 3 2 3 1 1 3 3 4 2]
[4 4 4 3 4 3 4 1 2 4 3 3 5 2 1 5 1 1 1 3 3 2 3 2 1 1 2 3 4 2]
[3 4 4 3 4 3 4 1 2 3 3 3 5 2 1 3 1 1 1 3 3 3 2 3 1 1 3 2 4 2]
[3 3 4 3 4 3 4 1 2 3 3 3 5 3 1 3 1 1 1 3 3 3 2 3 1 1 3 3 4 2]
[2 3 4 2 4 3 4 1 2 2 2 3 5 2 1 3 1 1 1 3 3 3 2 2 1 1 2 3 4 2]
MEAN:
[5.    1.    2.433 2.7   2.6   2.633 2.4  ]
STANDARD ERROR:
[0.    0.    0.214 0.227 0.203 0.197 0.198]

STANDARDIZED GRADES:
[1.65  1.334 1.108 1.905 1.108 1.871 1.108 2.449 2.294 1.721 1.905 1.905
 0.408 2.183 2.449 1.37  2.449 2.449 2.449 1.871 1.871 1.905 2.183 1.969
 2.449 2.449 1.969 1.905 1.108 2.339]
[-1.238 -2.062 -2.339 -1.651 -2.339 -1.871 -2.339 -0.408 -0.918 -1.491
 -1.651 -1.651 -2.449 -1.213 -0.408 -1.581 -0.408 -0.408 -0.408 -1.871
 -1.871 -1.651 -1.213 -1.477 -0.408 -0.408 -1.477 -1.651 -2.339 -1.108]
[-1.238  0.485  0.246  0.127  0.246  0.     0.246 -0.408 -0.918 -0.688
  0.127 -0.762  0.408 -0.364 -0.408 -0.843 -0.408 -0.408 -0.408  0.
  0.     0.127 -0.364  0.246 -0.408 -0.408  0.246  0.127  0.246 -0.246]
[ 0.928  0.485  0.246  0.127  0.246  0.     0.246 -0.408 -0.115  0.918
  0.127  0.127  0.408 -0.364 -0.408  1.37  -0.408 -0.408 -0.408  0.
  0.    -0.762  0.485 -0.615 -0.408 -0.408 -0.615  0.127  0.246 -0.246]
[ 0.206  0.485  0.246  0.127  0.246  0.     0.246 -0.408 -0.115  0.115
  0.127  0.127  0.408 -0.364 -0.408 -0.105 -0.408 -0.408 -0.408  0.
  0.     0.127 -0.364  0.246 -0.408 -0.408  0.246 -0.762  0.246 -0.246]
[ 0.206 -0.364  0.246  0.127  0.246  0.     0.246 -0.408 -0.115  0.115
  0.127  0.127  0.408  0.485 -0.408 -0.105 -0.408 -0.408 -0.408  0.
  0.     0.127 -0.364  0.246 -0.408 -0.408  0.246  0.127  0.246 -0.246]
[-0.516 -0.364  0.246 -0.762  0.246  0.     0.246 -0.408 -0.115 -0.688
 -0.762  0.127  0.408 -0.364 -0.408 -0.105 -0.408 -0.408 -0.408  0.
  0.     0.127 -0.364 -0.615 -0.408 -0.408 -0.615  0.127  0.246 -0.246]
MEAN:
[ 1.871 -1.41  -0.18   0.017 -0.054 -0.024 -0.22 ]
STANDARD ERROR:
[0.095 0.122 0.078 0.09  0.057 0.052 0.061]

#############
#VIDEO ORDER#
#############

RAW ORDERS:
[1 2 4 7 6 5 3]
[1 2 5 7 3 4 6]
[1 2 7 4 3 5 6]
[1 2 6 3 4 7 5]
[1 2 5 4 6 3 7]
[1 2 4 5 6 7 3]
[1 2 5 4 7 6 3]
[1 2 4 7 3 6 5]
[1 2 3 7 5 6 4]
[1 2 4 5 3 7 6]
[1 2 3 6 5 7 4]
[1 2 4 3 6 7 5]
[1 2 6 7 4 3 5]
[1 2 5 4 6 3 7]
[1 2 5 3 7 6 4]
[1 2 5 7 3 6 4]
[1 2 5 6 3 7 4]
[1 2 7 3 6 4 5]
[1 2 5 4 7 6 3]
[1 2 3 5 6 4 7]
[1 2 3 6 5 7 4]
[1 2 3 5 7 4 6]
[1 2 7 6 4 5 3]
[1 2 5 7 4 6 3]
[1 2 6 7 3 4 5]
[1 2 3 5 4 6 7]
[1 2 5 6 3 4 7]
[1 2 5 4 6 7 3]
[1 2 5 4 6 3 7]
[1 2 3 4 6 7 5]

#################
#VIDEO VIEW TIME#
#################

RAW TIMES:
[ 87668  64837  48590 138482  45045 115843  45658  64534  77257  47141
  81534 128974  37199 128729  86594  54667  52246  64684  49852  19219
  24413  50883  55931  40230  63382  30502  42296 146447  40072  87331]
[ 36388  34169  35059  77812  23913  47159  36367  40460  52851  32311
  55082  72072  14046  46754  45081  43734  36816  41917  59109   7078
   6291  33393  37869 110965  54222  36149  42130  43835  32560  67314]
[ 25753  45784  32933  83628  38529  41835  34796  40045  49778  34616
  49176  50340  41031  55320  55177  38203  41989  39687  59571  20100
  30233  32588  31865  45251  74047  38488  40120  34708  31185 125590]
[35254 36116 33837 94703 58995 44101 34213 74206 44872 64683 52894 51093
 38324 52200 71524 40139 40149 40206 38305 14663 20339 32117 30264 42854
 39420 37126 32700 32585 31617 66232]
[ 31783  37594  31704  81752  46877  40163  34241  53904  45988  41848
  53952  47645  37905  62166  86784  90868  81507  40499  52025  21304
  19206  34412 228927  40625  41868  33972  90228  49445  33552  74994]
[ 34879  39532  33390  79254  75115  41125  35220  71039  43831  32024
  50131  49524  38091  60338  47891  40526  38768  39156  44291  29325
  30861  35050  30431  42465  47951  35412  33320  32771  31589 103559]
[35267 36245 34061 86926 76367 40261 33502 43272 51433 31943 49566 49859
 36797 86178 43047 39040 36171 41876 39416 30657 30596 49047 31845 39911
 39564 34276 34252 37609 31678 72634]
MEAN:
[67341.333 43430.2   45412.2   44191.033 55591.267 44895.3   44109.867]

#################
#GRADE VIEW TIME#
#################

RAW TIMES:
[ 7691 31087 17733 10807  7946 21079  5345 13543 43939  5118 11308 18707
  4014  6747  6051  7751  7405  8350  5620  2770  4688  7931 18574  6081
  8319 10229  6276  4241  4924  8087]
[ 4789 28645  8878  9646  6455 11122  5313 39991  8295  4573 10062  6280
  6232  6889  6300  7341  7325  6150  9605  3156  4975  4471  2692  5680
  9425 10656 13846  3257  4270  5172]
[ 7824  9661  3730 12796 18782  7047  7612 12120  8817  4881 16746 13054
  9684  8317  7856  7711  6207  5323  6081  4730  8838  8859  3258  6740
 14547 18768  8141  3249  5805  9956]
[11131  8971  4925 12104  8806 14627  8874 14479  6849  7399 12497 16012
  5622 14488  8463  7350 11748  5257 13166  5109  6808  7264  3985  7629
 10043 14894  5648  7752  6969  4973]
[ 5544 15029  3711 34976 11082  5192  7587  8519  5075  4520 14515  9064
  7696 13710 10934 14259  8927  5964 11487  6284  7365 33312  2910 13154
  9612 16563  7858  6425  7523  7711]
[ 6702  7011  3201 75715  8033  7755  5324  8187  7635  5120 13912 12777
  9268 10000 13912  6761 12824  5092  5271  3533  5104  4403  5742 10495
 16731 13704  5479  3387  5635  4846]
[ 9203  7897  9034 10627 12129  6495  7953 12538  8840  4727 15944 15168
  5149 11047  6085 16521  5117  6863  8683  4533  7006  5310 10406  7926
 17481 15278  8197  4017  4684  5515]
MEAN:
[10745.367  8716.367  8904.667  9128.067 10550.267 10118.633  9012.433]

###############
#DEVICE COUNTS#
###############

Desktop: 17
Laptop: 11
Tablet: 1
Smart phone: 0
Other device: 1

##################
#AGE GROUP COUNTS#
##################

18 - 24: 1
25 - 31: 4
32 - 38: 18
39 - 45: 2
46 - 52: 2
53 - 59: 3
60 and above: 0

################
#NETWORK COUNTS#
################

WiFi: 17
Cable network: 11
Cellular network: 2
Other: 0

###########
#REASONING#
###########

A1IHI23KH87K5W: If pause happens before important moment, very annoying!
A1NHTBY5YB9JH7: If the video resolution goes bad, it is difficult to watch the video. If it stops, it interrupts what you are watching and becomes very annoying.
A1T79J0XQXDDGC: I think the pause is not a big deal at all but if it degrades in quality I would get upset.
A1UM7U8DA3RMA9: It is very much annoying when the online streaming video got blurry or struck in-between, And the guidelines are very clear, Great HIT . I am enjoying . Thank You.
A272A0JGRTBFCR: Thanks for your ​OUTSTANDING HITS and i would thank you for giving me the chance to participate and you are helping make me better.
A2KVYRNL2CK95F: If there's an important play happening it would be more annoying, but that's up to chance
A2QD9PJUKW7PKK: in video 2-3 second video paused is there but video resolution was good. So i had given raking based on this
A30YUELTPFSF0T: In this task, Video resolution quality was good, But there was pause in the video. I think i have been select the appropriate option in the attention check, Please let me, If i missed to select appropriate attention check.
A3169N2SCN3ENK: The quality makes me lose focus on what I am watching and it takes away from my concentration.  The experiment guideline is clear.  I am not confused about the grading.
A3OLRWACCCCUTU: The pauses weren't too bad as long as they didn't occur when the ball was moving/there's wasn't a lot of action.  When it was frozen when the logo was swiping across the screen I wouldn't have noticed it had I not the excellent video to compare to.
A3P2WQO8VESWF2: Quality damage negatively affects watching experience. In these sets of videos, the main issue was video pause. But in my personal opinion, I feel that a pause of less than 1 second is more tolerable than low resolution occuring. But at the same time, these pauses at crucial points of the match are totally frustrating and annoying. The experiment guidelines were clear and there is no confusion regarding grading or attention check.
A4T7PYGN1BE2P: guideline is very clear and it is annoying when video paused
A8FUMDQFBKMXR: I've decided that I prefer pauses but maintaining image quality to reduce quality without pauses.
AVPD36WUJKJFS: Video getting pause for a second or more will be irritating thing, Mainly when we are watching some live sports, This experiment guideline is clear and not confused about the grading or the attention check.
A122E99M2DQY1G: Video pause more than 1 second
A1IU5OP7BBZHZ7: I cannot concentrate on the video when it got blurred 
A3B67I3A0YR2D: video pause for more than 1 second
A6DX45U3O1CR: video pause for more than one second
A3N5RTXKN4I723: video pause for more than 1 second
A3PGUPNMOU5BPW: These are all kind of fair pauses. It's annoying but not terrible. The footage was still very watchable. Thanks!
A1F1BIPJR11LSR: If the quality damage happenes during a low action time in the game it is not as impactful if it is at a high point.
A3O7X46E3REM7I: It makes the viewing experience annoying. Everything was clear.
A3UUH3632AI3ZX: if the pause happened during any of the actual play, it was pretty annoying. 
A1NOINYD1FZ55T: During the videos found paused some seconds.I grade easy to all videos Not confusing.
AMKGMVI25PC0B: video pause for more than 1 second
A1NJ6Q940T7HEB: Video pause more than 1 second
A1USDMJVT10CE4: if the resolution or pausing occurs during moments of action.
A320BT7PLIQVZT: Durung the action times it was more annoying. and when the resolution dropped quality after the pause.
A2H8GNSEVUJXYL: pause on its own doesn't matter. we're used to it in instant replay
A3PYEW6693PCHT: The random pauses are annoying, especially during a game. It interrupts the flow of the game. Guidelines are very clear and I was not confused about anything.
