LOG OF Soccer_720p_0_100k_90 SURVEY RESULTS

########
#GRADES#
########

RAW GRADES:
[5 5 5 5 5 5 5 5 5 5 5 5 5 5 5 5 5 5 5 5 5 5 5 5 5 5 5 5 5 5 5 5 5]
[1 1 1 1 1 1 1 1 1 1 1 1 1 1 1 1 1 1 1 1 1 1 1 1 1 1 1 1 1 1 1 1 1]
[2 1 1 1 1 1 1 1 2 1 2 2 1 1 1 1 1 3 1 1 1 1 2 2 1 2 2 1 2 3 1 2 2]
[1 2 1 1 1 1 1 1 3 1 3 2 1 2 1 1 1 3 1 2 1 4 3 2 1 2 2 1 2 3 2 3 2]
[2 2 1 1 1 1 1 2 3 1 3 2 1 1 1 1 1 3 2 2 1 1 3 3 1 2 2 2 2 3 1 3 2]
[3 2 1 1 1 1 1 2 2 1 3 2 1 1 1 1 1 3 1 1 2 4 2 2 1 2 2 1 2 3 1 2 2]
[2 1 1 1 1 1 1 1 2 1 4 2 1 1 1 1 1 3 1 2 1 1 2 2 1 2 1 1 2 3 1 1 2]
MEAN:
[5.    1.    1.455 1.758 1.758 1.697 1.485]
STANDARD ERROR:
[0.    0.    0.106 0.149 0.136 0.139 0.129]

STANDARDIZED GRADES:
[2.124 2.291 2.449 2.449 2.449 2.449 2.449 2.319 2.062 2.449 1.673 2.339
 2.449 2.372 2.449 2.449 2.449 1.871 2.372 2.291 2.372 1.532 2.062 2.183
 2.449 2.339 2.294 2.372 2.339 1.871 2.372 1.988 2.339]
[-1.006 -0.764 -0.408 -0.408 -0.408 -0.408 -0.408 -0.632 -1.334 -0.408
 -1.673 -1.108 -0.408 -0.516 -0.408 -0.408 -0.408 -1.871 -0.516 -0.764
 -0.516 -0.851 -1.334 -1.213 -0.408 -1.108 -0.918 -0.516 -1.108 -1.871
 -0.516 -1.104 -1.108]
[-0.224 -0.764 -0.408 -0.408 -0.408 -0.408 -0.408 -0.632 -0.485 -0.408
 -0.837 -0.246 -0.408 -0.516 -0.408 -0.408 -0.408  0.    -0.516 -0.764
 -0.516 -0.851 -0.485 -0.364 -0.408 -0.246 -0.115 -0.516 -0.246  0.
 -0.516 -0.331 -0.246]
[-1.006  0.    -0.408 -0.408 -0.408 -0.408 -0.408 -0.632  0.364 -0.408
  0.    -0.246 -0.408  0.206 -0.408 -0.408 -0.408  0.    -0.516  0.
 -0.516  0.936  0.364 -0.364 -0.408 -0.246 -0.115 -0.516 -0.246  0.
  0.206  0.442 -0.246]
[-0.224  0.    -0.408 -0.408 -0.408 -0.408 -0.408  0.105  0.364 -0.408
  0.    -0.246 -0.408 -0.516 -0.408 -0.408 -0.408  0.     0.206  0.
 -0.516 -0.851  0.364  0.485 -0.408 -0.246 -0.115  0.206 -0.246  0.
 -0.516  0.442 -0.246]
[ 0.559  0.    -0.408 -0.408 -0.408 -0.408 -0.408  0.105 -0.485 -0.408
  0.    -0.246 -0.408 -0.516 -0.408 -0.408 -0.408  0.    -0.516 -0.764
  0.206  0.936 -0.485 -0.364 -0.408 -0.246 -0.115 -0.516 -0.246  0.
 -0.516 -0.331 -0.246]
[-0.224 -0.764 -0.408 -0.408 -0.408 -0.408 -0.408 -0.632 -0.485 -0.408
  0.837 -0.246 -0.408 -0.516 -0.408 -0.408 -0.408  0.    -0.516  0.
 -0.516 -0.851 -0.485 -0.364 -0.408 -0.246 -0.918 -0.516 -0.246  0.
 -0.516 -1.104 -0.246]
MEAN:
[ 2.264 -0.813 -0.421 -0.201 -0.183 -0.251 -0.395]
STANDARD ERROR:
[0.041 0.077 0.035 0.064 0.055 0.058 0.056]

#############
#VIDEO ORDER#
#############

RAW ORDERS:
[1 2 4 6 7 3 5]
[1 2 5 6 4 3 7]
[1 2 7 4 6 5 3]
[1 2 7 3 6 4 5]
[1 2 6 4 3 5 7]
[1 2 6 5 3 4 7]
[1 2 7 4 5 3 6]
[1 2 4 5 6 3 7]
[1 2 3 5 7 6 4]
[1 2 4 5 6 3 7]
[1 2 6 7 5 4 3]
[1 2 4 7 3 5 6]
[1 2 6 4 5 7 3]
[1 2 4 7 5 3 6]
[1 2 3 5 6 4 7]
[1 2 6 5 7 3 4]
[1 2 5 3 7 4 6]
[1 2 5 3 4 6 7]
[1 2 6 4 7 3 5]
[1 2 4 5 6 3 7]
[1 2 3 5 4 6 7]
[1 2 6 4 7 5 3]
[1 2 5 6 3 4 7]
[1 2 4 7 3 5 6]
[1 2 7 3 6 5 4]
[1 2 3 5 6 7 4]
[1 2 6 5 3 4 7]
[1 2 5 4 7 6 3]
[1 2 6 7 4 3 5]
[1 2 6 4 7 5 3]
[1 2 6 4 3 5 7]
[1 2 4 5 6 3 7]
[1 2 4 5 3 7 6]

#################
#VIDEO VIEW TIME#
#################

RAW TIMES:
[ 82228  52672  65943  40939 123679  87977  77937  90069  60148  76696
  21834  52816  73068  64196  44701  76036  58000  39942  52964  72487
 100232  89854  49810  48331  37399  40267  71800  86718  64670  57650
 155419 204718 188444]
[ 34356  35715  41404  37419  56968  68433  47566  79211  32224  55228
   5027  30673  35728  45224  38380  35442  33849  30872  31683  35793
  81241  67262  50423  34926  35987  32116  51338  69366  71247  41185
  60014 860919  86977]
[ 60065  34567  42721  34808  45915  78342  38892  37040  27939  40327
   9719  49000  75111  49943  34903  36917  33144  28926  29164  36416
  70428 184811  35562  42170  31380  29713  48612  38618  38523  37177
 174967  94962  80396]
[ 74678  36813  52858  35122  46092  75349  42802  38758  28640  54862
  17126  68464  39756  39742  36841  31678  31842  59966  29587  34264
  79772  43926  32781  33956  63171  32063  46157  38397  91123  36388
  58130 164050  78512]
[ 31710  34662  42539  38300  35761  72363  38141  40019  29466  61339
  28462  46282  33447  41364  43827  38412  79882  50702  29464  34842
  72208  45131  36995  37119  32529  29867  46873  39242  39822  34342
  83960 117014  83982]
[ 30914  37164  40474  34225  33759  75325  36787  68990  30124  42009
  28302  56409  36859  40781  36736  31839  30788  25941  27915  32712
  69738  47921  32330  34345  30280  31097  46972  40676  41094  39454
  99749 107778  79462]
[ 39785  35963  72781  34617  38489  82467  42465  42633  27865  36080
  28670  49310  38551  45094  34738  34526  31829  46974  29646  36102
  86831  44800  33071  72085  31382  31490  48732  38650  47678  37342
  52931 113042  74267]
MEAN:
[76049.818 71339.273 52459.939 50717.152 46971.758 44816.636 46693.515]

#################
#GRADE VIEW TIME#
#################

RAW TIMES:
[ 6234  6656 10868  7845 11752  7982 22636 12571 21238  5847  5586  6767
  6224  5054  4939  5342  8154  9974  4613 42262 19593  5930  5197 14980
  9841  5102 12795 14048  7463  8090  8844 14448  8533]
[  4862   8870   9962 138146   5843   5468  25231   9930  12073   7955
   2820   6922   7961   4586   4699   5181   6689   9683   4170  20830
  14110   6706   5662   9944   5074   6376  12063  12150  13528   5861
  11182  14363   9518]
[ 7362 10056  9677  8423  8428  5472  9840  7708 19240  6779  2902  7351
  7005  8463  8228  6943  6617 14226  4392 19572 19296  7481  5360  6178
  5530 10236 16579  7781  9771  5468  9594 16663  7994]
[ 9662  7501  8669 12684  6061  5787  8074 10641 15980 13302  7039  9355
  6508  7016  4815 16866  6470  7443  4127 15472  9973  6397  8531 12837
 12051  6301 14987 10792  6149 10756  8345 16879 11645]
[ 4417 11503 13242  7335 17446  4661 11264  7081 12283  6593  6011  6115
  6406  6523  6061  6538 10636  8457  4883 13774 12264 28998 11469  9870
  5713  4671 11875 16073  8125  5894 10405 13544 10907]
[ 4573  7286 13658  4751  9063  7661 10091 16689 10835 23178  8970  6365
  9496  4572  6201  8580  7302  8678  8645 14194 22013 11054  6691  8445
  4519  5630 18335  9697 34608  9083 18439 14592 13207]
[ 5728  8844 24919  9205  7439  5438 16486  7041  7334 21469  9635  5925
  5680  5076  5347 14885  7047  6601  4056  8985 10172 13016  5723  9840
  5827 56680 11496 26499 42317  8006  8849 13778 50354]
MEAN:
[10527.515 12982.364  9291.364  9670.152  9728.394 11124.273 13627.182]

###############
#DEVICE COUNTS#
###############

Desktop: 19
Laptop: 14
Tablet: 0
Smart phone: 0
Other device: 0

##################
#AGE GROUP COUNTS#
##################

18 - 24: 1
25 - 31: 3
32 - 38: 19
39 - 45: 6
46 - 52: 3
53 - 59: 1
60 and above: 0

################
#NETWORK COUNTS#
################

WiFi: 14
Cable network: 15
Cellular network: 3
Other: 1

###########
#REASONING#
###########

A3GLUDQZGEJL5G: I think if I had to choose between the damage qualities issues, I would choose to have the pauses rather than the deterioration of the image because with the pauses you don't miss anything. 
A1Y0ABOUJUMCWW: I have no confution about grading or the attention check
AMKGMVI25PC0B: resolution decrease
A8FUMDQFBKMXR: Changes in quality is tolerable as long as they aren't big but I hate pauses to buffer.
A3N5RTXKN4I723: resolution decrease
A2BO8M77CS3SGZ: Some impairments are very annoying as they appear at important timestamps.
A1IU5OP7BBZHZ7: I cannot concentrate on the video as it got blurred 
A38NFX88VZDMJ3: When the low image quality happens at key points in the game or lasts over 2 seconds.
A1F1BIPJR11LSR: If the quality degrades during a replay than it is not as disruptive as if it were doing actual gameplay.
A122E99M2DQY1G: resolution decrease
A3PGUPNMOU5BPW: The blur at the start was the most annoying on this one. 
A1NOINYD1FZ55T: During the videos found blurry some seconds.
A30YUELTPFSF0T: Resolution decrease in the videos are really affecting the video quality. But there was no pause in the Video. However it was very difficult for me select the attention check questions. It was confusing me. I think i have chosen the correct checks.
A3169N2SCN3ENK: The quality makes me lose focus on what I am watching and it takes away from my concentration.  The experiment guideline is clear.  I am not confused about the grading.
A6DX45U3O1CR: resolution decrease
A3B67I3A0YR2D: Video resolution decrease
A1NJ6Q940T7HEB: Found resolution decrease
A272A0JGRTBFCR: Thanks for your ​OUTSTANDING HITS and i would thank you for giving me the chance to participate and you are helping make me better.
A3OLRWACCCCUTU: Most of the resolution issues were while the ball was in play which was very negative as you couldn't see the action clearly.  When the ball wasn't in play it was still very fuzzy but not as extremely negative.
ABUNAEPK8GV63: There are more important moments in the video that you would want to see as clearly as possible and when the quality decreases at those moment it is very noticeable. Like when one of the teams attempted to score a goal.
A3QZMGTVA4VO44: Some timestamps make my attention getting diverted. The guidelines are clear and nothing is confusing. Side-by-side comparison is highly helpful in grading. 
A1NH9LK567B862: I get annoyed when the video got blurred deeply. It literally brings a bad experience. The guideline is very clear to understand. It helps me to grade the video without any issues
A1IHI23KH87K5W: If the blurring is very bad, like it was in these videos, it really is very annoying, regardless of when it occurs
AIQ1I6ODSIO56: If the drop in quality didn't happen at an important time, that might make me less inclined to rate it poorly. Or, depending on how much resolution was lost or how long the resolution drop lasted.
A2QD9PJUKW7PKK: ranking i had given based on the video resolution. 
A3O7X46E3REM7I: It makes the viewing experience annoying. Everything was clear.
A3P2WQO8VESWF2: Quality damage definitely damages watching experience. Especially at times of crucial point of a match, if there is quality damage either by low resolution or pause, it creates a lot of frustration. In the videos which were shown the quality damage were of low resolution. The quality damage due to low resolution at critical points of the match definitely are really frustrating for a viewer. At some points of the match, these issues would not affect much, but at some turning points of the match, these quality damages of the video are really frustrating. The guidelines of the experiment were clear and there is not at all any confusion regarding grading or attention check.
ARTQWWNFA7IOD: Noticed extra resolution decrease when compared with excellent grade reference
A1S34BUFNQ33SQ: I could see all the video's blur, But couple of video's were not able to visible the football goal shots, which is really annoying to watch those video's 
A3QS7M912JGKFD: video resolution was decreased, your guideline is very clear
A4T7PYGN1BE2P: guideline is very clear and it is annoying when video quality reduced.
A3DZGDF9HCTAOB: It was irritating when the video quality blurred and the resolution became low towards the time the team was aiming for the goal and towards the end of the match. I became very tense, watching the video. The experiment guideline, grading and the attention checks are very clear.
AVPD36WUJKJFS: Video getting pause for a second or more will be irritating thing, Mainly when we are watching some live sports, This experiment guideline is clear and not confused about the grading or the attention check.Blurry and stall in online Videos will be irritating thing, Mainly when we are watching some live sports, This experiment guideline is clear and not confused about the grading or the attention check. One of my concern is about the HIT timing, its 15 minutes now seems little short, Request to increase HIT timing to 30 minutes. Thank You.
