LOG OF Toolbox SURVEY RESULTS

########
#GRADES#
########

RAW GRADES:
[5. 4. 4. 2. 5. 4. 5. 5. 4. 4. 5. 4. 2. 5. 4. 5. 4. 2. 2. 5. 3. 2. 4. 3.
 4. 2. 4. 4.]
[4. 4. 4. 2. 4. 4. 5. 5. 4. 4. 4. 5. 2. 4. 3. 5. 4. 2. 2. 5. 3. 1. 4. 2.
 4. 2. 4. 4.]
[5. 5. 4. 2. 5. 4. 4. 5. 4. 5. 4. 5. 2. 3. 2. 5. 4. 3. 2. 5. 2. 2. 4. 2.
 4. 3. 4. 4.]
[5. 5. 4. 2. 4. 4. 5. 5. 4. 4. 5. 5. 2. 4. 4. 5. 4. 3. 1. 5. 4. 2. 4. 2.
 4. 4. 5. 4.]
[4. 5. 3. 4. 4. 4. 1. 4. 3. 5. 4. 3. 3. 4. 2. 5. 4. 2. 1. 2. 4. 3. 3. 2.
 4. 2. 3. 4.]
MEAN:
[3.786 3.571 3.679 3.893 3.286]
STANDARD ERROR:
[0.204 0.211 0.215 0.21  0.207]

STANDARDIZED GRADES:
[ 0.816 -1.225  0.5   -0.5    1.225  0.     0.645  0.5    0.5   -0.816
  1.225 -0.5   -0.5    1.581  1.118  0.     0.    -0.816  0.816  0.5
 -0.267  0.     0.5    2.     0.    -0.75   0.     0.   ]
[-1.225 -1.225  0.5   -0.5   -0.816  0.     0.645  0.5    0.5   -0.816
 -0.816  0.75  -0.5    0.     0.     0.     0.    -0.816  0.816  0.5
 -0.267 -1.581  0.5   -0.5    0.    -0.75   0.     0.   ]
[ 0.816  0.816  0.5   -0.5    1.225  0.     0.     0.5    0.5    1.225
 -0.816  0.75  -0.5   -1.581 -1.118  0.     0.     1.225  0.816  0.5
 -1.604  0.     0.5   -0.5    0.     0.5    0.     0.   ]
[ 0.816  0.816  0.5   -0.5   -0.816  0.     0.645  0.5    0.5   -0.816
  1.225  0.75  -0.5    0.     1.118  0.     0.     1.225 -1.225  0.5
  1.069  0.     0.5   -0.5    0.     1.75   1.581  0.   ]
[-1.225  0.816 -2.     2.    -0.816  0.    -1.936 -2.    -2.     1.225
 -0.816 -1.75   2.     0.    -1.118  0.     0.    -0.816 -1.225 -2.
  1.069  1.581 -2.    -0.5    0.    -0.75  -1.581  0.   ]
MEAN:
[ 0.234 -0.182  0.116  0.326 -0.494]
STANDARD ERROR:
[0.145 0.121 0.143 0.139 0.235]

#############
#VIDEO ORDER#
#############

RAW ORDERS:
[4. 3. 2. 1. 7.]
[2. 1. 3. 4. 8.]
[1. 2. 3. 4. 5.]
[2. 1. 3. 4. 6.]
[1. 2. 3. 4. 7.]
[2. 1. 4. 3. 6.]
[2. 1. 3. 4. 8.]
[2. 1. 3. 4. 5.]
[1. 2. 3. 4. 5.]
[4. 3. 2. 1. 8.]
[1. 2. 3. 4. 8.]
[3. 4. 1. 2. 5.]
[2. 1. 4. 3. 5.]
[2. 1. 4. 3. 7.]
[1. 2. 3. 4. 7.]
[3. 4. 2. 1. 6.]
[3. 4. 2. 1. 5.]
[4. 3. 2. 1. 5.]
[1. 2. 4. 3. 7.]
[2. 1. 4. 3. 8.]
[3. 4. 2. 1. 6.]
[3. 4. 1. 2. 8.]
[3. 4. 2. 1. 6.]
[1. 2. 4. 3. 7.]
[4. 3. 2. 1. 6.]
[4. 3. 1. 2. 5.]
[1. 2. 4. 3. 5.]
[4. 3. 1. 2. 6.]

#################
#VIDEO VIEW TIME#
#################

RAW TIMES:
[16084. 10755. 12505. 14694. 20255. 15134. 15963. 18926. 17032. 17318.
 15261. 28019. 12686. 13512. 36860. 16516. 12181. 13095. 14668. 12963.
 12825. 13151. 18291. 14368. 15935. 21128. 16177. 12051.]
[15980. 17592. 12739. 16938. 19245. 13166. 20231. 34991. 20999. 20081.
  8838. 28594. 15205. 15148. 18872. 15979. 18584. 14948. 13411. 21043.
 29348. 13517. 14002. 12381. 16618. 10852. 28152. 13559.]
[44660. 10900. 11534. 10827. 31004. 11855. 17594. 13251. 20852. 18851.
 13198. 22939. 13227. 12161. 13880. 35788. 21442. 19462. 28806. 12221.
 15469. 16997. 24699. 11948. 18190. 14680. 17651. 10069.]
[14841. 10019. 10814. 10175. 16172. 14972. 16972. 12939. 14847. 50382.
 13601. 21186. 13149. 14532. 10527. 24099. 23094. 13134. 12665. 13489.
 16012. 15412. 33178. 12079. 29918. 17340. 16222. 10985.]
[19992. 10703. 12779. 13565. 54731. 11294. 17380. 15463. 22590. 16928.
 13336. 19800. 13358. 12133. 15355. 19421. 13028. 26261. 11459. 13206.
 14288. 13335. 14918. 12055. 16486. 13193. 15929. 15482.]
MEAN:
[16369.75  17893.321 18362.679 17241.25  16731.   ]

#################
#GRADE VIEW TIME#
#################

RAW TIMES:
[13.381  9.124 11.09  14.143 12.267 14.589 13.731 17.318 13.038 15.374
 13.662 25.188 12.216 11.788 33.284 14.536  8.783 12.737 14.182 12.709
 12.524 11.506 17.648 14.031 13.624 17.715 14.725 11.619]
[13.25  12.828 11.391 16.185 17.135 12.645 18.488 33.112 20.034 16.962
  7.198 15.893 14.741 12.114 16.983 14.158 14.989 13.544 12.92  20.661
 28.995 11.881 13.447 12.067 14.426  9.198 14.254 13.121]
[ 9.189  8.857 10.144 10.306 17.205 11.495 15.174 11.319 19.858 16.415
 11.573 20.281 12.652 10.482 10.732 34.195 18.141 19.121 21.651 11.966
 14.599 15.326 20.886 11.626 15.723 12.193 16.227  9.61 ]
[ 7.59   8.237  9.417  4.136 14.352 14.59  14.99  10.731 13.849 38.573
 11.959 18.49  12.539 12.814  7.892 22.593 18.886 12.802 12.236 13.212
 15.476 13.82  31.514 11.767 26.681 14.656 14.488 10.564]
[13.727  8.831 11.403 12.988 22.203 10.958 15.491 13.132 21.761 14.612
 11.442 16.245 12.381 10.359 10.912 17.284 10.369 25.629 10.957 12.964
 13.956 11.661 14.138 11.675 13.96  11.382 14.533 15.046]
MEAN:
[14.519 15.451 14.891 14.959 13.929]

###############
#DEVICE COUNTS#
###############

Desktop: 0
Laptop: 0
Tablet: 0
Smart phone: 0
Other device: 0

##################
#AGE GROUP COUNTS#
##################

18 - 24: 0
25 - 31: 0
32 - 38: 0
39 - 45: 0
46 - 52: 0
53 - 59: 0
60 and above: 0

################
#NETWORK COUNTS#
################

WiFi: 0
Cable network: 0
Cellular network: 0
Other: 0

###########
#REASONING#
###########

5122,9806,6540,6784,5594,5365,4175,4575,4441,4600,4376,4254,5760: undefined
3006,4644,2926,3283,2803,3105,3218,2810,3001,3337,3139,3215,4590: undefined
6992,2581,3226,2771,2988,2504,2536,2672,2544,2550,2560,2906,2699: undefined
1979,7867,2104,1932,2627,2759,1887,2099,1728,1781,1992,1924,2435: undefined
8911,5323,5858,6666,17261,4701,5147,5694,3934,3987,4739,4294,5288: undefined
3040,12183,2074,2083,3070,2939,2992,2294,2515,2095,2279,2408,2741: undefined
6571,15415,14616,4440,4730,7922,7480,3639,4581,3129,4541,3841,5931: undefined
8993,11028,13641,5512,8935,16071,4829,5326,4059,4508,3997,4359,6241: undefined
6396,4813,3141,9936,3617,3973,5193,3504,3798,2617,3506,4412,5850: undefined
4318,5010,4817,9288,4729,4321,7038,4890,6306,5085,4695,5733,4617: undefined
9380,3351,3647,3292,2886,2870,3375,3588,2860,3142,3116,2982,3503: undefined
14273,9172,54826,12916,15889,15049,8347,6029,5904,4742,5129,8165,3440: undefined
2412,8295,1973,4549,4204,2202,2144,2223,2609,2346,2203,3338,2468: undefined
3353,7826,3496,3143,2883,2666,2889,3907,2915,2989,2740,2901,2953: undefined
21189,5320,3244,4697,4123,5576,4665,4278,3872,4385,6306,3661,4543: undefined
5265,4440,13523,9141,4788,5550,5360,4306,4391,5450,10164,6975,11864: undefined
5403,6118,8214,10184,5202,5681,4928,4974,7581,7355,5838,5350,12401: undefined
2823,3646,5845,8403,3387,2547,4807,2685,3192,2597,2129,3135,5204: undefined
8353,2829,3659,2695,2102,2039,2827,2413,2200,2505,2479,2094,4675: undefined
4154,5420,2760,6374,3285,2756,4284,2759,3070,3946,2809,2473,2358: undefined
2005,2039,7318,1940,1877,2632,1786,1605,1990,2404,1472,2400,2512: undefined
3167,3203,8648,3887,3020,3127,2826,2820,2918,2737,2625,2687,4855: undefined
6892,4936,7699,11592,5892,3679,4911,3283,6119,3261,2831,2784,2640: undefined
8245,3482,4515,5376,4146,4254,4171,4751,2520,2763,2047,3015,3451: undefined
5300,6337,8456,11417,5905,5343,7201,6312,7004,8540,5338,8405,8001: undefined
3945,4267,8092,10080,3937,3190,3771,3626,3378,8459,3159,3363,3619: undefined
14406,14952,7631,4195,4221,3535,6003,4221,3831,3164,3105,5203,5496: undefined
1629,1581,1853,4849,2209,1742,2576,1679,1744,6062,2259,1461,1801: undefined
