LOG OF vim_sense_of_flying_0_300k_180 SURVEY RESULTS

########
#GRADES#
########

RAW GRADES:
[5 5 5 5 5 5 5 5 5 5 5 5 5 5 5 5 5 5 5 5 5 5 5 5 5 5 5 5 5 5]
[1 1 1 1 1 1 1 1 1 1 1 1 1 1 1 1 1 1 1 1 1 1 1 1 1 1 1 1 1 1]
[4 3 3 4 4 2 1 3 2 4 1 3 2 2 1 1 2 1 4 4 4 3 2 3 4 3 3 4 3 3]
[2 3 3 4 4 2 1 2 2 3 1 4 2 2 1 1 2 1 4 4 4 2 1 3 3 3 3 3 3 3]
[2 3 3 4 4 3 1 4 2 3 1 4 2 2 1 1 2 1 4 4 4 3 2 4 3 3 2 4 3 3]
[1 3 3 4 4 2 1 3 2 4 1 4 2 2 1 1 1 1 2 4 3 2 2 4 3 3 2 4 3 3]
[3 3 3 4 4 1 1 3 2 4 1 4 2 2 1 1 1 1 2 4 4 2 3 4 3 3 2 3 3 3]
MEAN:
[5.    1.    2.767 2.533 2.733 2.5   2.567]
STANDARD ERROR:
[0.    0.    0.193 0.187 0.194 0.199 0.198]

STANDARDIZED GRADES:
[1.735 1.871 1.871 1.108 1.108 2.124 2.449 1.673 2.339 1.334 2.449 1.213
 2.339 2.339 2.449 2.449 2.291 2.449 1.37  1.108 1.213 2.062 2.124 1.334
 1.651 1.871 2.062 1.334 1.871 1.871]
[-1.123 -1.871 -1.871 -2.339 -2.339 -1.006 -0.408 -1.673 -1.108 -2.062
 -0.408 -2.183 -1.108 -1.108 -0.408 -0.408 -0.764 -0.408 -1.581 -2.339
 -2.183 -1.334 -1.006 -2.062 -1.905 -1.871 -1.334 -2.062 -1.871 -1.871]
[ 1.021  0.     0.     0.246  0.246 -0.224 -0.408  0.    -0.246  0.485
 -0.408 -0.485 -0.246 -0.246 -0.408 -0.408  0.    -0.408  0.632  0.246
  0.364  0.364 -0.224 -0.364  0.762  0.     0.364  0.485  0.     0.   ]
[-0.408  0.     0.     0.246  0.246 -0.224 -0.408 -0.837 -0.246 -0.364
 -0.408  0.364 -0.246 -0.246 -0.408 -0.408  0.    -0.408  0.632  0.246
  0.364 -0.485 -1.006 -0.364 -0.127  0.     0.364 -0.364  0.     0.   ]
[-0.408  0.     0.     0.246  0.246  0.559 -0.408  0.837 -0.246 -0.364
 -0.408  0.364 -0.246 -0.246 -0.408 -0.408  0.    -0.408  0.632  0.246
  0.364  0.364 -0.224  0.485 -0.127  0.    -0.485  0.485  0.     0.   ]
[-1.123  0.     0.     0.246  0.246 -0.224 -0.408  0.    -0.246  0.485
 -0.408  0.364 -0.246 -0.246 -0.408 -0.408 -0.764 -0.408 -0.843  0.246
 -0.485 -0.485 -0.224  0.485 -0.127  0.    -0.485  0.485  0.     0.   ]
[ 0.306  0.     0.     0.246  0.246 -1.006 -0.408  0.    -0.246  0.485
 -0.408  0.364 -0.246 -0.246 -0.408 -0.408 -0.764 -0.408 -0.843  0.246
  0.364 -0.485  0.559  0.485 -0.127  0.    -0.485 -0.364  0.     0.   ]
MEAN:
[ 1.849 -1.467  0.038 -0.15   0.015 -0.166 -0.118]
STANDARD ERROR:
[0.085 0.118 0.071 0.066 0.067 0.071 0.073]

#############
#VIDEO ORDER#
#############

RAW ORDERS:
[1 2 5 6 3 7 4]
[1 2 4 6 7 3 5]
[1 2 7 6 4 5 3]
[1 2 6 5 3 4 7]
[1 2 4 3 6 7 5]
[1 2 5 4 6 3 7]
[1 2 6 3 7 4 5]
[1 2 3 4 5 6 7]
[1 2 5 4 3 7 6]
[1 2 7 4 3 5 6]
[1 2 4 5 7 3 6]
[1 2 5 7 4 3 6]
[1 2 7 3 4 5 6]
[1 2 5 6 4 3 7]
[1 2 5 7 6 3 4]
[1 2 4 3 6 7 5]
[1 2 4 3 6 7 5]
[1 2 3 5 7 6 4]
[1 2 4 6 3 5 7]
[1 2 6 5 7 4 3]
[1 2 6 5 7 3 4]
[1 2 5 7 4 6 3]
[1 2 4 6 7 5 3]
[1 2 7 4 3 6 5]
[1 2 6 3 7 4 5]
[1 2 5 3 4 6 7]
[1 2 6 4 5 7 3]
[1 2 3 6 5 4 7]
[1 2 5 4 7 6 3]
[1 2 4 5 6 3 7]

#################
#VIDEO VIEW TIME#
#################

RAW TIMES:
[ 67129  68632  30671  54941  46084 142428  40325 126309  69023  42143
  76947  28283  51787  57711  47653  56675  58389  46970  59264  63024
  87576  44307  35819  74502  72298 120985  56458 132126  52566  56355]
[ 26161  73344  27156  32657 107098  53563  32896  27930  32022  24683
  42242   9500  37612  52333  41698  34989  28489  32953  41258  32814
  50582  32486  28946  68210  36755  33917  47363  34110  33058  46016]
[29223 45203 25600 38827 26858 46244 58527 28136 51467 23455 35189 10729
 39969 32850 29074 33498 26879 90928 42088 27180 29343 35518 26542 37521
 80614 40390 60730 31467 31004 49986]
[ 23532  57577  24493  30817  50720  89366  30010  25452  29588  24873
 148040  12871  30720  28834  35095  54312  31246  34378  49727  35356
  82510  36979  36221  36027  57234  31049  65365  26995  42151  76192]
[24002 43094 45200 34854 27186 64468 31624 25424 51623 22517 35879 23151
 45837 31500 52635 34110 25172 31811 43424 27018 34684 35149 42736 35598
 52530 32879 67891 28889 29894 46610]
[ 25029  40711  27504  34102  26125  48183  27677  26065  31255  33511
  61331  19972  33081  33583  28942  35279  24416  30568  41353  29291
 242789  38935  25912  38051  86044  34306  48966  41321  30512  43011]
[23747 47853 24336 39253 26323 47650 29109 24624 29247 22763 31276 24482
 49124 45376 28257 33750 24441 29593 48830 28320 30302 29503 26669 82622
 61801 30014 66785 28613 30619 53941]
MEAN:
[65579.333 40094.7   38834.633 44591.    37579.633 42927.5   36640.767]

#################
#GRADE VIEW TIME#
#################

RAW TIMES:
[ 4947 14466  3700  6770  4753  6646  5621  2809  7388  5775  8639  3112
  7829  5688  6153  9150  5326  9277  8987  6121 14120  4456  5408 14773
 12725 45822  7688 26940  6995 11954]
[  4466  14802   3054   6066   5329   5927   6544 172231   7845   4145
  11490   4332  14920   5629   8251   8911  10530  13699   8172   4240
   9459   4889   3847  10166   9788  11634   6500  27435   5644  19484]
[ 5729  8567  2386  7853  5835  4798 13639  6380  7359 38771 16431  7260
  9081  7339  5316  8092  6100  9543  8635  5780  4675  4879  4189 11193
 12909 15023  8145 16838  6591 41557]
[ 3903 13452  2675  6952  8545  5814  5426  3580  6785 16650  6972  2620
  8829  7409  5010 10859  5351  6482 27395 14589  4045  3943  6787 10372
 13957 10128  8757 64429  7697 26508]
[  6493   8175   2613   6595   4345   6840   4601   3497   8650   6028
  12398   5796   7614   8478   8183  10669   4511   7606   8146   4160
   4828  15039   7880  15232   8834  16767   8281  17981 105968  11832]
[ 4705  7765  3004  9817  4616  5871  7286  2853 10437 32965 12113  2794
  7160 10174  4801 13289  5330  6120  9320  7489 54094  8508  4055 10562
 18039 12218  8640  6399  9630 19199]
[ 5767  8203  6376  7872  4689  5216  5416  4206  6021  6378 14215  2811
 17217  5091  5715  7601  5335  7982 11818  5181  4150  6353 17227 28620
 11653 12882 25436  8181  5336 27929]
MEAN:
[ 9467.933 14314.3   10363.1   10864.033 11601.333 10641.767  9695.9  ]

###############
#DEVICE COUNTS#
###############

Desktop: 18
Laptop: 12
Tablet: 0
Smart phone: 0
Other device: 0

##################
#AGE GROUP COUNTS#
##################

18 - 24: 1
25 - 31: 5
32 - 38: 14
39 - 45: 5
46 - 52: 2
53 - 59: 2
60 and above: 1

################
#NETWORK COUNTS#
################

WiFi: 14
Cable network: 13
Cellular network: 2
Other: 1

###########
#REASONING#
###########

A2H8GNSEVUJXYL: blur on the rear facing body camera doesn't matter so much
A1UM7U8DA3RMA9: Watching videos with low resolution and pause issue will be annoying and disturbing. Experiment guidelines are clear.
A3UUH3632AI3ZX: as long as it isn't pausing, it is only slightly annoying through out
A1L8RL58MYU4NC: Nothing annoyed me. Guideline is superb. I didn't get confused in grading. Side-by-side made it easy but without that too one can grade it
A219VCQZADQ45W: BRIEF PAUSE, OR A LITTLE BLURRY CAN BE ANNOYING ESPECIALLY IF IT IS RIGHT BEFORE A GOAL OR JUMPING OFF A CLIFF
A2BO8M77CS3SGZ: Poor quality at important times are very annoying to watch.
ASPRULQHB8B1F: The resolution was decreasing a lot, so the image wasn't sharp as it should be
A31Z5TPD8QKE26: slight blurry damage during large landscape views isn't very bad because there doesn't need to be much detail.
A1IU5OP7BBZHZ7: got struck in between videos makes loose patience, Blurring for very few seconds makes no difference from the good one
A1F1BIPJR11LSR: If the quality degrades during a replay than it is not as disruptive as if it were doing actual gameplay.
A122E99M2DQY1G: resolution decrease
A3PGUPNMOU5BPW: These are kind of obvious because you can't read the text when it blurs so far. I think it was most annoying in the start and I'm not sure why.
A30YUELTPFSF0T: Video Resolution Decreased and No Pause. it affects the Quality of Entertainment. Overall it is Poor.
A3169N2SCN3ENK: The quality makes me lose focus on what I am watching and it takes away from my concentration.  The experiment guideline is clear.  I am not confused about the grading.
A6DX45U3O1CR: resolution decrease
AH22ILXQFI4R2: resolution decrease
A3OLRWACCCCUTU: When the resolution issues were when the image was panned out you couldn't see the person flying or read the copy which was very bad.  It wasn't as bad when it was a close up image particulary when it was his back.
A3UM3RQRAL4DP5: resolution decrease
A3QZMGTVA4VO44: The quality damage didn't affect my watching experience. The guidelines are clear and nothing is confusing. Side-by-side comparison is highly helpful in grading. 
A1NH9LK567B862: The quality affects when it starts blurred. The guideline is so clear and there is no confusion while grading the video
A1IHI23KH87K5W: Small amount of blur so didn't really affect the experience
A2YHSU2IJZ9J14: More grading examples will be helpful.
A2QD9PJUKW7PKK: ranking i had given based on the video resolution. there was no paused in any videos i.e last 5 videos.
A3P2WQO8VESWF2: In these set of video clips, the quality damage encountered is decrease in resolution. I personally feel that those decrease in resolution which happens in the start of the video, i.e. when the person starts to jump is more annoying than those occuring in moments afterwards. The experiment guidelines, grading and attention checks were clear and there was no confusion.
ARTQWWNFA7IOD: Noticed extra resolution decrease when compared with excellent grade reference
A1S34BUFNQ33SQ: I found all the video's very minute blurs, Which is not effecting the video viewing to me, Also I didn't notice any pauses in all videos.
A11SX02CICZN85: It just affect my eagerness to watch the clip. The guidelines for this HIT is very clear as always. I haven't confused in grading
A1TXOZQU1O4F0N: The video looks blurry while running. The characters below are found in ruins
ASWZO1WY1UHEP: I can't confuse attention checks and instruction was clear. I can clearly find the damage or quality of the video. Video quality is slightly annoying.  All videos was resolution decreased.
AVPD36WUJKJFS: Video getting pause or low resolution will be irritating, missing a 1 second video on a thrilling moment will break my heart, The experiment guideline is clear and not confused about the grading or the attention check. Thank You.
