LOG OF vim_sense_of_flying_0_100k_90 SURVEY RESULTS

########
#GRADES#
########

RAW GRADES:
[5 5 5 5 5 5 5 5 5 5 5 5 5 5 5 5 5 5 5 5 5 5 5 5 5 5 5 5 5 5 5 5 5 5 5]
[1 1 1 1 1 1 1 1 1 1 1 1 1 1 1 1 1 1 1 1 1 1 1 1 1 1 1 1 1 1 1 1 1 1 1]
[2 2 3 3 3 1 1 1 2 2 2 1 2 2 1 1 1 1 3 2 1 2 4 3 2 1 2 2 1 1 2 2 2 2 2]
[1 2 2 3 3 1 1 1 2 2 3 1 2 2 1 1 1 1 3 1 1 2 4 2 1 1 2 2 1 2 2 2 1 3 2]
[2 2 2 2 3 1 2 2 2 3 3 1 3 2 1 1 1 1 3 3 1 2 4 4 2 1 2 3 2 2 3 1 2 3 3]
[1 2 1 3 3 1 1 1 2 1 3 1 3 2 1 1 1 1 3 2 1 2 4 2 1 1 2 3 1 2 2 2 1 2 3]
[1 2 3 2 3 1 1 2 2 2 2 1 2 2 1 1 1 1 3 2 1 2 4 3 1 1 3 3 2 2 2 2 1 2 3]
MEAN:
[5.    1.    1.857 1.771 2.143 1.8   1.914]
STANDARD ERROR:
[0.    0.    0.129 0.135 0.146 0.145 0.136]

STANDARDIZED GRADES:
[2.319 2.339 1.988 1.969 1.871 2.449 2.372 2.319 2.339 2.124 1.969 2.449
 2.062 2.339 2.449 2.449 2.449 2.449 1.871 2.124 2.449 2.339 1.108 1.721
 2.319 2.449 2.183 1.969 2.319 2.294 2.183 2.294 2.319 2.062 1.969]
[-0.632 -1.108 -1.104 -1.477 -1.871 -0.408 -0.516 -0.632 -1.108 -1.006
 -1.477 -0.408 -1.334 -1.108 -0.408 -0.408 -0.408 -0.408 -1.871 -1.006
 -0.408 -1.108 -2.339 -1.491 -0.632 -0.408 -1.213 -1.477 -0.632 -0.918
 -1.213 -0.918 -0.632 -1.334 -1.477]
[ 0.105 -0.246  0.442  0.246  0.    -0.408 -0.516 -0.632 -0.246 -0.224
 -0.615 -0.408 -0.485 -0.246 -0.408 -0.408 -0.408 -0.408  0.    -0.224
 -0.408 -0.246  0.246  0.115  0.105 -0.408 -0.364 -0.615 -0.632 -0.918
 -0.364 -0.115  0.105 -0.485 -0.615]
[-0.632 -0.246 -0.331  0.246  0.    -0.408 -0.516 -0.632 -0.246 -0.224
  0.246 -0.408 -0.485 -0.246 -0.408 -0.408 -0.408 -0.408  0.    -1.006
 -0.408 -0.246  0.246 -0.688 -0.632 -0.408 -0.364 -0.615 -0.632 -0.115
 -0.364 -0.115 -0.632  0.364 -0.615]
[ 0.105 -0.246 -0.331 -0.615  0.    -0.408  0.206  0.105 -0.246  0.559
  0.246 -0.408  0.364 -0.246 -0.408 -0.408 -0.408 -0.408  0.     0.559
 -0.408 -0.246  0.246  0.918  0.105 -0.408 -0.364  0.246  0.105 -0.115
  0.485 -0.918  0.105  0.364  0.246]
[-0.632 -0.246 -1.104  0.246  0.    -0.408 -0.516 -0.632 -0.246 -1.006
  0.246 -0.408  0.364 -0.246 -0.408 -0.408 -0.408 -0.408  0.    -0.224
 -0.408 -0.246  0.246 -0.688 -0.632 -0.408 -0.364  0.246 -0.632 -0.115
 -0.364 -0.115 -0.632 -0.485  0.246]
[-0.632 -0.246  0.442 -0.615  0.    -0.408 -0.516  0.105 -0.246 -0.224
 -0.615 -0.408 -0.485 -0.246 -0.408 -0.408 -0.408 -0.408  0.    -0.224
 -0.408 -0.246  0.246  0.115 -0.632 -0.408  0.485  0.246  0.105 -0.115
 -0.364 -0.115 -0.632 -0.485  0.246]
MEAN:
[ 2.191 -0.997 -0.277 -0.336 -0.046 -0.309 -0.226]
STANDARD ERROR:
[0.046 0.084 0.051 0.051 0.066 0.059 0.053]

#############
#VIDEO ORDER#
#############

RAW ORDERS:
[1 2 4 3 7 5 6]
[1 2 6 7 5 3 4]
[1 2 7 6 3 4 5]
[1 2 7 6 5 4 3]
[1 2 7 4 3 5 6]
[1 2 3 4 7 5 6]
[1 2 5 6 3 4 7]
[1 2 7 4 6 5 3]
[1 2 4 6 7 5 3]
[1 2 6 7 4 5 3]
[1 2 4 3 6 5 7]
[1 2 3 4 5 7 6]
[1 2 6 7 4 5 3]
[1 2 7 5 3 6 4]
[1 2 7 6 3 4 5]
[1 2 3 7 6 5 4]
[1 2 7 4 5 6 3]
[1 2 6 7 3 4 5]
[1 2 5 4 3 7 6]
[1 2 3 7 5 4 6]
[1 2 3 4 5 7 6]
[1 2 7 3 5 6 4]
[1 2 4 6 7 5 3]
[1 2 5 7 3 6 4]
[1 2 4 5 6 7 3]
[1 2 6 7 5 3 4]
[1 2 6 5 3 7 4]
[1 2 3 6 5 7 4]
[1 2 5 4 7 3 6]
[1 2 3 4 5 7 6]
[1 2 5 7 3 4 6]
[1 2 5 3 7 4 6]
[1 2 5 6 7 4 3]
[1 2 4 5 6 7 3]
[1 2 5 4 3 7 6]

#################
#VIDEO VIEW TIME#
#################

RAW TIMES:
[ 36112  51520  52229 126345  40607  57650 104678  56668  35828  84627
  14500  65800  70097  81376  36388  45069  54252  64008  48991  60030
  58361  82445  44276  39805  59015  61783  35635  67269  28548  91686
  49773 109995  60075  46506  56570]
[ 25194  46218 272728  55859  27761  39336  54956  32902  29438  39819
  17317  37313  54932  40563  26793  30932  32573  42052  33017  29021
  34753  61042  36269  32226  30211  31598  33067  42215  33784  36255
  60422  37405  33053  34583  48077]
[22714 45313 25532 39519 27511 54691 61000 24039 28372 40511 22257 36651
 56816 37111 28580 49989 38197 39810 37490 25781 91542 42674 27497 30355
 26856 38193 28106 39036 34310 80710 47349 36598 33369 32663 52159]
[22810 40197 25641 36246 28063 39569 44729 38440 29911 53512 22399 83729
 43754 38033 25490 29515 28698 45192 44770 28742 32331 46143 36971 29521
 40145 29704 36657 38408 30647 54442 58606 39456 46051 31449 43997]
[23544 43364 43644 40776 26300 33088 50949 27828 28129 32831 22222 86368
 47109 52171 26520 28764 74082 35530 44399 25828 30789 42426 35173 27291
 26454 26569 26412 38402 35281 32241 60544 60990 65955 32969 41378]
[23153 44485 24351 40371 26894 34042 60580 29773 27751 31284 24163 32438
 47658 30050 24891 29107 38225 54790 44213 24389 29529 50273 27118 29070
 26678 28957 26329 38921 29963 33374 49822 33397 36093 32691 42631]
[ 22680  48416  26081  42321  28312  29597  48309 136242  27974  33766
  23110  31447  45029  52337  25011  27849  30506  31960  47890  27139
  31764  40627  46294  27916  28132  26906  24839  39742  33993  32895
  56263  37623  43262  33196  44528]
MEAN:
[59386.2   44390.971 39522.886 38399.086 39323.429 34498.686 38113.029]

#################
#GRADE VIEW TIME#
#################

RAW TIMES:
[ 3846 10776  3494  9860  4718  6945 10181  2879  6230  6361  4216  7945
  9016 14296  4021  5436 10634 11199 23620  6363  6815  7719  6626  4968
  4112 12927 10547 13222 16762 23508  7110  7259 21743  8068 23625]
[ 5022  9019  2904  9645  5081  7506  7515  2508  4748  8041  3424  8342
  7974  7857  3974  6841  8085  8181 26157  4254  6281 10012  6050  6167
  4592 28768  6263 10001  9634 16600  7197  6420  7640 14810 11155]
[ 5912  8854  3026  7331  5482 13493  6134  3113  5493 23811 17684 15737
  7976 27999  3972  7854  7013  9301 21232 11776  9682  9173  5586  6995
  3537  6321  4367 13718  7394 20638  9290  9617  6531  9369  9492]
[ 5748  9530  2852  8438  5629 10688  5942  2680  6807 11918 21054 12398
  8880 18640  4213  5005  6691  9750 29625  3806  8186  9630  9683  4663
 14318  5828  7858  8983  7685 11872 13490 25124  7614 13719  8608]
[  4364   9725   3098  11374   5975  12902  12908   2940   5346   6390
   4195   8999   9505   9598   3854   5106   7088   9620  21705   4112
   6193   8684   5365   8377   3612   5372   4787  10283 115348   9842
  24855  10791  13407   8708  10526]
[ 7026 18037  6526 18173  4562 22267  8000  2671  5145 12926  4576  6365
 10306  7575  4563  5621 10502 16228 23021  4682  7334 10753  7090  4452
  3894  7697  6784 20963  8366 12612 13496 10825 14208  5576  8105]
[ 3703  7965  8635 13109  7006  7694  5301  5874  4835  6091  6286 13341
  7330 10108 10888  5923 11544 11872 25849  8773  6886 21002  4745  6257
  3967  5498  5034 10079  7232 11834  8981  7340  7196  5839  8923]
MEAN:
[ 9629.914  8533.371  9854.371  9930.143 11570.114  9740.771  8655.429]

###############
#DEVICE COUNTS#
###############

Desktop: 17
Laptop: 18
Tablet: 0
Smart phone: 0
Other device: 0

##################
#AGE GROUP COUNTS#
##################

18 - 24: 0
25 - 31: 5
32 - 38: 20
39 - 45: 5
46 - 52: 2
53 - 59: 2
60 and above: 1

################
#NETWORK COUNTS#
################

WiFi: 17
Cable network: 14
Cellular network: 3
Other: 1

###########
#REASONING#
###########

A2H8GNSEVUJXYL: when it is blurry early you anticipate it happening again and that is bad and unprofessional photography
A1UM7U8DA3RMA9: Watching videos with low resolution and pause issue will be annoying and disturbing. Experiment guidelines are clear.
A3UUH3632AI3ZX: it was really annoying if it was in the middle and not at the beginning or end
A1L8RL58MYU4NC: The Quality damage blur annoyed me a lot no one will like this kind of annoying clips. The Guidelines for this experiment is very clear. Attention check and grading doesn't confused me
A219VCQZADQ45W: BRIEF PAUSE, OR A LITTLE BLURRY CAN BE ANNOYING ESPECIALLY IF IT IS RIGHT BEFORE A GOAL OR JUMPING OFF A CLIFF
A3N5RTXKN4I723: resolution decrease
A2BO8M77CS3SGZ: It was an exciting video. The quality damage in the video was frustrtaing. Had fun in working on this study.Instruction were clear. Looking forward to work more on these.Thank you
A31Z5TPD8QKE26: Being unable to see the words in the caption while it was blurry made it more frustrating.  
A1IU5OP7BBZHZ7: got struck in between videos makes loose patience, Blurring for very few seconds makes no difference from the good one
A38NFX88VZDMJ3: When the low quality is at important times it is more annoying
A1F1BIPJR11LSR: It affects the experience more when it happens at points in the game that are important.
A122E99M2DQY1G: resolution decrease
A1NOINYD1FZ55T: During the videos found blurry some seconds.
A30YUELTPFSF0T: Video Resolution Decreased and No Pause. it affects the Quality of Entertainment. Overall it is Poor.
A3169N2SCN3ENK: The quality damage causes me to lose focus on the video and it is distracting.  The experiment guideline is clear.  I am not confused about grading or the attention check.
A6DX45U3O1CR: resolution decrease
A3B67I3A0YR2D: Video resolution decrease
AH22ILXQFI4R2: resolution decrease
A272A0JGRTBFCR:  http://ec2-34-222-77-243.us-west-2.compute.amazonaws.com:3012
A3OLRWACCCCUTU: Resolution issues when the picture is panned out and the man flying is small are the most detrimental to the experience, or when he is about to jump.  When the blur doesn't impact the ability to see him well it's not as impactful.
A3UM3RQRAL4DP5: resolution decrease
A3QZMGTVA4VO44: The quality damage didn't affect my watching experience. The guidelines are clear and nothing is confusing. Side-by-side comparison is highly helpful in grading. 
A1NH9LK567B862: The quality affects when it starts blurred. The guideline is so clear and there is no confusion while grading the video
A1IHI23KH87K5W: retake of HIT: 3538U0YQ1F7SGQDAUCGGPK4HGNE3FU
A2YHSU2IJZ9J14: More grading examples will be helpful.
A2QD9PJUKW7PKK: ranking i had given based on the video resolution.
A3O7X46E3REM7I: It makes the viewing experience annoying. Everything was clear.
A3P2WQO8VESWF2: These clips have quality damage of decrease in resolution. In my opinion, I feel that those decrease in resolution happening at the begining of the video is much more disturbing than those which are happening afterwards. If the quality damage occurs at the time or before the person jumps in the video it is liitle more affecting the watching experience. The experiment guidelines, grading and attention checks were easy to understand.
ARTQWWNFA7IOD: Noticed extra resolution decreased when compared with excellent grade reference
A1S34BUFNQ33SQ: I have rated almost 7 samples of same video, Different time frame I noticed some resolution decrease, But I didn't face any kind of pause in the video, Also details are very clear to understand.
A11SX02CICZN85: It just affect my eagerness to watch the clip. The guidelines for this HIT is very clear as always. I haven't confused in grading
A4T7PYGN1BE2P: it is anoying when the video quality decreased
ASWZO1WY1UHEP: I can't confuse attention checks and instruction was clear. I can clearly find the damage or quality of the video. Video quality is Bad, I can't read subtitles.  All videos was resolution decreased.
AVQGY7FCU80XP: When the visual quality decrease it reduces the enjoyment of the content and makes it hard to see details.
AVPD36WUJKJFS: Video getting pause or low resolution will be irritating, missing a 1 second video on a thrilling moment will break my heart, The experiment guideline is clear and not confused about the grading or the attention check. Thank You.
