LOG OF vim_sense_of_flying_2_1000k_720 SURVEY RESULTS

########
#GRADES#
########

RAW GRADES:
[5 5 5 5 5 5 5 5 5 5 5 5 5 5 5 5 5 5 5 5 5 5 5 5 5 5 5 5 5 5 5 5]
[1 1 1 1 1 1 1 1 1 1 1 1 1 1 1 1 1 1 1 1 1 1 1 1 1 1 1 1 1 1 1 1]
[3 2 2 1 2 1 2 2 3 1 4 3 3 2 1 1 1 1 4 4 3 1 3 4 3 4 3 4 4 3 4 2]
[3 2 2 1 3 1 3 2 3 1 3 3 3 1 1 1 1 1 4 3 2 1 3 4 2 4 2 3 4 4 3 2]
[3 2 2 1 2 1 3 2 4 1 3 3 3 1 1 1 1 1 4 3 2 1 3 4 2 4 3 4 4 3 3 4]
[4 2 2 1 2 1 2 2 3 1 3 3 3 1 1 1 1 1 4 4 2 1 3 4 2 4 2 4 4 3 3 4]
[3 2 3 1 2 1 3 2 3 1 3 2 3 1 1 1 1 1 4 3 4 1 3 4 2 4 3 4 4 3 4 3]
MEAN:
[5.    1.    2.531 2.375 2.469 2.438 2.5  ]
STANDARD ERROR:
[0.    0.    0.198 0.186 0.198 0.202 0.198]

STANDARDIZED GRADES:
[1.651 2.339 2.183 2.449 2.183 2.449 1.969 2.339 1.651 2.449 1.651 1.905
 1.871 2.372 2.449 2.449 2.449 2.449 1.108 1.477 1.789 2.449 1.871 1.108
 2.183 1.108 1.969 1.213 1.108 1.651 1.477 1.528]
[-1.905 -1.108 -1.213 -0.408 -1.213 -0.408 -1.477 -1.108 -1.905 -0.408
 -1.905 -1.651 -1.871 -0.516 -0.408 -0.408 -0.408 -0.408 -2.339 -1.969
 -1.342 -0.408 -1.871 -2.339 -1.213 -2.339 -1.477 -2.183 -2.339 -1.905
 -1.969 -1.528]
[-0.127 -0.246 -0.364 -0.408 -0.364 -0.408 -0.615 -0.246 -0.127 -0.408
  0.762  0.127  0.     0.206 -0.408 -0.408 -0.408 -0.408  0.246  0.615
  0.224 -0.408  0.     0.246  0.485  0.246  0.246  0.364  0.246 -0.127
  0.615 -0.764]
[-0.127 -0.246 -0.364 -0.408  0.485 -0.408  0.246 -0.246 -0.127 -0.408
 -0.127  0.127  0.    -0.516 -0.408 -0.408 -0.408 -0.408  0.246 -0.246
 -0.559 -0.408  0.     0.246 -0.364  0.246 -0.615 -0.485  0.246  0.762
 -0.246 -0.764]
[-0.127 -0.246 -0.364 -0.408 -0.364 -0.408  0.246 -0.246  0.762 -0.408
 -0.127  0.127  0.    -0.516 -0.408 -0.408 -0.408 -0.408  0.246 -0.246
 -0.559 -0.408  0.     0.246 -0.364  0.246  0.246  0.364  0.246 -0.127
 -0.246  0.764]
[ 0.762 -0.246 -0.364 -0.408 -0.364 -0.408 -0.615 -0.246 -0.127 -0.408
 -0.127  0.127  0.    -0.516 -0.408 -0.408 -0.408 -0.408  0.246  0.615
 -0.559 -0.408  0.     0.246 -0.364  0.246 -0.615  0.364  0.246 -0.127
 -0.246  0.764]
[-0.127 -0.246  0.485 -0.408 -0.364 -0.408  0.246 -0.246 -0.127 -0.408
 -0.127 -0.762  0.    -0.516 -0.408 -0.408 -0.408 -0.408  0.246 -0.246
  1.006 -0.408  0.     0.246 -0.364  0.246  0.246  0.364  0.246 -0.127
  0.615  0.   ]
MEAN:
[ 1.916 -1.373 -0.051 -0.178 -0.103 -0.13  -0.08 ]
STANDARD ERROR:
[0.083 0.122 0.068 0.061 0.062 0.068 0.067]

#############
#VIDEO ORDER#
#############

RAW ORDERS:
[1 2 6 4 3 7 5]
[1 2 7 6 4 5 3]
[1 2 7 4 5 6 3]
[1 2 3 4 5 7 6]
[1 2 6 4 7 3 5]
[1 2 4 3 6 5 7]
[1 2 4 3 5 7 6]
[1 2 5 3 4 6 7]
[1 2 3 5 7 4 6]
[1 2 7 5 4 3 6]
[1 2 6 7 5 4 3]
[1 2 3 6 5 4 7]
[1 2 6 3 7 4 5]
[1 2 6 4 3 5 7]
[1 2 4 6 5 3 7]
[1 2 4 6 7 3 5]
[1 2 5 7 4 6 3]
[1 2 7 4 6 5 3]
[1 2 3 7 4 6 5]
[1 2 4 3 6 7 5]
[1 2 7 3 6 4 5]
[1 2 5 3 6 7 4]
[1 2 5 4 7 6 3]
[1 2 3 5 7 4 6]
[1 2 4 6 7 3 5]
[1 2 4 3 6 5 7]
[1 2 7 6 5 4 3]
[1 2 5 3 4 7 6]
[1 2 5 4 7 3 6]
[1 2 7 4 3 6 5]
[1 2 4 3 5 7 6]
[1 2 4 5 6 7 3]

#################
#VIDEO VIEW TIME#
#################

RAW TIMES:
[ 66080  31880  52208  50422  43504  89649  38908  36878  34479  77143
  14333  81820  88401  46569  43691  54748  54080  51864  24886  42875
  31521 138189  80421 112108  38947  35427  76992  61815  46432  62041
 124961  53563]
[47107 31506 49051 36861 29038 47160 28175 29765 27021 44814  8953 41610
 54056 60541 29630 77568 36250 46068 15129 26098 26679 44762 43432 87019
 31114 29011 27445 51764 62749 42795 42398 47085]
[ 46654  31895  49537  36622  28405  58875 144336  30606  32139  37880
  26246  42042  74653  37965  29852  35214  35991  50518  34921  29573
  27462  66233 128712  75822  40957  30478  62438  47201  32336  41937
  63165  49509]
[ 46528  27251  46910  32709  30997  34933 266518  29850  26347  34372
  26031  50802  55788  32212  40001  64744  38728  33869  27492  27104
  27330  33708  65115 144793  29599  27918  37619  41795  40903  54137
  39760  46377]
[48062 25927 38596 32161 28901 33075 38764 30872 24848 43500 25457 58312
 43490 53368 31325 28346 63865 34149 37538 27111 26955 48272 51146 73787
 30645 27539 27843 39385 46483 49961 32826 47730]
[105872  26953  41717  34980  28495  34413  28713  29509  28975  58933
  25561  49782  60609  28692  32998  32794  35926  32847  35164  26368
  25815  50125  44088 158688  33283  28260  27094  43371  32702  40918
  37304  44837]
[ 44801  26671  39012  32162  26946  55164  39534  32934  34832 138784
  27954  41181  38277  29512  30259  33227  34601  33561  36642  26244
  28305  33400  51008  64549  31347  30226  28538  65026  38671  91772
  31989  50614]
MEAN:
[58963.594 40707.938 48755.438 48820.    39069.969 42055.812 42116.969]

#################
#GRADE VIEW TIME#
#################

RAW TIMES:
[17191  3123  9301 10974  8239 15256  3231  5619  9730  6168  3627 21490
  6949  3976  6411  8127 14090 25228  7187  5162  8801  6997 19430  7277
  4356  4320  6608 10505  5893  8493  9023 35830]
[12074  2943  6492 29899  7022  5502  5054  5517  7977  6864  3278  6181
 18678  3771  4929 15481  9141 14480  8309  4315  5440  7834 10419  7328
  5356  4063  4707  9461 72677  8790 20182 10756]
[ 8425  3488 13044 11171  6278  4841  4592  4846 12967 19045  4382 14569
 17333  3850  5061  7427 11699 12209 13764  4538  5446 16582 29922 16200
  6645  4375  5119 24365  8434  7213  8997 14318]
[ 9134  4284  8309  9410  6296 22752 19237  5471 11598 11282  3825  6905
  7051  5300  8044 20624 13890 16368 11713 16836  4446  7706 21959  6501
 11857  7580 12976 18533  8250 14691 29764 13535]
[ 8833  8963  7086  9033  6227  8562  4307  6582 13008  7745  4469  7983
  8181  4260  6700  8003 10500 13727  9117  6919  4690  8986 44026 38357
  5233  5738  4736 13530 12870  8694 13843 10930]
[18675  3503  8544 10366  8845  7202  4127  6327  6645  8680  5629 11175
 14867  9154  6258  9131 12620  9754 10815  5093  9178  5119 19924  9046
  7015  4876  7958 12079 19424  9425  6077  9277]
[ 9023  4168 11153  7753  5763  5173  3773  5468  5575 14726  5649  7773
  8352  3591  5290  7785 11152 24335  9091  4589  6843  6977 10061 17265
  5144 20807  9166 10431  7949 16743 11321  8561]
MEAN:
[ 9956.625 10778.75  10348.281 11753.969 10369.938  9275.25   9107.812]

###############
#DEVICE COUNTS#
###############

Desktop: 15
Laptop: 16
Tablet: 0
Smart phone: 1
Other device: 0

##################
#AGE GROUP COUNTS#
##################

18 - 24: 2
25 - 31: 4
32 - 38: 21
39 - 45: 2
46 - 52: 2
53 - 59: 1
60 and above: 0

################
#NETWORK COUNTS#
################

WiFi: 15
Cable network: 15
Cellular network: 2
Other: 0

###########
#REASONING#
###########

A1UM7U8DA3RMA9: Watching videos with low resolution and pause issue will be annoying and disturbing. Experiment guidelines are clear.
A3UUH3632AI3ZX: even if it was just a slight pause, it was pretty annoying because the video is really cool
A1L8RL58MYU4NC: The Quality damage slag annoyed me a lot no one will like this kind of annoying clips. The Guidelines for this experiment is very clear. Attention check and grading doesn't confused me
A3N5RTXKN4I723: video pause for more than 1 second
A2BO8M77CS3SGZ: It was an exciting video. The quality damage in the video was frustrtaing. Had fun in working on this study.Instruction were clear. Looking forward to work more on these.Thank you
ASPRULQHB8B1F: When the video stutters it is really annoying, because we feel frustrated without knowing what's going on or what is gonna happen next.
A31Z5TPD8QKE26: when the video was mostly still, the stalling didn't seem too bad.  But when it was in the middle of a moving camera shot, it made it worse.
A1IU5OP7BBZHZ7: got struck in between videos makes loose patience, Blurring for very few seconds makes no difference from the good one
A1F1BIPJR11LSR: If the quality damage happenes during a low action time in the game it is not as impactful if it is at a high point.
A122E99M2DQY1G: Video pause more than 1 second
A3PGUPNMOU5BPW: These pauses were not very annoying. I thought they were okay. I understood everything fine as far as I know.
A1NOINYD1FZ55T: Not confusing. I grade easy to all videos.
A30YUELTPFSF0T: Video Paused and No Resolution Decrease. Overall it is Fair.
A3169N2SCN3ENK: The quality damage causes me to lose focus on the video and it is distracting.  The experiment guideline is clear.  I am not confused about grading or the attention check.
A6DX45U3O1CR: video pause for more than one second
A3B67I3A0YR2D: video pause for more than 1 second
AH22ILXQFI4R2: video pause for more than 1 second
A1NJ6Q940T7HEB: Video pause more than 1 second
A272A0JGRTBFCR: Thanks for your ​OUTSTANDING HITS and i would thank you for giving me the chance to participate and you are helping make me better.
A3OLRWACCCCUTU: When the freeze happened impacted the experience, but in this set not were as bad as they could have been.  If he wasn't in flight or it was the closeup that didn't show much of him it was not overly impactful compared to other parts of his flight freezing.
A1N62PWMUOG2YY: When the impairment happened in a few videos before the man jumped, I found the video pausing to be a very mild issue because the main action and purpose of the video had not yet occurred. However, when the video paused after the man had jumped, it was annoying to different degrees because it interrupted the experience and the video. It made me as a viewer feel like the experience was bad. It should have been in one fluid motion, but the pause really took away from the viewing experience.
A3UM3RQRAL4DP5: both video pausing and video resolution decrease
A3QZMGTVA4VO44: Quality damage before flying will not make any impact on my experience. But, after flying definitely make a huge impact on my experience. Guidelines are very clear and no confusion in grading.
A1NH9LK567B862: The quality affects when it starts stuck. The guideline is so clear and there is no confusion while grading the video
A1IHI23KH87K5W: Pausing during an adrenaline rush video just kind of kills it really
A2QD9PJUKW7PKK: video resolution was great just 2 sec video paused was there in every video
A3O7X46E3REM7I: It makes the viewing experience annoying. Everything was clear.
A3P2WQO8VESWF2: These video clips have quality damage which is perceptible but not affecting watching experience much. In these video clips the quality damage is of video pause only. It does not affect watching experience much and is tolerable. The video of flying was good to watch inspite of this quality damage. The experiment guidelines, grading and attention check were clear.
A1S34BUFNQ33SQ: I found all the video's pauses, But this pause doesn't effect the performance of video and viewing experience
A4T7PYGN1BE2P: it is slightly annoying when the video get paused.
ASWZO1WY1UHEP: I can't confuse attention checks and instruction was clear. I can clearly find the damage or quality of the video. All videos was paused more than 1 second.
AVPD36WUJKJFS: Video getting pause or low resolution will be irritating, missing a 1 second video on a thrilling moment will break my heart, The experiment guideline is clear and not confused about the grading or the attention check. Thank You.
